
61. Printing statistics.

=== encoder_1024_10 ===

   Number of wires:               2220
   Number of wire bits:           3252
   Number of public wires:           3
   Number of public wire bits:    1035
   Number of memories:               0
   Number of memory bits:            0
   Number of processes:              0
   Number of cells:               2228
     sky130_fd_sc_hd__a2111o_2       3
     sky130_fd_sc_hd__a2111oi_2      2
     sky130_fd_sc_hd__a211o_2      126
     sky130_fd_sc_hd__a211oi_2      18
     sky130_fd_sc_hd__a21bo_2        1
     sky130_fd_sc_hd__a21boi_2       2
     sky130_fd_sc_hd__a21o_2         3
     sky130_fd_sc_hd__a21oi_2      278
     sky130_fd_sc_hd__a311o_2        9
     sky130_fd_sc_hd__a311oi_2       3
     sky130_fd_sc_hd__a31o_2         5
     sky130_fd_sc_hd__a31oi_2        2
     sky130_fd_sc_hd__a41o_2         4
     sky130_fd_sc_hd__and2_2         1
     sky130_fd_sc_hd__and2b_2        1
     sky130_fd_sc_hd__and3_2         3
     sky130_fd_sc_hd__and3b_2        1
     sky130_fd_sc_hd__and4_2         3
     sky130_fd_sc_hd__and4b_2        2
     sky130_fd_sc_hd__and4bb_2       7
     sky130_fd_sc_hd__buf_1         11
     sky130_fd_sc_hd__inv_2        256
     sky130_fd_sc_hd__nand2_2        2
     sky130_fd_sc_hd__nand4_2        3
     sky130_fd_sc_hd__nand4b_2       5
     sky130_fd_sc_hd__nor2_2       288
     sky130_fd_sc_hd__nor3_2         9
     sky130_fd_sc_hd__nor4_2        66
     sky130_fd_sc_hd__o2111a_2       1
     sky130_fd_sc_hd__o2111ai_2      1
     sky130_fd_sc_hd__o211a_2       16
     sky130_fd_sc_hd__o21a_2        10
     sky130_fd_sc_hd__o21ai_2       18
     sky130_fd_sc_hd__o21ba_2       70
     sky130_fd_sc_hd__o21bai_2     255
     sky130_fd_sc_hd__o311a_2       14
     sky130_fd_sc_hd__o311ai_2       1
     sky130_fd_sc_hd__o31a_2       111
     sky130_fd_sc_hd__o31ai_2       13
     sky130_fd_sc_hd__o41a_2         5
     sky130_fd_sc_hd__o41ai_2        2
     sky130_fd_sc_hd__or2_2          9
     sky130_fd_sc_hd__or2b_2         1
     sky130_fd_sc_hd__or3_2         48
     sky130_fd_sc_hd__or3b_2        29
     sky130_fd_sc_hd__or4_2        458
     sky130_fd_sc_hd__or4b_2        48
     sky130_fd_sc_hd__or4bb_2        4

   Chip area for module '\encoder_1024_10': 19110.828800

