
===========================================================================
report_checks -path_delay min (Hold)
============================================================================
======================= Fastest Corner ===================================

Startpoint: in_data[1023] (input port clocked by __VIRTUAL_CLK__)
Endpoint: out_code[1] (output port clocked by __VIRTUAL_CLK__)
Path Group: __VIRTUAL_CLK__
Path Type: min
Corner: Fastest

Fanout     Cap    Slew   Delay    Time   Description
-----------------------------------------------------------------------------
                  0.00    0.00    0.00   clock __VIRTUAL_CLK__ (rise edge)
                          0.00    0.00   clock network delay (ideal)
                          8.00    8.00 ^ input external delay
                  0.03    0.02    8.02 ^ in_data[1023] (in)
     1    0.01                           in_data[1023] (net)
                  0.03    0.00    8.02 ^ input27/A (sky130_fd_sc_hd__buf_8)
                  0.17    0.12    8.14 ^ input27/X (sky130_fd_sc_hd__buf_8)
     5    0.15                           net27 (net)
                  0.24    0.08    8.22 ^ _3844_/B (sky130_fd_sc_hd__or4b_4)
                  0.03    0.11    8.34 ^ _3844_/X (sky130_fd_sc_hd__or4b_4)
     1    0.01                           _1626_ (net)
                  0.03    0.00    8.34 ^ _3845_/A (sky130_fd_sc_hd__buf_12)
                  0.12    0.11    8.45 ^ _3845_/X (sky130_fd_sc_hd__buf_12)
     2    0.13                           net1026 (net)
                  0.13    0.03    8.48 ^ output1026/A (sky130_fd_sc_hd__buf_8)
                  0.05    0.09    8.57 ^ output1026/X (sky130_fd_sc_hd__buf_8)
     1    0.03                           out_code[1] (net)
                  0.05    0.00    8.57 ^ out_code[1] (out)
                                  8.57   data arrival time

                  0.00    0.00    0.00   clock __VIRTUAL_CLK__ (rise edge)
                          0.00    0.00   clock network delay (ideal)
                          0.25    0.25   clock uncertainty
                          0.00    0.25   clock reconvergence pessimism
                         -8.00   -7.75   output external delay
                                 -7.75   data required time
-----------------------------------------------------------------------------
                                 -7.75   data required time
                                 -8.57   data arrival time
-----------------------------------------------------------------------------
                                 16.32   slack (MET)


Startpoint: in_data[1023] (input port clocked by __VIRTUAL_CLK__)
Endpoint: out_code[0] (output port clocked by __VIRTUAL_CLK__)
Path Group: __VIRTUAL_CLK__
Path Type: min
Corner: Fastest

Fanout     Cap    Slew   Delay    Time   Description
-----------------------------------------------------------------------------
                  0.00    0.00    0.00   clock __VIRTUAL_CLK__ (rise edge)
                          0.00    0.00   clock network delay (ideal)
                          8.00    8.00 v input external delay
                  0.01    0.01    8.01 v in_data[1023] (in)
     1    0.01                           in_data[1023] (net)
                  0.01    0.00    8.01 v input27/A (sky130_fd_sc_hd__buf_8)
                  0.06    0.09    8.10 v input27/X (sky130_fd_sc_hd__buf_8)
     5    0.15                           net27 (net)
                  0.17    0.08    8.17 v _3360_/B1_N (sky130_fd_sc_hd__o21bai_1)
                  0.03    0.13    8.30 v _3360_/Y (sky130_fd_sc_hd__o21bai_1)
     1    0.00                           _1143_ (net)
                  0.03    0.00    8.30 v _3361_/B1_N (sky130_fd_sc_hd__o21bai_4)
                  0.12    0.15    8.45 v _3361_/Y (sky130_fd_sc_hd__o21bai_4)
     2    0.09                           net1025 (net)
                  0.14    0.03    8.49 v output1025/A (sky130_fd_sc_hd__clkbuf_4)
                  0.06    0.16    8.65 v output1025/X (sky130_fd_sc_hd__clkbuf_4)
     1    0.03                           out_code[0] (net)
                  0.06    0.00    8.65 v out_code[0] (out)
                                  8.65   data arrival time

                  0.00    0.00    0.00   clock __VIRTUAL_CLK__ (rise edge)
                          0.00    0.00   clock network delay (ideal)
                          0.25    0.25   clock uncertainty
                          0.00    0.25   clock reconvergence pessimism
                         -8.00   -7.75   output external delay
                                 -7.75   data required time
-----------------------------------------------------------------------------
                                 -7.75   data required time
                                 -8.65   data arrival time
-----------------------------------------------------------------------------
                                 16.40   slack (MET)


Startpoint: in_data[1016] (input port clocked by __VIRTUAL_CLK__)
Endpoint: out_code[3] (output port clocked by __VIRTUAL_CLK__)
Path Group: __VIRTUAL_CLK__
Path Type: min
Corner: Fastest

Fanout     Cap    Slew   Delay    Time   Description
-----------------------------------------------------------------------------
                  0.00    0.00    0.00   clock __VIRTUAL_CLK__ (rise edge)
                          0.00    0.00   clock network delay (ideal)
                          8.00    8.00 ^ input external delay
                  0.02    0.01    8.01 ^ in_data[1016] (in)
     1    0.01                           in_data[1016] (net)
                  0.02    0.00    8.01 ^ input19/A (sky130_fd_sc_hd__clkbuf_8)
                  0.13    0.13    8.15 ^ input19/X (sky130_fd_sc_hd__clkbuf_8)
     3    0.10                           net19 (net)
                  0.16    0.04    8.19 ^ _2508_/A (sky130_fd_sc_hd__or4_2)
                  0.07    0.13    8.31 ^ _2508_/X (sky130_fd_sc_hd__or4_2)
     4    0.02                           _0291_ (net)
                  0.07    0.00    8.31 ^ _4258_/A (sky130_fd_sc_hd__or4b_1)
                  0.04    0.08    8.40 ^ _4258_/X (sky130_fd_sc_hd__or4b_1)
     1    0.01                           _2038_ (net)
                  0.04    0.00    8.40 ^ _4259_/A (sky130_fd_sc_hd__clkbuf_8)
                  0.14    0.13    8.53 ^ _4259_/X (sky130_fd_sc_hd__clkbuf_8)
     1    0.11                           net1028 (net)
                  0.18    0.05    8.58 ^ output1028/A (sky130_fd_sc_hd__clkbuf_4)
                  0.09    0.15    8.73 ^ output1028/X (sky130_fd_sc_hd__clkbuf_4)
     1    0.03                           out_code[3] (net)
                  0.09    0.00    8.74 ^ out_code[3] (out)
                                  8.74   data arrival time

                  0.00    0.00    0.00   clock __VIRTUAL_CLK__ (rise edge)
                          0.00    0.00   clock network delay (ideal)
                          0.25    0.25   clock uncertainty
                          0.00    0.25   clock reconvergence pessimism
                         -8.00   -7.75   output external delay
                                 -7.75   data required time
-----------------------------------------------------------------------------
                                 -7.75   data required time
                                 -8.74   data arrival time
-----------------------------------------------------------------------------
                                 16.49   slack (MET)


Startpoint: in_data[1015] (input port clocked by __VIRTUAL_CLK__)
Endpoint: out_code[4] (output port clocked by __VIRTUAL_CLK__)
Path Group: __VIRTUAL_CLK__
Path Type: min
Corner: Fastest

Fanout     Cap    Slew   Delay    Time   Description
-----------------------------------------------------------------------------
                  0.00    0.00    0.00   clock __VIRTUAL_CLK__ (rise edge)
                          0.00    0.00   clock network delay (ideal)
                          8.00    8.00 ^ input external delay
                  0.02    0.01    8.01 ^ in_data[1015] (in)
     1    0.00                           in_data[1015] (net)
                  0.02    0.00    8.01 ^ input18/A (sky130_fd_sc_hd__buf_4)
                  0.26    0.18    8.19 ^ input18/X (sky130_fd_sc_hd__buf_4)
     6    0.13                           net18 (net)
                  0.29    0.07    8.25 ^ _4260_/A (sky130_fd_sc_hd__or3_1)
                  0.12    0.15    8.40 ^ _4260_/X (sky130_fd_sc_hd__or3_1)
     3    0.02                           _2039_ (net)
                  0.12    0.00    8.40 ^ _4358_/B (sky130_fd_sc_hd__or4b_1)
                  0.04    0.09    8.50 ^ _4358_/X (sky130_fd_sc_hd__or4b_1)
     1    0.01                           _2137_ (net)
                  0.04    0.00    8.50 ^ _4359_/A (sky130_fd_sc_hd__clkbuf_8)
                  0.13    0.14    8.63 ^ _4359_/X (sky130_fd_sc_hd__clkbuf_8)
     1    0.09                           net1029 (net)
                  0.15    0.04    8.67 ^ output1029/A (sky130_fd_sc_hd__clkbuf_4)
                  0.09    0.15    8.82 ^ output1029/X (sky130_fd_sc_hd__clkbuf_4)
     1    0.03                           out_code[4] (net)
                  0.09    0.00    8.82 ^ out_code[4] (out)
                                  8.82   data arrival time

                  0.00    0.00    0.00   clock __VIRTUAL_CLK__ (rise edge)
                          0.00    0.00   clock network delay (ideal)
                          0.25    0.25   clock uncertainty
                          0.00    0.25   clock reconvergence pessimism
                         -8.00   -7.75   output external delay
                                 -7.75   data required time
-----------------------------------------------------------------------------
                                 -7.75   data required time
                                 -8.82   data arrival time
-----------------------------------------------------------------------------
                                 16.57   slack (MET)


Startpoint: in_data[1023] (input port clocked by __VIRTUAL_CLK__)
Endpoint: out_code[2] (output port clocked by __VIRTUAL_CLK__)
Path Group: __VIRTUAL_CLK__
Path Type: min
Corner: Fastest

Fanout     Cap    Slew   Delay    Time   Description
-----------------------------------------------------------------------------
                  0.00    0.00    0.00   clock __VIRTUAL_CLK__ (rise edge)
                          0.00    0.00   clock network delay (ideal)
                          8.00    8.00 ^ input external delay
                  0.03    0.02    8.02 ^ in_data[1023] (in)
     1    0.01                           in_data[1023] (net)
                  0.03    0.00    8.02 ^ input27/A (sky130_fd_sc_hd__buf_8)
                  0.17    0.12    8.14 ^ input27/X (sky130_fd_sc_hd__buf_8)
     5    0.15                           net27 (net)
                  0.24    0.08    8.22 ^ _3846_/D (sky130_fd_sc_hd__or4_1)
                  0.07    0.11    8.33 ^ _3846_/X (sky130_fd_sc_hd__or4_1)
     3    0.01                           _1627_ (net)
                  0.07    0.00    8.33 ^ _4138_/A (sky130_fd_sc_hd__or3_1)
                  0.14    0.14    8.47 ^ _4138_/X (sky130_fd_sc_hd__or3_1)
     1    0.02                           _1919_ (net)
                  0.14    0.00    8.47 ^ _4139_/A (sky130_fd_sc_hd__buf_4)
                  0.19    0.17    8.65 ^ _4139_/X (sky130_fd_sc_hd__buf_4)
     1    0.09                           net1027 (net)
                  0.21    0.04    8.69 ^ output1027/A (sky130_fd_sc_hd__clkbuf_4)
                  0.09    0.16    8.85 ^ output1027/X (sky130_fd_sc_hd__clkbuf_4)
     1    0.03                           out_code[2] (net)
                  0.09    0.00    8.85 ^ out_code[2] (out)
                                  8.85   data arrival time

                  0.00    0.00    0.00   clock __VIRTUAL_CLK__ (rise edge)
                          0.00    0.00   clock network delay (ideal)
                          0.25    0.25   clock uncertainty
                          0.00    0.25   clock reconvergence pessimism
                         -8.00   -7.75   output external delay
                                 -7.75   data required time
-----------------------------------------------------------------------------
                                 -7.75   data required time
                                 -8.85   data arrival time
-----------------------------------------------------------------------------
                                 16.60   slack (MET)


Startpoint: in_data[1007] (input port clocked by __VIRTUAL_CLK__)
Endpoint: out_code[7] (output port clocked by __VIRTUAL_CLK__)
Path Group: __VIRTUAL_CLK__
Path Type: min
Corner: Fastest

Fanout     Cap    Slew   Delay    Time   Description
-----------------------------------------------------------------------------
                  0.00    0.00    0.00   clock __VIRTUAL_CLK__ (rise edge)
                          0.00    0.00   clock network delay (ideal)
                          8.00    8.00 ^ input external delay
                  0.03    0.02    8.02 ^ in_data[1007] (in)
     1    0.01                           in_data[1007] (net)
                  0.03    0.00    8.02 ^ input9/A (sky130_fd_sc_hd__clkbuf_16)
                  0.17    0.16    8.18 ^ input9/X (sky130_fd_sc_hd__clkbuf_16)
     5    0.21                           net9 (net)
                  0.19    0.04    8.22 ^ _2507_/B (sky130_fd_sc_hd__or4_1)
                  0.07    0.12    8.34 ^ _2507_/X (sky130_fd_sc_hd__or4_1)
     3    0.01                           _0290_ (net)
                  0.07    0.00    8.34 ^ _4438_/A (sky130_fd_sc_hd__or3_1)
                  0.03    0.07    8.41 ^ _4438_/X (sky130_fd_sc_hd__or3_1)
     1    0.00                           _2214_ (net)
                  0.03    0.00    8.41 ^ _4439_/C (sky130_fd_sc_hd__or4b_4)
                  0.10    0.12    8.53 ^ _4439_/X (sky130_fd_sc_hd__or4b_4)
     1    0.04                           _2215_ (net)
                  0.10    0.01    8.54 ^ _4440_/A (sky130_fd_sc_hd__clkbuf_4)
                  0.15    0.17    8.71 ^ _4440_/X (sky130_fd_sc_hd__clkbuf_4)
     1    0.06                           net1032 (net)
                  0.15    0.02    8.74 ^ output1032/A (sky130_fd_sc_hd__clkbuf_4)
                  0.09    0.15    8.89 ^ output1032/X (sky130_fd_sc_hd__clkbuf_4)
     1    0.03                           out_code[7] (net)
                  0.09    0.00    8.89 ^ out_code[7] (out)
                                  8.89   data arrival time

                  0.00    0.00    0.00   clock __VIRTUAL_CLK__ (rise edge)
                          0.00    0.00   clock network delay (ideal)
                          0.25    0.25   clock uncertainty
                          0.00    0.25   clock reconvergence pessimism
                         -8.00   -7.75   output external delay
                                 -7.75   data required time
-----------------------------------------------------------------------------
                                 -7.75   data required time
                                 -8.89   data arrival time
-----------------------------------------------------------------------------
                                 16.64   slack (MET)


Startpoint: in_data[1007] (input port clocked by __VIRTUAL_CLK__)
Endpoint: out_code[5] (output port clocked by __VIRTUAL_CLK__)
Path Group: __VIRTUAL_CLK__
Path Type: min
Corner: Fastest

Fanout     Cap    Slew   Delay    Time   Description
-----------------------------------------------------------------------------
                  0.00    0.00    0.00   clock __VIRTUAL_CLK__ (rise edge)
                          0.00    0.00   clock network delay (ideal)
                          8.00    8.00 ^ input external delay
                  0.03    0.02    8.02 ^ in_data[1007] (in)
     1    0.01                           in_data[1007] (net)
                  0.03    0.00    8.02 ^ input9/A (sky130_fd_sc_hd__clkbuf_16)
                  0.17    0.16    8.18 ^ input9/X (sky130_fd_sc_hd__clkbuf_16)
     5    0.21                           net9 (net)
                  0.19    0.04    8.22 ^ _4397_/B (sky130_fd_sc_hd__or4_1)
                  0.05    0.10    8.32 ^ _4397_/X (sky130_fd_sc_hd__or4_1)
     1    0.01                           _2175_ (net)
                  0.05    0.00    8.32 ^ _4404_/C (sky130_fd_sc_hd__or4b_1)
                  0.07    0.09    8.42 ^ _4404_/X (sky130_fd_sc_hd__or4b_1)
     1    0.01                           _2182_ (net)
                  0.07    0.00    8.42 ^ _4405_/A (sky130_fd_sc_hd__buf_8)
                  0.25    0.16    8.58 ^ _4405_/X (sky130_fd_sc_hd__buf_8)
    21    0.23                           net1030 (net)
                  0.41    0.16    8.73 ^ output1030/A (sky130_fd_sc_hd__clkbuf_4)
                  0.09    0.18    8.91 ^ output1030/X (sky130_fd_sc_hd__clkbuf_4)
     1    0.03                           out_code[5] (net)
                  0.09    0.00    8.91 ^ out_code[5] (out)
                                  8.91   data arrival time

                  0.00    0.00    0.00   clock __VIRTUAL_CLK__ (rise edge)
                          0.00    0.00   clock network delay (ideal)
                          0.25    0.25   clock uncertainty
                          0.00    0.25   clock reconvergence pessimism
                         -8.00   -7.75   output external delay
                                 -7.75   data required time
-----------------------------------------------------------------------------
                                 -7.75   data required time
                                 -8.91   data arrival time
-----------------------------------------------------------------------------
                                 16.66   slack (MET)


Startpoint: in_data[950] (input port clocked by __VIRTUAL_CLK__)
Endpoint: out_code[6] (output port clocked by __VIRTUAL_CLK__)
Path Group: __VIRTUAL_CLK__
Path Type: min
Corner: Fastest

Fanout     Cap    Slew   Delay    Time   Description
-----------------------------------------------------------------------------
                  0.00    0.00    0.00   clock __VIRTUAL_CLK__ (rise edge)
                          0.00    0.00   clock network delay (ideal)
                          8.00    8.00 ^ input external delay
                  0.02    0.01    8.01 ^ in_data[950] (in)
     1    0.01                           in_data[950] (net)
                  0.02    0.00    8.01 ^ input969/A (sky130_fd_sc_hd__buf_6)
                  0.18    0.15    8.16 ^ input969/X (sky130_fd_sc_hd__buf_6)
     5    0.12                           net969 (net)
                  0.19    0.02    8.19 ^ _3809_/A (sky130_fd_sc_hd__nor2_1)
                  0.06    0.05    8.24 v _3809_/Y (sky130_fd_sc_hd__nor2_1)
     2    0.01                           _1591_ (net)
                  0.06    0.00    8.24 v _4353_/B (sky130_fd_sc_hd__nand4b_1)
                  0.06    0.08    8.32 ^ _4353_/Y (sky130_fd_sc_hd__nand4b_1)
     2    0.01                           _2132_ (net)
                  0.06    0.00    8.32 ^ _4402_/A (sky130_fd_sc_hd__nor2_1)
                  0.06    0.06    8.38 v _4402_/Y (sky130_fd_sc_hd__nor2_1)
     2    0.02                           _2180_ (net)
                  0.06    0.00    8.38 v _4426_/A1 (sky130_fd_sc_hd__a311o_4)
                  0.17    0.29    8.67 v _4426_/X (sky130_fd_sc_hd__a311o_4)
     1    0.16                           net1031 (net)
                  0.27    0.10    8.77 v output1031/A (sky130_fd_sc_hd__clkbuf_4)
                  0.06    0.20    8.97 v output1031/X (sky130_fd_sc_hd__clkbuf_4)
     1    0.03                           out_code[6] (net)
                  0.06    0.00    8.97 v out_code[6] (out)
                                  8.97   data arrival time

                  0.00    0.00    0.00   clock __VIRTUAL_CLK__ (rise edge)
                          0.00    0.00   clock network delay (ideal)
                          0.25    0.25   clock uncertainty
                          0.00    0.25   clock reconvergence pessimism
                         -8.00   -7.75   output external delay
                                 -7.75   data required time
-----------------------------------------------------------------------------
                                 -7.75   data required time
                                 -8.97   data arrival time
-----------------------------------------------------------------------------
                                 16.72   slack (MET)


Startpoint: in_data[780] (input port clocked by __VIRTUAL_CLK__)
Endpoint: out_code[9] (output port clocked by __VIRTUAL_CLK__)
Path Group: __VIRTUAL_CLK__
Path Type: min
Corner: Fastest

Fanout     Cap    Slew   Delay    Time   Description
-----------------------------------------------------------------------------
                  0.00    0.00    0.00   clock __VIRTUAL_CLK__ (rise edge)
                          0.00    0.00   clock network delay (ideal)
                          8.00    8.00 ^ input external delay
                  0.03    0.02    8.02 ^ in_data[780] (in)
     1    0.01                           in_data[780] (net)
                  0.03    0.00    8.02 ^ input780/A (sky130_fd_sc_hd__buf_8)
                  0.16    0.11    8.13 ^ input780/X (sky130_fd_sc_hd__buf_8)
     5    0.13                           net780 (net)
                  0.22    0.08    8.21 ^ _2533_/A (sky130_fd_sc_hd__or4_1)
                  0.03    0.09    8.30 ^ _2533_/X (sky130_fd_sc_hd__or4_1)
     1    0.00                           _0316_ (net)
                  0.03    0.00    8.30 ^ _2534_/D (sky130_fd_sc_hd__or4_1)
                  0.03    0.05    8.35 ^ _2534_/X (sky130_fd_sc_hd__or4_1)
     1    0.00                           _0317_ (net)
                  0.03    0.00    8.35 ^ _2553_/C (sky130_fd_sc_hd__or4_2)
                  0.07    0.10    8.45 ^ _2553_/X (sky130_fd_sc_hd__or4_2)
     2    0.02                           _0336_ (net)
                  0.07    0.00    8.45 ^ _4442_/C (sky130_fd_sc_hd__or4_1)
                  0.06    0.09    8.55 ^ _4442_/X (sky130_fd_sc_hd__or4_1)
     1    0.01                           _2216_ (net)
                  0.06    0.00    8.55 ^ _4443_/A (sky130_fd_sc_hd__buf_8)
                  0.23    0.14    8.69 ^ _4443_/X (sky130_fd_sc_hd__buf_8)
    18    0.20                           net1034 (net)
                  0.36    0.13    8.82 ^ output1034/A (sky130_fd_sc_hd__clkbuf_4)
                  0.09    0.17    9.00 ^ output1034/X (sky130_fd_sc_hd__clkbuf_4)
     1    0.03                           out_code[9] (net)
                  0.09    0.00    9.00 ^ out_code[9] (out)
                                  9.00   data arrival time

                  0.00    0.00    0.00   clock __VIRTUAL_CLK__ (rise edge)
                          0.00    0.00   clock network delay (ideal)
                          0.25    0.25   clock uncertainty
                          0.00    0.25   clock reconvergence pessimism
                         -8.00   -7.75   output external delay
                                 -7.75   data required time
-----------------------------------------------------------------------------
                                 -7.75   data required time
                                 -9.00   data arrival time
-----------------------------------------------------------------------------
                                 16.75   slack (MET)


Startpoint: in_data[195] (input port clocked by __VIRTUAL_CLK__)
Endpoint: valid (output port clocked by __VIRTUAL_CLK__)
Path Group: __VIRTUAL_CLK__
Path Type: min
Corner: Fastest

Fanout     Cap    Slew   Delay    Time   Description
-----------------------------------------------------------------------------
                  0.00    0.00    0.00   clock __VIRTUAL_CLK__ (rise edge)
                          0.00    0.00   clock network delay (ideal)
                          8.00    8.00 ^ input external delay
                  0.02    0.01    8.01 ^ in_data[195] (in)
     1    0.00                           in_data[195] (net)
                  0.02    0.00    8.01 ^ input130/A (sky130_fd_sc_hd__buf_4)
                  0.16    0.14    8.15 ^ input130/X (sky130_fd_sc_hd__buf_4)
     3    0.08                           net130 (net)
                  0.17    0.03    8.18 ^ _2796_/B (sky130_fd_sc_hd__nor2_1)
                  0.08    0.07    8.25 v _2796_/Y (sky130_fd_sc_hd__nor2_1)
     2    0.01                           _0579_ (net)
                  0.08    0.00    8.25 v _2802_/C (sky130_fd_sc_hd__nand4b_1)
                  0.04    0.07    8.32 ^ _2802_/Y (sky130_fd_sc_hd__nand4b_1)
     1    0.00                           _0585_ (net)
                  0.04    0.00    8.32 ^ _2808_/C (sky130_fd_sc_hd__or4_1)
                  0.04    0.07    8.39 ^ _2808_/X (sky130_fd_sc_hd__or4_1)
     1    0.00                           _0591_ (net)
                  0.04    0.00    8.39 ^ _2882_/A (sky130_fd_sc_hd__nor3_1)
                  0.03    0.04    8.43 v _2882_/Y (sky130_fd_sc_hd__nor3_1)
     1    0.01                           _0665_ (net)
                  0.03    0.00    8.43 v wire1038/A (sky130_fd_sc_hd__clkbuf_2)
                  0.09    0.12    8.54 v wire1038/X (sky130_fd_sc_hd__clkbuf_2)
     2    0.03                           net1038 (net)
                  0.09    0.01    8.55 v _4444_/A (sky130_fd_sc_hd__nand4_4)
                  0.32    0.22    8.78 ^ _4444_/Y (sky130_fd_sc_hd__nand4_4)
    21    0.14                           net1035 (net)
                  0.34    0.06    8.84 ^ output1035/A (sky130_fd_sc_hd__buf_2)
                  0.13    0.17    9.01 ^ output1035/X (sky130_fd_sc_hd__buf_2)
     1    0.03                           valid (net)
                  0.13    0.00    9.01 ^ valid (out)
                                  9.01   data arrival time

                  0.00    0.00    0.00   clock __VIRTUAL_CLK__ (rise edge)
                          0.00    0.00   clock network delay (ideal)
                          0.25    0.25   clock uncertainty
                          0.00    0.25   clock reconvergence pessimism
                         -8.00   -7.75   output external delay
                                 -7.75   data required time
-----------------------------------------------------------------------------
                                 -7.75   data required time
                                 -9.01   data arrival time
-----------------------------------------------------------------------------
                                 16.76   slack (MET)


Startpoint: in_data[1007] (input port clocked by __VIRTUAL_CLK__)
Endpoint: out_code[8] (output port clocked by __VIRTUAL_CLK__)
Path Group: __VIRTUAL_CLK__
Path Type: min
Corner: Fastest

Fanout     Cap    Slew   Delay    Time   Description
-----------------------------------------------------------------------------
                  0.00    0.00    0.00   clock __VIRTUAL_CLK__ (rise edge)
                          0.00    0.00   clock network delay (ideal)
                          8.00    8.00 ^ input external delay
                  0.03    0.02    8.02 ^ in_data[1007] (in)
     1    0.01                           in_data[1007] (net)
                  0.03    0.00    8.02 ^ input9/A (sky130_fd_sc_hd__clkbuf_16)
                  0.17    0.16    8.18 ^ input9/X (sky130_fd_sc_hd__clkbuf_16)
     5    0.21                           net9 (net)
                  0.19    0.04    8.22 ^ _2507_/B (sky130_fd_sc_hd__or4_1)
                  0.07    0.12    8.34 ^ _2507_/X (sky130_fd_sc_hd__or4_1)
     3    0.01                           _0290_ (net)
                  0.07    0.00    8.34 ^ _2514_/C (sky130_fd_sc_hd__or4_2)
                  0.07    0.11    8.45 ^ _2514_/X (sky130_fd_sc_hd__or4_2)
     2    0.02                           _0297_ (net)
                  0.07    0.00    8.45 ^ _2588_/A (sky130_fd_sc_hd__nor3_2)
                  0.06    0.06    8.51 v _2588_/Y (sky130_fd_sc_hd__nor3_2)
     5    0.03                           _0371_ (net)
                  0.06    0.00    8.51 v _2589_/A (sky130_fd_sc_hd__clkbuf_4)
                  0.07    0.14    8.65 v _2589_/X (sky130_fd_sc_hd__clkbuf_4)
     6    0.04                           _0372_ (net)
                  0.07    0.00    8.65 v _4441_/B1 (sky130_fd_sc_hd__o21ai_4)
                  0.17    0.14    8.79 ^ _4441_/Y (sky130_fd_sc_hd__o21ai_4)
     1    0.07                           net1033 (net)
                  0.18    0.02    8.81 ^ wire1037/A (sky130_fd_sc_hd__buf_6)
                  0.12    0.12    8.93 ^ wire1037/X (sky130_fd_sc_hd__buf_6)
     1    0.07                           net1037 (net)
                  0.13    0.02    8.96 ^ output1033/A (sky130_fd_sc_hd__clkbuf_4)
                  0.08    0.14    9.10 ^ output1033/X (sky130_fd_sc_hd__clkbuf_4)
     1    0.03                           out_code[8] (net)
                  0.08    0.00    9.11 ^ out_code[8] (out)
                                  9.11   data arrival time

                  0.00    0.00    0.00   clock __VIRTUAL_CLK__ (rise edge)
                          0.00    0.00   clock network delay (ideal)
                          0.25    0.25   clock uncertainty
                          0.00    0.25   clock reconvergence pessimism
                         -8.00   -7.75   output external delay
                                 -7.75   data required time
-----------------------------------------------------------------------------
                                 -7.75   data required time
                                 -9.11   data arrival time
-----------------------------------------------------------------------------
                                 16.86   slack (MET)



======================= Slowest Corner ===================================

Startpoint: in_data[1023] (input port clocked by __VIRTUAL_CLK__)
Endpoint: out_code[1] (output port clocked by __VIRTUAL_CLK__)
Path Group: __VIRTUAL_CLK__
Path Type: min
Corner: Slowest

Fanout     Cap    Slew   Delay    Time   Description
-----------------------------------------------------------------------------
                  0.00    0.00    0.00   clock __VIRTUAL_CLK__ (rise edge)
                          0.00    0.00   clock network delay (ideal)
                          8.00    8.00 ^ input external delay
                  0.07    0.04    8.04 ^ in_data[1023] (in)
     1    0.01                           in_data[1023] (net)
                  0.07    0.00    8.04 ^ input27/A (sky130_fd_sc_hd__buf_8)
                  0.37    0.33    8.37 ^ input27/X (sky130_fd_sc_hd__buf_8)
     5    0.15                           net27 (net)
                  0.41    0.08    8.46 ^ _3844_/B (sky130_fd_sc_hd__or4b_4)
                  0.07    0.36    8.82 ^ _3844_/X (sky130_fd_sc_hd__or4b_4)
     1    0.01                           _1626_ (net)
                  0.07    0.00    8.82 ^ _3845_/A (sky130_fd_sc_hd__buf_12)
                  0.25    0.29    9.11 ^ _3845_/X (sky130_fd_sc_hd__buf_12)
     2    0.13                           net1026 (net)
                  0.25    0.03    9.14 ^ output1026/A (sky130_fd_sc_hd__buf_8)
                  0.11    0.27    9.41 ^ output1026/X (sky130_fd_sc_hd__buf_8)
     1    0.03                           out_code[1] (net)
                  0.11    0.00    9.41 ^ out_code[1] (out)
                                  9.41   data arrival time

                  0.00    0.00    0.00   clock __VIRTUAL_CLK__ (rise edge)
                          0.00    0.00   clock network delay (ideal)
                          0.25    0.25   clock uncertainty
                          0.00    0.25   clock reconvergence pessimism
                         -8.00   -7.75   output external delay
                                 -7.75   data required time
-----------------------------------------------------------------------------
                                 -7.75   data required time
                                 -9.41   data arrival time
-----------------------------------------------------------------------------
                                 17.16   slack (MET)


Startpoint: in_data[1022] (input port clocked by __VIRTUAL_CLK__)
Endpoint: out_code[0] (output port clocked by __VIRTUAL_CLK__)
Path Group: __VIRTUAL_CLK__
Path Type: min
Corner: Slowest

Fanout     Cap    Slew   Delay    Time   Description
-----------------------------------------------------------------------------
                  0.00    0.00    0.00   clock __VIRTUAL_CLK__ (rise edge)
                          0.00    0.00   clock network delay (ideal)
                          8.00    8.00 v input external delay
                  0.04    0.02    8.02 v in_data[1022] (in)
     1    0.01                           in_data[1022] (net)
                  0.04    0.00    8.02 v input26/A (sky130_fd_sc_hd__buf_8)
                  0.21    0.27    8.29 v input26/X (sky130_fd_sc_hd__buf_8)
     5    0.17                           net26 (net)
                  0.31    0.11    8.40 v _3360_/A1 (sky130_fd_sc_hd__o21bai_1)
                  0.11    0.32    8.72 ^ _3360_/Y (sky130_fd_sc_hd__o21bai_1)
     1    0.00                           _1143_ (net)
                  0.11    0.00    8.72 ^ _3361_/B1_N (sky130_fd_sc_hd__o21bai_4)
                  0.45    0.46    9.18 ^ _3361_/Y (sky130_fd_sc_hd__o21bai_4)
     2    0.09                           net1025 (net)
                  0.45    0.04    9.22 ^ output1025/A (sky130_fd_sc_hd__clkbuf_4)
                  0.18    0.48    9.69 ^ output1025/X (sky130_fd_sc_hd__clkbuf_4)
     1    0.03                           out_code[0] (net)
                  0.18    0.00    9.70 ^ out_code[0] (out)
                                  9.70   data arrival time

                  0.00    0.00    0.00   clock __VIRTUAL_CLK__ (rise edge)
                          0.00    0.00   clock network delay (ideal)
                          0.25    0.25   clock uncertainty
                          0.00    0.25   clock reconvergence pessimism
                         -8.00   -7.75   output external delay
                                 -7.75   data required time
-----------------------------------------------------------------------------
                                 -7.75   data required time
                                 -9.70   data arrival time
-----------------------------------------------------------------------------
                                 17.45   slack (MET)


Startpoint: in_data[1016] (input port clocked by __VIRTUAL_CLK__)
Endpoint: out_code[3] (output port clocked by __VIRTUAL_CLK__)
Path Group: __VIRTUAL_CLK__
Path Type: min
Corner: Slowest

Fanout     Cap    Slew   Delay    Time   Description
-----------------------------------------------------------------------------
                  0.00    0.00    0.00   clock __VIRTUAL_CLK__ (rise edge)
                          0.00    0.00   clock network delay (ideal)
                          8.00    8.00 ^ input external delay
                  0.05    0.03    8.03 ^ in_data[1016] (in)
     1    0.01                           in_data[1016] (net)
                  0.05    0.00    8.03 ^ input19/A (sky130_fd_sc_hd__clkbuf_8)
                  0.28    0.34    8.37 ^ input19/X (sky130_fd_sc_hd__clkbuf_8)
     3    0.10                           net19 (net)
                  0.29    0.04    8.42 ^ _2508_/A (sky130_fd_sc_hd__or4_2)
                  0.14    0.35    8.76 ^ _2508_/X (sky130_fd_sc_hd__or4_2)
     4    0.02                           _0291_ (net)
                  0.14    0.00    8.76 ^ _4258_/A (sky130_fd_sc_hd__or4b_1)
                  0.10    0.22    8.99 ^ _4258_/X (sky130_fd_sc_hd__or4b_1)
     1    0.01                           _2038_ (net)
                  0.10    0.00    8.99 ^ _4259_/A (sky130_fd_sc_hd__clkbuf_8)
                  0.30    0.36    9.35 ^ _4259_/X (sky130_fd_sc_hd__clkbuf_8)
     1    0.11                           net1028 (net)
                  0.32    0.06    9.41 ^ output1028/A (sky130_fd_sc_hd__clkbuf_4)
                  0.18    0.42    9.83 ^ output1028/X (sky130_fd_sc_hd__clkbuf_4)
     1    0.03                           out_code[3] (net)
                  0.18    0.00    9.83 ^ out_code[3] (out)
                                  9.83   data arrival time

                  0.00    0.00    0.00   clock __VIRTUAL_CLK__ (rise edge)
                          0.00    0.00   clock network delay (ideal)
                          0.25    0.25   clock uncertainty
                          0.00    0.25   clock reconvergence pessimism
                         -8.00   -7.75   output external delay
                                 -7.75   data required time
-----------------------------------------------------------------------------
                                 -7.75   data required time
                                 -9.83   data arrival time
-----------------------------------------------------------------------------
                                 17.58   slack (MET)


Startpoint: in_data[1013] (input port clocked by __VIRTUAL_CLK__)
Endpoint: out_code[4] (output port clocked by __VIRTUAL_CLK__)
Path Group: __VIRTUAL_CLK__
Path Type: min
Corner: Slowest

Fanout     Cap    Slew   Delay    Time   Description
-----------------------------------------------------------------------------
                  0.00    0.00    0.00   clock __VIRTUAL_CLK__ (rise edge)
                          0.00    0.00   clock network delay (ideal)
                          8.00    8.00 ^ input external delay
                  0.07    0.04    8.04 ^ in_data[1013] (in)
     1    0.01                           in_data[1013] (net)
                  0.07    0.00    8.04 ^ input16/A (sky130_fd_sc_hd__buf_8)
                  0.44    0.35    8.39 ^ input16/X (sky130_fd_sc_hd__buf_8)
     4    0.17                           net16 (net)
                  0.50    0.12    8.52 ^ _2505_/B (sky130_fd_sc_hd__or4_2)
                  0.17    0.45    8.97 ^ _2505_/X (sky130_fd_sc_hd__or4_2)
     4    0.02                           _0288_ (net)
                  0.17    0.00    8.97 ^ _4358_/A (sky130_fd_sc_hd__or4b_1)
                  0.10    0.24    9.20 ^ _4358_/X (sky130_fd_sc_hd__or4b_1)
     1    0.01                           _2137_ (net)
                  0.10    0.00    9.20 ^ _4359_/A (sky130_fd_sc_hd__clkbuf_8)
                  0.27    0.35    9.56 ^ _4359_/X (sky130_fd_sc_hd__clkbuf_8)
     1    0.09                           net1029 (net)
                  0.28    0.04    9.60 ^ output1029/A (sky130_fd_sc_hd__clkbuf_4)
                  0.18    0.40   10.00 ^ output1029/X (sky130_fd_sc_hd__clkbuf_4)
     1    0.03                           out_code[4] (net)
                  0.18    0.00   10.00 ^ out_code[4] (out)
                                 10.00   data arrival time

                  0.00    0.00    0.00   clock __VIRTUAL_CLK__ (rise edge)
                          0.00    0.00   clock network delay (ideal)
                          0.25    0.25   clock uncertainty
                          0.00    0.25   clock reconvergence pessimism
                         -8.00   -7.75   output external delay
                                 -7.75   data required time
-----------------------------------------------------------------------------
                                 -7.75   data required time
                                -10.00   data arrival time
-----------------------------------------------------------------------------
                                 17.75   slack (MET)


Startpoint: in_data[1023] (input port clocked by __VIRTUAL_CLK__)
Endpoint: out_code[2] (output port clocked by __VIRTUAL_CLK__)
Path Group: __VIRTUAL_CLK__
Path Type: min
Corner: Slowest

Fanout     Cap    Slew   Delay    Time   Description
-----------------------------------------------------------------------------
                  0.00    0.00    0.00   clock __VIRTUAL_CLK__ (rise edge)
                          0.00    0.00   clock network delay (ideal)
                          8.00    8.00 ^ input external delay
                  0.07    0.04    8.04 ^ in_data[1023] (in)
     1    0.01                           in_data[1023] (net)
                  0.07    0.00    8.04 ^ input27/A (sky130_fd_sc_hd__buf_8)
                  0.37    0.33    8.37 ^ input27/X (sky130_fd_sc_hd__buf_8)
     5    0.15                           net27 (net)
                  0.41    0.08    8.46 ^ _3846_/D (sky130_fd_sc_hd__or4_1)
                  0.13    0.34    8.79 ^ _3846_/X (sky130_fd_sc_hd__or4_1)
     3    0.01                           _1627_ (net)
                  0.13    0.00    8.79 ^ _4138_/A (sky130_fd_sc_hd__or3_1)
                  0.29    0.35    9.15 ^ _4138_/X (sky130_fd_sc_hd__or3_1)
     1    0.02                           _1919_ (net)
                  0.29    0.00    9.15 ^ _4139_/A (sky130_fd_sc_hd__buf_4)
                  0.42    0.50    9.65 ^ _4139_/X (sky130_fd_sc_hd__buf_4)
     1    0.09                           net1027 (net)
                  0.42    0.05    9.70 ^ output1027/A (sky130_fd_sc_hd__clkbuf_4)
                  0.18    0.46   10.16 ^ output1027/X (sky130_fd_sc_hd__clkbuf_4)
     1    0.03                           out_code[2] (net)
                  0.18    0.00   10.16 ^ out_code[2] (out)
                                 10.16   data arrival time

                  0.00    0.00    0.00   clock __VIRTUAL_CLK__ (rise edge)
                          0.00    0.00   clock network delay (ideal)
                          0.25    0.25   clock uncertainty
                          0.00    0.25   clock reconvergence pessimism
                         -8.00   -7.75   output external delay
                                 -7.75   data required time
-----------------------------------------------------------------------------
                                 -7.75   data required time
                                -10.16   data arrival time
-----------------------------------------------------------------------------
                                 17.91   slack (MET)


Startpoint: in_data[1007] (input port clocked by __VIRTUAL_CLK__)
Endpoint: out_code[5] (output port clocked by __VIRTUAL_CLK__)
Path Group: __VIRTUAL_CLK__
Path Type: min
Corner: Slowest

Fanout     Cap    Slew   Delay    Time   Description
-----------------------------------------------------------------------------
                  0.00    0.00    0.00   clock __VIRTUAL_CLK__ (rise edge)
                          0.00    0.00   clock network delay (ideal)
                          8.00    8.00 ^ input external delay
                  0.07    0.04    8.04 ^ in_data[1007] (in)
     1    0.01                           in_data[1007] (net)
                  0.07    0.00    8.04 ^ input9/A (sky130_fd_sc_hd__clkbuf_16)
                  0.34    0.39    8.43 ^ input9/X (sky130_fd_sc_hd__clkbuf_16)
     5    0.21                           net9 (net)
                  0.35    0.05    8.48 ^ _4397_/B (sky130_fd_sc_hd__or4_1)
                  0.10    0.31    8.79 ^ _4397_/X (sky130_fd_sc_hd__or4_1)
     1    0.01                           _2175_ (net)
                  0.10    0.00    8.79 ^ _4404_/C (sky130_fd_sc_hd__or4b_1)
                  0.14    0.23    9.02 ^ _4404_/X (sky130_fd_sc_hd__or4b_1)
     1    0.01                           _2182_ (net)
                  0.14    0.00    9.02 ^ _4405_/A (sky130_fd_sc_hd__buf_8)
                  0.58    0.47    9.49 ^ _4405_/X (sky130_fd_sc_hd__buf_8)
    21    0.24                           net1030 (net)
                  0.67    0.16    9.65 ^ output1030/A (sky130_fd_sc_hd__clkbuf_4)
                  0.18    0.56   10.21 ^ output1030/X (sky130_fd_sc_hd__clkbuf_4)
     1    0.03                           out_code[5] (net)
                  0.18    0.00   10.21 ^ out_code[5] (out)
                                 10.21   data arrival time

                  0.00    0.00    0.00   clock __VIRTUAL_CLK__ (rise edge)
                          0.00    0.00   clock network delay (ideal)
                          0.25    0.25   clock uncertainty
                          0.00    0.25   clock reconvergence pessimism
                         -8.00   -7.75   output external delay
                                 -7.75   data required time
-----------------------------------------------------------------------------
                                 -7.75   data required time
                                -10.21   data arrival time
-----------------------------------------------------------------------------
                                 17.96   slack (MET)


Startpoint: in_data[1007] (input port clocked by __VIRTUAL_CLK__)
Endpoint: out_code[7] (output port clocked by __VIRTUAL_CLK__)
Path Group: __VIRTUAL_CLK__
Path Type: min
Corner: Slowest

Fanout     Cap    Slew   Delay    Time   Description
-----------------------------------------------------------------------------
                  0.00    0.00    0.00   clock __VIRTUAL_CLK__ (rise edge)
                          0.00    0.00   clock network delay (ideal)
                          8.00    8.00 ^ input external delay
                  0.07    0.04    8.04 ^ in_data[1007] (in)
     1    0.01                           in_data[1007] (net)
                  0.07    0.00    8.04 ^ input9/A (sky130_fd_sc_hd__clkbuf_16)
                  0.34    0.39    8.43 ^ input9/X (sky130_fd_sc_hd__clkbuf_16)
     5    0.21                           net9 (net)
                  0.35    0.05    8.48 ^ _2507_/B (sky130_fd_sc_hd__or4_1)
                  0.14    0.34    8.82 ^ _2507_/X (sky130_fd_sc_hd__or4_1)
     3    0.01                           _0290_ (net)
                  0.14    0.00    8.82 ^ _4438_/A (sky130_fd_sc_hd__or3_1)
                  0.07    0.20    9.01 ^ _4438_/X (sky130_fd_sc_hd__or3_1)
     1    0.00                           _2214_ (net)
                  0.07    0.00    9.01 ^ _4439_/C (sky130_fd_sc_hd__or4b_4)
                  0.22    0.32    9.33 ^ _4439_/X (sky130_fd_sc_hd__or4b_4)
     1    0.04                           _2215_ (net)
                  0.22    0.01    9.34 ^ _4440_/A (sky130_fd_sc_hd__clkbuf_4)
                  0.31    0.46    9.80 ^ _4440_/X (sky130_fd_sc_hd__clkbuf_4)
     1    0.06                           net1032 (net)
                  0.31    0.02    9.82 ^ output1032/A (sky130_fd_sc_hd__clkbuf_4)
                  0.18    0.42   10.24 ^ output1032/X (sky130_fd_sc_hd__clkbuf_4)
     1    0.03                           out_code[7] (net)
                  0.18    0.00   10.24 ^ out_code[7] (out)
                                 10.24   data arrival time

                  0.00    0.00    0.00   clock __VIRTUAL_CLK__ (rise edge)
                          0.00    0.00   clock network delay (ideal)
                          0.25    0.25   clock uncertainty
                          0.00    0.25   clock reconvergence pessimism
                         -8.00   -7.75   output external delay
                                 -7.75   data required time
-----------------------------------------------------------------------------
                                 -7.75   data required time
                                -10.24   data arrival time
-----------------------------------------------------------------------------
                                 17.99   slack (MET)


Startpoint: in_data[1007] (input port clocked by __VIRTUAL_CLK__)
Endpoint: out_code[9] (output port clocked by __VIRTUAL_CLK__)
Path Group: __VIRTUAL_CLK__
Path Type: min
Corner: Slowest

Fanout     Cap    Slew   Delay    Time   Description
-----------------------------------------------------------------------------
                  0.00    0.00    0.00   clock __VIRTUAL_CLK__ (rise edge)
                          0.00    0.00   clock network delay (ideal)
                          8.00    8.00 ^ input external delay
                  0.07    0.04    8.04 ^ in_data[1007] (in)
     1    0.01                           in_data[1007] (net)
                  0.07    0.00    8.04 ^ input9/A (sky130_fd_sc_hd__clkbuf_16)
                  0.34    0.39    8.43 ^ input9/X (sky130_fd_sc_hd__clkbuf_16)
     5    0.21                           net9 (net)
                  0.35    0.05    8.48 ^ _2507_/B (sky130_fd_sc_hd__or4_1)
                  0.14    0.34    8.82 ^ _2507_/X (sky130_fd_sc_hd__or4_1)
     3    0.01                           _0290_ (net)
                  0.14    0.00    8.82 ^ _2514_/C (sky130_fd_sc_hd__or4_2)
                  0.15    0.29    9.11 ^ _2514_/X (sky130_fd_sc_hd__or4_2)
     2    0.02                           _0297_ (net)
                  0.15    0.00    9.11 ^ _4442_/B (sky130_fd_sc_hd__or4_1)
                  0.13    0.25    9.36 ^ _4442_/X (sky130_fd_sc_hd__or4_1)
     1    0.01                           _2216_ (net)
                  0.13    0.00    9.36 ^ _4443_/A (sky130_fd_sc_hd__buf_8)
                  0.52    0.43    9.79 ^ _4443_/X (sky130_fd_sc_hd__buf_8)
    18    0.21                           net1034 (net)
                  0.59    0.14    9.92 ^ output1034/A (sky130_fd_sc_hd__clkbuf_4)
                  0.18    0.53   10.45 ^ output1034/X (sky130_fd_sc_hd__clkbuf_4)
     1    0.03                           out_code[9] (net)
                  0.18    0.00   10.46 ^ out_code[9] (out)
                                 10.46   data arrival time

                  0.00    0.00    0.00   clock __VIRTUAL_CLK__ (rise edge)
                          0.00    0.00   clock network delay (ideal)
                          0.25    0.25   clock uncertainty
                          0.00    0.25   clock reconvergence pessimism
                         -8.00   -7.75   output external delay
                                 -7.75   data required time
-----------------------------------------------------------------------------
                                 -7.75   data required time
                                -10.46   data arrival time
-----------------------------------------------------------------------------
                                 18.21   slack (MET)


Startpoint: in_data[950] (input port clocked by __VIRTUAL_CLK__)
Endpoint: out_code[6] (output port clocked by __VIRTUAL_CLK__)
Path Group: __VIRTUAL_CLK__
Path Type: min
Corner: Slowest

Fanout     Cap    Slew   Delay    Time   Description
-----------------------------------------------------------------------------
                  0.00    0.00    0.00   clock __VIRTUAL_CLK__ (rise edge)
                          0.00    0.00   clock network delay (ideal)
                          8.00    8.00 ^ input external delay
                  0.05    0.03    8.03 ^ in_data[950] (in)
     1    0.01                           in_data[950] (net)
                  0.05    0.00    8.03 ^ input969/A (sky130_fd_sc_hd__buf_6)
                  0.38    0.37    8.40 ^ input969/X (sky130_fd_sc_hd__buf_6)
     5    0.12                           net969 (net)
                  0.39    0.02    8.42 ^ _3809_/A (sky130_fd_sc_hd__nor2_1)
                  0.12    0.23    8.65 v _3809_/Y (sky130_fd_sc_hd__nor2_1)
     2    0.01                           _1591_ (net)
                  0.12    0.00    8.65 v _4353_/B (sky130_fd_sc_hd__nand4b_1)
                  0.13    0.18    8.83 ^ _4353_/Y (sky130_fd_sc_hd__nand4b_1)
     2    0.01                           _2132_ (net)
                  0.13    0.00    8.83 ^ _4402_/A (sky130_fd_sc_hd__nor2_1)
                  0.16    0.18    9.01 v _4402_/Y (sky130_fd_sc_hd__nor2_1)
     2    0.02                           _2180_ (net)
                  0.16    0.00    9.01 v _4426_/A1 (sky130_fd_sc_hd__a311o_4)
                  0.43    0.87    9.88 v _4426_/X (sky130_fd_sc_hd__a311o_4)
     1    0.16                           net1031 (net)
                  0.47    0.10    9.98 v output1031/A (sky130_fd_sc_hd__clkbuf_4)
                  0.14    0.49   10.47 v output1031/X (sky130_fd_sc_hd__clkbuf_4)
     1    0.03                           out_code[6] (net)
                  0.14    0.00   10.47 v out_code[6] (out)
                                 10.47   data arrival time

                  0.00    0.00    0.00   clock __VIRTUAL_CLK__ (rise edge)
                          0.00    0.00   clock network delay (ideal)
                          0.25    0.25   clock uncertainty
                          0.00    0.25   clock reconvergence pessimism
                         -8.00   -7.75   output external delay
                                 -7.75   data required time
-----------------------------------------------------------------------------
                                 -7.75   data required time
                                -10.47   data arrival time
-----------------------------------------------------------------------------
                                 18.22   slack (MET)


Startpoint: in_data[195] (input port clocked by __VIRTUAL_CLK__)
Endpoint: valid (output port clocked by __VIRTUAL_CLK__)
Path Group: __VIRTUAL_CLK__
Path Type: min
Corner: Slowest

Fanout     Cap    Slew   Delay    Time   Description
-----------------------------------------------------------------------------
                  0.00    0.00    0.00   clock __VIRTUAL_CLK__ (rise edge)
                          0.00    0.00   clock network delay (ideal)
                          8.00    8.00 ^ input external delay
                  0.04    0.02    8.02 ^ in_data[195] (in)
     1    0.00                           in_data[195] (net)
                  0.04    0.00    8.02 ^ input130/A (sky130_fd_sc_hd__buf_4)
                  0.35    0.36    8.38 ^ input130/X (sky130_fd_sc_hd__buf_4)
     3    0.08                           net130 (net)
                  0.35    0.03    8.41 ^ _2796_/B (sky130_fd_sc_hd__nor2_1)
                  0.16    0.25    8.66 v _2796_/Y (sky130_fd_sc_hd__nor2_1)
     2    0.01                           _0579_ (net)
                  0.16    0.00    8.66 v _2802_/C (sky130_fd_sc_hd__nand4b_1)
                  0.08    0.17    8.84 ^ _2802_/Y (sky130_fd_sc_hd__nand4b_1)
     1    0.00                           _0585_ (net)
                  0.08    0.00    8.84 ^ _2808_/C (sky130_fd_sc_hd__or4_1)
                  0.08    0.18    9.02 ^ _2808_/X (sky130_fd_sc_hd__or4_1)
     1    0.00                           _0591_ (net)
                  0.08    0.00    9.02 ^ _2882_/A (sky130_fd_sc_hd__nor3_1)
                  0.07    0.11    9.13 v _2882_/Y (sky130_fd_sc_hd__nor3_1)
     1    0.01                           _0665_ (net)
                  0.07    0.00    9.13 v wire1038/A (sky130_fd_sc_hd__clkbuf_2)
                  0.24    0.31    9.44 v wire1038/X (sky130_fd_sc_hd__clkbuf_2)
     2    0.03                           net1038 (net)
                  0.24    0.01    9.45 v _4444_/A (sky130_fd_sc_hd__nand4_4)
                  0.69    0.56   10.01 ^ _4444_/Y (sky130_fd_sc_hd__nand4_4)
    21    0.15                           net1035 (net)
                  0.71    0.07   10.08 ^ output1035/A (sky130_fd_sc_hd__buf_2)
                  0.27    0.56   10.64 ^ output1035/X (sky130_fd_sc_hd__buf_2)
     1    0.03                           valid (net)
                  0.27    0.00   10.64 ^ valid (out)
                                 10.64   data arrival time

                  0.00    0.00    0.00   clock __VIRTUAL_CLK__ (rise edge)
                          0.00    0.00   clock network delay (ideal)
                          0.25    0.25   clock uncertainty
                          0.00    0.25   clock reconvergence pessimism
                         -8.00   -7.75   output external delay
                                 -7.75   data required time
-----------------------------------------------------------------------------
                                 -7.75   data required time
                                -10.64   data arrival time
-----------------------------------------------------------------------------
                                 18.39   slack (MET)


Startpoint: in_data[1007] (input port clocked by __VIRTUAL_CLK__)
Endpoint: out_code[8] (output port clocked by __VIRTUAL_CLK__)
Path Group: __VIRTUAL_CLK__
Path Type: min
Corner: Slowest

Fanout     Cap    Slew   Delay    Time   Description
-----------------------------------------------------------------------------
                  0.00    0.00    0.00   clock __VIRTUAL_CLK__ (rise edge)
                          0.00    0.00   clock network delay (ideal)
                          8.00    8.00 ^ input external delay
                  0.07    0.04    8.04 ^ in_data[1007] (in)
     1    0.01                           in_data[1007] (net)
                  0.07    0.00    8.04 ^ input9/A (sky130_fd_sc_hd__clkbuf_16)
                  0.34    0.39    8.43 ^ input9/X (sky130_fd_sc_hd__clkbuf_16)
     5    0.21                           net9 (net)
                  0.35    0.05    8.48 ^ _2507_/B (sky130_fd_sc_hd__or4_1)
                  0.14    0.34    8.82 ^ _2507_/X (sky130_fd_sc_hd__or4_1)
     3    0.01                           _0290_ (net)
                  0.14    0.00    8.82 ^ _2514_/C (sky130_fd_sc_hd__or4_2)
                  0.15    0.29    9.11 ^ _2514_/X (sky130_fd_sc_hd__or4_2)
     2    0.02                           _0297_ (net)
                  0.15    0.00    9.11 ^ _2588_/A (sky130_fd_sc_hd__nor3_2)
                  0.14    0.18    9.29 v _2588_/Y (sky130_fd_sc_hd__nor3_2)
     5    0.03                           _0371_ (net)
                  0.14    0.00    9.29 v _2589_/A (sky130_fd_sc_hd__clkbuf_4)
                  0.17    0.36    9.65 v _2589_/X (sky130_fd_sc_hd__clkbuf_4)
     6    0.04                           _0372_ (net)
                  0.17    0.00    9.65 v _4441_/B1 (sky130_fd_sc_hd__o21ai_4)
                  0.37    0.32    9.98 ^ _4441_/Y (sky130_fd_sc_hd__o21ai_4)
     1    0.07                           net1033 (net)
                  0.37    0.02   10.00 ^ wire1037/A (sky130_fd_sc_hd__buf_6)
                  0.24    0.40   10.40 ^ wire1037/X (sky130_fd_sc_hd__buf_6)
     1    0.07                           net1037 (net)
                  0.25    0.03   10.42 ^ output1033/A (sky130_fd_sc_hd__clkbuf_4)
                  0.18    0.39   10.81 ^ output1033/X (sky130_fd_sc_hd__clkbuf_4)
     1    0.03                           out_code[8] (net)
                  0.18    0.00   10.81 ^ out_code[8] (out)
                                 10.81   data arrival time

                  0.00    0.00    0.00   clock __VIRTUAL_CLK__ (rise edge)
                          0.00    0.00   clock network delay (ideal)
                          0.25    0.25   clock uncertainty
                          0.00    0.25   clock reconvergence pessimism
                         -8.00   -7.75   output external delay
                                 -7.75   data required time
-----------------------------------------------------------------------------
                                 -7.75   data required time
                                -10.81   data arrival time
-----------------------------------------------------------------------------
                                 18.56   slack (MET)



======================= Typical Corner ===================================

Startpoint: in_data[1023] (input port clocked by __VIRTUAL_CLK__)
Endpoint: out_code[1] (output port clocked by __VIRTUAL_CLK__)
Path Group: __VIRTUAL_CLK__
Path Type: min
Corner: Typical

Fanout     Cap    Slew   Delay    Time   Description
-----------------------------------------------------------------------------
                  0.00    0.00    0.00   clock __VIRTUAL_CLK__ (rise edge)
                          0.00    0.00   clock network delay (ideal)
                          8.00    8.00 ^ input external delay
                  0.05    0.03    8.03 ^ in_data[1023] (in)
     1    0.01                           in_data[1023] (net)
                  0.05    0.00    8.03 ^ input27/A (sky130_fd_sc_hd__buf_8)
                  0.23    0.18    8.21 ^ input27/X (sky130_fd_sc_hd__buf_8)
     5    0.15                           net27 (net)
                  0.29    0.08    8.29 ^ _3844_/B (sky130_fd_sc_hd__or4b_4)
                  0.04    0.19    8.48 ^ _3844_/X (sky130_fd_sc_hd__or4b_4)
     1    0.01                           _1626_ (net)
                  0.04    0.00    8.48 ^ _3845_/A (sky130_fd_sc_hd__buf_12)
                  0.16    0.16    8.65 ^ _3845_/X (sky130_fd_sc_hd__buf_12)
     2    0.13                           net1026 (net)
                  0.17    0.03    8.68 ^ output1026/A (sky130_fd_sc_hd__buf_8)
                  0.07    0.14    8.82 ^ output1026/X (sky130_fd_sc_hd__buf_8)
     1    0.03                           out_code[1] (net)
                  0.07    0.00    8.82 ^ out_code[1] (out)
                                  8.82   data arrival time

                  0.00    0.00    0.00   clock __VIRTUAL_CLK__ (rise edge)
                          0.00    0.00   clock network delay (ideal)
                          0.25    0.25   clock uncertainty
                          0.00    0.25   clock reconvergence pessimism
                         -8.00   -7.75   output external delay
                                 -7.75   data required time
-----------------------------------------------------------------------------
                                 -7.75   data required time
                                 -8.82   data arrival time
-----------------------------------------------------------------------------
                                 16.57   slack (MET)


Startpoint: in_data[766] (input port clocked by __VIRTUAL_CLK__)
Endpoint: out_code[0] (output port clocked by __VIRTUAL_CLK__)
Path Group: __VIRTUAL_CLK__
Path Type: min
Corner: Typical

Fanout     Cap    Slew   Delay    Time   Description
-----------------------------------------------------------------------------
                  0.00    0.00    0.00   clock __VIRTUAL_CLK__ (rise edge)
                          0.00    0.00   clock network delay (ideal)
                          8.00    8.00 ^ input external delay
                  0.03    0.02    8.02 ^ in_data[766] (in)
     1    0.01                           in_data[766] (net)
                  0.03    0.00    8.02 ^ input764/A (sky130_fd_sc_hd__clkbuf_8)
                  0.22    0.21    8.22 ^ input764/X (sky130_fd_sc_hd__clkbuf_8)
     6    0.13                           net764 (net)
                  0.26    0.06    8.29 ^ _2497_/A1 (sky130_fd_sc_hd__o21bai_1)
                  0.04    0.11    8.40 v _2497_/Y (sky130_fd_sc_hd__o21bai_1)
     1    0.00                           _0280_ (net)
                  0.04    0.00    8.40 v _2590_/A (sky130_fd_sc_hd__nand2_1)
                  0.11    0.10    8.50 ^ _2590_/Y (sky130_fd_sc_hd__nand2_1)
     1    0.01                           _0373_ (net)
                  0.11    0.00    8.50 ^ _3361_/A1 (sky130_fd_sc_hd__o21bai_4)
                  0.23    0.20    8.69 v _3361_/Y (sky130_fd_sc_hd__o21bai_4)
     2    0.09                           net1025 (net)
                  0.24    0.04    8.73 v output1025/A (sky130_fd_sc_hd__clkbuf_4)
                  0.08    0.26    8.99 v output1025/X (sky130_fd_sc_hd__clkbuf_4)
     1    0.03                           out_code[0] (net)
                  0.08    0.00    8.99 v out_code[0] (out)
                                  8.99   data arrival time

                  0.00    0.00    0.00   clock __VIRTUAL_CLK__ (rise edge)
                          0.00    0.00   clock network delay (ideal)
                          0.25    0.25   clock uncertainty
                          0.00    0.25   clock reconvergence pessimism
                         -8.00   -7.75   output external delay
                                 -7.75   data required time
-----------------------------------------------------------------------------
                                 -7.75   data required time
                                 -8.99   data arrival time
-----------------------------------------------------------------------------
                                 16.74   slack (MET)


Startpoint: in_data[1016] (input port clocked by __VIRTUAL_CLK__)
Endpoint: out_code[3] (output port clocked by __VIRTUAL_CLK__)
Path Group: __VIRTUAL_CLK__
Path Type: min
Corner: Typical

Fanout     Cap    Slew   Delay    Time   Description
-----------------------------------------------------------------------------
                  0.00    0.00    0.00   clock __VIRTUAL_CLK__ (rise edge)
                          0.00    0.00   clock network delay (ideal)
                          8.00    8.00 ^ input external delay
                  0.03    0.02    8.02 ^ in_data[1016] (in)
     1    0.01                           in_data[1016] (net)
                  0.03    0.00    8.02 ^ input19/A (sky130_fd_sc_hd__clkbuf_8)
                  0.18    0.19    8.21 ^ input19/X (sky130_fd_sc_hd__clkbuf_8)
     3    0.10                           net19 (net)
                  0.19    0.04    8.25 ^ _2508_/A (sky130_fd_sc_hd__or4_2)
                  0.09    0.19    8.45 ^ _2508_/X (sky130_fd_sc_hd__or4_2)
     4    0.02                           _0291_ (net)
                  0.09    0.00    8.45 ^ _4258_/A (sky130_fd_sc_hd__or4b_1)
                  0.06    0.12    8.57 ^ _4258_/X (sky130_fd_sc_hd__or4b_1)
     1    0.01                           _2038_ (net)
                  0.06    0.00    8.57 ^ _4259_/A (sky130_fd_sc_hd__clkbuf_8)
                  0.19    0.20    8.77 ^ _4259_/X (sky130_fd_sc_hd__clkbuf_8)
     1    0.11                           net1028 (net)
                  0.22    0.05    8.83 ^ output1028/A (sky130_fd_sc_hd__clkbuf_4)
                  0.11    0.23    9.06 ^ output1028/X (sky130_fd_sc_hd__clkbuf_4)
     1    0.03                           out_code[3] (net)
                  0.11    0.00    9.06 ^ out_code[3] (out)
                                  9.06   data arrival time

                  0.00    0.00    0.00   clock __VIRTUAL_CLK__ (rise edge)
                          0.00    0.00   clock network delay (ideal)
                          0.25    0.25   clock uncertainty
                          0.00    0.25   clock reconvergence pessimism
                         -8.00   -7.75   output external delay
                                 -7.75   data required time
-----------------------------------------------------------------------------
                                 -7.75   data required time
                                 -9.06   data arrival time
-----------------------------------------------------------------------------
                                 16.81   slack (MET)


Startpoint: in_data[1013] (input port clocked by __VIRTUAL_CLK__)
Endpoint: out_code[4] (output port clocked by __VIRTUAL_CLK__)
Path Group: __VIRTUAL_CLK__
Path Type: min
Corner: Typical

Fanout     Cap    Slew   Delay    Time   Description
-----------------------------------------------------------------------------
                  0.00    0.00    0.00   clock __VIRTUAL_CLK__ (rise edge)
                          0.00    0.00   clock network delay (ideal)
                          8.00    8.00 ^ input external delay
                  0.05    0.03    8.03 ^ in_data[1013] (in)
     1    0.01                           in_data[1013] (net)
                  0.05    0.00    8.03 ^ input16/A (sky130_fd_sc_hd__buf_8)
                  0.27    0.18    8.21 ^ input16/X (sky130_fd_sc_hd__buf_8)
     4    0.17                           net16 (net)
                  0.37    0.12    8.33 ^ _2505_/B (sky130_fd_sc_hd__or4_2)
                  0.11    0.24    8.58 ^ _2505_/X (sky130_fd_sc_hd__or4_2)
     4    0.02                           _0288_ (net)
                  0.11    0.00    8.58 ^ _4358_/A (sky130_fd_sc_hd__or4b_1)
                  0.06    0.13    8.71 ^ _4358_/X (sky130_fd_sc_hd__or4b_1)
     1    0.01                           _2137_ (net)
                  0.06    0.00    8.71 ^ _4359_/A (sky130_fd_sc_hd__clkbuf_8)
                  0.17    0.20    8.91 ^ _4359_/X (sky130_fd_sc_hd__clkbuf_8)
     1    0.09                           net1029 (net)
                  0.19    0.04    8.95 ^ output1029/A (sky130_fd_sc_hd__clkbuf_4)
                  0.11    0.22    9.17 ^ output1029/X (sky130_fd_sc_hd__clkbuf_4)
     1    0.03                           out_code[4] (net)
                  0.11    0.00    9.17 ^ out_code[4] (out)
                                  9.17   data arrival time

                  0.00    0.00    0.00   clock __VIRTUAL_CLK__ (rise edge)
                          0.00    0.00   clock network delay (ideal)
                          0.25    0.25   clock uncertainty
                          0.00    0.25   clock reconvergence pessimism
                         -8.00   -7.75   output external delay
                                 -7.75   data required time
-----------------------------------------------------------------------------
                                 -7.75   data required time
                                 -9.17   data arrival time
-----------------------------------------------------------------------------
                                 16.92   slack (MET)


Startpoint: in_data[1023] (input port clocked by __VIRTUAL_CLK__)
Endpoint: out_code[2] (output port clocked by __VIRTUAL_CLK__)
Path Group: __VIRTUAL_CLK__
Path Type: min
Corner: Typical

Fanout     Cap    Slew   Delay    Time   Description
-----------------------------------------------------------------------------
                  0.00    0.00    0.00   clock __VIRTUAL_CLK__ (rise edge)
                          0.00    0.00   clock network delay (ideal)
                          8.00    8.00 ^ input external delay
                  0.05    0.03    8.03 ^ in_data[1023] (in)
     1    0.01                           in_data[1023] (net)
                  0.05    0.00    8.03 ^ input27/A (sky130_fd_sc_hd__buf_8)
                  0.23    0.18    8.21 ^ input27/X (sky130_fd_sc_hd__buf_8)
     5    0.15                           net27 (net)
                  0.29    0.08    8.29 ^ _3846_/D (sky130_fd_sc_hd__or4_1)
                  0.08    0.18    8.47 ^ _3846_/X (sky130_fd_sc_hd__or4_1)
     3    0.01                           _1627_ (net)
                  0.08    0.00    8.47 ^ _4138_/A (sky130_fd_sc_hd__or3_1)
                  0.19    0.20    8.68 ^ _4138_/X (sky130_fd_sc_hd__or3_1)
     1    0.02                           _1919_ (net)
                  0.19    0.00    8.68 ^ _4139_/A (sky130_fd_sc_hd__buf_4)
                  0.26    0.27    8.95 ^ _4139_/X (sky130_fd_sc_hd__buf_4)
     1    0.09                           net1027 (net)
                  0.27    0.05    8.99 ^ output1027/A (sky130_fd_sc_hd__clkbuf_4)
                  0.11    0.25    9.24 ^ output1027/X (sky130_fd_sc_hd__clkbuf_4)
     1    0.03                           out_code[2] (net)
                  0.11    0.00    9.24 ^ out_code[2] (out)
                                  9.24   data arrival time

                  0.00    0.00    0.00   clock __VIRTUAL_CLK__ (rise edge)
                          0.00    0.00   clock network delay (ideal)
                          0.25    0.25   clock uncertainty
                          0.00    0.25   clock reconvergence pessimism
                         -8.00   -7.75   output external delay
                                 -7.75   data required time
-----------------------------------------------------------------------------
                                 -7.75   data required time
                                 -9.24   data arrival time
-----------------------------------------------------------------------------
                                 16.99   slack (MET)


Startpoint: in_data[1007] (input port clocked by __VIRTUAL_CLK__)
Endpoint: out_code[7] (output port clocked by __VIRTUAL_CLK__)
Path Group: __VIRTUAL_CLK__
Path Type: min
Corner: Typical

Fanout     Cap    Slew   Delay    Time   Description
-----------------------------------------------------------------------------
                  0.00    0.00    0.00   clock __VIRTUAL_CLK__ (rise edge)
                          0.00    0.00   clock network delay (ideal)
                          8.00    8.00 ^ input external delay
                  0.04    0.03    8.03 ^ in_data[1007] (in)
     1    0.01                           in_data[1007] (net)
                  0.04    0.00    8.03 ^ input9/A (sky130_fd_sc_hd__clkbuf_16)
                  0.23    0.23    8.25 ^ input9/X (sky130_fd_sc_hd__clkbuf_16)
     5    0.21                           net9 (net)
                  0.24    0.04    8.30 ^ _2507_/B (sky130_fd_sc_hd__or4_1)
                  0.09    0.19    8.49 ^ _2507_/X (sky130_fd_sc_hd__or4_1)
     3    0.01                           _0290_ (net)
                  0.09    0.00    8.49 ^ _4438_/A (sky130_fd_sc_hd__or3_1)
                  0.04    0.11    8.59 ^ _4438_/X (sky130_fd_sc_hd__or3_1)
     1    0.00                           _2214_ (net)
                  0.04    0.00    8.59 ^ _4439_/C (sky130_fd_sc_hd__or4b_4)
                  0.14    0.18    8.77 ^ _4439_/X (sky130_fd_sc_hd__or4b_4)
     1    0.04                           _2215_ (net)
                  0.14    0.01    8.78 ^ _4440_/A (sky130_fd_sc_hd__clkbuf_4)
                  0.20    0.26    9.04 ^ _4440_/X (sky130_fd_sc_hd__clkbuf_4)
     1    0.06                           net1032 (net)
                  0.20    0.02    9.06 ^ output1032/A (sky130_fd_sc_hd__clkbuf_4)
                  0.11    0.23    9.29 ^ output1032/X (sky130_fd_sc_hd__clkbuf_4)
     1    0.03                           out_code[7] (net)
                  0.11    0.00    9.29 ^ out_code[7] (out)
                                  9.29   data arrival time

                  0.00    0.00    0.00   clock __VIRTUAL_CLK__ (rise edge)
                          0.00    0.00   clock network delay (ideal)
                          0.25    0.25   clock uncertainty
                          0.00    0.25   clock reconvergence pessimism
                         -8.00   -7.75   output external delay
                                 -7.75   data required time
-----------------------------------------------------------------------------
                                 -7.75   data required time
                                 -9.29   data arrival time
-----------------------------------------------------------------------------
                                 17.04   slack (MET)


Startpoint: in_data[1007] (input port clocked by __VIRTUAL_CLK__)
Endpoint: out_code[5] (output port clocked by __VIRTUAL_CLK__)
Path Group: __VIRTUAL_CLK__
Path Type: min
Corner: Typical

Fanout     Cap    Slew   Delay    Time   Description
-----------------------------------------------------------------------------
                  0.00    0.00    0.00   clock __VIRTUAL_CLK__ (rise edge)
                          0.00    0.00   clock network delay (ideal)
                          8.00    8.00 ^ input external delay
                  0.04    0.03    8.03 ^ in_data[1007] (in)
     1    0.01                           in_data[1007] (net)
                  0.04    0.00    8.03 ^ input9/A (sky130_fd_sc_hd__clkbuf_16)
                  0.23    0.23    8.25 ^ input9/X (sky130_fd_sc_hd__clkbuf_16)
     5    0.21                           net9 (net)
                  0.24    0.04    8.30 ^ _4397_/B (sky130_fd_sc_hd__or4_1)
                  0.06    0.17    8.46 ^ _4397_/X (sky130_fd_sc_hd__or4_1)
     1    0.01                           _2175_ (net)
                  0.06    0.00    8.47 ^ _4404_/C (sky130_fd_sc_hd__or4b_1)
                  0.09    0.13    8.60 ^ _4404_/X (sky130_fd_sc_hd__or4b_1)
     1    0.01                           _2182_ (net)
                  0.09    0.00    8.60 ^ _4405_/A (sky130_fd_sc_hd__buf_8)
                  0.35    0.25    8.85 ^ _4405_/X (sky130_fd_sc_hd__buf_8)
    21    0.23                           net1030 (net)
                  0.48    0.16    9.01 ^ output1030/A (sky130_fd_sc_hd__clkbuf_4)
                  0.12    0.29    9.30 ^ output1030/X (sky130_fd_sc_hd__clkbuf_4)
     1    0.03                           out_code[5] (net)
                  0.12    0.00    9.30 ^ out_code[5] (out)
                                  9.30   data arrival time

                  0.00    0.00    0.00   clock __VIRTUAL_CLK__ (rise edge)
                          0.00    0.00   clock network delay (ideal)
                          0.25    0.25   clock uncertainty
                          0.00    0.25   clock reconvergence pessimism
                         -8.00   -7.75   output external delay
                                 -7.75   data required time
-----------------------------------------------------------------------------
                                 -7.75   data required time
                                 -9.30   data arrival time
-----------------------------------------------------------------------------
                                 17.05   slack (MET)


Startpoint: in_data[950] (input port clocked by __VIRTUAL_CLK__)
Endpoint: out_code[6] (output port clocked by __VIRTUAL_CLK__)
Path Group: __VIRTUAL_CLK__
Path Type: min
Corner: Typical

Fanout     Cap    Slew   Delay    Time   Description
-----------------------------------------------------------------------------
                  0.00    0.00    0.00   clock __VIRTUAL_CLK__ (rise edge)
                          0.00    0.00   clock network delay (ideal)
                          8.00    8.00 ^ input external delay
                  0.03    0.02    8.02 ^ in_data[950] (in)
     1    0.01                           in_data[950] (net)
                  0.03    0.00    8.02 ^ input969/A (sky130_fd_sc_hd__buf_6)
                  0.24    0.21    8.23 ^ input969/X (sky130_fd_sc_hd__buf_6)
     5    0.12                           net969 (net)
                  0.25    0.02    8.25 ^ _3809_/A (sky130_fd_sc_hd__nor2_1)
                  0.08    0.11    8.36 v _3809_/Y (sky130_fd_sc_hd__nor2_1)
     2    0.01                           _1591_ (net)
                  0.08    0.00    8.36 v _4353_/B (sky130_fd_sc_hd__nand4b_1)
                  0.08    0.11    8.47 ^ _4353_/Y (sky130_fd_sc_hd__nand4b_1)
     2    0.01                           _2132_ (net)
                  0.08    0.00    8.47 ^ _4402_/A (sky130_fd_sc_hd__nor2_1)
                  0.08    0.09    8.56 v _4402_/Y (sky130_fd_sc_hd__nor2_1)
     2    0.02                           _2180_ (net)
                  0.08    0.00    8.57 v _4426_/A1 (sky130_fd_sc_hd__a311o_4)
                  0.23    0.46    9.02 v _4426_/X (sky130_fd_sc_hd__a311o_4)
     1    0.16                           net1031 (net)
                  0.31    0.10    9.12 v output1031/A (sky130_fd_sc_hd__clkbuf_4)
                  0.08    0.28    9.40 v output1031/X (sky130_fd_sc_hd__clkbuf_4)
     1    0.03                           out_code[6] (net)
                  0.08    0.00    9.40 v out_code[6] (out)
                                  9.40   data arrival time

                  0.00    0.00    0.00   clock __VIRTUAL_CLK__ (rise edge)
                          0.00    0.00   clock network delay (ideal)
                          0.25    0.25   clock uncertainty
                          0.00    0.25   clock reconvergence pessimism
                         -8.00   -7.75   output external delay
                                 -7.75   data required time
-----------------------------------------------------------------------------
                                 -7.75   data required time
                                 -9.40   data arrival time
-----------------------------------------------------------------------------
                                 17.15   slack (MET)


Startpoint: in_data[1007] (input port clocked by __VIRTUAL_CLK__)
Endpoint: out_code[9] (output port clocked by __VIRTUAL_CLK__)
Path Group: __VIRTUAL_CLK__
Path Type: min
Corner: Typical

Fanout     Cap    Slew   Delay    Time   Description
-----------------------------------------------------------------------------
                  0.00    0.00    0.00   clock __VIRTUAL_CLK__ (rise edge)
                          0.00    0.00   clock network delay (ideal)
                          8.00    8.00 ^ input external delay
                  0.04    0.03    8.03 ^ in_data[1007] (in)
     1    0.01                           in_data[1007] (net)
                  0.04    0.00    8.03 ^ input9/A (sky130_fd_sc_hd__clkbuf_16)
                  0.23    0.23    8.25 ^ input9/X (sky130_fd_sc_hd__clkbuf_16)
     5    0.21                           net9 (net)
                  0.24    0.04    8.30 ^ _2507_/B (sky130_fd_sc_hd__or4_1)
                  0.09    0.19    8.49 ^ _2507_/X (sky130_fd_sc_hd__or4_1)
     3    0.01                           _0290_ (net)
                  0.09    0.00    8.49 ^ _2514_/C (sky130_fd_sc_hd__or4_2)
                  0.09    0.16    8.65 ^ _2514_/X (sky130_fd_sc_hd__or4_2)
     2    0.02                           _0297_ (net)
                  0.09    0.00    8.65 ^ _4442_/B (sky130_fd_sc_hd__or4_1)
                  0.08    0.14    8.79 ^ _4442_/X (sky130_fd_sc_hd__or4_1)
     1    0.01                           _2216_ (net)
                  0.08    0.00    8.79 ^ _4443_/A (sky130_fd_sc_hd__buf_8)
                  0.32    0.22    9.02 ^ _4443_/X (sky130_fd_sc_hd__buf_8)
    18    0.21                           net1034 (net)
                  0.42    0.13    9.15 ^ output1034/A (sky130_fd_sc_hd__clkbuf_4)
                  0.12    0.28    9.43 ^ output1034/X (sky130_fd_sc_hd__clkbuf_4)
     1    0.03                           out_code[9] (net)
                  0.12    0.00    9.43 ^ out_code[9] (out)
                                  9.43   data arrival time

                  0.00    0.00    0.00   clock __VIRTUAL_CLK__ (rise edge)
                          0.00    0.00   clock network delay (ideal)
                          0.25    0.25   clock uncertainty
                          0.00    0.25   clock reconvergence pessimism
                         -8.00   -7.75   output external delay
                                 -7.75   data required time
-----------------------------------------------------------------------------
                                 -7.75   data required time
                                 -9.43   data arrival time
-----------------------------------------------------------------------------
                                 17.18   slack (MET)


Startpoint: in_data[195] (input port clocked by __VIRTUAL_CLK__)
Endpoint: valid (output port clocked by __VIRTUAL_CLK__)
Path Group: __VIRTUAL_CLK__
Path Type: min
Corner: Typical

Fanout     Cap    Slew   Delay    Time   Description
-----------------------------------------------------------------------------
                  0.00    0.00    0.00   clock __VIRTUAL_CLK__ (rise edge)
                          0.00    0.00   clock network delay (ideal)
                          8.00    8.00 ^ input external delay
                  0.03    0.01    8.01 ^ in_data[195] (in)
     1    0.00                           in_data[195] (net)
                  0.03    0.00    8.01 ^ input130/A (sky130_fd_sc_hd__buf_4)
                  0.22    0.20    8.22 ^ input130/X (sky130_fd_sc_hd__buf_4)
     3    0.08                           net130 (net)
                  0.22    0.03    8.25 ^ _2796_/B (sky130_fd_sc_hd__nor2_1)
                  0.10    0.13    8.37 v _2796_/Y (sky130_fd_sc_hd__nor2_1)
     2    0.01                           _0579_ (net)
                  0.10    0.00    8.37 v _2802_/C (sky130_fd_sc_hd__nand4b_1)
                  0.05    0.10    8.47 ^ _2802_/Y (sky130_fd_sc_hd__nand4b_1)
     1    0.00                           _0585_ (net)
                  0.05    0.00    8.48 ^ _2808_/C (sky130_fd_sc_hd__or4_1)
                  0.05    0.10    8.58 ^ _2808_/X (sky130_fd_sc_hd__or4_1)
     1    0.00                           _0591_ (net)
                  0.05    0.00    8.58 ^ _2882_/A (sky130_fd_sc_hd__nor3_1)
                  0.04    0.06    8.63 v _2882_/Y (sky130_fd_sc_hd__nor3_1)
     1    0.01                           _0665_ (net)
                  0.04    0.00    8.63 v wire1038/A (sky130_fd_sc_hd__clkbuf_2)
                  0.13    0.17    8.80 v wire1038/X (sky130_fd_sc_hd__clkbuf_2)
     2    0.03                           net1038 (net)
                  0.13    0.01    8.81 v _4444_/A (sky130_fd_sc_hd__nand4_4)
                  0.43    0.33    9.14 ^ _4444_/Y (sky130_fd_sc_hd__nand4_4)
    21    0.15                           net1035 (net)
                  0.45    0.06    9.20 ^ output1035/A (sky130_fd_sc_hd__buf_2)
                  0.17    0.28    9.48 ^ output1035/X (sky130_fd_sc_hd__buf_2)
     1    0.03                           valid (net)
                  0.17    0.00    9.48 ^ valid (out)
                                  9.48   data arrival time

                  0.00    0.00    0.00   clock __VIRTUAL_CLK__ (rise edge)
                          0.00    0.00   clock network delay (ideal)
                          0.25    0.25   clock uncertainty
                          0.00    0.25   clock reconvergence pessimism
                         -8.00   -7.75   output external delay
                                 -7.75   data required time
-----------------------------------------------------------------------------
                                 -7.75   data required time
                                 -9.48   data arrival time
-----------------------------------------------------------------------------
                                 17.23   slack (MET)


Startpoint: in_data[1007] (input port clocked by __VIRTUAL_CLK__)
Endpoint: out_code[8] (output port clocked by __VIRTUAL_CLK__)
Path Group: __VIRTUAL_CLK__
Path Type: min
Corner: Typical

Fanout     Cap    Slew   Delay    Time   Description
-----------------------------------------------------------------------------
                  0.00    0.00    0.00   clock __VIRTUAL_CLK__ (rise edge)
                          0.00    0.00   clock network delay (ideal)
                          8.00    8.00 ^ input external delay
                  0.04    0.03    8.03 ^ in_data[1007] (in)
     1    0.01                           in_data[1007] (net)
                  0.04    0.00    8.03 ^ input9/A (sky130_fd_sc_hd__clkbuf_16)
                  0.23    0.23    8.25 ^ input9/X (sky130_fd_sc_hd__clkbuf_16)
     5    0.21                           net9 (net)
                  0.24    0.04    8.30 ^ _2507_/B (sky130_fd_sc_hd__or4_1)
                  0.09    0.19    8.49 ^ _2507_/X (sky130_fd_sc_hd__or4_1)
     3    0.01                           _0290_ (net)
                  0.09    0.00    8.49 ^ _2514_/C (sky130_fd_sc_hd__or4_2)
                  0.09    0.16    8.65 ^ _2514_/X (sky130_fd_sc_hd__or4_2)
     2    0.02                           _0297_ (net)
                  0.09    0.00    8.65 ^ _2588_/A (sky130_fd_sc_hd__nor3_2)
                  0.08    0.09    8.74 v _2588_/Y (sky130_fd_sc_hd__nor3_2)
     5    0.03                           _0371_ (net)
                  0.08    0.00    8.74 v _2589_/A (sky130_fd_sc_hd__clkbuf_4)
                  0.10    0.20    8.94 v _2589_/X (sky130_fd_sc_hd__clkbuf_4)
     6    0.04                           _0372_ (net)
                  0.10    0.00    8.95 v _4441_/B1 (sky130_fd_sc_hd__o21ai_4)
                  0.24    0.19    9.14 ^ _4441_/Y (sky130_fd_sc_hd__o21ai_4)
     1    0.07                           net1033 (net)
                  0.24    0.02    9.16 ^ wire1037/A (sky130_fd_sc_hd__buf_6)
                  0.15    0.21    9.37 ^ wire1037/X (sky130_fd_sc_hd__buf_6)
     1    0.07                           net1037 (net)
                  0.16    0.03    9.39 ^ output1033/A (sky130_fd_sc_hd__clkbuf_4)
                  0.11    0.21    9.61 ^ output1033/X (sky130_fd_sc_hd__clkbuf_4)
     1    0.03                           out_code[8] (net)
                  0.11    0.00    9.61 ^ out_code[8] (out)
                                  9.61   data arrival time

                  0.00    0.00    0.00   clock __VIRTUAL_CLK__ (rise edge)
                          0.00    0.00   clock network delay (ideal)
                          0.25    0.25   clock uncertainty
                          0.00    0.25   clock reconvergence pessimism
                         -8.00   -7.75   output external delay
                                 -7.75   data required time
-----------------------------------------------------------------------------
                                 -7.75   data required time
                                 -9.61   data arrival time
-----------------------------------------------------------------------------
                                 17.36   slack (MET)



