
===========================================================================
report_checks -unconstrained
===========================================================================
======================= Fastest Corner ===================================

Startpoint: in_data[2] (input port clocked by __VIRTUAL_CLK__)
Endpoint: out_code[0] (output port clocked by __VIRTUAL_CLK__)
Path Group: __VIRTUAL_CLK__
Path Type: max
Corner: Fastest

Fanout     Cap    Slew   Delay    Time   Description
-----------------------------------------------------------------------------
                  0.00    0.00    0.00   clock __VIRTUAL_CLK__ (rise edge)
                          0.00    0.00   clock network delay (ideal)
                          8.00    8.00 ^ input external delay
                  0.02    0.02    8.02 ^ in_data[2] (in)
     1    0.01                           in_data[2] (net)
                  0.02    0.00    8.02 ^ input247/A (sky130_fd_sc_hd__clkbuf_8)
                  0.19    0.17    8.19 ^ input247/X (sky130_fd_sc_hd__clkbuf_8)
     3    0.14                           net247 (net)
                  0.22    0.06    8.25 ^ _2655_/A1 (sky130_fd_sc_hd__o21bai_1)
                  0.06    0.07    8.32 v _2655_/Y (sky130_fd_sc_hd__o21bai_1)
     1    0.00                           _0438_ (net)
                  0.06    0.00    8.32 v _2656_/A2 (sky130_fd_sc_hd__a21oi_1)
                  0.09    0.12    8.43 ^ _2656_/Y (sky130_fd_sc_hd__a21oi_1)
     1    0.00                           _0439_ (net)
                  0.09    0.00    8.43 ^ _2657_/A2 (sky130_fd_sc_hd__o21bai_1)
                  0.06    0.05    8.48 v _2657_/Y (sky130_fd_sc_hd__o21bai_1)
     1    0.00                           _0440_ (net)
                  0.06    0.00    8.49 v _2658_/A2 (sky130_fd_sc_hd__a21oi_1)
                  0.09    0.12    8.61 ^ _2658_/Y (sky130_fd_sc_hd__a21oi_1)
     1    0.00                           _0441_ (net)
                  0.09    0.00    8.61 ^ _2659_/A2 (sky130_fd_sc_hd__o21bai_1)
                  0.06    0.05    8.65 v _2659_/Y (sky130_fd_sc_hd__o21bai_1)
     1    0.00                           _0442_ (net)
                  0.06    0.00    8.65 v _2660_/A2 (sky130_fd_sc_hd__a21oi_1)
                  0.08    0.11    8.77 ^ _2660_/Y (sky130_fd_sc_hd__a21oi_1)
     1    0.00                           _0443_ (net)
                  0.08    0.00    8.77 ^ _2661_/A2 (sky130_fd_sc_hd__o21bai_1)
                  0.05    0.05    8.81 v _2661_/Y (sky130_fd_sc_hd__o21bai_1)
     1    0.00                           _0444_ (net)
                  0.05    0.00    8.81 v _2662_/A2 (sky130_fd_sc_hd__a21oi_1)
                  0.12    0.14    8.96 ^ _2662_/Y (sky130_fd_sc_hd__a21oi_1)
     1    0.01                           _0445_ (net)
                  0.12    0.00    8.96 ^ _2663_/A2 (sky130_fd_sc_hd__o21bai_2)
                  0.11    0.09    9.05 v _2663_/Y (sky130_fd_sc_hd__o21bai_2)
     1    0.02                           _0446_ (net)
                  0.11    0.00    9.05 v _2664_/A2 (sky130_fd_sc_hd__a21oi_1)
                  0.09    0.14    9.18 ^ _2664_/Y (sky130_fd_sc_hd__a21oi_1)
     1    0.00                           _0447_ (net)
                  0.09    0.00    9.18 ^ _2665_/A2 (sky130_fd_sc_hd__o21bai_1)
                  0.04    0.04    9.23 v _2665_/Y (sky130_fd_sc_hd__o21bai_1)
     1    0.00                           _0448_ (net)
                  0.04    0.00    9.23 v _2666_/A2 (sky130_fd_sc_hd__a21oi_1)
                  0.17    0.18    9.40 ^ _2666_/Y (sky130_fd_sc_hd__a21oi_1)
     1    0.01                           _0449_ (net)
                  0.17    0.00    9.40 ^ _2667_/A2 (sky130_fd_sc_hd__o21bai_4)
                  0.09    0.08    9.48 v _2667_/Y (sky130_fd_sc_hd__o21bai_4)
     1    0.03                           _0450_ (net)
                  0.09    0.00    9.48 v _2668_/A2 (sky130_fd_sc_hd__a21oi_1)
                  0.09    0.13    9.61 ^ _2668_/Y (sky130_fd_sc_hd__a21oi_1)
     1    0.00                           _0451_ (net)
                  0.09    0.00    9.61 ^ _2669_/A2 (sky130_fd_sc_hd__o21bai_1)
                  0.06    0.05    9.66 v _2669_/Y (sky130_fd_sc_hd__o21bai_1)
     1    0.00                           _0452_ (net)
                  0.06    0.00    9.66 v _2670_/A2 (sky130_fd_sc_hd__a21oi_1)
                  0.08    0.11    9.77 ^ _2670_/Y (sky130_fd_sc_hd__a21oi_1)
     1    0.00                           _0453_ (net)
                  0.08    0.00    9.77 ^ _2671_/A2 (sky130_fd_sc_hd__o21bai_1)
                  0.06    0.05    9.82 v _2671_/Y (sky130_fd_sc_hd__o21bai_1)
     1    0.00                           _0454_ (net)
                  0.06    0.00    9.82 v _2672_/A2 (sky130_fd_sc_hd__a21oi_1)
                  0.10    0.13    9.94 ^ _2672_/Y (sky130_fd_sc_hd__a21oi_1)
     1    0.00                           _0455_ (net)
                  0.10    0.00    9.94 ^ _2673_/A2 (sky130_fd_sc_hd__o21bai_1)
                  0.06    0.05    9.99 v _2673_/Y (sky130_fd_sc_hd__o21bai_1)
     1    0.00                           _0456_ (net)
                  0.06    0.00    9.99 v _2674_/A2 (sky130_fd_sc_hd__a21oi_1)
                  0.08    0.12   10.11 ^ _2674_/Y (sky130_fd_sc_hd__a21oi_1)
     1    0.00                           _0457_ (net)
                  0.08    0.00   10.11 ^ _2675_/A2 (sky130_fd_sc_hd__o21bai_1)
                  0.06    0.05   10.16 v _2675_/Y (sky130_fd_sc_hd__o21bai_1)
     1    0.00                           _0458_ (net)
                  0.06    0.00   10.16 v _2676_/A2 (sky130_fd_sc_hd__a21oi_1)
                  0.10    0.12   10.28 ^ _2676_/Y (sky130_fd_sc_hd__a21oi_1)
     1    0.00                           _0459_ (net)
                  0.10    0.00   10.28 ^ _2677_/A2 (sky130_fd_sc_hd__o21bai_1)
                  0.04    0.04   10.33 v _2677_/Y (sky130_fd_sc_hd__o21bai_1)
     1    0.00                           _0460_ (net)
                  0.04    0.00   10.33 v _2678_/A2 (sky130_fd_sc_hd__a21oi_1)
                  0.08    0.11   10.43 ^ _2678_/Y (sky130_fd_sc_hd__a21oi_1)
     1    0.00                           _0461_ (net)
                  0.08    0.00   10.43 ^ _2679_/A2 (sky130_fd_sc_hd__o21bai_1)
                  0.05    0.05   10.48 v _2679_/Y (sky130_fd_sc_hd__o21bai_1)
     1    0.00                           _0462_ (net)
                  0.05    0.00   10.48 v _2680_/A2 (sky130_fd_sc_hd__a21oi_1)
                  0.09    0.12   10.60 ^ _2680_/Y (sky130_fd_sc_hd__a21oi_1)
     1    0.00                           _0463_ (net)
                  0.09    0.00   10.60 ^ _2681_/A2 (sky130_fd_sc_hd__o21bai_1)
                  0.05    0.04   10.64 v _2681_/Y (sky130_fd_sc_hd__o21bai_1)
     1    0.00                           _0464_ (net)
                  0.05    0.00   10.64 v _2682_/A2 (sky130_fd_sc_hd__a21oi_1)
                  0.10    0.13   10.77 ^ _2682_/Y (sky130_fd_sc_hd__a21oi_1)
     1    0.00                           _0465_ (net)
                  0.10    0.00   10.77 ^ _2683_/A2 (sky130_fd_sc_hd__o21bai_1)
                  0.06    0.05   10.81 v _2683_/Y (sky130_fd_sc_hd__o21bai_1)
     1    0.00                           _0466_ (net)
                  0.06    0.00   10.81 v _2684_/A2 (sky130_fd_sc_hd__a21oi_1)
                  0.09    0.12   10.94 ^ _2684_/Y (sky130_fd_sc_hd__a21oi_1)
     1    0.00                           _0467_ (net)
                  0.09    0.00   10.94 ^ _2685_/A2 (sky130_fd_sc_hd__o21bai_1)
                  0.05    0.05   10.98 v _2685_/Y (sky130_fd_sc_hd__o21bai_1)
     1    0.00                           _0468_ (net)
                  0.05    0.00   10.99 v _2686_/A2 (sky130_fd_sc_hd__a21oi_1)
                  0.08    0.11   11.10 ^ _2686_/Y (sky130_fd_sc_hd__a21oi_1)
     1    0.00                           _0469_ (net)
                  0.08    0.00   11.10 ^ _2687_/A2 (sky130_fd_sc_hd__o21bai_1)
                  0.06    0.04   11.14 v _2687_/Y (sky130_fd_sc_hd__o21bai_1)
     1    0.00                           _0470_ (net)
                  0.06    0.00   11.14 v _2688_/A2 (sky130_fd_sc_hd__a21oi_1)
                  0.12    0.14   11.28 ^ _2688_/Y (sky130_fd_sc_hd__a21oi_1)
     1    0.01                           _0471_ (net)
                  0.12    0.00   11.28 ^ _2689_/A2 (sky130_fd_sc_hd__o21bai_1)
                  0.05    0.04   11.32 v _2689_/Y (sky130_fd_sc_hd__o21bai_1)
     1    0.00                           _0472_ (net)
                  0.05    0.00   11.32 v _2690_/A2 (sky130_fd_sc_hd__a21oi_1)
                  0.09    0.11   11.43 ^ _2690_/Y (sky130_fd_sc_hd__a21oi_1)
     1    0.00                           _0473_ (net)
                  0.09    0.00   11.43 ^ _2691_/A2 (sky130_fd_sc_hd__o21bai_1)
                  0.05    0.04   11.48 v _2691_/Y (sky130_fd_sc_hd__o21bai_1)
     1    0.00                           _0474_ (net)
                  0.05    0.00   11.48 v _2692_/A2 (sky130_fd_sc_hd__a21oi_1)
                  0.16    0.17   11.65 ^ _2692_/Y (sky130_fd_sc_hd__a21oi_1)
     1    0.01                           _0475_ (net)
                  0.16    0.00   11.65 ^ _2693_/A2 (sky130_fd_sc_hd__o21bai_1)
                  0.07    0.07   11.72 v _2693_/Y (sky130_fd_sc_hd__o21bai_1)
     1    0.01                           _0476_ (net)
                  0.07    0.00   11.72 v _2694_/A2 (sky130_fd_sc_hd__a21oi_1)
                  0.13    0.16   11.88 ^ _2694_/Y (sky130_fd_sc_hd__a21oi_1)
     1    0.01                           _0477_ (net)
                  0.13    0.00   11.88 ^ _2695_/A2 (sky130_fd_sc_hd__o21bai_1)
                  0.05    0.04   11.92 v _2695_/Y (sky130_fd_sc_hd__o21bai_1)
     1    0.00                           _0478_ (net)
                  0.05    0.00   11.92 v _2696_/A2 (sky130_fd_sc_hd__a21oi_1)
                  0.08    0.11   12.03 ^ _2696_/Y (sky130_fd_sc_hd__a21oi_1)
     1    0.00                           _0479_ (net)
                  0.08    0.00   12.03 ^ _2697_/A2 (sky130_fd_sc_hd__o21bai_1)
                  0.06    0.05   12.08 v _2697_/Y (sky130_fd_sc_hd__o21bai_1)
     1    0.00                           _0480_ (net)
                  0.06    0.00   12.08 v _2698_/A2 (sky130_fd_sc_hd__a21oi_1)
                  0.09    0.12   12.19 ^ _2698_/Y (sky130_fd_sc_hd__a21oi_1)
     1    0.00                           _0481_ (net)
                  0.09    0.00   12.19 ^ _2699_/A2 (sky130_fd_sc_hd__o21bai_1)
                  0.07    0.05   12.24 v _2699_/Y (sky130_fd_sc_hd__o21bai_1)
     1    0.00                           _0482_ (net)
                  0.07    0.00   12.24 v _2700_/A2 (sky130_fd_sc_hd__a21oi_1)
                  0.08    0.12   12.36 ^ _2700_/Y (sky130_fd_sc_hd__a21oi_1)
     1    0.00                           _0483_ (net)
                  0.08    0.00   12.36 ^ _2701_/A2 (sky130_fd_sc_hd__o21bai_1)
                  0.05    0.04   12.40 v _2701_/Y (sky130_fd_sc_hd__o21bai_1)
     1    0.00                           _0484_ (net)
                  0.05    0.00   12.40 v _2702_/A2 (sky130_fd_sc_hd__a21oi_1)
                  0.08    0.11   12.51 ^ _2702_/Y (sky130_fd_sc_hd__a21oi_1)
     1    0.00                           _0485_ (net)
                  0.08    0.00   12.51 ^ _2703_/A2 (sky130_fd_sc_hd__o21bai_1)
                  0.07    0.05   12.56 v _2703_/Y (sky130_fd_sc_hd__o21bai_1)
     1    0.00                           _0486_ (net)
                  0.07    0.00   12.56 v _2704_/A2 (sky130_fd_sc_hd__a21oi_1)
                  0.09    0.12   12.69 ^ _2704_/Y (sky130_fd_sc_hd__a21oi_1)
     1    0.00                           _0487_ (net)
                  0.09    0.00   12.69 ^ _2705_/A2 (sky130_fd_sc_hd__o21bai_1)
                  0.06    0.06   12.75 v _2705_/Y (sky130_fd_sc_hd__o21bai_1)
     1    0.01                           _0488_ (net)
                  0.06    0.00   12.75 v _2706_/A2 (sky130_fd_sc_hd__a21oi_1)
                  0.09    0.12   12.87 ^ _2706_/Y (sky130_fd_sc_hd__a21oi_1)
     1    0.00                           _0489_ (net)
                  0.09    0.00   12.87 ^ _2707_/A2 (sky130_fd_sc_hd__o21bai_1)
                  0.05    0.05   12.92 v _2707_/Y (sky130_fd_sc_hd__o21bai_1)
     1    0.00                           _0490_ (net)
                  0.05    0.00   12.92 v _2708_/A2 (sky130_fd_sc_hd__a21oi_1)
                  0.08    0.11   13.03 ^ _2708_/Y (sky130_fd_sc_hd__a21oi_1)
     1    0.00                           _0491_ (net)
                  0.08    0.00   13.03 ^ _2709_/A2 (sky130_fd_sc_hd__o21bai_1)
                  0.05    0.04   13.07 v _2709_/Y (sky130_fd_sc_hd__o21bai_1)
     1    0.00                           _0492_ (net)
                  0.05    0.00   13.07 v _2710_/A2 (sky130_fd_sc_hd__a21oi_1)
                  0.10    0.13   13.20 ^ _2710_/Y (sky130_fd_sc_hd__a21oi_1)
     1    0.00                           _0493_ (net)
                  0.10    0.00   13.20 ^ _2711_/A2 (sky130_fd_sc_hd__o21bai_1)
                  0.06    0.04   13.24 v _2711_/Y (sky130_fd_sc_hd__o21bai_1)
     1    0.00                           _0494_ (net)
                  0.06    0.00   13.24 v _2712_/A2 (sky130_fd_sc_hd__a21oi_1)
                  0.09    0.12   13.36 ^ _2712_/Y (sky130_fd_sc_hd__a21oi_1)
     1    0.00                           _0495_ (net)
                  0.09    0.00   13.36 ^ _2713_/A2 (sky130_fd_sc_hd__o21bai_1)
                  0.05    0.05   13.41 v _2713_/Y (sky130_fd_sc_hd__o21bai_1)
     1    0.00                           _0496_ (net)
                  0.05    0.00   13.41 v _2714_/A2 (sky130_fd_sc_hd__a21oi_1)
                  0.08    0.11   13.52 ^ _2714_/Y (sky130_fd_sc_hd__a21oi_1)
     1    0.00                           _0497_ (net)
                  0.08    0.00   13.52 ^ _2715_/A2 (sky130_fd_sc_hd__o21bai_1)
                  0.05    0.04   13.56 v _2715_/Y (sky130_fd_sc_hd__o21bai_1)
     1    0.00                           _0498_ (net)
                  0.05    0.00   13.56 v _2716_/A2 (sky130_fd_sc_hd__a21oi_1)
                  0.08    0.11   13.67 ^ _2716_/Y (sky130_fd_sc_hd__a21oi_1)
     1    0.00                           _0499_ (net)
                  0.08    0.00   13.67 ^ _2717_/A2 (sky130_fd_sc_hd__o21bai_1)
                  0.06    0.04   13.72 v _2717_/Y (sky130_fd_sc_hd__o21bai_1)
     1    0.00                           _0500_ (net)
                  0.06    0.00   13.72 v _2718_/A2 (sky130_fd_sc_hd__a21oi_1)
                  0.08    0.11   13.82 ^ _2718_/Y (sky130_fd_sc_hd__a21oi_1)
     1    0.00                           _0501_ (net)
                  0.08    0.00   13.82 ^ _2719_/A2 (sky130_fd_sc_hd__o21bai_1)
                  0.05    0.04   13.87 v _2719_/Y (sky130_fd_sc_hd__o21bai_1)
     1    0.00                           _0502_ (net)
                  0.05    0.00   13.87 v _2720_/A2 (sky130_fd_sc_hd__a21oi_1)
                  0.08    0.11   13.98 ^ _2720_/Y (sky130_fd_sc_hd__a21oi_1)
     1    0.00                           _0503_ (net)
                  0.08    0.00   13.98 ^ _2721_/A2 (sky130_fd_sc_hd__o21bai_1)
                  0.06    0.05   14.03 v _2721_/Y (sky130_fd_sc_hd__o21bai_1)
     1    0.01                           _0504_ (net)
                  0.06    0.00   14.03 v _2722_/A2 (sky130_fd_sc_hd__a21oi_1)
                  0.08    0.12   14.15 ^ _2722_/Y (sky130_fd_sc_hd__a21oi_1)
     1    0.00                           _0505_ (net)
                  0.08    0.00   14.15 ^ _2723_/A2 (sky130_fd_sc_hd__o21bai_1)
                  0.07    0.05   14.20 v _2723_/Y (sky130_fd_sc_hd__o21bai_1)
     1    0.01                           _0506_ (net)
                  0.07    0.00   14.20 v _2724_/A2 (sky130_fd_sc_hd__a21oi_1)
                  0.08    0.12   14.32 ^ _2724_/Y (sky130_fd_sc_hd__a21oi_1)
     1    0.00                           _0507_ (net)
                  0.08    0.00   14.32 ^ _2725_/A2 (sky130_fd_sc_hd__o21bai_1)
                  0.06    0.05   14.36 v _2725_/Y (sky130_fd_sc_hd__o21bai_1)
     1    0.00                           _0508_ (net)
                  0.06    0.00   14.36 v _2726_/A2 (sky130_fd_sc_hd__a21oi_1)
                  0.08    0.11   14.47 ^ _2726_/Y (sky130_fd_sc_hd__a21oi_1)
     1    0.00                           _0509_ (net)
                  0.08    0.00   14.47 ^ _2727_/A2 (sky130_fd_sc_hd__o21bai_1)
                  0.05    0.05   14.52 v _2727_/Y (sky130_fd_sc_hd__o21bai_1)
     1    0.00                           _0510_ (net)
                  0.05    0.00   14.52 v _2728_/A2 (sky130_fd_sc_hd__a21oi_1)
                  0.13    0.15   14.67 ^ _2728_/Y (sky130_fd_sc_hd__a21oi_1)
     1    0.01                           _0511_ (net)
                  0.13    0.00   14.67 ^ _2729_/A2 (sky130_fd_sc_hd__o21bai_1)
                  0.05    0.04   14.71 v _2729_/Y (sky130_fd_sc_hd__o21bai_1)
     1    0.00                           _0512_ (net)
                  0.05    0.00   14.71 v _2730_/A2 (sky130_fd_sc_hd__a21oi_1)
                  0.08    0.11   14.83 ^ _2730_/Y (sky130_fd_sc_hd__a21oi_1)
     1    0.00                           _0513_ (net)
                  0.08    0.00   14.83 ^ _2731_/A2 (sky130_fd_sc_hd__o21bai_1)
                  0.05    0.05   14.88 v _2731_/Y (sky130_fd_sc_hd__o21bai_1)
     1    0.00                           _0514_ (net)
                  0.05    0.00   14.88 v _2732_/A2 (sky130_fd_sc_hd__a21oi_1)
                  0.08    0.11   14.98 ^ _2732_/Y (sky130_fd_sc_hd__a21oi_1)
     1    0.00                           _0515_ (net)
                  0.08    0.00   14.98 ^ _2733_/A2 (sky130_fd_sc_hd__o21bai_1)
                  0.07    0.06   15.05 v _2733_/Y (sky130_fd_sc_hd__o21bai_1)
     1    0.01                           _0516_ (net)
                  0.07    0.00   15.05 v _2734_/A2 (sky130_fd_sc_hd__a21oi_1)
                  0.08    0.12   15.16 ^ _2734_/Y (sky130_fd_sc_hd__a21oi_1)
     1    0.00                           _0517_ (net)
                  0.08    0.00   15.16 ^ _2735_/A2 (sky130_fd_sc_hd__o21bai_1)
                  0.06    0.05   15.22 v _2735_/Y (sky130_fd_sc_hd__o21bai_1)
     1    0.01                           _0518_ (net)
                  0.06    0.00   15.22 v _2736_/A2 (sky130_fd_sc_hd__a21oi_1)
                  0.08    0.12   15.33 ^ _2736_/Y (sky130_fd_sc_hd__a21oi_1)
     1    0.00                           _0519_ (net)
                  0.08    0.00   15.33 ^ _2737_/A2 (sky130_fd_sc_hd__o21bai_1)
                  0.05    0.05   15.38 v _2737_/Y (sky130_fd_sc_hd__o21bai_1)
     1    0.00                           _0520_ (net)
                  0.05    0.00   15.38 v _2738_/A2 (sky130_fd_sc_hd__a21oi_1)
                  0.09    0.12   15.50 ^ _2738_/Y (sky130_fd_sc_hd__a21oi_1)
     1    0.00                           _0521_ (net)
                  0.09    0.00   15.50 ^ _2739_/A2 (sky130_fd_sc_hd__o21bai_1)
                  0.06    0.05   15.55 v _2739_/Y (sky130_fd_sc_hd__o21bai_1)
     1    0.00                           _0522_ (net)
                  0.06    0.00   15.55 v _2740_/A2 (sky130_fd_sc_hd__a21oi_1)
                  0.09    0.12   15.67 ^ _2740_/Y (sky130_fd_sc_hd__a21oi_1)
     1    0.00                           _0523_ (net)
                  0.09    0.00   15.67 ^ _2741_/A2 (sky130_fd_sc_hd__o21bai_1)
                  0.06    0.05   15.72 v _2741_/Y (sky130_fd_sc_hd__o21bai_1)
     1    0.01                           _0524_ (net)
                  0.06    0.00   15.72 v _2742_/A2 (sky130_fd_sc_hd__a21oi_1)
                  0.08    0.12   15.84 ^ _2742_/Y (sky130_fd_sc_hd__a21oi_1)
     1    0.00                           _0525_ (net)
                  0.08    0.00   15.84 ^ _2743_/A2 (sky130_fd_sc_hd__o21bai_1)
                  0.05    0.04   15.88 v _2743_/Y (sky130_fd_sc_hd__o21bai_1)
     1    0.00                           _0526_ (net)
                  0.05    0.00   15.88 v _2744_/A2 (sky130_fd_sc_hd__a21oi_1)
                  0.10    0.12   16.00 ^ _2744_/Y (sky130_fd_sc_hd__a21oi_1)
     1    0.00                           _0527_ (net)
                  0.10    0.00   16.00 ^ _2745_/A2 (sky130_fd_sc_hd__o21bai_1)
                  0.06    0.05   16.05 v _2745_/Y (sky130_fd_sc_hd__o21bai_1)
     1    0.00                           _0528_ (net)
                  0.06    0.00   16.05 v _2746_/A2 (sky130_fd_sc_hd__a21oi_1)
                  0.09    0.12   16.17 ^ _2746_/Y (sky130_fd_sc_hd__a21oi_1)
     1    0.00                           _0529_ (net)
                  0.09    0.00   16.17 ^ _2747_/A2 (sky130_fd_sc_hd__o21bai_1)
                  0.08    0.05   16.23 v _2747_/Y (sky130_fd_sc_hd__o21bai_1)
     1    0.00                           _0530_ (net)
                  0.08    0.00   16.23 v _2748_/A2 (sky130_fd_sc_hd__a21oi_1)
                  0.08    0.12   16.34 ^ _2748_/Y (sky130_fd_sc_hd__a21oi_1)
     1    0.00                           _0531_ (net)
                  0.08    0.00   16.34 ^ _2749_/A2 (sky130_fd_sc_hd__o21bai_1)
                  0.07    0.06   16.40 v _2749_/Y (sky130_fd_sc_hd__o21bai_1)
     1    0.01                           _0532_ (net)
                  0.07    0.00   16.40 v _2750_/A2 (sky130_fd_sc_hd__a21oi_1)
                  0.08    0.12   16.52 ^ _2750_/Y (sky130_fd_sc_hd__a21oi_1)
     1    0.00                           _0533_ (net)
                  0.08    0.00   16.52 ^ _2751_/A2 (sky130_fd_sc_hd__o21bai_1)
                  0.05    0.04   16.56 v _2751_/Y (sky130_fd_sc_hd__o21bai_1)
     1    0.00                           _0534_ (net)
                  0.05    0.00   16.56 v _2752_/A2 (sky130_fd_sc_hd__a21oi_1)
                  0.09    0.12   16.68 ^ _2752_/Y (sky130_fd_sc_hd__a21oi_1)
     1    0.00                           _0535_ (net)
                  0.09    0.00   16.68 ^ _2753_/A2 (sky130_fd_sc_hd__o21bai_1)
                  0.06    0.05   16.73 v _2753_/Y (sky130_fd_sc_hd__o21bai_1)
     1    0.00                           _0536_ (net)
                  0.06    0.00   16.73 v _2754_/A2 (sky130_fd_sc_hd__a21oi_1)
                  0.09    0.12   16.85 ^ _2754_/Y (sky130_fd_sc_hd__a21oi_1)
     1    0.00                           _0537_ (net)
                  0.09    0.00   16.85 ^ _2755_/A2 (sky130_fd_sc_hd__o21bai_1)
                  0.06    0.05   16.90 v _2755_/Y (sky130_fd_sc_hd__o21bai_1)
     1    0.00                           _0538_ (net)
                  0.06    0.00   16.90 v _2756_/A2 (sky130_fd_sc_hd__a21oi_1)
                  0.08    0.11   17.01 ^ _2756_/Y (sky130_fd_sc_hd__a21oi_1)
     1    0.00                           _0539_ (net)
                  0.08    0.00   17.01 ^ _2757_/A2 (sky130_fd_sc_hd__o21bai_1)
                  0.05    0.05   17.05 v _2757_/Y (sky130_fd_sc_hd__o21bai_1)
     1    0.00                           _0540_ (net)
                  0.05    0.00   17.06 v _2758_/A2 (sky130_fd_sc_hd__a21oi_1)
                  0.19    0.20   17.25 ^ _2758_/Y (sky130_fd_sc_hd__a21oi_1)
     1    0.01                           _0541_ (net)
                  0.19    0.00   17.25 ^ _2759_/A2 (sky130_fd_sc_hd__o21bai_1)
                  0.06    0.06   17.32 v _2759_/Y (sky130_fd_sc_hd__o21bai_1)
     1    0.01                           _0542_ (net)
                  0.06    0.00   17.32 v _2760_/A2 (sky130_fd_sc_hd__a21oi_1)
                  0.08    0.11   17.42 ^ _2760_/Y (sky130_fd_sc_hd__a21oi_1)
     1    0.00                           _0543_ (net)
                  0.08    0.00   17.42 ^ _2761_/A2 (sky130_fd_sc_hd__o21bai_1)
                  0.05    0.04   17.47 v _2761_/Y (sky130_fd_sc_hd__o21bai_1)
     1    0.00                           _0544_ (net)
                  0.05    0.00   17.47 v _2762_/A2 (sky130_fd_sc_hd__a21oi_1)
                  0.11    0.13   17.60 ^ _2762_/Y (sky130_fd_sc_hd__a21oi_1)
     1    0.01                           _0545_ (net)
                  0.11    0.00   17.60 ^ _2763_/A2 (sky130_fd_sc_hd__o21bai_1)
                  0.06    0.04   17.64 v _2763_/Y (sky130_fd_sc_hd__o21bai_1)
     1    0.00                           _0546_ (net)
                  0.06    0.00   17.64 v _2764_/A2 (sky130_fd_sc_hd__a21oi_1)
                  0.26    0.25   17.90 ^ _2764_/Y (sky130_fd_sc_hd__a21oi_1)
     1    0.02                           _0547_ (net)
                  0.26    0.00   17.90 ^ _2765_/A2 (sky130_fd_sc_hd__o21bai_1)
                  0.05    0.04   17.94 v _2765_/Y (sky130_fd_sc_hd__o21bai_1)
     1    0.00                           _0548_ (net)
                  0.05    0.00   17.94 v _2766_/A2 (sky130_fd_sc_hd__a21oi_1)
                  0.10    0.13   18.07 ^ _2766_/Y (sky130_fd_sc_hd__a21oi_1)
     1    0.00                           _0549_ (net)
                  0.10    0.00   18.07 ^ _2767_/A2 (sky130_fd_sc_hd__o21bai_1)
                  0.05    0.04   18.11 v _2767_/Y (sky130_fd_sc_hd__o21bai_1)
     1    0.00                           _0550_ (net)
                  0.05    0.00   18.11 v _2768_/A2 (sky130_fd_sc_hd__a21oi_1)
                  0.09    0.11   18.22 ^ _2768_/Y (sky130_fd_sc_hd__a21oi_1)
     1    0.00                           _0551_ (net)
                  0.09    0.00   18.22 ^ _2769_/A2 (sky130_fd_sc_hd__o21bai_1)
                  0.06    0.04   18.27 v _2769_/Y (sky130_fd_sc_hd__o21bai_1)
     1    0.00                           _0552_ (net)
                  0.06    0.00   18.27 v _2770_/A2 (sky130_fd_sc_hd__a21oi_1)
                  0.09    0.12   18.39 ^ _2770_/Y (sky130_fd_sc_hd__a21oi_1)
     1    0.00                           _0553_ (net)
                  0.09    0.00   18.39 ^ _2771_/A2 (sky130_fd_sc_hd__o21bai_1)
                  0.06    0.04   18.43 v _2771_/Y (sky130_fd_sc_hd__o21bai_1)
     1    0.00                           _0554_ (net)
                  0.06    0.00   18.43 v _2772_/A2 (sky130_fd_sc_hd__a21oi_1)
                  0.10    0.12   18.56 ^ _2772_/Y (sky130_fd_sc_hd__a21oi_1)
     1    0.00                           _0555_ (net)
                  0.10    0.00   18.56 ^ _2773_/A2 (sky130_fd_sc_hd__o21bai_1)
                  0.06    0.05   18.60 v _2773_/Y (sky130_fd_sc_hd__o21bai_1)
     1    0.00                           _0556_ (net)
                  0.06    0.00   18.60 v _2774_/A2 (sky130_fd_sc_hd__a21oi_1)
                  0.08    0.11   18.72 ^ _2774_/Y (sky130_fd_sc_hd__a21oi_1)
     1    0.00                           _0557_ (net)
                  0.08    0.00   18.72 ^ _2775_/A2 (sky130_fd_sc_hd__o21bai_1)
                  0.06    0.04   18.76 v _2775_/Y (sky130_fd_sc_hd__o21bai_1)
     1    0.00                           _0558_ (net)
                  0.06    0.00   18.76 v _2776_/A2 (sky130_fd_sc_hd__a21oi_1)
                  0.08    0.11   18.87 ^ _2776_/Y (sky130_fd_sc_hd__a21oi_1)
     1    0.00                           _0559_ (net)
                  0.08    0.00   18.87 ^ _2777_/A2 (sky130_fd_sc_hd__o21bai_1)
                  0.07    0.06   18.93 v _2777_/Y (sky130_fd_sc_hd__o21bai_1)
     1    0.01                           _0560_ (net)
                  0.07    0.00   18.93 v _2778_/A2 (sky130_fd_sc_hd__a21oi_1)
                  0.09    0.12   19.05 ^ _2778_/Y (sky130_fd_sc_hd__a21oi_1)
     1    0.00                           _0561_ (net)
                  0.09    0.00   19.05 ^ _2779_/A2 (sky130_fd_sc_hd__o21bai_1)
                  0.06    0.05   19.10 v _2779_/Y (sky130_fd_sc_hd__o21bai_1)
     1    0.00                           _0562_ (net)
                  0.06    0.00   19.10 v _2780_/A2 (sky130_fd_sc_hd__a21oi_1)
                  0.10    0.13   19.23 ^ _2780_/Y (sky130_fd_sc_hd__a21oi_1)
     1    0.00                           _0563_ (net)
                  0.10    0.00   19.23 ^ _2781_/A2 (sky130_fd_sc_hd__o21bai_1)
                  0.06    0.05   19.28 v _2781_/Y (sky130_fd_sc_hd__o21bai_1)
     1    0.01                           _0564_ (net)
                  0.06    0.00   19.28 v _3171_/A1 (sky130_fd_sc_hd__a21oi_2)
                  0.27    0.25   19.54 ^ _3171_/Y (sky130_fd_sc_hd__a21oi_2)
     1    0.03                           _0954_ (net)
                  0.27    0.00   19.54 ^ _3361_/A2 (sky130_fd_sc_hd__o21bai_4)
                  0.16    0.15   19.69 v _3361_/Y (sky130_fd_sc_hd__o21bai_4)
     2    0.08                           net1025 (net)
                  0.17    0.03   19.71 v output1025/A (sky130_fd_sc_hd__clkbuf_4)
                  0.06    0.19   19.90 v output1025/X (sky130_fd_sc_hd__clkbuf_4)
     1    0.03                           out_code[0] (net)
                  0.06    0.00   19.90 v out_code[0] (out)
                                 19.90   data arrival time

                  0.00   40.00   40.00   clock __VIRTUAL_CLK__ (rise edge)
                          0.00   40.00   clock network delay (ideal)
                         -0.25   39.75   clock uncertainty
                          0.00   39.75   clock reconvergence pessimism
                         -8.00   31.75   output external delay
                                 31.75   data required time
-----------------------------------------------------------------------------
                                 31.75   data required time
                                -19.90   data arrival time
-----------------------------------------------------------------------------
                                 11.85   slack (MET)



======================= Slowest Corner ===================================

Startpoint: in_data[517] (input port clocked by __VIRTUAL_CLK__)
Endpoint: out_code[1] (output port clocked by __VIRTUAL_CLK__)
Path Group: __VIRTUAL_CLK__
Path Type: max
Corner: Slowest

Fanout     Cap    Slew   Delay    Time   Description
-----------------------------------------------------------------------------
                  0.00    0.00    0.00   clock __VIRTUAL_CLK__ (rise edge)
                          0.00    0.00   clock network delay (ideal)
                          8.00    8.00 ^ input external delay
                  0.09    0.06    8.06 ^ in_data[517] (in)
     1    0.01                           in_data[517] (net)
                  0.09    0.00    8.06 ^ input488/A (sky130_fd_sc_hd__buf_12)
                  0.37    0.36    8.42 ^ input488/X (sky130_fd_sc_hd__buf_12)
     4    0.21                           net488 (net)
                  0.44    0.13    8.55 ^ _3362_/B (sky130_fd_sc_hd__nor2_1)
                  0.10    0.20    8.75 v _3362_/Y (sky130_fd_sc_hd__nor2_1)
     1    0.00                           _1144_ (net)
                  0.10    0.00    8.75 v _3363_/B1 (sky130_fd_sc_hd__o21a_1)
                  0.07    0.22    8.97 v _3363_/X (sky130_fd_sc_hd__o21a_1)
     1    0.00                           _1145_ (net)
                  0.07    0.00    8.97 v _3365_/A3 (sky130_fd_sc_hd__o31a_1)
                  0.08    0.47    9.44 v _3365_/X (sky130_fd_sc_hd__o31a_1)
     1    0.00                           _1147_ (net)
                  0.08    0.00    9.44 v _3367_/A3 (sky130_fd_sc_hd__o31a_1)
                  0.10    0.50    9.94 v _3367_/X (sky130_fd_sc_hd__o31a_1)
     1    0.00                           _1149_ (net)
                  0.10    0.00    9.94 v _3369_/A3 (sky130_fd_sc_hd__o31a_1)
                  0.10    0.50   10.45 v _3369_/X (sky130_fd_sc_hd__o31a_1)
     1    0.00                           _1151_ (net)
                  0.10    0.00   10.45 v _3371_/A3 (sky130_fd_sc_hd__o31a_1)
                  0.09    0.48   10.93 v _3371_/X (sky130_fd_sc_hd__o31a_1)
     1    0.00                           _1153_ (net)
                  0.09    0.00   10.93 v _3372_/C (sky130_fd_sc_hd__or3_1)
                  0.14    0.76   11.69 v _3372_/X (sky130_fd_sc_hd__or3_1)
     1    0.00                           _1154_ (net)
                  0.14    0.00   11.69 v _3374_/A1 (sky130_fd_sc_hd__a211o_1)
                  0.09    0.55   12.23 v _3374_/X (sky130_fd_sc_hd__a211o_1)
     1    0.00                           _1156_ (net)
                  0.09    0.00   12.23 v _3376_/A1 (sky130_fd_sc_hd__a211o_1)
                  0.09    0.52   12.75 v _3376_/X (sky130_fd_sc_hd__a211o_1)
     1    0.00                           _1158_ (net)
                  0.09    0.00   12.75 v _3378_/A1 (sky130_fd_sc_hd__a211o_1)
                  0.09    0.52   13.28 v _3378_/X (sky130_fd_sc_hd__a211o_1)
     1    0.00                           _1160_ (net)
                  0.09    0.00   13.28 v _3380_/A1 (sky130_fd_sc_hd__a211o_1)
                  0.09    0.52   13.80 v _3380_/X (sky130_fd_sc_hd__a211o_1)
     1    0.00                           _1162_ (net)
                  0.09    0.00   13.80 v _3382_/A1 (sky130_fd_sc_hd__a211o_1)
                  0.09    0.52   14.32 v _3382_/X (sky130_fd_sc_hd__a211o_1)
     1    0.00                           _1164_ (net)
                  0.09    0.00   14.32 v _3384_/A1 (sky130_fd_sc_hd__a211o_1)
                  0.09    0.53   14.85 v _3384_/X (sky130_fd_sc_hd__a211o_1)
     1    0.00                           _1166_ (net)
                  0.09    0.00   14.85 v _3386_/A1 (sky130_fd_sc_hd__a211o_1)
                  0.09    0.52   15.37 v _3386_/X (sky130_fd_sc_hd__a211o_1)
     1    0.00                           _1168_ (net)
                  0.09    0.00   15.37 v _3388_/A1 (sky130_fd_sc_hd__a211o_1)
                  0.09    0.52   15.89 v _3388_/X (sky130_fd_sc_hd__a211o_1)
     1    0.00                           _1170_ (net)
                  0.09    0.00   15.89 v _3390_/A1 (sky130_fd_sc_hd__a211o_1)
                  0.09    0.52   16.41 v _3390_/X (sky130_fd_sc_hd__a211o_1)
     1    0.00                           _1172_ (net)
                  0.09    0.00   16.41 v _3392_/A1 (sky130_fd_sc_hd__a211o_1)
                  0.10    0.53   16.94 v _3392_/X (sky130_fd_sc_hd__a211o_1)
     1    0.00                           _1174_ (net)
                  0.10    0.00   16.94 v _3394_/A1 (sky130_fd_sc_hd__a211o_1)
                  0.09    0.53   17.47 v _3394_/X (sky130_fd_sc_hd__a211o_1)
     1    0.00                           _1176_ (net)
                  0.09    0.00   17.47 v _3396_/A1 (sky130_fd_sc_hd__a211o_1)
                  0.13    0.57   18.04 v _3396_/X (sky130_fd_sc_hd__a211o_1)
     1    0.01                           _1178_ (net)
                  0.13    0.00   18.04 v _3398_/A1 (sky130_fd_sc_hd__a211o_1)
                  0.09    0.54   18.57 v _3398_/X (sky130_fd_sc_hd__a211o_1)
     1    0.00                           _1180_ (net)
                  0.09    0.00   18.57 v _3400_/A1 (sky130_fd_sc_hd__a211o_1)
                  0.09    0.52   19.09 v _3400_/X (sky130_fd_sc_hd__a211o_1)
     1    0.00                           _1182_ (net)
                  0.09    0.00   19.09 v _3402_/A1 (sky130_fd_sc_hd__a211o_1)
                  0.12    0.57   19.66 v _3402_/X (sky130_fd_sc_hd__a211o_1)
     1    0.01                           _1184_ (net)
                  0.12    0.00   19.66 v _3404_/A1 (sky130_fd_sc_hd__a211o_1)
                  0.10    0.55   20.21 v _3404_/X (sky130_fd_sc_hd__a211o_1)
     1    0.00                           _1186_ (net)
                  0.10    0.00   20.21 v _3406_/A1 (sky130_fd_sc_hd__a211o_1)
                  0.08    0.52   20.72 v _3406_/X (sky130_fd_sc_hd__a211o_1)
     1    0.00                           _1188_ (net)
                  0.08    0.00   20.72 v _3408_/A1 (sky130_fd_sc_hd__a211o_1)
                  0.13    0.57   21.30 v _3408_/X (sky130_fd_sc_hd__a211o_1)
     1    0.01                           _1190_ (net)
                  0.13    0.00   21.30 v _3410_/A1 (sky130_fd_sc_hd__a211o_1)
                  0.10    0.55   21.85 v _3410_/X (sky130_fd_sc_hd__a211o_1)
     1    0.00                           _1192_ (net)
                  0.10    0.00   21.85 v _3411_/C_N (sky130_fd_sc_hd__or3b_1)
                  0.07    0.33   22.18 ^ _3411_/X (sky130_fd_sc_hd__or3b_1)
     1    0.00                           _1193_ (net)
                  0.07    0.00   22.18 ^ _3413_/A1 (sky130_fd_sc_hd__a211o_1)
                  0.07    0.23   22.41 ^ _3413_/X (sky130_fd_sc_hd__a211o_1)
     1    0.00                           _1195_ (net)
                  0.07    0.00   22.41 ^ _3414_/C_N (sky130_fd_sc_hd__or3b_4)
                  0.11    0.75   23.16 v _3414_/X (sky130_fd_sc_hd__or3b_4)
     1    0.00                           _1196_ (net)
                  0.11    0.00   23.16 v _3415_/A1 (sky130_fd_sc_hd__a211o_1)
                  0.10    0.55   23.71 v _3415_/X (sky130_fd_sc_hd__a211o_1)
     1    0.00                           _1197_ (net)
                  0.10    0.00   23.71 v _3417_/A1 (sky130_fd_sc_hd__a211o_1)
                  0.09    0.52   24.24 v _3417_/X (sky130_fd_sc_hd__a211o_1)
     1    0.00                           _1199_ (net)
                  0.09    0.00   24.24 v _3418_/C_N (sky130_fd_sc_hd__or3b_1)
                  0.07    0.32   24.55 ^ _3418_/X (sky130_fd_sc_hd__or3b_1)
     1    0.00                           _1200_ (net)
                  0.07    0.00   24.55 ^ _3420_/A1 (sky130_fd_sc_hd__a211o_1)
                  0.07    0.23   24.78 ^ _3420_/X (sky130_fd_sc_hd__a211o_1)
     1    0.00                           _1202_ (net)
                  0.07    0.00   24.78 ^ _3421_/C_N (sky130_fd_sc_hd__or3b_4)
                  0.12    0.77   25.55 v _3421_/X (sky130_fd_sc_hd__or3b_4)
     1    0.01                           _1203_ (net)
                  0.12    0.00   25.55 v _3423_/A1 (sky130_fd_sc_hd__a211o_1)
                  0.09    0.53   26.08 v _3423_/X (sky130_fd_sc_hd__a211o_1)
     1    0.00                           _1205_ (net)
                  0.09    0.00   26.08 v _3425_/A1 (sky130_fd_sc_hd__a211o_1)
                  0.09    0.52   26.60 v _3425_/X (sky130_fd_sc_hd__a211o_1)
     1    0.00                           _1207_ (net)
                  0.09    0.00   26.60 v _3427_/A1 (sky130_fd_sc_hd__a211o_1)
                  0.10    0.53   27.13 v _3427_/X (sky130_fd_sc_hd__a211o_1)
     1    0.00                           _1209_ (net)
                  0.10    0.00   27.13 v _3429_/A1 (sky130_fd_sc_hd__a211o_1)
                  0.09    0.52   27.66 v _3429_/X (sky130_fd_sc_hd__a211o_1)
     1    0.00                           _1211_ (net)
                  0.09    0.00   27.66 v _3431_/A1 (sky130_fd_sc_hd__a211o_1)
                  0.10    0.54   28.19 v _3431_/X (sky130_fd_sc_hd__a211o_1)
     1    0.00                           _1213_ (net)
                  0.10    0.00   28.19 v _3432_/C_N (sky130_fd_sc_hd__or3b_1)
                  0.09    0.34   28.53 ^ _3432_/X (sky130_fd_sc_hd__or3b_1)
     1    0.00                           _1214_ (net)
                  0.09    0.00   28.53 ^ _3434_/A1 (sky130_fd_sc_hd__a211oi_1)
                  0.13    0.16   28.69 v _3434_/Y (sky130_fd_sc_hd__a211oi_1)
     1    0.00                           _1216_ (net)
                  0.13    0.00   28.69 v _3435_/A3 (sky130_fd_sc_hd__o31a_1)
                  0.10    0.52   29.21 v _3435_/X (sky130_fd_sc_hd__o31a_1)
     1    0.00                           _1217_ (net)
                  0.10    0.00   29.21 v _3437_/A3 (sky130_fd_sc_hd__o31a_1)
                  0.09    0.50   29.71 v _3437_/X (sky130_fd_sc_hd__o31a_1)
     1    0.00                           _1219_ (net)
                  0.09    0.00   29.71 v _3439_/A3 (sky130_fd_sc_hd__o31a_1)
                  0.09    0.49   30.19 v _3439_/X (sky130_fd_sc_hd__o31a_1)
     1    0.00                           _1221_ (net)
                  0.09    0.00   30.19 v _3441_/A3 (sky130_fd_sc_hd__o31a_1)
                  0.09    0.49   30.69 v _3441_/X (sky130_fd_sc_hd__o31a_1)
     1    0.00                           _1223_ (net)
                  0.09    0.00   30.69 v _3443_/A3 (sky130_fd_sc_hd__o31a_1)
                  0.10    0.50   31.18 v _3443_/X (sky130_fd_sc_hd__o31a_1)
     1    0.00                           _1225_ (net)
                  0.10    0.00   31.18 v _3445_/A3 (sky130_fd_sc_hd__o31a_1)
                  0.09    0.49   31.67 v _3445_/X (sky130_fd_sc_hd__o31a_1)
     1    0.00                           _1227_ (net)
                  0.09    0.00   31.67 v _3447_/A3 (sky130_fd_sc_hd__o31a_1)
                  0.11    0.51   32.18 v _3447_/X (sky130_fd_sc_hd__o31a_1)
     1    0.01                           _1229_ (net)
                  0.11    0.00   32.18 v _3449_/A3 (sky130_fd_sc_hd__o31ai_2)
                  0.33    0.36   32.54 ^ _3449_/Y (sky130_fd_sc_hd__o31ai_2)
     1    0.01                           _1231_ (net)
                  0.33    0.00   32.54 ^ _3451_/A1 (sky130_fd_sc_hd__a211oi_2)
                  0.13    0.24   32.78 v _3451_/Y (sky130_fd_sc_hd__a211oi_2)
     1    0.00                           _1233_ (net)
                  0.13    0.00   32.78 v _3453_/A3 (sky130_fd_sc_hd__o31a_1)
                  0.08    0.49   33.27 v _3453_/X (sky130_fd_sc_hd__o31a_1)
     1    0.00                           _1235_ (net)
                  0.08    0.00   33.27 v _3454_/C (sky130_fd_sc_hd__or3_4)
                  0.11    0.67   33.94 v _3454_/X (sky130_fd_sc_hd__or3_4)
     1    0.00                           _1236_ (net)
                  0.11    0.00   33.94 v _3456_/A1 (sky130_fd_sc_hd__a211o_1)
                  0.09    0.53   34.47 v _3456_/X (sky130_fd_sc_hd__a211o_1)
     1    0.00                           _1238_ (net)
                  0.09    0.00   34.47 v _3458_/A1 (sky130_fd_sc_hd__a211o_1)
                  0.09    0.52   34.99 v _3458_/X (sky130_fd_sc_hd__a211o_1)
     1    0.00                           _1240_ (net)
                  0.09    0.00   34.99 v _3460_/A1 (sky130_fd_sc_hd__a211o_1)
                  0.09    0.53   35.52 v _3460_/X (sky130_fd_sc_hd__a211o_1)
     1    0.00                           _1242_ (net)
                  0.09    0.00   35.52 v _3462_/A1 (sky130_fd_sc_hd__a211o_1)
                  0.09    0.52   36.04 v _3462_/X (sky130_fd_sc_hd__a211o_1)
     1    0.00                           _1244_ (net)
                  0.09    0.00   36.04 v _3464_/A1 (sky130_fd_sc_hd__a211o_1)
                  0.09    0.53   36.57 v _3464_/X (sky130_fd_sc_hd__a211o_1)
     1    0.00                           _1246_ (net)
                  0.09    0.00   36.57 v _3466_/A1 (sky130_fd_sc_hd__a211o_1)
                  0.10    0.54   37.11 v _3466_/X (sky130_fd_sc_hd__a211o_1)
     1    0.00                           _1248_ (net)
                  0.10    0.00   37.11 v _3468_/A1 (sky130_fd_sc_hd__a211o_1)
                  0.11    0.56   37.67 v _3468_/X (sky130_fd_sc_hd__a211o_1)
     1    0.01                           _1250_ (net)
                  0.11    0.00   37.67 v _3470_/A1 (sky130_fd_sc_hd__a211o_1)
                  0.08    0.52   38.19 v _3470_/X (sky130_fd_sc_hd__a211o_1)
     1    0.00                           _1252_ (net)
                  0.08    0.00   38.19 v _3472_/A1 (sky130_fd_sc_hd__a211o_1)
                  0.10    0.54   38.73 v _3472_/X (sky130_fd_sc_hd__a211o_1)
     1    0.00                           _1254_ (net)
                  0.10    0.00   38.73 v _3474_/A1 (sky130_fd_sc_hd__a211o_1)
                  0.10    0.55   39.27 v _3474_/X (sky130_fd_sc_hd__a211o_1)
     1    0.00                           _1256_ (net)
                  0.10    0.00   39.27 v _3476_/A1 (sky130_fd_sc_hd__a211o_1)
                  0.09    0.52   39.80 v _3476_/X (sky130_fd_sc_hd__a211o_1)
     1    0.00                           _1258_ (net)
                  0.09    0.00   39.80 v _3477_/C_N (sky130_fd_sc_hd__or3b_1)
                  0.08    0.33   40.13 ^ _3477_/X (sky130_fd_sc_hd__or3b_1)
     1    0.00                           _1259_ (net)
                  0.08    0.00   40.13 ^ _3479_/A1 (sky130_fd_sc_hd__a211oi_1)
                  0.12    0.15   40.27 v _3479_/Y (sky130_fd_sc_hd__a211oi_1)
     1    0.00                           _1261_ (net)
                  0.12    0.00   40.27 v _3481_/A3 (sky130_fd_sc_hd__o31a_1)
                  0.10    0.51   40.79 v _3481_/X (sky130_fd_sc_hd__o31a_1)
     1    0.00                           _1263_ (net)
                  0.10    0.00   40.79 v _3483_/A3 (sky130_fd_sc_hd__o31a_1)
                  0.09    0.49   41.27 v _3483_/X (sky130_fd_sc_hd__o31a_1)
     1    0.00                           _1265_ (net)
                  0.09    0.00   41.27 v _3485_/A3 (sky130_fd_sc_hd__o31a_1)
                  0.08    0.48   41.75 v _3485_/X (sky130_fd_sc_hd__o31a_1)
     1    0.00                           _1267_ (net)
                  0.08    0.00   41.75 v _3719_/A3 (sky130_fd_sc_hd__o311a_1)
                  0.12    0.62   42.37 v _3719_/X (sky130_fd_sc_hd__o311a_1)
     1    0.01                           _1501_ (net)
                  0.12    0.00   42.37 v _3844_/C (sky130_fd_sc_hd__or4b_4)
                  0.17    1.06   43.42 v _3844_/X (sky130_fd_sc_hd__or4b_4)
     1    0.01                           _1626_ (net)
                  0.17    0.00   43.42 v _3845_/A (sky130_fd_sc_hd__buf_12)
                  0.12    0.36   43.78 v _3845_/X (sky130_fd_sc_hd__buf_12)
     2    0.12                           net1026 (net)
                  0.13    0.03   43.81 v output1026/A (sky130_fd_sc_hd__buf_8)
                  0.07    0.28   44.09 v output1026/X (sky130_fd_sc_hd__buf_8)
     1    0.03                           out_code[1] (net)
                  0.07    0.00   44.09 v out_code[1] (out)
                                 44.09   data arrival time

                  0.00   40.00   40.00   clock __VIRTUAL_CLK__ (rise edge)
                          0.00   40.00   clock network delay (ideal)
                         -0.25   39.75   clock uncertainty
                          0.00   39.75   clock reconvergence pessimism
                         -8.00   31.75   output external delay
                                 31.75   data required time
-----------------------------------------------------------------------------
                                 31.75   data required time
                                -44.09   data arrival time
-----------------------------------------------------------------------------
                                -12.34   slack (VIOLATED)



======================= Typical Corner ===================================

Startpoint: in_data[517] (input port clocked by __VIRTUAL_CLK__)
Endpoint: out_code[1] (output port clocked by __VIRTUAL_CLK__)
Path Group: __VIRTUAL_CLK__
Path Type: max
Corner: Typical

Fanout     Cap    Slew   Delay    Time   Description
-----------------------------------------------------------------------------
                  0.00    0.00    0.00   clock __VIRTUAL_CLK__ (rise edge)
                          0.00    0.00   clock network delay (ideal)
                          8.00    8.00 ^ input external delay
                  0.06    0.04    8.04 ^ in_data[517] (in)
     1    0.01                           in_data[517] (net)
                  0.06    0.00    8.04 ^ input488/A (sky130_fd_sc_hd__buf_12)
                  0.23    0.19    8.23 ^ input488/X (sky130_fd_sc_hd__buf_12)
     4    0.21                           net488 (net)
                  0.33    0.13    8.36 ^ _3362_/B (sky130_fd_sc_hd__nor2_1)
                  0.07    0.08    8.44 v _3362_/Y (sky130_fd_sc_hd__nor2_1)
     1    0.00                           _1144_ (net)
                  0.07    0.00    8.44 v _3363_/B1 (sky130_fd_sc_hd__o21a_1)
                  0.04    0.12    8.56 v _3363_/X (sky130_fd_sc_hd__o21a_1)
     1    0.00                           _1145_ (net)
                  0.04    0.00    8.56 v _3365_/A3 (sky130_fd_sc_hd__o31a_1)
                  0.05    0.24    8.80 v _3365_/X (sky130_fd_sc_hd__o31a_1)
     1    0.00                           _1147_ (net)
                  0.05    0.00    8.80 v _3367_/A3 (sky130_fd_sc_hd__o31a_1)
                  0.06    0.26    9.05 v _3367_/X (sky130_fd_sc_hd__o31a_1)
     1    0.00                           _1149_ (net)
                  0.06    0.00    9.05 v _3369_/A3 (sky130_fd_sc_hd__o31a_1)
                  0.05    0.25    9.31 v _3369_/X (sky130_fd_sc_hd__o31a_1)
     1    0.00                           _1151_ (net)
                  0.05    0.00    9.31 v _3371_/A3 (sky130_fd_sc_hd__o31a_1)
                  0.05    0.25    9.55 v _3371_/X (sky130_fd_sc_hd__o31a_1)
     1    0.00                           _1153_ (net)
                  0.05    0.00    9.55 v _3372_/C (sky130_fd_sc_hd__or3_1)
                  0.07    0.32    9.87 v _3372_/X (sky130_fd_sc_hd__or3_1)
     1    0.00                           _1154_ (net)
                  0.07    0.00    9.87 v _3374_/A1 (sky130_fd_sc_hd__a211o_1)
                  0.05    0.27   10.15 v _3374_/X (sky130_fd_sc_hd__a211o_1)
     1    0.00                           _1156_ (net)
                  0.05    0.00   10.15 v _3376_/A1 (sky130_fd_sc_hd__a211o_1)
                  0.05    0.27   10.41 v _3376_/X (sky130_fd_sc_hd__a211o_1)
     1    0.00                           _1158_ (net)
                  0.05    0.00   10.41 v _3378_/A1 (sky130_fd_sc_hd__a211o_1)
                  0.05    0.27   10.68 v _3378_/X (sky130_fd_sc_hd__a211o_1)
     1    0.00                           _1160_ (net)
                  0.05    0.00   10.68 v _3380_/A1 (sky130_fd_sc_hd__a211o_1)
                  0.05    0.27   10.95 v _3380_/X (sky130_fd_sc_hd__a211o_1)
     1    0.00                           _1162_ (net)
                  0.05    0.00   10.95 v _3382_/A1 (sky130_fd_sc_hd__a211o_1)
                  0.05    0.27   11.22 v _3382_/X (sky130_fd_sc_hd__a211o_1)
     1    0.00                           _1164_ (net)
                  0.05    0.00   11.22 v _3384_/A1 (sky130_fd_sc_hd__a211o_1)
                  0.05    0.27   11.48 v _3384_/X (sky130_fd_sc_hd__a211o_1)
     1    0.00                           _1166_ (net)
                  0.05    0.00   11.48 v _3386_/A1 (sky130_fd_sc_hd__a211o_1)
                  0.05    0.27   11.75 v _3386_/X (sky130_fd_sc_hd__a211o_1)
     1    0.00                           _1168_ (net)
                  0.05    0.00   11.75 v _3388_/A1 (sky130_fd_sc_hd__a211o_1)
                  0.05    0.27   12.02 v _3388_/X (sky130_fd_sc_hd__a211o_1)
     1    0.00                           _1170_ (net)
                  0.05    0.00   12.02 v _3390_/A1 (sky130_fd_sc_hd__a211o_1)
                  0.05    0.26   12.28 v _3390_/X (sky130_fd_sc_hd__a211o_1)
     1    0.00                           _1172_ (net)
                  0.05    0.00   12.28 v _3392_/A1 (sky130_fd_sc_hd__a211o_1)
                  0.05    0.27   12.55 v _3392_/X (sky130_fd_sc_hd__a211o_1)
     1    0.00                           _1174_ (net)
                  0.05    0.00   12.55 v _3394_/A1 (sky130_fd_sc_hd__a211o_1)
                  0.05    0.27   12.82 v _3394_/X (sky130_fd_sc_hd__a211o_1)
     1    0.00                           _1176_ (net)
                  0.05    0.00   12.82 v _3396_/A1 (sky130_fd_sc_hd__a211o_1)
                  0.07    0.29   13.12 v _3396_/X (sky130_fd_sc_hd__a211o_1)
     1    0.01                           _1178_ (net)
                  0.07    0.00   13.12 v _3398_/A1 (sky130_fd_sc_hd__a211o_1)
                  0.05    0.27   13.39 v _3398_/X (sky130_fd_sc_hd__a211o_1)
     1    0.00                           _1180_ (net)
                  0.05    0.00   13.39 v _3400_/A1 (sky130_fd_sc_hd__a211o_1)
                  0.05    0.27   13.66 v _3400_/X (sky130_fd_sc_hd__a211o_1)
     1    0.00                           _1182_ (net)
                  0.05    0.00   13.66 v _3402_/A1 (sky130_fd_sc_hd__a211o_1)
                  0.07    0.29   13.95 v _3402_/X (sky130_fd_sc_hd__a211o_1)
     1    0.01                           _1184_ (net)
                  0.07    0.00   13.95 v _3404_/A1 (sky130_fd_sc_hd__a211o_1)
                  0.05    0.28   14.23 v _3404_/X (sky130_fd_sc_hd__a211o_1)
     1    0.00                           _1186_ (net)
                  0.05    0.00   14.23 v _3406_/A1 (sky130_fd_sc_hd__a211o_1)
                  0.05    0.26   14.49 v _3406_/X (sky130_fd_sc_hd__a211o_1)
     1    0.00                           _1188_ (net)
                  0.05    0.00   14.49 v _3408_/A1 (sky130_fd_sc_hd__a211o_1)
                  0.07    0.30   14.79 v _3408_/X (sky130_fd_sc_hd__a211o_1)
     1    0.01                           _1190_ (net)
                  0.07    0.00   14.79 v _3410_/A1 (sky130_fd_sc_hd__a211o_1)
                  0.05    0.28   15.07 v _3410_/X (sky130_fd_sc_hd__a211o_1)
     1    0.00                           _1192_ (net)
                  0.05    0.00   15.07 v _3411_/C_N (sky130_fd_sc_hd__or3b_1)
                  0.05    0.17   15.24 ^ _3411_/X (sky130_fd_sc_hd__or3b_1)
     1    0.00                           _1193_ (net)
                  0.05    0.00   15.24 ^ _3413_/A1 (sky130_fd_sc_hd__a211o_1)
                  0.04    0.11   15.35 ^ _3413_/X (sky130_fd_sc_hd__a211o_1)
     1    0.00                           _1195_ (net)
                  0.04    0.00   15.35 ^ _3414_/C_N (sky130_fd_sc_hd__or3b_4)
                  0.06    0.38   15.73 v _3414_/X (sky130_fd_sc_hd__or3b_4)
     1    0.00                           _1196_ (net)
                  0.06    0.00   15.73 v _3415_/A1 (sky130_fd_sc_hd__a211o_1)
                  0.06    0.28   16.01 v _3415_/X (sky130_fd_sc_hd__a211o_1)
     1    0.00                           _1197_ (net)
                  0.06    0.00   16.01 v _3417_/A1 (sky130_fd_sc_hd__a211o_1)
                  0.05    0.27   16.28 v _3417_/X (sky130_fd_sc_hd__a211o_1)
     1    0.00                           _1199_ (net)
                  0.05    0.00   16.28 v _3418_/C_N (sky130_fd_sc_hd__or3b_1)
                  0.04    0.16   16.44 ^ _3418_/X (sky130_fd_sc_hd__or3b_1)
     1    0.00                           _1200_ (net)
                  0.04    0.00   16.44 ^ _3420_/A1 (sky130_fd_sc_hd__a211o_1)
                  0.04    0.11   16.55 ^ _3420_/X (sky130_fd_sc_hd__a211o_1)
     1    0.00                           _1202_ (net)
                  0.04    0.00   16.55 ^ _3421_/C_N (sky130_fd_sc_hd__or3b_4)
                  0.07    0.39   16.94 v _3421_/X (sky130_fd_sc_hd__or3b_4)
     1    0.01                           _1203_ (net)
                  0.07    0.00   16.94 v _3423_/A1 (sky130_fd_sc_hd__a211o_1)
                  0.05    0.27   17.21 v _3423_/X (sky130_fd_sc_hd__a211o_1)
     1    0.00                           _1205_ (net)
                  0.05    0.00   17.21 v _3425_/A1 (sky130_fd_sc_hd__a211o_1)
                  0.05    0.26   17.48 v _3425_/X (sky130_fd_sc_hd__a211o_1)
     1    0.00                           _1207_ (net)
                  0.05    0.00   17.48 v _3427_/A1 (sky130_fd_sc_hd__a211o_1)
                  0.05    0.27   17.75 v _3427_/X (sky130_fd_sc_hd__a211o_1)
     1    0.00                           _1209_ (net)
                  0.05    0.00   17.75 v _3429_/A1 (sky130_fd_sc_hd__a211o_1)
                  0.05    0.27   18.01 v _3429_/X (sky130_fd_sc_hd__a211o_1)
     1    0.00                           _1211_ (net)
                  0.05    0.00   18.01 v _3431_/A1 (sky130_fd_sc_hd__a211o_1)
                  0.06    0.27   18.29 v _3431_/X (sky130_fd_sc_hd__a211o_1)
     1    0.00                           _1213_ (net)
                  0.06    0.00   18.29 v _3432_/C_N (sky130_fd_sc_hd__or3b_1)
                  0.06    0.18   18.47 ^ _3432_/X (sky130_fd_sc_hd__or3b_1)
     1    0.00                           _1214_ (net)
                  0.06    0.00   18.47 ^ _3434_/A1 (sky130_fd_sc_hd__a211oi_1)
                  0.09    0.07   18.54 v _3434_/Y (sky130_fd_sc_hd__a211oi_1)
     1    0.00                           _1216_ (net)
                  0.09    0.00   18.54 v _3435_/A3 (sky130_fd_sc_hd__o31a_1)
                  0.05    0.27   18.81 v _3435_/X (sky130_fd_sc_hd__o31a_1)
     1    0.00                           _1217_ (net)
                  0.05    0.00   18.81 v _3437_/A3 (sky130_fd_sc_hd__o31a_1)
                  0.05    0.25   19.06 v _3437_/X (sky130_fd_sc_hd__o31a_1)
     1    0.00                           _1219_ (net)
                  0.05    0.00   19.06 v _3439_/A3 (sky130_fd_sc_hd__o31a_1)
                  0.05    0.25   19.31 v _3439_/X (sky130_fd_sc_hd__o31a_1)
     1    0.00                           _1221_ (net)
                  0.05    0.00   19.31 v _3441_/A3 (sky130_fd_sc_hd__o31a_1)
                  0.05    0.25   19.56 v _3441_/X (sky130_fd_sc_hd__o31a_1)
     1    0.00                           _1223_ (net)
                  0.05    0.00   19.56 v _3443_/A3 (sky130_fd_sc_hd__o31a_1)
                  0.05    0.25   19.81 v _3443_/X (sky130_fd_sc_hd__o31a_1)
     1    0.00                           _1225_ (net)
                  0.05    0.00   19.81 v _3445_/A3 (sky130_fd_sc_hd__o31a_1)
                  0.05    0.25   20.05 v _3445_/X (sky130_fd_sc_hd__o31a_1)
     1    0.00                           _1227_ (net)
                  0.05    0.00   20.05 v _3447_/A3 (sky130_fd_sc_hd__o31a_1)
                  0.06    0.26   20.31 v _3447_/X (sky130_fd_sc_hd__o31a_1)
     1    0.00                           _1229_ (net)
                  0.06    0.00   20.31 v _3449_/A3 (sky130_fd_sc_hd__o31ai_2)
                  0.21    0.22   20.53 ^ _3449_/Y (sky130_fd_sc_hd__o31ai_2)
     1    0.01                           _1231_ (net)
                  0.21    0.00   20.53 ^ _3451_/A1 (sky130_fd_sc_hd__a211oi_2)
                  0.08    0.11   20.63 v _3451_/Y (sky130_fd_sc_hd__a211oi_2)
     1    0.00                           _1233_ (net)
                  0.08    0.00   20.64 v _3453_/A3 (sky130_fd_sc_hd__o31a_1)
                  0.05    0.25   20.89 v _3453_/X (sky130_fd_sc_hd__o31a_1)
     1    0.00                           _1235_ (net)
                  0.05    0.00   20.89 v _3454_/C (sky130_fd_sc_hd__or3_4)
                  0.06    0.33   21.22 v _3454_/X (sky130_fd_sc_hd__or3_4)
     1    0.00                           _1236_ (net)
                  0.06    0.00   21.22 v _3456_/A1 (sky130_fd_sc_hd__a211o_1)
                  0.05    0.27   21.49 v _3456_/X (sky130_fd_sc_hd__a211o_1)
     1    0.00                           _1238_ (net)
                  0.05    0.00   21.49 v _3458_/A1 (sky130_fd_sc_hd__a211o_1)
                  0.05    0.27   21.76 v _3458_/X (sky130_fd_sc_hd__a211o_1)
     1    0.00                           _1240_ (net)
                  0.05    0.00   21.76 v _3460_/A1 (sky130_fd_sc_hd__a211o_1)
                  0.05    0.27   22.03 v _3460_/X (sky130_fd_sc_hd__a211o_1)
     1    0.00                           _1242_ (net)
                  0.05    0.00   22.03 v _3462_/A1 (sky130_fd_sc_hd__a211o_1)
                  0.05    0.27   22.30 v _3462_/X (sky130_fd_sc_hd__a211o_1)
     1    0.00                           _1244_ (net)
                  0.05    0.00   22.30 v _3464_/A1 (sky130_fd_sc_hd__a211o_1)
                  0.05    0.27   22.57 v _3464_/X (sky130_fd_sc_hd__a211o_1)
     1    0.00                           _1246_ (net)
                  0.05    0.00   22.57 v _3466_/A1 (sky130_fd_sc_hd__a211o_1)
                  0.06    0.28   22.84 v _3466_/X (sky130_fd_sc_hd__a211o_1)
     1    0.00                           _1248_ (net)
                  0.06    0.00   22.84 v _3468_/A1 (sky130_fd_sc_hd__a211o_1)
                  0.06    0.28   23.13 v _3468_/X (sky130_fd_sc_hd__a211o_1)
     1    0.01                           _1250_ (net)
                  0.06    0.00   23.13 v _3470_/A1 (sky130_fd_sc_hd__a211o_1)
                  0.05    0.26   23.39 v _3470_/X (sky130_fd_sc_hd__a211o_1)
     1    0.00                           _1252_ (net)
                  0.05    0.00   23.39 v _3472_/A1 (sky130_fd_sc_hd__a211o_1)
                  0.06    0.27   23.67 v _3472_/X (sky130_fd_sc_hd__a211o_1)
     1    0.00                           _1254_ (net)
                  0.06    0.00   23.67 v _3474_/A1 (sky130_fd_sc_hd__a211o_1)
                  0.06    0.28   23.94 v _3474_/X (sky130_fd_sc_hd__a211o_1)
     1    0.00                           _1256_ (net)
                  0.06    0.00   23.94 v _3476_/A1 (sky130_fd_sc_hd__a211o_1)
                  0.05    0.27   24.21 v _3476_/X (sky130_fd_sc_hd__a211o_1)
     1    0.00                           _1258_ (net)
                  0.05    0.00   24.21 v _3477_/C_N (sky130_fd_sc_hd__or3b_1)
                  0.05    0.17   24.38 ^ _3477_/X (sky130_fd_sc_hd__or3b_1)
     1    0.00                           _1259_ (net)
                  0.05    0.00   24.38 ^ _3479_/A1 (sky130_fd_sc_hd__a211oi_1)
                  0.08    0.07   24.45 v _3479_/Y (sky130_fd_sc_hd__a211oi_1)
     1    0.00                           _1261_ (net)
                  0.08    0.00   24.45 v _3481_/A3 (sky130_fd_sc_hd__o31a_1)
                  0.05    0.27   24.71 v _3481_/X (sky130_fd_sc_hd__o31a_1)
     1    0.00                           _1263_ (net)
                  0.05    0.00   24.71 v _3483_/A3 (sky130_fd_sc_hd__o31a_1)
                  0.05    0.25   24.96 v _3483_/X (sky130_fd_sc_hd__o31a_1)
     1    0.00                           _1265_ (net)
                  0.05    0.00   24.96 v _3485_/A3 (sky130_fd_sc_hd__o31a_1)
                  0.05    0.24   25.20 v _3485_/X (sky130_fd_sc_hd__o31a_1)
     1    0.00                           _1267_ (net)
                  0.05    0.00   25.20 v _3719_/A3 (sky130_fd_sc_hd__o311a_1)
                  0.07    0.32   25.52 v _3719_/X (sky130_fd_sc_hd__o311a_1)
     1    0.01                           _1501_ (net)
                  0.07    0.00   25.52 v _3844_/C (sky130_fd_sc_hd__or4b_4)
                  0.09    0.52   26.05 v _3844_/X (sky130_fd_sc_hd__or4b_4)
     1    0.01                           _1626_ (net)
                  0.09    0.00   26.05 v _3845_/A (sky130_fd_sc_hd__buf_12)
                  0.07    0.19   26.24 v _3845_/X (sky130_fd_sc_hd__buf_12)
     2    0.12                           net1026 (net)
                  0.09    0.02   26.27 v output1026/A (sky130_fd_sc_hd__buf_8)
                  0.04    0.16   26.43 v output1026/X (sky130_fd_sc_hd__buf_8)
     1    0.03                           out_code[1] (net)
                  0.04    0.00   26.43 v out_code[1] (out)
                                 26.43   data arrival time

                  0.00   40.00   40.00   clock __VIRTUAL_CLK__ (rise edge)
                          0.00   40.00   clock network delay (ideal)
                         -0.25   39.75   clock uncertainty
                          0.00   39.75   clock reconvergence pessimism
                         -8.00   31.75   output external delay
                                 31.75   data required time
-----------------------------------------------------------------------------
                                 31.75   data required time
                                -26.43   data arrival time
-----------------------------------------------------------------------------
                                  5.32   slack (MET)




===========================================================================
report_checks --slack_max -0.01
============================================================================
======================= Fastest Corner ===================================

No paths found.

======================= Slowest Corner ===================================

Startpoint: in_data[517] (input port clocked by __VIRTUAL_CLK__)
Endpoint: out_code[1] (output port clocked by __VIRTUAL_CLK__)
Path Group: __VIRTUAL_CLK__
Path Type: max
Corner: Slowest

Fanout     Cap    Slew   Delay    Time   Description
-----------------------------------------------------------------------------
                  0.00    0.00    0.00   clock __VIRTUAL_CLK__ (rise edge)
                          0.00    0.00   clock network delay (ideal)
                          8.00    8.00 ^ input external delay
                  0.09    0.06    8.06 ^ in_data[517] (in)
     1    0.01                           in_data[517] (net)
                  0.09    0.00    8.06 ^ input488/A (sky130_fd_sc_hd__buf_12)
                  0.37    0.36    8.42 ^ input488/X (sky130_fd_sc_hd__buf_12)
     4    0.21                           net488 (net)
                  0.44    0.13    8.55 ^ _3362_/B (sky130_fd_sc_hd__nor2_1)
                  0.10    0.20    8.75 v _3362_/Y (sky130_fd_sc_hd__nor2_1)
     1    0.00                           _1144_ (net)
                  0.10    0.00    8.75 v _3363_/B1 (sky130_fd_sc_hd__o21a_1)
                  0.07    0.22    8.97 v _3363_/X (sky130_fd_sc_hd__o21a_1)
     1    0.00                           _1145_ (net)
                  0.07    0.00    8.97 v _3365_/A3 (sky130_fd_sc_hd__o31a_1)
                  0.08    0.47    9.44 v _3365_/X (sky130_fd_sc_hd__o31a_1)
     1    0.00                           _1147_ (net)
                  0.08    0.00    9.44 v _3367_/A3 (sky130_fd_sc_hd__o31a_1)
                  0.10    0.50    9.94 v _3367_/X (sky130_fd_sc_hd__o31a_1)
     1    0.00                           _1149_ (net)
                  0.10    0.00    9.94 v _3369_/A3 (sky130_fd_sc_hd__o31a_1)
                  0.10    0.50   10.45 v _3369_/X (sky130_fd_sc_hd__o31a_1)
     1    0.00                           _1151_ (net)
                  0.10    0.00   10.45 v _3371_/A3 (sky130_fd_sc_hd__o31a_1)
                  0.09    0.48   10.93 v _3371_/X (sky130_fd_sc_hd__o31a_1)
     1    0.00                           _1153_ (net)
                  0.09    0.00   10.93 v _3372_/C (sky130_fd_sc_hd__or3_1)
                  0.14    0.76   11.69 v _3372_/X (sky130_fd_sc_hd__or3_1)
     1    0.00                           _1154_ (net)
                  0.14    0.00   11.69 v _3374_/A1 (sky130_fd_sc_hd__a211o_1)
                  0.09    0.55   12.23 v _3374_/X (sky130_fd_sc_hd__a211o_1)
     1    0.00                           _1156_ (net)
                  0.09    0.00   12.23 v _3376_/A1 (sky130_fd_sc_hd__a211o_1)
                  0.09    0.52   12.75 v _3376_/X (sky130_fd_sc_hd__a211o_1)
     1    0.00                           _1158_ (net)
                  0.09    0.00   12.75 v _3378_/A1 (sky130_fd_sc_hd__a211o_1)
                  0.09    0.52   13.28 v _3378_/X (sky130_fd_sc_hd__a211o_1)
     1    0.00                           _1160_ (net)
                  0.09    0.00   13.28 v _3380_/A1 (sky130_fd_sc_hd__a211o_1)
                  0.09    0.52   13.80 v _3380_/X (sky130_fd_sc_hd__a211o_1)
     1    0.00                           _1162_ (net)
                  0.09    0.00   13.80 v _3382_/A1 (sky130_fd_sc_hd__a211o_1)
                  0.09    0.52   14.32 v _3382_/X (sky130_fd_sc_hd__a211o_1)
     1    0.00                           _1164_ (net)
                  0.09    0.00   14.32 v _3384_/A1 (sky130_fd_sc_hd__a211o_1)
                  0.09    0.53   14.85 v _3384_/X (sky130_fd_sc_hd__a211o_1)
     1    0.00                           _1166_ (net)
                  0.09    0.00   14.85 v _3386_/A1 (sky130_fd_sc_hd__a211o_1)
                  0.09    0.52   15.37 v _3386_/X (sky130_fd_sc_hd__a211o_1)
     1    0.00                           _1168_ (net)
                  0.09    0.00   15.37 v _3388_/A1 (sky130_fd_sc_hd__a211o_1)
                  0.09    0.52   15.89 v _3388_/X (sky130_fd_sc_hd__a211o_1)
     1    0.00                           _1170_ (net)
                  0.09    0.00   15.89 v _3390_/A1 (sky130_fd_sc_hd__a211o_1)
                  0.09    0.52   16.41 v _3390_/X (sky130_fd_sc_hd__a211o_1)
     1    0.00                           _1172_ (net)
                  0.09    0.00   16.41 v _3392_/A1 (sky130_fd_sc_hd__a211o_1)
                  0.10    0.53   16.94 v _3392_/X (sky130_fd_sc_hd__a211o_1)
     1    0.00                           _1174_ (net)
                  0.10    0.00   16.94 v _3394_/A1 (sky130_fd_sc_hd__a211o_1)
                  0.09    0.53   17.47 v _3394_/X (sky130_fd_sc_hd__a211o_1)
     1    0.00                           _1176_ (net)
                  0.09    0.00   17.47 v _3396_/A1 (sky130_fd_sc_hd__a211o_1)
                  0.13    0.57   18.04 v _3396_/X (sky130_fd_sc_hd__a211o_1)
     1    0.01                           _1178_ (net)
                  0.13    0.00   18.04 v _3398_/A1 (sky130_fd_sc_hd__a211o_1)
                  0.09    0.54   18.57 v _3398_/X (sky130_fd_sc_hd__a211o_1)
     1    0.00                           _1180_ (net)
                  0.09    0.00   18.57 v _3400_/A1 (sky130_fd_sc_hd__a211o_1)
                  0.09    0.52   19.09 v _3400_/X (sky130_fd_sc_hd__a211o_1)
     1    0.00                           _1182_ (net)
                  0.09    0.00   19.09 v _3402_/A1 (sky130_fd_sc_hd__a211o_1)
                  0.12    0.57   19.66 v _3402_/X (sky130_fd_sc_hd__a211o_1)
     1    0.01                           _1184_ (net)
                  0.12    0.00   19.66 v _3404_/A1 (sky130_fd_sc_hd__a211o_1)
                  0.10    0.55   20.21 v _3404_/X (sky130_fd_sc_hd__a211o_1)
     1    0.00                           _1186_ (net)
                  0.10    0.00   20.21 v _3406_/A1 (sky130_fd_sc_hd__a211o_1)
                  0.08    0.52   20.72 v _3406_/X (sky130_fd_sc_hd__a211o_1)
     1    0.00                           _1188_ (net)
                  0.08    0.00   20.72 v _3408_/A1 (sky130_fd_sc_hd__a211o_1)
                  0.13    0.57   21.30 v _3408_/X (sky130_fd_sc_hd__a211o_1)
     1    0.01                           _1190_ (net)
                  0.13    0.00   21.30 v _3410_/A1 (sky130_fd_sc_hd__a211o_1)
                  0.10    0.55   21.85 v _3410_/X (sky130_fd_sc_hd__a211o_1)
     1    0.00                           _1192_ (net)
                  0.10    0.00   21.85 v _3411_/C_N (sky130_fd_sc_hd__or3b_1)
                  0.07    0.33   22.18 ^ _3411_/X (sky130_fd_sc_hd__or3b_1)
     1    0.00                           _1193_ (net)
                  0.07    0.00   22.18 ^ _3413_/A1 (sky130_fd_sc_hd__a211o_1)
                  0.07    0.23   22.41 ^ _3413_/X (sky130_fd_sc_hd__a211o_1)
     1    0.00                           _1195_ (net)
                  0.07    0.00   22.41 ^ _3414_/C_N (sky130_fd_sc_hd__or3b_4)
                  0.11    0.75   23.16 v _3414_/X (sky130_fd_sc_hd__or3b_4)
     1    0.00                           _1196_ (net)
                  0.11    0.00   23.16 v _3415_/A1 (sky130_fd_sc_hd__a211o_1)
                  0.10    0.55   23.71 v _3415_/X (sky130_fd_sc_hd__a211o_1)
     1    0.00                           _1197_ (net)
                  0.10    0.00   23.71 v _3417_/A1 (sky130_fd_sc_hd__a211o_1)
                  0.09    0.52   24.24 v _3417_/X (sky130_fd_sc_hd__a211o_1)
     1    0.00                           _1199_ (net)
                  0.09    0.00   24.24 v _3418_/C_N (sky130_fd_sc_hd__or3b_1)
                  0.07    0.32   24.55 ^ _3418_/X (sky130_fd_sc_hd__or3b_1)
     1    0.00                           _1200_ (net)
                  0.07    0.00   24.55 ^ _3420_/A1 (sky130_fd_sc_hd__a211o_1)
                  0.07    0.23   24.78 ^ _3420_/X (sky130_fd_sc_hd__a211o_1)
     1    0.00                           _1202_ (net)
                  0.07    0.00   24.78 ^ _3421_/C_N (sky130_fd_sc_hd__or3b_4)
                  0.12    0.77   25.55 v _3421_/X (sky130_fd_sc_hd__or3b_4)
     1    0.01                           _1203_ (net)
                  0.12    0.00   25.55 v _3423_/A1 (sky130_fd_sc_hd__a211o_1)
                  0.09    0.53   26.08 v _3423_/X (sky130_fd_sc_hd__a211o_1)
     1    0.00                           _1205_ (net)
                  0.09    0.00   26.08 v _3425_/A1 (sky130_fd_sc_hd__a211o_1)
                  0.09    0.52   26.60 v _3425_/X (sky130_fd_sc_hd__a211o_1)
     1    0.00                           _1207_ (net)
                  0.09    0.00   26.60 v _3427_/A1 (sky130_fd_sc_hd__a211o_1)
                  0.10    0.53   27.13 v _3427_/X (sky130_fd_sc_hd__a211o_1)
     1    0.00                           _1209_ (net)
                  0.10    0.00   27.13 v _3429_/A1 (sky130_fd_sc_hd__a211o_1)
                  0.09    0.52   27.66 v _3429_/X (sky130_fd_sc_hd__a211o_1)
     1    0.00                           _1211_ (net)
                  0.09    0.00   27.66 v _3431_/A1 (sky130_fd_sc_hd__a211o_1)
                  0.10    0.54   28.19 v _3431_/X (sky130_fd_sc_hd__a211o_1)
     1    0.00                           _1213_ (net)
                  0.10    0.00   28.19 v _3432_/C_N (sky130_fd_sc_hd__or3b_1)
                  0.09    0.34   28.53 ^ _3432_/X (sky130_fd_sc_hd__or3b_1)
     1    0.00                           _1214_ (net)
                  0.09    0.00   28.53 ^ _3434_/A1 (sky130_fd_sc_hd__a211oi_1)
                  0.13    0.16   28.69 v _3434_/Y (sky130_fd_sc_hd__a211oi_1)
     1    0.00                           _1216_ (net)
                  0.13    0.00   28.69 v _3435_/A3 (sky130_fd_sc_hd__o31a_1)
                  0.10    0.52   29.21 v _3435_/X (sky130_fd_sc_hd__o31a_1)
     1    0.00                           _1217_ (net)
                  0.10    0.00   29.21 v _3437_/A3 (sky130_fd_sc_hd__o31a_1)
                  0.09    0.50   29.71 v _3437_/X (sky130_fd_sc_hd__o31a_1)
     1    0.00                           _1219_ (net)
                  0.09    0.00   29.71 v _3439_/A3 (sky130_fd_sc_hd__o31a_1)
                  0.09    0.49   30.19 v _3439_/X (sky130_fd_sc_hd__o31a_1)
     1    0.00                           _1221_ (net)
                  0.09    0.00   30.19 v _3441_/A3 (sky130_fd_sc_hd__o31a_1)
                  0.09    0.49   30.69 v _3441_/X (sky130_fd_sc_hd__o31a_1)
     1    0.00                           _1223_ (net)
                  0.09    0.00   30.69 v _3443_/A3 (sky130_fd_sc_hd__o31a_1)
                  0.10    0.50   31.18 v _3443_/X (sky130_fd_sc_hd__o31a_1)
     1    0.00                           _1225_ (net)
                  0.10    0.00   31.18 v _3445_/A3 (sky130_fd_sc_hd__o31a_1)
                  0.09    0.49   31.67 v _3445_/X (sky130_fd_sc_hd__o31a_1)
     1    0.00                           _1227_ (net)
                  0.09    0.00   31.67 v _3447_/A3 (sky130_fd_sc_hd__o31a_1)
                  0.11    0.51   32.18 v _3447_/X (sky130_fd_sc_hd__o31a_1)
     1    0.01                           _1229_ (net)
                  0.11    0.00   32.18 v _3449_/A3 (sky130_fd_sc_hd__o31ai_2)
                  0.33    0.36   32.54 ^ _3449_/Y (sky130_fd_sc_hd__o31ai_2)
     1    0.01                           _1231_ (net)
                  0.33    0.00   32.54 ^ _3451_/A1 (sky130_fd_sc_hd__a211oi_2)
                  0.13    0.24   32.78 v _3451_/Y (sky130_fd_sc_hd__a211oi_2)
     1    0.00                           _1233_ (net)
                  0.13    0.00   32.78 v _3453_/A3 (sky130_fd_sc_hd__o31a_1)
                  0.08    0.49   33.27 v _3453_/X (sky130_fd_sc_hd__o31a_1)
     1    0.00                           _1235_ (net)
                  0.08    0.00   33.27 v _3454_/C (sky130_fd_sc_hd__or3_4)
                  0.11    0.67   33.94 v _3454_/X (sky130_fd_sc_hd__or3_4)
     1    0.00                           _1236_ (net)
                  0.11    0.00   33.94 v _3456_/A1 (sky130_fd_sc_hd__a211o_1)
                  0.09    0.53   34.47 v _3456_/X (sky130_fd_sc_hd__a211o_1)
     1    0.00                           _1238_ (net)
                  0.09    0.00   34.47 v _3458_/A1 (sky130_fd_sc_hd__a211o_1)
                  0.09    0.52   34.99 v _3458_/X (sky130_fd_sc_hd__a211o_1)
     1    0.00                           _1240_ (net)
                  0.09    0.00   34.99 v _3460_/A1 (sky130_fd_sc_hd__a211o_1)
                  0.09    0.53   35.52 v _3460_/X (sky130_fd_sc_hd__a211o_1)
     1    0.00                           _1242_ (net)
                  0.09    0.00   35.52 v _3462_/A1 (sky130_fd_sc_hd__a211o_1)
                  0.09    0.52   36.04 v _3462_/X (sky130_fd_sc_hd__a211o_1)
     1    0.00                           _1244_ (net)
                  0.09    0.00   36.04 v _3464_/A1 (sky130_fd_sc_hd__a211o_1)
                  0.09    0.53   36.57 v _3464_/X (sky130_fd_sc_hd__a211o_1)
     1    0.00                           _1246_ (net)
                  0.09    0.00   36.57 v _3466_/A1 (sky130_fd_sc_hd__a211o_1)
                  0.10    0.54   37.11 v _3466_/X (sky130_fd_sc_hd__a211o_1)
     1    0.00                           _1248_ (net)
                  0.10    0.00   37.11 v _3468_/A1 (sky130_fd_sc_hd__a211o_1)
                  0.11    0.56   37.67 v _3468_/X (sky130_fd_sc_hd__a211o_1)
     1    0.01                           _1250_ (net)
                  0.11    0.00   37.67 v _3470_/A1 (sky130_fd_sc_hd__a211o_1)
                  0.08    0.52   38.19 v _3470_/X (sky130_fd_sc_hd__a211o_1)
     1    0.00                           _1252_ (net)
                  0.08    0.00   38.19 v _3472_/A1 (sky130_fd_sc_hd__a211o_1)
                  0.10    0.54   38.73 v _3472_/X (sky130_fd_sc_hd__a211o_1)
     1    0.00                           _1254_ (net)
                  0.10    0.00   38.73 v _3474_/A1 (sky130_fd_sc_hd__a211o_1)
                  0.10    0.55   39.27 v _3474_/X (sky130_fd_sc_hd__a211o_1)
     1    0.00                           _1256_ (net)
                  0.10    0.00   39.27 v _3476_/A1 (sky130_fd_sc_hd__a211o_1)
                  0.09    0.52   39.80 v _3476_/X (sky130_fd_sc_hd__a211o_1)
     1    0.00                           _1258_ (net)
                  0.09    0.00   39.80 v _3477_/C_N (sky130_fd_sc_hd__or3b_1)
                  0.08    0.33   40.13 ^ _3477_/X (sky130_fd_sc_hd__or3b_1)
     1    0.00                           _1259_ (net)
                  0.08    0.00   40.13 ^ _3479_/A1 (sky130_fd_sc_hd__a211oi_1)
                  0.12    0.15   40.27 v _3479_/Y (sky130_fd_sc_hd__a211oi_1)
     1    0.00                           _1261_ (net)
                  0.12    0.00   40.27 v _3481_/A3 (sky130_fd_sc_hd__o31a_1)
                  0.10    0.51   40.79 v _3481_/X (sky130_fd_sc_hd__o31a_1)
     1    0.00                           _1263_ (net)
                  0.10    0.00   40.79 v _3483_/A3 (sky130_fd_sc_hd__o31a_1)
                  0.09    0.49   41.27 v _3483_/X (sky130_fd_sc_hd__o31a_1)
     1    0.00                           _1265_ (net)
                  0.09    0.00   41.27 v _3485_/A3 (sky130_fd_sc_hd__o31a_1)
                  0.08    0.48   41.75 v _3485_/X (sky130_fd_sc_hd__o31a_1)
     1    0.00                           _1267_ (net)
                  0.08    0.00   41.75 v _3719_/A3 (sky130_fd_sc_hd__o311a_1)
                  0.12    0.62   42.37 v _3719_/X (sky130_fd_sc_hd__o311a_1)
     1    0.01                           _1501_ (net)
                  0.12    0.00   42.37 v _3844_/C (sky130_fd_sc_hd__or4b_4)
                  0.17    1.06   43.42 v _3844_/X (sky130_fd_sc_hd__or4b_4)
     1    0.01                           _1626_ (net)
                  0.17    0.00   43.42 v _3845_/A (sky130_fd_sc_hd__buf_12)
                  0.12    0.36   43.78 v _3845_/X (sky130_fd_sc_hd__buf_12)
     2    0.12                           net1026 (net)
                  0.13    0.03   43.81 v output1026/A (sky130_fd_sc_hd__buf_8)
                  0.07    0.28   44.09 v output1026/X (sky130_fd_sc_hd__buf_8)
     1    0.03                           out_code[1] (net)
                  0.07    0.00   44.09 v out_code[1] (out)
                                 44.09   data arrival time

                  0.00   40.00   40.00   clock __VIRTUAL_CLK__ (rise edge)
                          0.00   40.00   clock network delay (ideal)
                         -0.25   39.75   clock uncertainty
                          0.00   39.75   clock reconvergence pessimism
                         -8.00   31.75   output external delay
                                 31.75   data required time
-----------------------------------------------------------------------------
                                 31.75   data required time
                                -44.09   data arrival time
-----------------------------------------------------------------------------
                                -12.34   slack (VIOLATED)



======================= Typical Corner ===================================

No paths found.


===========================================================================
 report_check_types -max_slew -max_cap -max_fanout -violators
============================================================================
======================= Fastest Corner ===================================

max fanout

Pin                                   Limit Fanout  Slack
---------------------------------------------------------
input24/X                                 6     26    -20 (VIOLATED)
input92/X                                 6     26    -20 (VIOLATED)
input384/X                                6     22    -16 (VIOLATED)
_4405_/X                                  6     21    -15 (VIOLATED)
_4444_/Y                                  6     21    -15 (VIOLATED)
_4443_/X                                  6     18    -12 (VIOLATED)
input481/X                                6     12     -6 (VIOLATED)
input75/X                                 6     12     -6 (VIOLATED)
input237/X                                6     10     -4 (VIOLATED)
input547/X                                6     10     -4 (VIOLATED)
input576/X                                6     10     -4 (VIOLATED)
input102/X                                6      8     -2 (VIOLATED)
input135/X                                6      8     -2 (VIOLATED)
input189/X                                6      8     -2 (VIOLATED)
input23/X                                 6      8     -2 (VIOLATED)
input249/X                                6      8     -2 (VIOLATED)
input210/X                                6      7        (VIOLATED)
input606/X                                6      7        (VIOLATED)
input766/X                                6      7        (VIOLATED)


======================= Slowest Corner ===================================

max slew

Pin                                    Limit    Slew   Slack
------------------------------------------------------------
ANTENNA_133/DIODE                       0.75    1.29   -0.54 (VIOLATED)
ANTENNA_130/DIODE                       0.75    1.29   -0.54 (VIOLATED)
ANTENNA_131/DIODE                       0.75    1.29   -0.54 (VIOLATED)
ANTENNA_134/DIODE                       0.75    1.29   -0.54 (VIOLATED)
ANTENNA_132/DIODE                       0.75    1.29   -0.54 (VIOLATED)
output1035/A                            0.75    1.29   -0.54 (VIOLATED)
ANTENNA_125/DIODE                       0.75    1.29   -0.54 (VIOLATED)
ANTENNA_126/DIODE                       0.75    1.29   -0.54 (VIOLATED)
ANTENNA_127/DIODE                       0.75    1.29   -0.54 (VIOLATED)
ANTENNA_128/DIODE                       0.75    1.29   -0.54 (VIOLATED)
ANTENNA_129/DIODE                       0.75    1.29   -0.54 (VIOLATED)
ANTENNA_123/DIODE                       0.75    1.28   -0.53 (VIOLATED)
ANTENNA_121/DIODE                       0.75    1.28   -0.53 (VIOLATED)
ANTENNA_119/DIODE                       0.75    1.28   -0.53 (VIOLATED)
ANTENNA_117/DIODE                       0.75    1.28   -0.53 (VIOLATED)
ANTENNA_115/DIODE                       0.75    1.28   -0.53 (VIOLATED)
ANTENNA_116/DIODE                       0.75    1.28   -0.53 (VIOLATED)
ANTENNA_118/DIODE                       0.75    1.28   -0.53 (VIOLATED)
ANTENNA_120/DIODE                       0.75    1.28   -0.53 (VIOLATED)
ANTENNA_122/DIODE                       0.75    1.28   -0.53 (VIOLATED)
ANTENNA_124/DIODE                       0.75    1.28   -0.53 (VIOLATED)
_4444_/Y                                0.75    1.28   -0.53 (VIOLATED)
output1025/A                            0.75    0.87   -0.12 (VIOLATED)
ANTENNA_76/DIODE                        0.75    0.87   -0.12 (VIOLATED)
_3361_/Y                                0.75    0.86   -0.11 (VIOLATED)
_4327_/Y                                0.75    0.84   -0.09 (VIOLATED)
_4331_/A1                               0.75    0.84   -0.09 (VIOLATED)
_2973_/Y                                0.75    0.81   -0.06 (VIOLATED)
wire1/A                                 0.75    0.81   -0.06 (VIOLATED)
_3888_/Y                                0.75    0.79   -0.04 (VIOLATED)
_3889_/B1                               0.75    0.79   -0.04 (VIOLATED)
max_cap1073/A                           0.75    0.79   -0.04 (VIOLATED)
output1031/A                            0.75    0.79   -0.04 (VIOLATED)
_4395_/C1                               0.75    0.78   -0.03 (VIOLATED)
_4435_/C1                               0.75    0.78   -0.03 (VIOLATED)
_4336_/B1                               0.75    0.78   -0.03 (VIOLATED)
_2589_/A                                0.75    0.78   -0.03 (VIOLATED)
_3719_/B1                               0.75    0.78   -0.03 (VIOLATED)
_2588_/Y                                0.75    0.78   -0.03 (VIOLATED)
_4426_/X                                0.75    0.77   -0.02 (VIOLATED)
_4169_/Y                                0.75    0.77   -0.02 (VIOLATED)
_4170_/C1                               0.75    0.77   -0.02 (VIOLATED)
_4026_/Y                                0.75    0.77   -0.02 (VIOLATED)
_4028_/A2                               0.75    0.77   -0.02 (VIOLATED)

max fanout

Pin                                   Limit Fanout  Slack
---------------------------------------------------------
input24/X                                 6     26    -20 (VIOLATED)
input92/X                                 6     26    -20 (VIOLATED)
input384/X                                6     22    -16 (VIOLATED)
_4405_/X                                  6     21    -15 (VIOLATED)
_4444_/Y                                  6     21    -15 (VIOLATED)
_4443_/X                                  6     18    -12 (VIOLATED)
input481/X                                6     12     -6 (VIOLATED)
input75/X                                 6     12     -6 (VIOLATED)
input237/X                                6     10     -4 (VIOLATED)
input547/X                                6     10     -4 (VIOLATED)
input576/X                                6     10     -4 (VIOLATED)
input102/X                                6      8     -2 (VIOLATED)
input135/X                                6      8     -2 (VIOLATED)
input189/X                                6      8     -2 (VIOLATED)
input23/X                                 6      8     -2 (VIOLATED)
input249/X                                6      8     -2 (VIOLATED)
input210/X                                6      7        (VIOLATED)
input606/X                                6      7        (VIOLATED)
input766/X                                6      7        (VIOLATED)


======================= Typical Corner ===================================

max fanout

Pin                                   Limit Fanout  Slack
---------------------------------------------------------
input24/X                                 6     26    -20 (VIOLATED)
input92/X                                 6     26    -20 (VIOLATED)
input384/X                                6     22    -16 (VIOLATED)
_4405_/X                                  6     21    -15 (VIOLATED)
_4444_/Y                                  6     21    -15 (VIOLATED)
_4443_/X                                  6     18    -12 (VIOLATED)
input481/X                                6     12     -6 (VIOLATED)
input75/X                                 6     12     -6 (VIOLATED)
input237/X                                6     10     -4 (VIOLATED)
input547/X                                6     10     -4 (VIOLATED)
input576/X                                6     10     -4 (VIOLATED)
input102/X                                6      8     -2 (VIOLATED)
input135/X                                6      8     -2 (VIOLATED)
input189/X                                6      8     -2 (VIOLATED)
input23/X                                 6      8     -2 (VIOLATED)
input249/X                                6      8     -2 (VIOLATED)
input210/X                                6      7        (VIOLATED)
input606/X                                6      7        (VIOLATED)
input766/X                                6      7        (VIOLATED)



===========================================================================
report_parasitic_annotation -report_unannotated
============================================================================
Found 0 unannotated drivers.
Found 0 partially unannotated drivers.

===========================================================================
max slew violation count 44
max fanout violation count 19
max cap violation count 0
============================================================================

===========================================================================
check_setup -verbose -unconstrained_endpoints -multiple_clock -no_clock -no_input_delay -loops -generated_clocks
===========================================================================
