
===========================================================================
report_checks -unconstrained
===========================================================================
======================= Fastest Corner ===================================

Startpoint: in_data[2] (input port clocked by __VIRTUAL_CLK__)
Endpoint: out_code[0] (output port clocked by __VIRTUAL_CLK__)
Path Group: __VIRTUAL_CLK__
Path Type: max
Corner: Fastest

Fanout     Cap    Slew   Delay    Time   Description
-----------------------------------------------------------------------------
                  0.00    0.00    0.00   clock __VIRTUAL_CLK__ (rise edge)
                          0.00    0.00   clock network delay (ideal)
                          8.00    8.00 ^ input external delay
                  0.02    0.02    8.02 ^ in_data[2] (in)
     1    0.01                           in_data[2] (net)
                  0.02    0.00    8.02 ^ input247/A (sky130_fd_sc_hd__clkbuf_8)
                  0.17    0.17    8.18 ^ input247/X (sky130_fd_sc_hd__clkbuf_8)
     3    0.13                           net247 (net)
                  0.19    0.05    8.23 ^ _2655_/A1 (sky130_fd_sc_hd__o21bai_1)
                  0.05    0.06    8.30 v _2655_/Y (sky130_fd_sc_hd__o21bai_1)
     1    0.00                           _0438_ (net)
                  0.05    0.00    8.30 v _2656_/A2 (sky130_fd_sc_hd__a21oi_1)
                  0.08    0.11    8.41 ^ _2656_/Y (sky130_fd_sc_hd__a21oi_1)
     1    0.00                           _0439_ (net)
                  0.08    0.00    8.41 ^ _2657_/A2 (sky130_fd_sc_hd__o21bai_1)
                  0.05    0.05    8.46 v _2657_/Y (sky130_fd_sc_hd__o21bai_1)
     1    0.00                           _0440_ (net)
                  0.05    0.00    8.46 v _2658_/A2 (sky130_fd_sc_hd__a21oi_1)
                  0.09    0.12    8.58 ^ _2658_/Y (sky130_fd_sc_hd__a21oi_1)
     1    0.00                           _0441_ (net)
                  0.09    0.00    8.58 ^ _2659_/A2 (sky130_fd_sc_hd__o21bai_1)
                  0.05    0.05    8.62 v _2659_/Y (sky130_fd_sc_hd__o21bai_1)
     1    0.00                           _0442_ (net)
                  0.05    0.00    8.62 v _2660_/A2 (sky130_fd_sc_hd__a21oi_1)
                  0.08    0.11    8.73 ^ _2660_/Y (sky130_fd_sc_hd__a21oi_1)
     1    0.00                           _0443_ (net)
                  0.08    0.00    8.73 ^ _2661_/A2 (sky130_fd_sc_hd__o21bai_1)
                  0.05    0.05    8.78 v _2661_/Y (sky130_fd_sc_hd__o21bai_1)
     1    0.00                           _0444_ (net)
                  0.05    0.00    8.78 v _2662_/A2 (sky130_fd_sc_hd__a21oi_1)
                  0.12    0.14    8.92 ^ _2662_/Y (sky130_fd_sc_hd__a21oi_1)
     1    0.01                           _0445_ (net)
                  0.12    0.00    8.92 ^ _2663_/A2 (sky130_fd_sc_hd__o21bai_2)
                  0.10    0.08    9.00 v _2663_/Y (sky130_fd_sc_hd__o21bai_2)
     1    0.02                           _0446_ (net)
                  0.10    0.00    9.00 v _2664_/A2 (sky130_fd_sc_hd__a21oi_1)
                  0.09    0.13    9.13 ^ _2664_/Y (sky130_fd_sc_hd__a21oi_1)
     1    0.00                           _0447_ (net)
                  0.09    0.00    9.13 ^ _2665_/A2 (sky130_fd_sc_hd__o21bai_1)
                  0.04    0.04    9.18 v _2665_/Y (sky130_fd_sc_hd__o21bai_1)
     1    0.00                           _0448_ (net)
                  0.04    0.00    9.18 v _2666_/A2 (sky130_fd_sc_hd__a21oi_1)
                  0.17    0.17    9.35 ^ _2666_/Y (sky130_fd_sc_hd__a21oi_1)
     1    0.01                           _0449_ (net)
                  0.17    0.00    9.35 ^ _2667_/A2 (sky130_fd_sc_hd__o21bai_4)
                  0.08    0.07    9.42 v _2667_/Y (sky130_fd_sc_hd__o21bai_4)
     1    0.03                           _0450_ (net)
                  0.08    0.00    9.43 v _2668_/A2 (sky130_fd_sc_hd__a21oi_1)
                  0.08    0.12    9.55 ^ _2668_/Y (sky130_fd_sc_hd__a21oi_1)
     1    0.00                           _0451_ (net)
                  0.08    0.00    9.55 ^ _2669_/A2 (sky130_fd_sc_hd__o21bai_1)
                  0.05    0.05    9.59 v _2669_/Y (sky130_fd_sc_hd__o21bai_1)
     1    0.00                           _0452_ (net)
                  0.05    0.00    9.59 v _2670_/A2 (sky130_fd_sc_hd__a21oi_1)
                  0.08    0.11    9.70 ^ _2670_/Y (sky130_fd_sc_hd__a21oi_1)
     1    0.00                           _0453_ (net)
                  0.08    0.00    9.70 ^ _2671_/A2 (sky130_fd_sc_hd__o21bai_1)
                  0.05    0.04    9.75 v _2671_/Y (sky130_fd_sc_hd__o21bai_1)
     1    0.00                           _0454_ (net)
                  0.05    0.00    9.75 v _2672_/A2 (sky130_fd_sc_hd__a21oi_1)
                  0.10    0.12    9.87 ^ _2672_/Y (sky130_fd_sc_hd__a21oi_1)
     1    0.00                           _0455_ (net)
                  0.10    0.00    9.87 ^ _2673_/A2 (sky130_fd_sc_hd__o21bai_1)
                  0.06    0.05    9.92 v _2673_/Y (sky130_fd_sc_hd__o21bai_1)
     1    0.00                           _0456_ (net)
                  0.06    0.00    9.92 v _2674_/A2 (sky130_fd_sc_hd__a21oi_1)
                  0.08    0.11   10.03 ^ _2674_/Y (sky130_fd_sc_hd__a21oi_1)
     1    0.00                           _0457_ (net)
                  0.08    0.00   10.03 ^ _2675_/A2 (sky130_fd_sc_hd__o21bai_1)
                  0.05    0.05   10.08 v _2675_/Y (sky130_fd_sc_hd__o21bai_1)
     1    0.00                           _0458_ (net)
                  0.05    0.00   10.08 v _2676_/A2 (sky130_fd_sc_hd__a21oi_1)
                  0.09    0.12   10.20 ^ _2676_/Y (sky130_fd_sc_hd__a21oi_1)
     1    0.00                           _0459_ (net)
                  0.09    0.00   10.20 ^ _2677_/A2 (sky130_fd_sc_hd__o21bai_1)
                  0.04    0.04   10.24 v _2677_/Y (sky130_fd_sc_hd__o21bai_1)
     1    0.00                           _0460_ (net)
                  0.04    0.00   10.24 v _2678_/A2 (sky130_fd_sc_hd__a21oi_1)
                  0.08    0.11   10.35 ^ _2678_/Y (sky130_fd_sc_hd__a21oi_1)
     1    0.00                           _0461_ (net)
                  0.08    0.00   10.35 ^ _2679_/A2 (sky130_fd_sc_hd__o21bai_1)
                  0.05    0.05   10.40 v _2679_/Y (sky130_fd_sc_hd__o21bai_1)
     1    0.00                           _0462_ (net)
                  0.05    0.00   10.40 v _2680_/A2 (sky130_fd_sc_hd__a21oi_1)
                  0.09    0.12   10.51 ^ _2680_/Y (sky130_fd_sc_hd__a21oi_1)
     1    0.00                           _0463_ (net)
                  0.09    0.00   10.51 ^ _2681_/A2 (sky130_fd_sc_hd__o21bai_1)
                  0.05    0.04   10.55 v _2681_/Y (sky130_fd_sc_hd__o21bai_1)
     1    0.00                           _0464_ (net)
                  0.05    0.00   10.55 v _2682_/A2 (sky130_fd_sc_hd__a21oi_1)
                  0.10    0.12   10.67 ^ _2682_/Y (sky130_fd_sc_hd__a21oi_1)
     1    0.00                           _0465_ (net)
                  0.10    0.00   10.67 ^ _2683_/A2 (sky130_fd_sc_hd__o21bai_1)
                  0.06    0.04   10.72 v _2683_/Y (sky130_fd_sc_hd__o21bai_1)
     1    0.00                           _0466_ (net)
                  0.06    0.00   10.72 v _2684_/A2 (sky130_fd_sc_hd__a21oi_1)
                  0.09    0.12   10.84 ^ _2684_/Y (sky130_fd_sc_hd__a21oi_1)
     1    0.00                           _0467_ (net)
                  0.09    0.00   10.84 ^ _2685_/A2 (sky130_fd_sc_hd__o21bai_1)
                  0.05    0.05   10.88 v _2685_/Y (sky130_fd_sc_hd__o21bai_1)
     1    0.00                           _0468_ (net)
                  0.05    0.00   10.88 v _2686_/A2 (sky130_fd_sc_hd__a21oi_1)
                  0.08    0.11   10.99 ^ _2686_/Y (sky130_fd_sc_hd__a21oi_1)
     1    0.00                           _0469_ (net)
                  0.08    0.00   10.99 ^ _2687_/A2 (sky130_fd_sc_hd__o21bai_1)
                  0.06    0.04   11.04 v _2687_/Y (sky130_fd_sc_hd__o21bai_1)
     1    0.00                           _0470_ (net)
                  0.06    0.00   11.04 v _2688_/A2 (sky130_fd_sc_hd__a21oi_1)
                  0.11    0.13   11.17 ^ _2688_/Y (sky130_fd_sc_hd__a21oi_1)
     1    0.01                           _0471_ (net)
                  0.11    0.00   11.17 ^ _2689_/A2 (sky130_fd_sc_hd__o21bai_1)
                  0.04    0.04   11.21 v _2689_/Y (sky130_fd_sc_hd__o21bai_1)
     1    0.00                           _0472_ (net)
                  0.04    0.00   11.21 v _2690_/A2 (sky130_fd_sc_hd__a21oi_1)
                  0.09    0.11   11.32 ^ _2690_/Y (sky130_fd_sc_hd__a21oi_1)
     1    0.00                           _0473_ (net)
                  0.09    0.00   11.32 ^ _2691_/A2 (sky130_fd_sc_hd__o21bai_1)
                  0.05    0.04   11.36 v _2691_/Y (sky130_fd_sc_hd__o21bai_1)
     1    0.00                           _0474_ (net)
                  0.05    0.00   11.36 v _2692_/A2 (sky130_fd_sc_hd__a21oi_1)
                  0.15    0.16   11.53 ^ _2692_/Y (sky130_fd_sc_hd__a21oi_1)
     1    0.01                           _0475_ (net)
                  0.15    0.00   11.53 ^ _2693_/A2 (sky130_fd_sc_hd__o21bai_1)
                  0.07    0.07   11.59 v _2693_/Y (sky130_fd_sc_hd__o21bai_1)
     1    0.01                           _0476_ (net)
                  0.07    0.00   11.60 v _2694_/A2 (sky130_fd_sc_hd__a21oi_1)
                  0.12    0.15   11.74 ^ _2694_/Y (sky130_fd_sc_hd__a21oi_1)
     1    0.01                           _0477_ (net)
                  0.12    0.00   11.74 ^ _2695_/A2 (sky130_fd_sc_hd__o21bai_1)
                  0.05    0.04   11.79 v _2695_/Y (sky130_fd_sc_hd__o21bai_1)
     1    0.00                           _0478_ (net)
                  0.05    0.00   11.79 v _2696_/A2 (sky130_fd_sc_hd__a21oi_1)
                  0.08    0.11   11.89 ^ _2696_/Y (sky130_fd_sc_hd__a21oi_1)
     1    0.00                           _0479_ (net)
                  0.08    0.00   11.89 ^ _2697_/A2 (sky130_fd_sc_hd__o21bai_1)
                  0.05    0.04   11.94 v _2697_/Y (sky130_fd_sc_hd__o21bai_1)
     1    0.00                           _0480_ (net)
                  0.05    0.00   11.94 v _2698_/A2 (sky130_fd_sc_hd__a21oi_1)
                  0.09    0.11   12.05 ^ _2698_/Y (sky130_fd_sc_hd__a21oi_1)
     1    0.00                           _0481_ (net)
                  0.09    0.00   12.05 ^ _2699_/A2 (sky130_fd_sc_hd__o21bai_1)
                  0.06    0.05   12.10 v _2699_/Y (sky130_fd_sc_hd__o21bai_1)
     1    0.00                           _0482_ (net)
                  0.06    0.00   12.10 v _2700_/A2 (sky130_fd_sc_hd__a21oi_1)
                  0.08    0.11   12.21 ^ _2700_/Y (sky130_fd_sc_hd__a21oi_1)
     1    0.00                           _0483_ (net)
                  0.08    0.00   12.21 ^ _2701_/A2 (sky130_fd_sc_hd__o21bai_1)
                  0.05    0.04   12.26 v _2701_/Y (sky130_fd_sc_hd__o21bai_1)
     1    0.00                           _0484_ (net)
                  0.05    0.00   12.26 v _2702_/A2 (sky130_fd_sc_hd__a21oi_1)
                  0.08    0.11   12.36 ^ _2702_/Y (sky130_fd_sc_hd__a21oi_1)
     1    0.00                           _0485_ (net)
                  0.08    0.00   12.36 ^ _2703_/A2 (sky130_fd_sc_hd__o21bai_1)
                  0.06    0.05   12.41 v _2703_/Y (sky130_fd_sc_hd__o21bai_1)
     1    0.00                           _0486_ (net)
                  0.06    0.00   12.41 v _2704_/A2 (sky130_fd_sc_hd__a21oi_1)
                  0.09    0.12   12.53 ^ _2704_/Y (sky130_fd_sc_hd__a21oi_1)
     1    0.00                           _0487_ (net)
                  0.09    0.00   12.53 ^ _2705_/A2 (sky130_fd_sc_hd__o21bai_1)
                  0.06    0.06   12.59 v _2705_/Y (sky130_fd_sc_hd__o21bai_1)
     1    0.01                           _0488_ (net)
                  0.06    0.00   12.59 v _2706_/A2 (sky130_fd_sc_hd__a21oi_1)
                  0.09    0.12   12.71 ^ _2706_/Y (sky130_fd_sc_hd__a21oi_1)
     1    0.00                           _0489_ (net)
                  0.09    0.00   12.71 ^ _2707_/A2 (sky130_fd_sc_hd__o21bai_1)
                  0.05    0.05   12.76 v _2707_/Y (sky130_fd_sc_hd__o21bai_1)
     1    0.00                           _0490_ (net)
                  0.05    0.00   12.76 v _2708_/A2 (sky130_fd_sc_hd__a21oi_1)
                  0.08    0.11   12.86 ^ _2708_/Y (sky130_fd_sc_hd__a21oi_1)
     1    0.00                           _0491_ (net)
                  0.08    0.00   12.86 ^ _2709_/A2 (sky130_fd_sc_hd__o21bai_1)
                  0.05    0.04   12.91 v _2709_/Y (sky130_fd_sc_hd__o21bai_1)
     1    0.00                           _0492_ (net)
                  0.05    0.00   12.91 v _2710_/A2 (sky130_fd_sc_hd__a21oi_1)
                  0.10    0.12   13.03 ^ _2710_/Y (sky130_fd_sc_hd__a21oi_1)
     1    0.00                           _0493_ (net)
                  0.10    0.00   13.03 ^ _2711_/A2 (sky130_fd_sc_hd__o21bai_1)
                  0.06    0.04   13.07 v _2711_/Y (sky130_fd_sc_hd__o21bai_1)
     1    0.00                           _0494_ (net)
                  0.06    0.00   13.07 v _2712_/A2 (sky130_fd_sc_hd__a21oi_1)
                  0.08    0.11   13.19 ^ _2712_/Y (sky130_fd_sc_hd__a21oi_1)
     1    0.00                           _0495_ (net)
                  0.08    0.00   13.19 ^ _2713_/A2 (sky130_fd_sc_hd__o21bai_1)
                  0.05    0.05   13.23 v _2713_/Y (sky130_fd_sc_hd__o21bai_1)
     1    0.00                           _0496_ (net)
                  0.05    0.00   13.23 v _2714_/A2 (sky130_fd_sc_hd__a21oi_1)
                  0.08    0.11   13.34 ^ _2714_/Y (sky130_fd_sc_hd__a21oi_1)
     1    0.00                           _0497_ (net)
                  0.08    0.00   13.34 ^ _2715_/A2 (sky130_fd_sc_hd__o21bai_1)
                  0.05    0.04   13.38 v _2715_/Y (sky130_fd_sc_hd__o21bai_1)
     1    0.00                           _0498_ (net)
                  0.05    0.00   13.38 v _2716_/A2 (sky130_fd_sc_hd__a21oi_1)
                  0.08    0.11   13.49 ^ _2716_/Y (sky130_fd_sc_hd__a21oi_1)
     1    0.00                           _0499_ (net)
                  0.08    0.00   13.49 ^ _2717_/A2 (sky130_fd_sc_hd__o21bai_1)
                  0.05    0.04   13.53 v _2717_/Y (sky130_fd_sc_hd__o21bai_1)
     1    0.00                           _0500_ (net)
                  0.05    0.00   13.53 v _2718_/A2 (sky130_fd_sc_hd__a21oi_1)
                  0.08    0.11   13.64 ^ _2718_/Y (sky130_fd_sc_hd__a21oi_1)
     1    0.00                           _0501_ (net)
                  0.08    0.00   13.64 ^ _2719_/A2 (sky130_fd_sc_hd__o21bai_1)
                  0.05    0.04   13.68 v _2719_/Y (sky130_fd_sc_hd__o21bai_1)
     1    0.00                           _0502_ (net)
                  0.05    0.00   13.68 v _2720_/A2 (sky130_fd_sc_hd__a21oi_1)
                  0.08    0.11   13.79 ^ _2720_/Y (sky130_fd_sc_hd__a21oi_1)
     1    0.00                           _0503_ (net)
                  0.08    0.00   13.79 ^ _2721_/A2 (sky130_fd_sc_hd__o21bai_1)
                  0.06    0.05   13.84 v _2721_/Y (sky130_fd_sc_hd__o21bai_1)
     1    0.01                           _0504_ (net)
                  0.06    0.00   13.84 v _2722_/A2 (sky130_fd_sc_hd__a21oi_1)
                  0.08    0.11   13.95 ^ _2722_/Y (sky130_fd_sc_hd__a21oi_1)
     1    0.00                           _0505_ (net)
                  0.08    0.00   13.95 ^ _2723_/A2 (sky130_fd_sc_hd__o21bai_1)
                  0.06    0.05   14.01 v _2723_/Y (sky130_fd_sc_hd__o21bai_1)
     1    0.01                           _0506_ (net)
                  0.06    0.00   14.01 v _2724_/A2 (sky130_fd_sc_hd__a21oi_1)
                  0.08    0.11   14.12 ^ _2724_/Y (sky130_fd_sc_hd__a21oi_1)
     1    0.00                           _0507_ (net)
                  0.08    0.00   14.12 ^ _2725_/A2 (sky130_fd_sc_hd__o21bai_1)
                  0.06    0.05   14.17 v _2725_/Y (sky130_fd_sc_hd__o21bai_1)
     1    0.00                           _0508_ (net)
                  0.06    0.00   14.17 v _2726_/A2 (sky130_fd_sc_hd__a21oi_1)
                  0.08    0.11   14.27 ^ _2726_/Y (sky130_fd_sc_hd__a21oi_1)
     1    0.00                           _0509_ (net)
                  0.08    0.00   14.27 ^ _2727_/A2 (sky130_fd_sc_hd__o21bai_1)
                  0.05    0.05   14.32 v _2727_/Y (sky130_fd_sc_hd__o21bai_1)
     1    0.00                           _0510_ (net)
                  0.05    0.00   14.32 v _2728_/A2 (sky130_fd_sc_hd__a21oi_1)
                  0.12    0.14   14.46 ^ _2728_/Y (sky130_fd_sc_hd__a21oi_1)
     1    0.01                           _0511_ (net)
                  0.12    0.00   14.46 ^ _2729_/A2 (sky130_fd_sc_hd__o21bai_1)
                  0.05    0.04   14.51 v _2729_/Y (sky130_fd_sc_hd__o21bai_1)
     1    0.00                           _0512_ (net)
                  0.05    0.00   14.51 v _2730_/A2 (sky130_fd_sc_hd__a21oi_1)
                  0.08    0.11   14.62 ^ _2730_/Y (sky130_fd_sc_hd__a21oi_1)
     1    0.00                           _0513_ (net)
                  0.08    0.00   14.62 ^ _2731_/A2 (sky130_fd_sc_hd__o21bai_1)
                  0.05    0.05   14.66 v _2731_/Y (sky130_fd_sc_hd__o21bai_1)
     1    0.00                           _0514_ (net)
                  0.05    0.00   14.66 v _2732_/A2 (sky130_fd_sc_hd__a21oi_1)
                  0.08    0.11   14.77 ^ _2732_/Y (sky130_fd_sc_hd__a21oi_1)
     1    0.00                           _0515_ (net)
                  0.08    0.00   14.77 ^ _2733_/A2 (sky130_fd_sc_hd__o21bai_1)
                  0.06    0.06   14.83 v _2733_/Y (sky130_fd_sc_hd__o21bai_1)
     1    0.01                           _0516_ (net)
                  0.06    0.00   14.83 v _2734_/A2 (sky130_fd_sc_hd__a21oi_1)
                  0.08    0.11   14.94 ^ _2734_/Y (sky130_fd_sc_hd__a21oi_1)
     1    0.00                           _0517_ (net)
                  0.08    0.00   14.94 ^ _2735_/A2 (sky130_fd_sc_hd__o21bai_1)
                  0.06    0.05   14.99 v _2735_/Y (sky130_fd_sc_hd__o21bai_1)
     1    0.01                           _0518_ (net)
                  0.06    0.00   14.99 v _2736_/A2 (sky130_fd_sc_hd__a21oi_1)
                  0.08    0.11   15.11 ^ _2736_/Y (sky130_fd_sc_hd__a21oi_1)
     1    0.00                           _0519_ (net)
                  0.08    0.00   15.11 ^ _2737_/A2 (sky130_fd_sc_hd__o21bai_1)
                  0.05    0.05   15.15 v _2737_/Y (sky130_fd_sc_hd__o21bai_1)
     1    0.00                           _0520_ (net)
                  0.05    0.00   15.15 v _2738_/A2 (sky130_fd_sc_hd__a21oi_1)
                  0.09    0.11   15.27 ^ _2738_/Y (sky130_fd_sc_hd__a21oi_1)
     1    0.00                           _0521_ (net)
                  0.09    0.00   15.27 ^ _2739_/A2 (sky130_fd_sc_hd__o21bai_1)
                  0.06    0.05   15.32 v _2739_/Y (sky130_fd_sc_hd__o21bai_1)
     1    0.00                           _0522_ (net)
                  0.06    0.00   15.32 v _2740_/A2 (sky130_fd_sc_hd__a21oi_1)
                  0.09    0.12   15.43 ^ _2740_/Y (sky130_fd_sc_hd__a21oi_1)
     1    0.00                           _0523_ (net)
                  0.09    0.00   15.43 ^ _2741_/A2 (sky130_fd_sc_hd__o21bai_1)
                  0.06    0.05   15.48 v _2741_/Y (sky130_fd_sc_hd__o21bai_1)
     1    0.00                           _0524_ (net)
                  0.06    0.00   15.48 v _2742_/A2 (sky130_fd_sc_hd__a21oi_1)
                  0.08    0.11   15.60 ^ _2742_/Y (sky130_fd_sc_hd__a21oi_1)
     1    0.00                           _0525_ (net)
                  0.08    0.00   15.60 ^ _2743_/A2 (sky130_fd_sc_hd__o21bai_1)
                  0.05    0.04   15.64 v _2743_/Y (sky130_fd_sc_hd__o21bai_1)
     1    0.00                           _0526_ (net)
                  0.05    0.00   15.64 v _2744_/A2 (sky130_fd_sc_hd__a21oi_1)
                  0.10    0.12   15.76 ^ _2744_/Y (sky130_fd_sc_hd__a21oi_1)
     1    0.00                           _0527_ (net)
                  0.10    0.00   15.76 ^ _2745_/A2 (sky130_fd_sc_hd__o21bai_1)
                  0.06    0.05   15.80 v _2745_/Y (sky130_fd_sc_hd__o21bai_1)
     1    0.00                           _0528_ (net)
                  0.06    0.00   15.80 v _2746_/A2 (sky130_fd_sc_hd__a21oi_1)
                  0.09    0.12   15.92 ^ _2746_/Y (sky130_fd_sc_hd__a21oi_1)
     1    0.00                           _0529_ (net)
                  0.09    0.00   15.92 ^ _2747_/A2 (sky130_fd_sc_hd__o21bai_1)
                  0.07    0.05   15.97 v _2747_/Y (sky130_fd_sc_hd__o21bai_1)
     1    0.00                           _0530_ (net)
                  0.07    0.00   15.97 v _2748_/A2 (sky130_fd_sc_hd__a21oi_1)
                  0.08    0.11   16.09 ^ _2748_/Y (sky130_fd_sc_hd__a21oi_1)
     1    0.00                           _0531_ (net)
                  0.08    0.00   16.09 ^ _2749_/A2 (sky130_fd_sc_hd__o21bai_1)
                  0.07    0.06   16.14 v _2749_/Y (sky130_fd_sc_hd__o21bai_1)
     1    0.01                           _0532_ (net)
                  0.07    0.00   16.14 v _2750_/A2 (sky130_fd_sc_hd__a21oi_1)
                  0.08    0.11   16.26 ^ _2750_/Y (sky130_fd_sc_hd__a21oi_1)
     1    0.00                           _0533_ (net)
                  0.08    0.00   16.26 ^ _2751_/A2 (sky130_fd_sc_hd__o21bai_1)
                  0.05    0.04   16.30 v _2751_/Y (sky130_fd_sc_hd__o21bai_1)
     1    0.00                           _0534_ (net)
                  0.05    0.00   16.30 v _2752_/A2 (sky130_fd_sc_hd__a21oi_1)
                  0.09    0.11   16.42 ^ _2752_/Y (sky130_fd_sc_hd__a21oi_1)
     1    0.00                           _0535_ (net)
                  0.09    0.00   16.42 ^ _2753_/A2 (sky130_fd_sc_hd__o21bai_1)
                  0.06    0.05   16.46 v _2753_/Y (sky130_fd_sc_hd__o21bai_1)
     1    0.00                           _0536_ (net)
                  0.06    0.00   16.46 v _2754_/A2 (sky130_fd_sc_hd__a21oi_1)
                  0.09    0.12   16.58 ^ _2754_/Y (sky130_fd_sc_hd__a21oi_1)
     1    0.00                           _0537_ (net)
                  0.09    0.00   16.58 ^ _2755_/A2 (sky130_fd_sc_hd__o21bai_1)
                  0.05    0.05   16.62 v _2755_/Y (sky130_fd_sc_hd__o21bai_1)
     1    0.00                           _0538_ (net)
                  0.05    0.00   16.62 v _2756_/A2 (sky130_fd_sc_hd__a21oi_1)
                  0.08    0.11   16.73 ^ _2756_/Y (sky130_fd_sc_hd__a21oi_1)
     1    0.00                           _0539_ (net)
                  0.08    0.00   16.73 ^ _2757_/A2 (sky130_fd_sc_hd__o21bai_1)
                  0.05    0.05   16.78 v _2757_/Y (sky130_fd_sc_hd__o21bai_1)
     1    0.00                           _0540_ (net)
                  0.05    0.00   16.78 v _2758_/A2 (sky130_fd_sc_hd__a21oi_1)
                  0.18    0.19   16.97 ^ _2758_/Y (sky130_fd_sc_hd__a21oi_1)
     1    0.01                           _0541_ (net)
                  0.18    0.00   16.97 ^ _2759_/A2 (sky130_fd_sc_hd__o21bai_1)
                  0.05    0.06   17.03 v _2759_/Y (sky130_fd_sc_hd__o21bai_1)
     1    0.01                           _0542_ (net)
                  0.05    0.00   17.03 v _2760_/A2 (sky130_fd_sc_hd__a21oi_1)
                  0.08    0.11   17.13 ^ _2760_/Y (sky130_fd_sc_hd__a21oi_1)
     1    0.00                           _0543_ (net)
                  0.08    0.00   17.13 ^ _2761_/A2 (sky130_fd_sc_hd__o21bai_1)
                  0.04    0.04   17.18 v _2761_/Y (sky130_fd_sc_hd__o21bai_1)
     1    0.00                           _0544_ (net)
                  0.04    0.00   17.18 v _2762_/A2 (sky130_fd_sc_hd__a21oi_1)
                  0.10    0.12   17.30 ^ _2762_/Y (sky130_fd_sc_hd__a21oi_1)
     1    0.00                           _0545_ (net)
                  0.10    0.00   17.30 ^ _2763_/A2 (sky130_fd_sc_hd__o21bai_1)
                  0.05    0.04   17.35 v _2763_/Y (sky130_fd_sc_hd__o21bai_1)
     1    0.00                           _0546_ (net)
                  0.05    0.00   17.35 v _2764_/A2 (sky130_fd_sc_hd__a21oi_1)
                  0.24    0.23   17.58 ^ _2764_/Y (sky130_fd_sc_hd__a21oi_1)
     1    0.01                           _0547_ (net)
                  0.24    0.00   17.58 ^ _2765_/A2 (sky130_fd_sc_hd__o21bai_1)
                  0.05    0.04   17.62 v _2765_/Y (sky130_fd_sc_hd__o21bai_1)
     1    0.00                           _0548_ (net)
                  0.05    0.00   17.62 v _2766_/A2 (sky130_fd_sc_hd__a21oi_1)
                  0.10    0.12   17.75 ^ _2766_/Y (sky130_fd_sc_hd__a21oi_1)
     1    0.00                           _0549_ (net)
                  0.10    0.00   17.75 ^ _2767_/A2 (sky130_fd_sc_hd__o21bai_1)
                  0.04    0.04   17.79 v _2767_/Y (sky130_fd_sc_hd__o21bai_1)
     1    0.00                           _0550_ (net)
                  0.04    0.00   17.79 v _2768_/A2 (sky130_fd_sc_hd__a21oi_1)
                  0.08    0.11   17.90 ^ _2768_/Y (sky130_fd_sc_hd__a21oi_1)
     1    0.00                           _0551_ (net)
                  0.08    0.00   17.90 ^ _2769_/A2 (sky130_fd_sc_hd__o21bai_1)
                  0.05    0.04   17.94 v _2769_/Y (sky130_fd_sc_hd__o21bai_1)
     1    0.00                           _0552_ (net)
                  0.05    0.00   17.94 v _2770_/A2 (sky130_fd_sc_hd__a21oi_1)
                  0.09    0.12   18.06 ^ _2770_/Y (sky130_fd_sc_hd__a21oi_1)
     1    0.00                           _0553_ (net)
                  0.09    0.00   18.06 ^ _2771_/A2 (sky130_fd_sc_hd__o21bai_1)
                  0.05    0.04   18.10 v _2771_/Y (sky130_fd_sc_hd__o21bai_1)
     1    0.00                           _0554_ (net)
                  0.05    0.00   18.10 v _2772_/A2 (sky130_fd_sc_hd__a21oi_1)
                  0.09    0.12   18.22 ^ _2772_/Y (sky130_fd_sc_hd__a21oi_1)
     1    0.00                           _0555_ (net)
                  0.09    0.00   18.22 ^ _2773_/A2 (sky130_fd_sc_hd__o21bai_1)
                  0.06    0.05   18.27 v _2773_/Y (sky130_fd_sc_hd__o21bai_1)
     1    0.00                           _0556_ (net)
                  0.06    0.00   18.27 v _2774_/A2 (sky130_fd_sc_hd__a21oi_1)
                  0.08    0.11   18.38 ^ _2774_/Y (sky130_fd_sc_hd__a21oi_1)
     1    0.00                           _0557_ (net)
                  0.08    0.00   18.38 ^ _2775_/A2 (sky130_fd_sc_hd__o21bai_1)
                  0.05    0.04   18.42 v _2775_/Y (sky130_fd_sc_hd__o21bai_1)
     1    0.00                           _0558_ (net)
                  0.05    0.00   18.42 v _2776_/A2 (sky130_fd_sc_hd__a21oi_1)
                  0.08    0.11   18.53 ^ _2776_/Y (sky130_fd_sc_hd__a21oi_1)
     1    0.00                           _0559_ (net)
                  0.08    0.00   18.53 ^ _2777_/A2 (sky130_fd_sc_hd__o21bai_1)
                  0.06    0.05   18.59 v _2777_/Y (sky130_fd_sc_hd__o21bai_1)
     1    0.01                           _0560_ (net)
                  0.06    0.00   18.59 v _2778_/A2 (sky130_fd_sc_hd__a21oi_1)
                  0.09    0.12   18.71 ^ _2778_/Y (sky130_fd_sc_hd__a21oi_1)
     1    0.00                           _0561_ (net)
                  0.09    0.00   18.71 ^ _2779_/A2 (sky130_fd_sc_hd__o21bai_1)
                  0.05    0.05   18.75 v _2779_/Y (sky130_fd_sc_hd__o21bai_1)
     1    0.00                           _0562_ (net)
                  0.05    0.00   18.75 v _2780_/A2 (sky130_fd_sc_hd__a21oi_1)
                  0.10    0.12   18.88 ^ _2780_/Y (sky130_fd_sc_hd__a21oi_1)
     1    0.00                           _0563_ (net)
                  0.10    0.00   18.88 ^ _2781_/A2 (sky130_fd_sc_hd__o21bai_1)
                  0.06    0.05   18.93 v _2781_/Y (sky130_fd_sc_hd__o21bai_1)
     1    0.01                           _0564_ (net)
                  0.06    0.00   18.93 v _3171_/A1 (sky130_fd_sc_hd__a21oi_2)
                  0.25    0.24   19.17 ^ _3171_/Y (sky130_fd_sc_hd__a21oi_2)
     1    0.03                           _0954_ (net)
                  0.25    0.00   19.17 ^ _3361_/A2 (sky130_fd_sc_hd__o21bai_4)
                  0.14    0.14   19.31 v _3361_/Y (sky130_fd_sc_hd__o21bai_4)
     2    0.08                           net1025 (net)
                  0.15    0.02   19.33 v output1025/A (sky130_fd_sc_hd__clkbuf_4)
                  0.06    0.18   19.51 v output1025/X (sky130_fd_sc_hd__clkbuf_4)
     1    0.03                           out_code[0] (net)
                  0.06    0.00   19.51 v out_code[0] (out)
                                 19.51   data arrival time

                  0.00   40.00   40.00   clock __VIRTUAL_CLK__ (rise edge)
                          0.00   40.00   clock network delay (ideal)
                         -0.25   39.75   clock uncertainty
                          0.00   39.75   clock reconvergence pessimism
                         -8.00   31.75   output external delay
                                 31.75   data required time
-----------------------------------------------------------------------------
                                 31.75   data required time
                                -19.51   data arrival time
-----------------------------------------------------------------------------
                                 12.24   slack (MET)



======================= Slowest Corner ===================================

Startpoint: in_data[517] (input port clocked by __VIRTUAL_CLK__)
Endpoint: out_code[1] (output port clocked by __VIRTUAL_CLK__)
Path Group: __VIRTUAL_CLK__
Path Type: max
Corner: Slowest

Fanout     Cap    Slew   Delay    Time   Description
-----------------------------------------------------------------------------
                  0.00    0.00    0.00   clock __VIRTUAL_CLK__ (rise edge)
                          0.00    0.00   clock network delay (ideal)
                          8.00    8.00 ^ input external delay
                  0.09    0.06    8.06 ^ in_data[517] (in)
     1    0.01                           in_data[517] (net)
                  0.09    0.00    8.06 ^ input488/A (sky130_fd_sc_hd__buf_12)
                  0.34    0.35    8.41 ^ input488/X (sky130_fd_sc_hd__buf_12)
     4    0.19                           net488 (net)
                  0.38    0.10    8.51 ^ _3362_/B (sky130_fd_sc_hd__nor2_1)
                  0.09    0.19    8.69 v _3362_/Y (sky130_fd_sc_hd__nor2_1)
     1    0.00                           _1144_ (net)
                  0.09    0.00    8.69 v _3363_/B1 (sky130_fd_sc_hd__o21a_1)
                  0.07    0.21    8.91 v _3363_/X (sky130_fd_sc_hd__o21a_1)
     1    0.00                           _1145_ (net)
                  0.07    0.00    8.91 v _3365_/A3 (sky130_fd_sc_hd__o31a_1)
                  0.08    0.47    9.37 v _3365_/X (sky130_fd_sc_hd__o31a_1)
     1    0.00                           _1147_ (net)
                  0.08    0.00    9.37 v _3367_/A3 (sky130_fd_sc_hd__o31a_1)
                  0.10    0.50    9.88 v _3367_/X (sky130_fd_sc_hd__o31a_1)
     1    0.00                           _1149_ (net)
                  0.10    0.00    9.88 v _3369_/A3 (sky130_fd_sc_hd__o31a_1)
                  0.09    0.50   10.37 v _3369_/X (sky130_fd_sc_hd__o31a_1)
     1    0.00                           _1151_ (net)
                  0.09    0.00   10.37 v _3371_/A3 (sky130_fd_sc_hd__o31a_1)
                  0.08    0.48   10.85 v _3371_/X (sky130_fd_sc_hd__o31a_1)
     1    0.00                           _1153_ (net)
                  0.08    0.00   10.85 v _3372_/C (sky130_fd_sc_hd__or3_1)
                  0.14    0.75   11.61 v _3372_/X (sky130_fd_sc_hd__or3_1)
     1    0.00                           _1154_ (net)
                  0.14    0.00   11.61 v _3374_/A1 (sky130_fd_sc_hd__a211o_1)
                  0.09    0.55   12.15 v _3374_/X (sky130_fd_sc_hd__a211o_1)
     1    0.00                           _1156_ (net)
                  0.09    0.00   12.15 v _3376_/A1 (sky130_fd_sc_hd__a211o_1)
                  0.09    0.52   12.67 v _3376_/X (sky130_fd_sc_hd__a211o_1)
     1    0.00                           _1158_ (net)
                  0.09    0.00   12.67 v _3378_/A1 (sky130_fd_sc_hd__a211o_1)
                  0.09    0.52   13.19 v _3378_/X (sky130_fd_sc_hd__a211o_1)
     1    0.00                           _1160_ (net)
                  0.09    0.00   13.19 v _3380_/A1 (sky130_fd_sc_hd__a211o_1)
                  0.09    0.52   13.71 v _3380_/X (sky130_fd_sc_hd__a211o_1)
     1    0.00                           _1162_ (net)
                  0.09    0.00   13.71 v _3382_/A1 (sky130_fd_sc_hd__a211o_1)
                  0.09    0.52   14.23 v _3382_/X (sky130_fd_sc_hd__a211o_1)
     1    0.00                           _1164_ (net)
                  0.09    0.00   14.23 v _3384_/A1 (sky130_fd_sc_hd__a211o_1)
                  0.09    0.52   14.76 v _3384_/X (sky130_fd_sc_hd__a211o_1)
     1    0.00                           _1166_ (net)
                  0.09    0.00   14.76 v _3386_/A1 (sky130_fd_sc_hd__a211o_1)
                  0.09    0.52   15.28 v _3386_/X (sky130_fd_sc_hd__a211o_1)
     1    0.00                           _1168_ (net)
                  0.09    0.00   15.28 v _3388_/A1 (sky130_fd_sc_hd__a211o_1)
                  0.09    0.52   15.80 v _3388_/X (sky130_fd_sc_hd__a211o_1)
     1    0.00                           _1170_ (net)
                  0.09    0.00   15.80 v _3390_/A1 (sky130_fd_sc_hd__a211o_1)
                  0.09    0.52   16.31 v _3390_/X (sky130_fd_sc_hd__a211o_1)
     1    0.00                           _1172_ (net)
                  0.09    0.00   16.31 v _3392_/A1 (sky130_fd_sc_hd__a211o_1)
                  0.10    0.53   16.84 v _3392_/X (sky130_fd_sc_hd__a211o_1)
     1    0.00                           _1174_ (net)
                  0.10    0.00   16.84 v _3394_/A1 (sky130_fd_sc_hd__a211o_1)
                  0.09    0.53   17.37 v _3394_/X (sky130_fd_sc_hd__a211o_1)
     1    0.00                           _1176_ (net)
                  0.09    0.00   17.37 v _3396_/A1 (sky130_fd_sc_hd__a211o_1)
                  0.12    0.56   17.93 v _3396_/X (sky130_fd_sc_hd__a211o_1)
     1    0.01                           _1178_ (net)
                  0.12    0.00   17.93 v _3398_/A1 (sky130_fd_sc_hd__a211o_1)
                  0.09    0.53   18.46 v _3398_/X (sky130_fd_sc_hd__a211o_1)
     1    0.00                           _1180_ (net)
                  0.09    0.00   18.46 v _3400_/A1 (sky130_fd_sc_hd__a211o_1)
                  0.09    0.52   18.98 v _3400_/X (sky130_fd_sc_hd__a211o_1)
     1    0.00                           _1182_ (net)
                  0.09    0.00   18.98 v _3402_/A1 (sky130_fd_sc_hd__a211o_1)
                  0.12    0.56   19.54 v _3402_/X (sky130_fd_sc_hd__a211o_1)
     1    0.01                           _1184_ (net)
                  0.12    0.00   19.54 v _3404_/A1 (sky130_fd_sc_hd__a211o_1)
                  0.10    0.54   20.08 v _3404_/X (sky130_fd_sc_hd__a211o_1)
     1    0.00                           _1186_ (net)
                  0.10    0.00   20.08 v _3406_/A1 (sky130_fd_sc_hd__a211o_1)
                  0.09    0.51   20.60 v _3406_/X (sky130_fd_sc_hd__a211o_1)
     1    0.00                           _1188_ (net)
                  0.09    0.00   20.60 v _3408_/A1 (sky130_fd_sc_hd__a211o_1)
                  0.13    0.57   21.17 v _3408_/X (sky130_fd_sc_hd__a211o_1)
     1    0.01                           _1190_ (net)
                  0.13    0.00   21.17 v _3410_/A1 (sky130_fd_sc_hd__a211o_1)
                  0.10    0.55   21.71 v _3410_/X (sky130_fd_sc_hd__a211o_1)
     1    0.00                           _1192_ (net)
                  0.10    0.00   21.71 v _3411_/C_N (sky130_fd_sc_hd__or3b_1)
                  0.07    0.32   22.04 ^ _3411_/X (sky130_fd_sc_hd__or3b_1)
     1    0.00                           _1193_ (net)
                  0.07    0.00   22.04 ^ _3413_/A1 (sky130_fd_sc_hd__a211o_1)
                  0.07    0.23   22.27 ^ _3413_/X (sky130_fd_sc_hd__a211o_1)
     1    0.00                           _1195_ (net)
                  0.07    0.00   22.27 ^ _3414_/C_N (sky130_fd_sc_hd__or3b_4)
                  0.11    0.75   23.02 v _3414_/X (sky130_fd_sc_hd__or3b_4)
     1    0.00                           _1196_ (net)
                  0.11    0.00   23.02 v _3415_/A1 (sky130_fd_sc_hd__a211o_1)
                  0.10    0.55   23.56 v _3415_/X (sky130_fd_sc_hd__a211o_1)
     1    0.00                           _1197_ (net)
                  0.10    0.00   23.56 v _3417_/A1 (sky130_fd_sc_hd__a211o_1)
                  0.09    0.52   24.08 v _3417_/X (sky130_fd_sc_hd__a211o_1)
     1    0.00                           _1199_ (net)
                  0.09    0.00   24.08 v _3418_/C_N (sky130_fd_sc_hd__or3b_1)
                  0.07    0.32   24.40 ^ _3418_/X (sky130_fd_sc_hd__or3b_1)
     1    0.00                           _1200_ (net)
                  0.07    0.00   24.40 ^ _3420_/A1 (sky130_fd_sc_hd__a211o_1)
                  0.07    0.23   24.63 ^ _3420_/X (sky130_fd_sc_hd__a211o_1)
     1    0.00                           _1202_ (net)
                  0.07    0.00   24.63 ^ _3421_/C_N (sky130_fd_sc_hd__or3b_4)
                  0.12    0.77   25.39 v _3421_/X (sky130_fd_sc_hd__or3b_4)
     1    0.01                           _1203_ (net)
                  0.12    0.00   25.39 v _3423_/A1 (sky130_fd_sc_hd__a211o_1)
                  0.09    0.53   25.92 v _3423_/X (sky130_fd_sc_hd__a211o_1)
     1    0.00                           _1205_ (net)
                  0.09    0.00   25.92 v _3425_/A1 (sky130_fd_sc_hd__a211o_1)
                  0.09    0.52   26.44 v _3425_/X (sky130_fd_sc_hd__a211o_1)
     1    0.00                           _1207_ (net)
                  0.09    0.00   26.44 v _3427_/A1 (sky130_fd_sc_hd__a211o_1)
                  0.09    0.53   26.97 v _3427_/X (sky130_fd_sc_hd__a211o_1)
     1    0.00                           _1209_ (net)
                  0.09    0.00   26.97 v _3429_/A1 (sky130_fd_sc_hd__a211o_1)
                  0.09    0.52   27.49 v _3429_/X (sky130_fd_sc_hd__a211o_1)
     1    0.00                           _1211_ (net)
                  0.09    0.00   27.49 v _3431_/A1 (sky130_fd_sc_hd__a211o_1)
                  0.10    0.53   28.02 v _3431_/X (sky130_fd_sc_hd__a211o_1)
     1    0.00                           _1213_ (net)
                  0.10    0.00   28.02 v _3432_/C_N (sky130_fd_sc_hd__or3b_1)
                  0.08    0.34   28.36 ^ _3432_/X (sky130_fd_sc_hd__or3b_1)
     1    0.00                           _1214_ (net)
                  0.08    0.00   28.36 ^ _3434_/A1 (sky130_fd_sc_hd__a211oi_1)
                  0.12    0.15   28.51 v _3434_/Y (sky130_fd_sc_hd__a211oi_1)
     1    0.00                           _1216_ (net)
                  0.12    0.00   28.51 v _3435_/A3 (sky130_fd_sc_hd__o31a_1)
                  0.10    0.51   29.02 v _3435_/X (sky130_fd_sc_hd__o31a_1)
     1    0.00                           _1217_ (net)
                  0.10    0.00   29.02 v _3437_/A3 (sky130_fd_sc_hd__o31a_1)
                  0.09    0.49   29.51 v _3437_/X (sky130_fd_sc_hd__o31a_1)
     1    0.00                           _1219_ (net)
                  0.09    0.00   29.51 v _3439_/A3 (sky130_fd_sc_hd__o31a_1)
                  0.09    0.48   30.00 v _3439_/X (sky130_fd_sc_hd__o31a_1)
     1    0.00                           _1221_ (net)
                  0.09    0.00   30.00 v _3441_/A3 (sky130_fd_sc_hd__o31a_1)
                  0.09    0.49   30.49 v _3441_/X (sky130_fd_sc_hd__o31a_1)
     1    0.00                           _1223_ (net)
                  0.09    0.00   30.49 v _3443_/A3 (sky130_fd_sc_hd__o31a_1)
                  0.09    0.49   30.98 v _3443_/X (sky130_fd_sc_hd__o31a_1)
     1    0.00                           _1225_ (net)
                  0.09    0.00   30.98 v _3445_/A3 (sky130_fd_sc_hd__o31a_1)
                  0.09    0.48   31.46 v _3445_/X (sky130_fd_sc_hd__o31a_1)
     1    0.00                           _1227_ (net)
                  0.09    0.00   31.46 v _3447_/A3 (sky130_fd_sc_hd__o31a_1)
                  0.10    0.51   31.97 v _3447_/X (sky130_fd_sc_hd__o31a_1)
     1    0.00                           _1229_ (net)
                  0.10    0.00   31.97 v _3449_/A3 (sky130_fd_sc_hd__o31ai_2)
                  0.34    0.36   32.33 ^ _3449_/Y (sky130_fd_sc_hd__o31ai_2)
     1    0.01                           _1231_ (net)
                  0.34    0.00   32.33 ^ _3451_/A1 (sky130_fd_sc_hd__a211oi_2)
                  0.12    0.24   32.57 v _3451_/Y (sky130_fd_sc_hd__a211oi_2)
     1    0.00                           _1233_ (net)
                  0.12    0.00   32.57 v _3453_/A3 (sky130_fd_sc_hd__o31a_1)
                  0.08    0.49   33.06 v _3453_/X (sky130_fd_sc_hd__o31a_1)
     1    0.00                           _1235_ (net)
                  0.08    0.00   33.06 v _3454_/C (sky130_fd_sc_hd__or3_4)
                  0.11    0.67   33.73 v _3454_/X (sky130_fd_sc_hd__or3_4)
     1    0.00                           _1236_ (net)
                  0.11    0.00   33.73 v _3456_/A1 (sky130_fd_sc_hd__a211o_1)
                  0.09    0.53   34.26 v _3456_/X (sky130_fd_sc_hd__a211o_1)
     1    0.00                           _1238_ (net)
                  0.09    0.00   34.26 v _3458_/A1 (sky130_fd_sc_hd__a211o_1)
                  0.09    0.52   34.78 v _3458_/X (sky130_fd_sc_hd__a211o_1)
     1    0.00                           _1240_ (net)
                  0.09    0.00   34.78 v _3460_/A1 (sky130_fd_sc_hd__a211o_1)
                  0.09    0.52   35.30 v _3460_/X (sky130_fd_sc_hd__a211o_1)
     1    0.00                           _1242_ (net)
                  0.09    0.00   35.30 v _3462_/A1 (sky130_fd_sc_hd__a211o_1)
                  0.09    0.52   35.82 v _3462_/X (sky130_fd_sc_hd__a211o_1)
     1    0.00                           _1244_ (net)
                  0.09    0.00   35.82 v _3464_/A1 (sky130_fd_sc_hd__a211o_1)
                  0.10    0.53   36.35 v _3464_/X (sky130_fd_sc_hd__a211o_1)
     1    0.00                           _1246_ (net)
                  0.10    0.00   36.35 v _3466_/A1 (sky130_fd_sc_hd__a211o_1)
                  0.10    0.54   36.89 v _3466_/X (sky130_fd_sc_hd__a211o_1)
     1    0.00                           _1248_ (net)
                  0.10    0.00   36.89 v _3468_/A1 (sky130_fd_sc_hd__a211o_1)
                  0.11    0.55   37.44 v _3468_/X (sky130_fd_sc_hd__a211o_1)
     1    0.01                           _1250_ (net)
                  0.11    0.00   37.44 v _3470_/A1 (sky130_fd_sc_hd__a211o_1)
                  0.09    0.52   37.96 v _3470_/X (sky130_fd_sc_hd__a211o_1)
     1    0.00                           _1252_ (net)
                  0.09    0.00   37.96 v _3472_/A1 (sky130_fd_sc_hd__a211o_1)
                  0.10    0.53   38.49 v _3472_/X (sky130_fd_sc_hd__a211o_1)
     1    0.00                           _1254_ (net)
                  0.10    0.00   38.49 v _3474_/A1 (sky130_fd_sc_hd__a211o_1)
                  0.10    0.54   39.03 v _3474_/X (sky130_fd_sc_hd__a211o_1)
     1    0.00                           _1256_ (net)
                  0.10    0.00   39.03 v _3476_/A1 (sky130_fd_sc_hd__a211o_1)
                  0.09    0.52   39.55 v _3476_/X (sky130_fd_sc_hd__a211o_1)
     1    0.00                           _1258_ (net)
                  0.09    0.00   39.55 v _3477_/C_N (sky130_fd_sc_hd__or3b_1)
                  0.08    0.33   39.88 ^ _3477_/X (sky130_fd_sc_hd__or3b_1)
     1    0.00                           _1259_ (net)
                  0.08    0.00   39.88 ^ _3479_/A1 (sky130_fd_sc_hd__a211oi_1)
                  0.11    0.14   40.02 v _3479_/Y (sky130_fd_sc_hd__a211oi_1)
     1    0.00                           _1261_ (net)
                  0.11    0.00   40.02 v _3481_/A3 (sky130_fd_sc_hd__o31a_1)
                  0.10    0.51   40.53 v _3481_/X (sky130_fd_sc_hd__o31a_1)
     1    0.00                           _1263_ (net)
                  0.10    0.00   40.53 v _3483_/A3 (sky130_fd_sc_hd__o31a_1)
                  0.09    0.49   41.01 v _3483_/X (sky130_fd_sc_hd__o31a_1)
     1    0.00                           _1265_ (net)
                  0.09    0.00   41.01 v _3485_/A3 (sky130_fd_sc_hd__o31a_1)
                  0.09    0.48   41.49 v _3485_/X (sky130_fd_sc_hd__o31a_1)
     1    0.00                           _1267_ (net)
                  0.09    0.00   41.49 v _3719_/A3 (sky130_fd_sc_hd__o311a_1)
                  0.12    0.61   42.10 v _3719_/X (sky130_fd_sc_hd__o311a_1)
     1    0.01                           _1501_ (net)
                  0.12    0.00   42.10 v _3844_/C (sky130_fd_sc_hd__or4b_4)
                  0.17    1.05   43.16 v _3844_/X (sky130_fd_sc_hd__or4b_4)
     1    0.01                           _1626_ (net)
                  0.17    0.00   43.16 v _3845_/A (sky130_fd_sc_hd__buf_12)
                  0.12    0.36   43.51 v _3845_/X (sky130_fd_sc_hd__buf_12)
     2    0.12                           net1026 (net)
                  0.12    0.02   43.53 v output1026/A (sky130_fd_sc_hd__buf_8)
                  0.07    0.28   43.81 v output1026/X (sky130_fd_sc_hd__buf_8)
     1    0.03                           out_code[1] (net)
                  0.07    0.00   43.81 v out_code[1] (out)
                                 43.81   data arrival time

                  0.00   40.00   40.00   clock __VIRTUAL_CLK__ (rise edge)
                          0.00   40.00   clock network delay (ideal)
                         -0.25   39.75   clock uncertainty
                          0.00   39.75   clock reconvergence pessimism
                         -8.00   31.75   output external delay
                                 31.75   data required time
-----------------------------------------------------------------------------
                                 31.75   data required time
                                -43.81   data arrival time
-----------------------------------------------------------------------------
                                -12.06   slack (VIOLATED)



======================= Typical Corner ===================================

Startpoint: in_data[517] (input port clocked by __VIRTUAL_CLK__)
Endpoint: out_code[1] (output port clocked by __VIRTUAL_CLK__)
Path Group: __VIRTUAL_CLK__
Path Type: max
Corner: Typical

Fanout     Cap    Slew   Delay    Time   Description
-----------------------------------------------------------------------------
                  0.00    0.00    0.00   clock __VIRTUAL_CLK__ (rise edge)
                          0.00    0.00   clock network delay (ideal)
                          8.00    8.00 ^ input external delay
                  0.06    0.04    8.04 ^ in_data[517] (in)
     1    0.01                           in_data[517] (net)
                  0.06    0.00    8.04 ^ input488/A (sky130_fd_sc_hd__buf_12)
                  0.21    0.19    8.23 ^ input488/X (sky130_fd_sc_hd__buf_12)
     4    0.19                           net488 (net)
                  0.28    0.09    8.32 ^ _3362_/B (sky130_fd_sc_hd__nor2_1)
                  0.06    0.08    8.40 v _3362_/Y (sky130_fd_sc_hd__nor2_1)
     1    0.00                           _1144_ (net)
                  0.06    0.00    8.40 v _3363_/B1 (sky130_fd_sc_hd__o21a_1)
                  0.04    0.11    8.52 v _3363_/X (sky130_fd_sc_hd__o21a_1)
     1    0.00                           _1145_ (net)
                  0.04    0.00    8.52 v _3365_/A3 (sky130_fd_sc_hd__o31a_1)
                  0.05    0.24    8.75 v _3365_/X (sky130_fd_sc_hd__o31a_1)
     1    0.00                           _1147_ (net)
                  0.05    0.00    8.75 v _3367_/A3 (sky130_fd_sc_hd__o31a_1)
                  0.06    0.25    9.01 v _3367_/X (sky130_fd_sc_hd__o31a_1)
     1    0.00                           _1149_ (net)
                  0.06    0.00    9.01 v _3369_/A3 (sky130_fd_sc_hd__o31a_1)
                  0.05    0.25    9.26 v _3369_/X (sky130_fd_sc_hd__o31a_1)
     1    0.00                           _1151_ (net)
                  0.05    0.00    9.26 v _3371_/A3 (sky130_fd_sc_hd__o31a_1)
                  0.05    0.24    9.50 v _3371_/X (sky130_fd_sc_hd__o31a_1)
     1    0.00                           _1153_ (net)
                  0.05    0.00    9.50 v _3372_/C (sky130_fd_sc_hd__or3_1)
                  0.07    0.32    9.82 v _3372_/X (sky130_fd_sc_hd__or3_1)
     1    0.00                           _1154_ (net)
                  0.07    0.00    9.82 v _3374_/A1 (sky130_fd_sc_hd__a211o_1)
                  0.05    0.27   10.10 v _3374_/X (sky130_fd_sc_hd__a211o_1)
     1    0.00                           _1156_ (net)
                  0.05    0.00   10.10 v _3376_/A1 (sky130_fd_sc_hd__a211o_1)
                  0.05    0.27   10.36 v _3376_/X (sky130_fd_sc_hd__a211o_1)
     1    0.00                           _1158_ (net)
                  0.05    0.00   10.36 v _3378_/A1 (sky130_fd_sc_hd__a211o_1)
                  0.05    0.27   10.63 v _3378_/X (sky130_fd_sc_hd__a211o_1)
     1    0.00                           _1160_ (net)
                  0.05    0.00   10.63 v _3380_/A1 (sky130_fd_sc_hd__a211o_1)
                  0.05    0.27   10.89 v _3380_/X (sky130_fd_sc_hd__a211o_1)
     1    0.00                           _1162_ (net)
                  0.05    0.00   10.89 v _3382_/A1 (sky130_fd_sc_hd__a211o_1)
                  0.05    0.27   11.16 v _3382_/X (sky130_fd_sc_hd__a211o_1)
     1    0.00                           _1164_ (net)
                  0.05    0.00   11.16 v _3384_/A1 (sky130_fd_sc_hd__a211o_1)
                  0.05    0.27   11.43 v _3384_/X (sky130_fd_sc_hd__a211o_1)
     1    0.00                           _1166_ (net)
                  0.05    0.00   11.43 v _3386_/A1 (sky130_fd_sc_hd__a211o_1)
                  0.05    0.26   11.69 v _3386_/X (sky130_fd_sc_hd__a211o_1)
     1    0.00                           _1168_ (net)
                  0.05    0.00   11.69 v _3388_/A1 (sky130_fd_sc_hd__a211o_1)
                  0.05    0.27   11.96 v _3388_/X (sky130_fd_sc_hd__a211o_1)
     1    0.00                           _1170_ (net)
                  0.05    0.00   11.96 v _3390_/A1 (sky130_fd_sc_hd__a211o_1)
                  0.05    0.26   12.22 v _3390_/X (sky130_fd_sc_hd__a211o_1)
     1    0.00                           _1172_ (net)
                  0.05    0.00   12.22 v _3392_/A1 (sky130_fd_sc_hd__a211o_1)
                  0.05    0.27   12.49 v _3392_/X (sky130_fd_sc_hd__a211o_1)
     1    0.00                           _1174_ (net)
                  0.05    0.00   12.49 v _3394_/A1 (sky130_fd_sc_hd__a211o_1)
                  0.05    0.27   12.76 v _3394_/X (sky130_fd_sc_hd__a211o_1)
     1    0.00                           _1176_ (net)
                  0.05    0.00   12.76 v _3396_/A1 (sky130_fd_sc_hd__a211o_1)
                  0.07    0.29   13.05 v _3396_/X (sky130_fd_sc_hd__a211o_1)
     1    0.01                           _1178_ (net)
                  0.07    0.00   13.05 v _3398_/A1 (sky130_fd_sc_hd__a211o_1)
                  0.05    0.27   13.32 v _3398_/X (sky130_fd_sc_hd__a211o_1)
     1    0.00                           _1180_ (net)
                  0.05    0.00   13.32 v _3400_/A1 (sky130_fd_sc_hd__a211o_1)
                  0.05    0.26   13.58 v _3400_/X (sky130_fd_sc_hd__a211o_1)
     1    0.00                           _1182_ (net)
                  0.05    0.00   13.58 v _3402_/A1 (sky130_fd_sc_hd__a211o_1)
                  0.07    0.29   13.87 v _3402_/X (sky130_fd_sc_hd__a211o_1)
     1    0.01                           _1184_ (net)
                  0.07    0.00   13.87 v _3404_/A1 (sky130_fd_sc_hd__a211o_1)
                  0.05    0.28   14.15 v _3404_/X (sky130_fd_sc_hd__a211o_1)
     1    0.00                           _1186_ (net)
                  0.05    0.00   14.15 v _3406_/A1 (sky130_fd_sc_hd__a211o_1)
                  0.05    0.26   14.41 v _3406_/X (sky130_fd_sc_hd__a211o_1)
     1    0.00                           _1188_ (net)
                  0.05    0.00   14.41 v _3408_/A1 (sky130_fd_sc_hd__a211o_1)
                  0.07    0.29   14.70 v _3408_/X (sky130_fd_sc_hd__a211o_1)
     1    0.01                           _1190_ (net)
                  0.07    0.00   14.70 v _3410_/A1 (sky130_fd_sc_hd__a211o_1)
                  0.05    0.28   14.98 v _3410_/X (sky130_fd_sc_hd__a211o_1)
     1    0.00                           _1192_ (net)
                  0.05    0.00   14.98 v _3411_/C_N (sky130_fd_sc_hd__or3b_1)
                  0.04    0.17   15.15 ^ _3411_/X (sky130_fd_sc_hd__or3b_1)
     1    0.00                           _1193_ (net)
                  0.04    0.00   15.15 ^ _3413_/A1 (sky130_fd_sc_hd__a211o_1)
                  0.04    0.11   15.26 ^ _3413_/X (sky130_fd_sc_hd__a211o_1)
     1    0.00                           _1195_ (net)
                  0.04    0.00   15.26 ^ _3414_/C_N (sky130_fd_sc_hd__or3b_4)
                  0.06    0.38   15.64 v _3414_/X (sky130_fd_sc_hd__or3b_4)
     1    0.00                           _1196_ (net)
                  0.06    0.00   15.64 v _3415_/A1 (sky130_fd_sc_hd__a211o_1)
                  0.05    0.28   15.92 v _3415_/X (sky130_fd_sc_hd__a211o_1)
     1    0.00                           _1197_ (net)
                  0.05    0.00   15.92 v _3417_/A1 (sky130_fd_sc_hd__a211o_1)
                  0.05    0.26   16.18 v _3417_/X (sky130_fd_sc_hd__a211o_1)
     1    0.00                           _1199_ (net)
                  0.05    0.00   16.18 v _3418_/C_N (sky130_fd_sc_hd__or3b_1)
                  0.04    0.16   16.35 ^ _3418_/X (sky130_fd_sc_hd__or3b_1)
     1    0.00                           _1200_ (net)
                  0.04    0.00   16.35 ^ _3420_/A1 (sky130_fd_sc_hd__a211o_1)
                  0.04    0.11   16.46 ^ _3420_/X (sky130_fd_sc_hd__a211o_1)
     1    0.00                           _1202_ (net)
                  0.04    0.00   16.46 ^ _3421_/C_N (sky130_fd_sc_hd__or3b_4)
                  0.07    0.38   16.84 v _3421_/X (sky130_fd_sc_hd__or3b_4)
     1    0.01                           _1203_ (net)
                  0.07    0.00   16.84 v _3423_/A1 (sky130_fd_sc_hd__a211o_1)
                  0.05    0.27   17.11 v _3423_/X (sky130_fd_sc_hd__a211o_1)
     1    0.00                           _1205_ (net)
                  0.05    0.00   17.11 v _3425_/A1 (sky130_fd_sc_hd__a211o_1)
                  0.05    0.26   17.38 v _3425_/X (sky130_fd_sc_hd__a211o_1)
     1    0.00                           _1207_ (net)
                  0.05    0.00   17.38 v _3427_/A1 (sky130_fd_sc_hd__a211o_1)
                  0.05    0.27   17.64 v _3427_/X (sky130_fd_sc_hd__a211o_1)
     1    0.00                           _1209_ (net)
                  0.05    0.00   17.64 v _3429_/A1 (sky130_fd_sc_hd__a211o_1)
                  0.05    0.27   17.91 v _3429_/X (sky130_fd_sc_hd__a211o_1)
     1    0.00                           _1211_ (net)
                  0.05    0.00   17.91 v _3431_/A1 (sky130_fd_sc_hd__a211o_1)
                  0.05    0.27   18.18 v _3431_/X (sky130_fd_sc_hd__a211o_1)
     1    0.00                           _1213_ (net)
                  0.05    0.00   18.18 v _3432_/C_N (sky130_fd_sc_hd__or3b_1)
                  0.05    0.17   18.36 ^ _3432_/X (sky130_fd_sc_hd__or3b_1)
     1    0.00                           _1214_ (net)
                  0.05    0.00   18.36 ^ _3434_/A1 (sky130_fd_sc_hd__a211oi_1)
                  0.08    0.07   18.43 v _3434_/Y (sky130_fd_sc_hd__a211oi_1)
     1    0.00                           _1216_ (net)
                  0.08    0.00   18.43 v _3435_/A3 (sky130_fd_sc_hd__o31a_1)
                  0.05    0.26   18.69 v _3435_/X (sky130_fd_sc_hd__o31a_1)
     1    0.00                           _1217_ (net)
                  0.05    0.00   18.69 v _3437_/A3 (sky130_fd_sc_hd__o31a_1)
                  0.05    0.25   18.94 v _3437_/X (sky130_fd_sc_hd__o31a_1)
     1    0.00                           _1219_ (net)
                  0.05    0.00   18.94 v _3439_/A3 (sky130_fd_sc_hd__o31a_1)
                  0.05    0.25   19.19 v _3439_/X (sky130_fd_sc_hd__o31a_1)
     1    0.00                           _1221_ (net)
                  0.05    0.00   19.19 v _3441_/A3 (sky130_fd_sc_hd__o31a_1)
                  0.05    0.25   19.44 v _3441_/X (sky130_fd_sc_hd__o31a_1)
     1    0.00                           _1223_ (net)
                  0.05    0.00   19.44 v _3443_/A3 (sky130_fd_sc_hd__o31a_1)
                  0.05    0.25   19.69 v _3443_/X (sky130_fd_sc_hd__o31a_1)
     1    0.00                           _1225_ (net)
                  0.05    0.00   19.69 v _3445_/A3 (sky130_fd_sc_hd__o31a_1)
                  0.05    0.25   19.93 v _3445_/X (sky130_fd_sc_hd__o31a_1)
     1    0.00                           _1227_ (net)
                  0.05    0.00   19.93 v _3447_/A3 (sky130_fd_sc_hd__o31a_1)
                  0.06    0.26   20.19 v _3447_/X (sky130_fd_sc_hd__o31a_1)
     1    0.00                           _1229_ (net)
                  0.06    0.00   20.19 v _3449_/A3 (sky130_fd_sc_hd__o31ai_2)
                  0.21    0.21   20.40 ^ _3449_/Y (sky130_fd_sc_hd__o31ai_2)
     1    0.01                           _1231_ (net)
                  0.21    0.00   20.40 ^ _3451_/A1 (sky130_fd_sc_hd__a211oi_2)
                  0.07    0.11   20.51 v _3451_/Y (sky130_fd_sc_hd__a211oi_2)
     1    0.00                           _1233_ (net)
                  0.07    0.00   20.51 v _3453_/A3 (sky130_fd_sc_hd__o31a_1)
                  0.05    0.25   20.76 v _3453_/X (sky130_fd_sc_hd__o31a_1)
     1    0.00                           _1235_ (net)
                  0.05    0.00   20.76 v _3454_/C (sky130_fd_sc_hd__or3_4)
                  0.06    0.33   21.09 v _3454_/X (sky130_fd_sc_hd__or3_4)
     1    0.00                           _1236_ (net)
                  0.06    0.00   21.09 v _3456_/A1 (sky130_fd_sc_hd__a211o_1)
                  0.05    0.27   21.36 v _3456_/X (sky130_fd_sc_hd__a211o_1)
     1    0.00                           _1238_ (net)
                  0.05    0.00   21.36 v _3458_/A1 (sky130_fd_sc_hd__a211o_1)
                  0.05    0.27   21.63 v _3458_/X (sky130_fd_sc_hd__a211o_1)
     1    0.00                           _1240_ (net)
                  0.05    0.00   21.63 v _3460_/A1 (sky130_fd_sc_hd__a211o_1)
                  0.05    0.27   21.90 v _3460_/X (sky130_fd_sc_hd__a211o_1)
     1    0.00                           _1242_ (net)
                  0.05    0.00   21.90 v _3462_/A1 (sky130_fd_sc_hd__a211o_1)
                  0.05    0.27   22.16 v _3462_/X (sky130_fd_sc_hd__a211o_1)
     1    0.00                           _1244_ (net)
                  0.05    0.00   22.16 v _3464_/A1 (sky130_fd_sc_hd__a211o_1)
                  0.05    0.27   22.43 v _3464_/X (sky130_fd_sc_hd__a211o_1)
     1    0.00                           _1246_ (net)
                  0.05    0.00   22.43 v _3466_/A1 (sky130_fd_sc_hd__a211o_1)
                  0.05    0.27   22.71 v _3466_/X (sky130_fd_sc_hd__a211o_1)
     1    0.00                           _1248_ (net)
                  0.05    0.00   22.71 v _3468_/A1 (sky130_fd_sc_hd__a211o_1)
                  0.06    0.28   22.99 v _3468_/X (sky130_fd_sc_hd__a211o_1)
     1    0.01                           _1250_ (net)
                  0.06    0.00   22.99 v _3470_/A1 (sky130_fd_sc_hd__a211o_1)
                  0.05    0.26   23.25 v _3470_/X (sky130_fd_sc_hd__a211o_1)
     1    0.00                           _1252_ (net)
                  0.05    0.00   23.25 v _3472_/A1 (sky130_fd_sc_hd__a211o_1)
                  0.05    0.27   23.52 v _3472_/X (sky130_fd_sc_hd__a211o_1)
     1    0.00                           _1254_ (net)
                  0.05    0.00   23.52 v _3474_/A1 (sky130_fd_sc_hd__a211o_1)
                  0.06    0.28   23.80 v _3474_/X (sky130_fd_sc_hd__a211o_1)
     1    0.00                           _1256_ (net)
                  0.06    0.00   23.80 v _3476_/A1 (sky130_fd_sc_hd__a211o_1)
                  0.05    0.27   24.06 v _3476_/X (sky130_fd_sc_hd__a211o_1)
     1    0.00                           _1258_ (net)
                  0.05    0.00   24.06 v _3477_/C_N (sky130_fd_sc_hd__or3b_1)
                  0.05    0.17   24.23 ^ _3477_/X (sky130_fd_sc_hd__or3b_1)
     1    0.00                           _1259_ (net)
                  0.05    0.00   24.23 ^ _3479_/A1 (sky130_fd_sc_hd__a211oi_1)
                  0.07    0.06   24.30 v _3479_/Y (sky130_fd_sc_hd__a211oi_1)
     1    0.00                           _1261_ (net)
                  0.07    0.00   24.30 v _3481_/A3 (sky130_fd_sc_hd__o31a_1)
                  0.05    0.26   24.56 v _3481_/X (sky130_fd_sc_hd__o31a_1)
     1    0.00                           _1263_ (net)
                  0.05    0.00   24.56 v _3483_/A3 (sky130_fd_sc_hd__o31a_1)
                  0.05    0.25   24.81 v _3483_/X (sky130_fd_sc_hd__o31a_1)
     1    0.00                           _1265_ (net)
                  0.05    0.00   24.81 v _3485_/A3 (sky130_fd_sc_hd__o31a_1)
                  0.05    0.24   25.05 v _3485_/X (sky130_fd_sc_hd__o31a_1)
     1    0.00                           _1267_ (net)
                  0.05    0.00   25.05 v _3719_/A3 (sky130_fd_sc_hd__o311a_1)
                  0.07    0.32   25.36 v _3719_/X (sky130_fd_sc_hd__o311a_1)
     1    0.01                           _1501_ (net)
                  0.07    0.00   25.36 v _3844_/C (sky130_fd_sc_hd__or4b_4)
                  0.09    0.52   25.89 v _3844_/X (sky130_fd_sc_hd__or4b_4)
     1    0.01                           _1626_ (net)
                  0.09    0.00   25.89 v _3845_/A (sky130_fd_sc_hd__buf_12)
                  0.07    0.19   26.08 v _3845_/X (sky130_fd_sc_hd__buf_12)
     2    0.12                           net1026 (net)
                  0.08    0.02   26.10 v output1026/A (sky130_fd_sc_hd__buf_8)
                  0.04    0.16   26.25 v output1026/X (sky130_fd_sc_hd__buf_8)
     1    0.03                           out_code[1] (net)
                  0.04    0.00   26.25 v out_code[1] (out)
                                 26.25   data arrival time

                  0.00   40.00   40.00   clock __VIRTUAL_CLK__ (rise edge)
                          0.00   40.00   clock network delay (ideal)
                         -0.25   39.75   clock uncertainty
                          0.00   39.75   clock reconvergence pessimism
                         -8.00   31.75   output external delay
                                 31.75   data required time
-----------------------------------------------------------------------------
                                 31.75   data required time
                                -26.25   data arrival time
-----------------------------------------------------------------------------
                                  5.50   slack (MET)




===========================================================================
report_checks --slack_max -0.01
============================================================================
======================= Fastest Corner ===================================

No paths found.

======================= Slowest Corner ===================================

Startpoint: in_data[517] (input port clocked by __VIRTUAL_CLK__)
Endpoint: out_code[1] (output port clocked by __VIRTUAL_CLK__)
Path Group: __VIRTUAL_CLK__
Path Type: max
Corner: Slowest

Fanout     Cap    Slew   Delay    Time   Description
-----------------------------------------------------------------------------
                  0.00    0.00    0.00   clock __VIRTUAL_CLK__ (rise edge)
                          0.00    0.00   clock network delay (ideal)
                          8.00    8.00 ^ input external delay
                  0.09    0.06    8.06 ^ in_data[517] (in)
     1    0.01                           in_data[517] (net)
                  0.09    0.00    8.06 ^ input488/A (sky130_fd_sc_hd__buf_12)
                  0.34    0.35    8.41 ^ input488/X (sky130_fd_sc_hd__buf_12)
     4    0.19                           net488 (net)
                  0.38    0.10    8.51 ^ _3362_/B (sky130_fd_sc_hd__nor2_1)
                  0.09    0.19    8.69 v _3362_/Y (sky130_fd_sc_hd__nor2_1)
     1    0.00                           _1144_ (net)
                  0.09    0.00    8.69 v _3363_/B1 (sky130_fd_sc_hd__o21a_1)
                  0.07    0.21    8.91 v _3363_/X (sky130_fd_sc_hd__o21a_1)
     1    0.00                           _1145_ (net)
                  0.07    0.00    8.91 v _3365_/A3 (sky130_fd_sc_hd__o31a_1)
                  0.08    0.47    9.37 v _3365_/X (sky130_fd_sc_hd__o31a_1)
     1    0.00                           _1147_ (net)
                  0.08    0.00    9.37 v _3367_/A3 (sky130_fd_sc_hd__o31a_1)
                  0.10    0.50    9.88 v _3367_/X (sky130_fd_sc_hd__o31a_1)
     1    0.00                           _1149_ (net)
                  0.10    0.00    9.88 v _3369_/A3 (sky130_fd_sc_hd__o31a_1)
                  0.09    0.50   10.37 v _3369_/X (sky130_fd_sc_hd__o31a_1)
     1    0.00                           _1151_ (net)
                  0.09    0.00   10.37 v _3371_/A3 (sky130_fd_sc_hd__o31a_1)
                  0.08    0.48   10.85 v _3371_/X (sky130_fd_sc_hd__o31a_1)
     1    0.00                           _1153_ (net)
                  0.08    0.00   10.85 v _3372_/C (sky130_fd_sc_hd__or3_1)
                  0.14    0.75   11.61 v _3372_/X (sky130_fd_sc_hd__or3_1)
     1    0.00                           _1154_ (net)
                  0.14    0.00   11.61 v _3374_/A1 (sky130_fd_sc_hd__a211o_1)
                  0.09    0.55   12.15 v _3374_/X (sky130_fd_sc_hd__a211o_1)
     1    0.00                           _1156_ (net)
                  0.09    0.00   12.15 v _3376_/A1 (sky130_fd_sc_hd__a211o_1)
                  0.09    0.52   12.67 v _3376_/X (sky130_fd_sc_hd__a211o_1)
     1    0.00                           _1158_ (net)
                  0.09    0.00   12.67 v _3378_/A1 (sky130_fd_sc_hd__a211o_1)
                  0.09    0.52   13.19 v _3378_/X (sky130_fd_sc_hd__a211o_1)
     1    0.00                           _1160_ (net)
                  0.09    0.00   13.19 v _3380_/A1 (sky130_fd_sc_hd__a211o_1)
                  0.09    0.52   13.71 v _3380_/X (sky130_fd_sc_hd__a211o_1)
     1    0.00                           _1162_ (net)
                  0.09    0.00   13.71 v _3382_/A1 (sky130_fd_sc_hd__a211o_1)
                  0.09    0.52   14.23 v _3382_/X (sky130_fd_sc_hd__a211o_1)
     1    0.00                           _1164_ (net)
                  0.09    0.00   14.23 v _3384_/A1 (sky130_fd_sc_hd__a211o_1)
                  0.09    0.52   14.76 v _3384_/X (sky130_fd_sc_hd__a211o_1)
     1    0.00                           _1166_ (net)
                  0.09    0.00   14.76 v _3386_/A1 (sky130_fd_sc_hd__a211o_1)
                  0.09    0.52   15.28 v _3386_/X (sky130_fd_sc_hd__a211o_1)
     1    0.00                           _1168_ (net)
                  0.09    0.00   15.28 v _3388_/A1 (sky130_fd_sc_hd__a211o_1)
                  0.09    0.52   15.80 v _3388_/X (sky130_fd_sc_hd__a211o_1)
     1    0.00                           _1170_ (net)
                  0.09    0.00   15.80 v _3390_/A1 (sky130_fd_sc_hd__a211o_1)
                  0.09    0.52   16.31 v _3390_/X (sky130_fd_sc_hd__a211o_1)
     1    0.00                           _1172_ (net)
                  0.09    0.00   16.31 v _3392_/A1 (sky130_fd_sc_hd__a211o_1)
                  0.10    0.53   16.84 v _3392_/X (sky130_fd_sc_hd__a211o_1)
     1    0.00                           _1174_ (net)
                  0.10    0.00   16.84 v _3394_/A1 (sky130_fd_sc_hd__a211o_1)
                  0.09    0.53   17.37 v _3394_/X (sky130_fd_sc_hd__a211o_1)
     1    0.00                           _1176_ (net)
                  0.09    0.00   17.37 v _3396_/A1 (sky130_fd_sc_hd__a211o_1)
                  0.12    0.56   17.93 v _3396_/X (sky130_fd_sc_hd__a211o_1)
     1    0.01                           _1178_ (net)
                  0.12    0.00   17.93 v _3398_/A1 (sky130_fd_sc_hd__a211o_1)
                  0.09    0.53   18.46 v _3398_/X (sky130_fd_sc_hd__a211o_1)
     1    0.00                           _1180_ (net)
                  0.09    0.00   18.46 v _3400_/A1 (sky130_fd_sc_hd__a211o_1)
                  0.09    0.52   18.98 v _3400_/X (sky130_fd_sc_hd__a211o_1)
     1    0.00                           _1182_ (net)
                  0.09    0.00   18.98 v _3402_/A1 (sky130_fd_sc_hd__a211o_1)
                  0.12    0.56   19.54 v _3402_/X (sky130_fd_sc_hd__a211o_1)
     1    0.01                           _1184_ (net)
                  0.12    0.00   19.54 v _3404_/A1 (sky130_fd_sc_hd__a211o_1)
                  0.10    0.54   20.08 v _3404_/X (sky130_fd_sc_hd__a211o_1)
     1    0.00                           _1186_ (net)
                  0.10    0.00   20.08 v _3406_/A1 (sky130_fd_sc_hd__a211o_1)
                  0.09    0.51   20.60 v _3406_/X (sky130_fd_sc_hd__a211o_1)
     1    0.00                           _1188_ (net)
                  0.09    0.00   20.60 v _3408_/A1 (sky130_fd_sc_hd__a211o_1)
                  0.13    0.57   21.17 v _3408_/X (sky130_fd_sc_hd__a211o_1)
     1    0.01                           _1190_ (net)
                  0.13    0.00   21.17 v _3410_/A1 (sky130_fd_sc_hd__a211o_1)
                  0.10    0.55   21.71 v _3410_/X (sky130_fd_sc_hd__a211o_1)
     1    0.00                           _1192_ (net)
                  0.10    0.00   21.71 v _3411_/C_N (sky130_fd_sc_hd__or3b_1)
                  0.07    0.32   22.04 ^ _3411_/X (sky130_fd_sc_hd__or3b_1)
     1    0.00                           _1193_ (net)
                  0.07    0.00   22.04 ^ _3413_/A1 (sky130_fd_sc_hd__a211o_1)
                  0.07    0.23   22.27 ^ _3413_/X (sky130_fd_sc_hd__a211o_1)
     1    0.00                           _1195_ (net)
                  0.07    0.00   22.27 ^ _3414_/C_N (sky130_fd_sc_hd__or3b_4)
                  0.11    0.75   23.02 v _3414_/X (sky130_fd_sc_hd__or3b_4)
     1    0.00                           _1196_ (net)
                  0.11    0.00   23.02 v _3415_/A1 (sky130_fd_sc_hd__a211o_1)
                  0.10    0.55   23.56 v _3415_/X (sky130_fd_sc_hd__a211o_1)
     1    0.00                           _1197_ (net)
                  0.10    0.00   23.56 v _3417_/A1 (sky130_fd_sc_hd__a211o_1)
                  0.09    0.52   24.08 v _3417_/X (sky130_fd_sc_hd__a211o_1)
     1    0.00                           _1199_ (net)
                  0.09    0.00   24.08 v _3418_/C_N (sky130_fd_sc_hd__or3b_1)
                  0.07    0.32   24.40 ^ _3418_/X (sky130_fd_sc_hd__or3b_1)
     1    0.00                           _1200_ (net)
                  0.07    0.00   24.40 ^ _3420_/A1 (sky130_fd_sc_hd__a211o_1)
                  0.07    0.23   24.63 ^ _3420_/X (sky130_fd_sc_hd__a211o_1)
     1    0.00                           _1202_ (net)
                  0.07    0.00   24.63 ^ _3421_/C_N (sky130_fd_sc_hd__or3b_4)
                  0.12    0.77   25.39 v _3421_/X (sky130_fd_sc_hd__or3b_4)
     1    0.01                           _1203_ (net)
                  0.12    0.00   25.39 v _3423_/A1 (sky130_fd_sc_hd__a211o_1)
                  0.09    0.53   25.92 v _3423_/X (sky130_fd_sc_hd__a211o_1)
     1    0.00                           _1205_ (net)
                  0.09    0.00   25.92 v _3425_/A1 (sky130_fd_sc_hd__a211o_1)
                  0.09    0.52   26.44 v _3425_/X (sky130_fd_sc_hd__a211o_1)
     1    0.00                           _1207_ (net)
                  0.09    0.00   26.44 v _3427_/A1 (sky130_fd_sc_hd__a211o_1)
                  0.09    0.53   26.97 v _3427_/X (sky130_fd_sc_hd__a211o_1)
     1    0.00                           _1209_ (net)
                  0.09    0.00   26.97 v _3429_/A1 (sky130_fd_sc_hd__a211o_1)
                  0.09    0.52   27.49 v _3429_/X (sky130_fd_sc_hd__a211o_1)
     1    0.00                           _1211_ (net)
                  0.09    0.00   27.49 v _3431_/A1 (sky130_fd_sc_hd__a211o_1)
                  0.10    0.53   28.02 v _3431_/X (sky130_fd_sc_hd__a211o_1)
     1    0.00                           _1213_ (net)
                  0.10    0.00   28.02 v _3432_/C_N (sky130_fd_sc_hd__or3b_1)
                  0.08    0.34   28.36 ^ _3432_/X (sky130_fd_sc_hd__or3b_1)
     1    0.00                           _1214_ (net)
                  0.08    0.00   28.36 ^ _3434_/A1 (sky130_fd_sc_hd__a211oi_1)
                  0.12    0.15   28.51 v _3434_/Y (sky130_fd_sc_hd__a211oi_1)
     1    0.00                           _1216_ (net)
                  0.12    0.00   28.51 v _3435_/A3 (sky130_fd_sc_hd__o31a_1)
                  0.10    0.51   29.02 v _3435_/X (sky130_fd_sc_hd__o31a_1)
     1    0.00                           _1217_ (net)
                  0.10    0.00   29.02 v _3437_/A3 (sky130_fd_sc_hd__o31a_1)
                  0.09    0.49   29.51 v _3437_/X (sky130_fd_sc_hd__o31a_1)
     1    0.00                           _1219_ (net)
                  0.09    0.00   29.51 v _3439_/A3 (sky130_fd_sc_hd__o31a_1)
                  0.09    0.48   30.00 v _3439_/X (sky130_fd_sc_hd__o31a_1)
     1    0.00                           _1221_ (net)
                  0.09    0.00   30.00 v _3441_/A3 (sky130_fd_sc_hd__o31a_1)
                  0.09    0.49   30.49 v _3441_/X (sky130_fd_sc_hd__o31a_1)
     1    0.00                           _1223_ (net)
                  0.09    0.00   30.49 v _3443_/A3 (sky130_fd_sc_hd__o31a_1)
                  0.09    0.49   30.98 v _3443_/X (sky130_fd_sc_hd__o31a_1)
     1    0.00                           _1225_ (net)
                  0.09    0.00   30.98 v _3445_/A3 (sky130_fd_sc_hd__o31a_1)
                  0.09    0.48   31.46 v _3445_/X (sky130_fd_sc_hd__o31a_1)
     1    0.00                           _1227_ (net)
                  0.09    0.00   31.46 v _3447_/A3 (sky130_fd_sc_hd__o31a_1)
                  0.10    0.51   31.97 v _3447_/X (sky130_fd_sc_hd__o31a_1)
     1    0.00                           _1229_ (net)
                  0.10    0.00   31.97 v _3449_/A3 (sky130_fd_sc_hd__o31ai_2)
                  0.34    0.36   32.33 ^ _3449_/Y (sky130_fd_sc_hd__o31ai_2)
     1    0.01                           _1231_ (net)
                  0.34    0.00   32.33 ^ _3451_/A1 (sky130_fd_sc_hd__a211oi_2)
                  0.12    0.24   32.57 v _3451_/Y (sky130_fd_sc_hd__a211oi_2)
     1    0.00                           _1233_ (net)
                  0.12    0.00   32.57 v _3453_/A3 (sky130_fd_sc_hd__o31a_1)
                  0.08    0.49   33.06 v _3453_/X (sky130_fd_sc_hd__o31a_1)
     1    0.00                           _1235_ (net)
                  0.08    0.00   33.06 v _3454_/C (sky130_fd_sc_hd__or3_4)
                  0.11    0.67   33.73 v _3454_/X (sky130_fd_sc_hd__or3_4)
     1    0.00                           _1236_ (net)
                  0.11    0.00   33.73 v _3456_/A1 (sky130_fd_sc_hd__a211o_1)
                  0.09    0.53   34.26 v _3456_/X (sky130_fd_sc_hd__a211o_1)
     1    0.00                           _1238_ (net)
                  0.09    0.00   34.26 v _3458_/A1 (sky130_fd_sc_hd__a211o_1)
                  0.09    0.52   34.78 v _3458_/X (sky130_fd_sc_hd__a211o_1)
     1    0.00                           _1240_ (net)
                  0.09    0.00   34.78 v _3460_/A1 (sky130_fd_sc_hd__a211o_1)
                  0.09    0.52   35.30 v _3460_/X (sky130_fd_sc_hd__a211o_1)
     1    0.00                           _1242_ (net)
                  0.09    0.00   35.30 v _3462_/A1 (sky130_fd_sc_hd__a211o_1)
                  0.09    0.52   35.82 v _3462_/X (sky130_fd_sc_hd__a211o_1)
     1    0.00                           _1244_ (net)
                  0.09    0.00   35.82 v _3464_/A1 (sky130_fd_sc_hd__a211o_1)
                  0.10    0.53   36.35 v _3464_/X (sky130_fd_sc_hd__a211o_1)
     1    0.00                           _1246_ (net)
                  0.10    0.00   36.35 v _3466_/A1 (sky130_fd_sc_hd__a211o_1)
                  0.10    0.54   36.89 v _3466_/X (sky130_fd_sc_hd__a211o_1)
     1    0.00                           _1248_ (net)
                  0.10    0.00   36.89 v _3468_/A1 (sky130_fd_sc_hd__a211o_1)
                  0.11    0.55   37.44 v _3468_/X (sky130_fd_sc_hd__a211o_1)
     1    0.01                           _1250_ (net)
                  0.11    0.00   37.44 v _3470_/A1 (sky130_fd_sc_hd__a211o_1)
                  0.09    0.52   37.96 v _3470_/X (sky130_fd_sc_hd__a211o_1)
     1    0.00                           _1252_ (net)
                  0.09    0.00   37.96 v _3472_/A1 (sky130_fd_sc_hd__a211o_1)
                  0.10    0.53   38.49 v _3472_/X (sky130_fd_sc_hd__a211o_1)
     1    0.00                           _1254_ (net)
                  0.10    0.00   38.49 v _3474_/A1 (sky130_fd_sc_hd__a211o_1)
                  0.10    0.54   39.03 v _3474_/X (sky130_fd_sc_hd__a211o_1)
     1    0.00                           _1256_ (net)
                  0.10    0.00   39.03 v _3476_/A1 (sky130_fd_sc_hd__a211o_1)
                  0.09    0.52   39.55 v _3476_/X (sky130_fd_sc_hd__a211o_1)
     1    0.00                           _1258_ (net)
                  0.09    0.00   39.55 v _3477_/C_N (sky130_fd_sc_hd__or3b_1)
                  0.08    0.33   39.88 ^ _3477_/X (sky130_fd_sc_hd__or3b_1)
     1    0.00                           _1259_ (net)
                  0.08    0.00   39.88 ^ _3479_/A1 (sky130_fd_sc_hd__a211oi_1)
                  0.11    0.14   40.02 v _3479_/Y (sky130_fd_sc_hd__a211oi_1)
     1    0.00                           _1261_ (net)
                  0.11    0.00   40.02 v _3481_/A3 (sky130_fd_sc_hd__o31a_1)
                  0.10    0.51   40.53 v _3481_/X (sky130_fd_sc_hd__o31a_1)
     1    0.00                           _1263_ (net)
                  0.10    0.00   40.53 v _3483_/A3 (sky130_fd_sc_hd__o31a_1)
                  0.09    0.49   41.01 v _3483_/X (sky130_fd_sc_hd__o31a_1)
     1    0.00                           _1265_ (net)
                  0.09    0.00   41.01 v _3485_/A3 (sky130_fd_sc_hd__o31a_1)
                  0.09    0.48   41.49 v _3485_/X (sky130_fd_sc_hd__o31a_1)
     1    0.00                           _1267_ (net)
                  0.09    0.00   41.49 v _3719_/A3 (sky130_fd_sc_hd__o311a_1)
                  0.12    0.61   42.10 v _3719_/X (sky130_fd_sc_hd__o311a_1)
     1    0.01                           _1501_ (net)
                  0.12    0.00   42.10 v _3844_/C (sky130_fd_sc_hd__or4b_4)
                  0.17    1.05   43.16 v _3844_/X (sky130_fd_sc_hd__or4b_4)
     1    0.01                           _1626_ (net)
                  0.17    0.00   43.16 v _3845_/A (sky130_fd_sc_hd__buf_12)
                  0.12    0.36   43.51 v _3845_/X (sky130_fd_sc_hd__buf_12)
     2    0.12                           net1026 (net)
                  0.12    0.02   43.53 v output1026/A (sky130_fd_sc_hd__buf_8)
                  0.07    0.28   43.81 v output1026/X (sky130_fd_sc_hd__buf_8)
     1    0.03                           out_code[1] (net)
                  0.07    0.00   43.81 v out_code[1] (out)
                                 43.81   data arrival time

                  0.00   40.00   40.00   clock __VIRTUAL_CLK__ (rise edge)
                          0.00   40.00   clock network delay (ideal)
                         -0.25   39.75   clock uncertainty
                          0.00   39.75   clock reconvergence pessimism
                         -8.00   31.75   output external delay
                                 31.75   data required time
-----------------------------------------------------------------------------
                                 31.75   data required time
                                -43.81   data arrival time
-----------------------------------------------------------------------------
                                -12.06   slack (VIOLATED)



======================= Typical Corner ===================================

No paths found.


===========================================================================
 report_check_types -max_slew -max_cap -max_fanout -violators
============================================================================
======================= Fastest Corner ===================================

max fanout

Pin                                   Limit Fanout  Slack
---------------------------------------------------------
input24/X                                 6     26    -20 (VIOLATED)
input92/X                                 6     26    -20 (VIOLATED)
input384/X                                6     22    -16 (VIOLATED)
_4405_/X                                  6     21    -15 (VIOLATED)
_4444_/Y                                  6     21    -15 (VIOLATED)
_4443_/X                                  6     18    -12 (VIOLATED)
input481/X                                6     12     -6 (VIOLATED)
input75/X                                 6     12     -6 (VIOLATED)
input237/X                                6     10     -4 (VIOLATED)
input547/X                                6     10     -4 (VIOLATED)
input576/X                                6     10     -4 (VIOLATED)
input102/X                                6      8     -2 (VIOLATED)
input135/X                                6      8     -2 (VIOLATED)
input189/X                                6      8     -2 (VIOLATED)
input23/X                                 6      8     -2 (VIOLATED)
input249/X                                6      8     -2 (VIOLATED)
input210/X                                6      7        (VIOLATED)
input606/X                                6      7        (VIOLATED)
input766/X                                6      7        (VIOLATED)


======================= Slowest Corner ===================================

max slew

Pin                                    Limit    Slew   Slack
------------------------------------------------------------
ANTENNA_133/DIODE                       0.75    1.17   -0.42 (VIOLATED)
ANTENNA_130/DIODE                       0.75    1.17   -0.42 (VIOLATED)
ANTENNA_131/DIODE                       0.75    1.17   -0.42 (VIOLATED)
ANTENNA_134/DIODE                       0.75    1.17   -0.42 (VIOLATED)
ANTENNA_132/DIODE                       0.75    1.17   -0.42 (VIOLATED)
output1035/A                            0.75    1.17   -0.42 (VIOLATED)
ANTENNA_125/DIODE                       0.75    1.17   -0.42 (VIOLATED)
ANTENNA_126/DIODE                       0.75    1.17   -0.42 (VIOLATED)
ANTENNA_127/DIODE                       0.75    1.17   -0.42 (VIOLATED)
ANTENNA_128/DIODE                       0.75    1.17   -0.42 (VIOLATED)
ANTENNA_129/DIODE                       0.75    1.17   -0.42 (VIOLATED)
ANTENNA_123/DIODE                       0.75    1.16   -0.41 (VIOLATED)
ANTENNA_115/DIODE                       0.75    1.16   -0.41 (VIOLATED)
ANTENNA_116/DIODE                       0.75    1.16   -0.41 (VIOLATED)
ANTENNA_117/DIODE                       0.75    1.16   -0.41 (VIOLATED)
ANTENNA_118/DIODE                       0.75    1.16   -0.41 (VIOLATED)
ANTENNA_119/DIODE                       0.75    1.16   -0.41 (VIOLATED)
ANTENNA_120/DIODE                       0.75    1.16   -0.41 (VIOLATED)
ANTENNA_121/DIODE                       0.75    1.16   -0.41 (VIOLATED)
ANTENNA_122/DIODE                       0.75    1.16   -0.41 (VIOLATED)
ANTENNA_124/DIODE                       0.75    1.16   -0.41 (VIOLATED)
_4444_/Y                                0.75    1.16   -0.41 (VIOLATED)
ANTENNA_76/DIODE                        0.75    0.79   -0.04 (VIOLATED)
output1025/A                            0.75    0.79   -0.04 (VIOLATED)
_3361_/Y                                0.75    0.79   -0.04 (VIOLATED)
_4327_/Y                                0.75    0.78   -0.03 (VIOLATED)
_4331_/A1                               0.75    0.78   -0.03 (VIOLATED)
_3888_/Y                                0.75    0.78   -0.03 (VIOLATED)
_3889_/B1                               0.75    0.78   -0.03 (VIOLATED)
max_cap1073/A                           0.75    0.78   -0.03 (VIOLATED)

max fanout

Pin                                   Limit Fanout  Slack
---------------------------------------------------------
input24/X                                 6     26    -20 (VIOLATED)
input92/X                                 6     26    -20 (VIOLATED)
input384/X                                6     22    -16 (VIOLATED)
_4405_/X                                  6     21    -15 (VIOLATED)
_4444_/Y                                  6     21    -15 (VIOLATED)
_4443_/X                                  6     18    -12 (VIOLATED)
input481/X                                6     12     -6 (VIOLATED)
input75/X                                 6     12     -6 (VIOLATED)
input237/X                                6     10     -4 (VIOLATED)
input547/X                                6     10     -4 (VIOLATED)
input576/X                                6     10     -4 (VIOLATED)
input102/X                                6      8     -2 (VIOLATED)
input135/X                                6      8     -2 (VIOLATED)
input189/X                                6      8     -2 (VIOLATED)
input23/X                                 6      8     -2 (VIOLATED)
input249/X                                6      8     -2 (VIOLATED)
input210/X                                6      7        (VIOLATED)
input606/X                                6      7        (VIOLATED)
input766/X                                6      7        (VIOLATED)


======================= Typical Corner ===================================

max fanout

Pin                                   Limit Fanout  Slack
---------------------------------------------------------
input24/X                                 6     26    -20 (VIOLATED)
input92/X                                 6     26    -20 (VIOLATED)
input384/X                                6     22    -16 (VIOLATED)
_4405_/X                                  6     21    -15 (VIOLATED)
_4444_/Y                                  6     21    -15 (VIOLATED)
_4443_/X                                  6     18    -12 (VIOLATED)
input481/X                                6     12     -6 (VIOLATED)
input75/X                                 6     12     -6 (VIOLATED)
input237/X                                6     10     -4 (VIOLATED)
input547/X                                6     10     -4 (VIOLATED)
input576/X                                6     10     -4 (VIOLATED)
input102/X                                6      8     -2 (VIOLATED)
input135/X                                6      8     -2 (VIOLATED)
input189/X                                6      8     -2 (VIOLATED)
input23/X                                 6      8     -2 (VIOLATED)
input249/X                                6      8     -2 (VIOLATED)
input210/X                                6      7        (VIOLATED)
input606/X                                6      7        (VIOLATED)
input766/X                                6      7        (VIOLATED)



===========================================================================
report_parasitic_annotation -report_unannotated
============================================================================
Found 0 unannotated drivers.
Found 0 partially unannotated drivers.

===========================================================================
max slew violation count 30
max fanout violation count 19
max cap violation count 0
============================================================================

===========================================================================
check_setup -verbose -unconstrained_endpoints -multiple_clock -no_clock -no_input_delay -loops -generated_clocks
===========================================================================
