
===========================================================================
report_checks -unconstrained
===========================================================================
======================= Typical Corner ===================================

Startpoint: in_data[517] (input port clocked by __VIRTUAL_CLK__)
Endpoint: out_code[1] (output port clocked by __VIRTUAL_CLK__)
Path Group: __VIRTUAL_CLK__
Path Type: max

Fanout     Cap    Slew   Delay    Time   Description
-----------------------------------------------------------------------------
                  0.00    0.00    0.00   clock __VIRTUAL_CLK__ (rise edge)
                          0.00    0.00   clock network delay (ideal)
                          8.00    8.00 ^ input external delay
                  0.06    0.04    8.04 ^ in_data[517] (in)
     1    0.01                           in_data[517] (net)
                  0.06    0.00    8.04 ^ input488/A (sky130_fd_sc_hd__buf_12)
                  0.23    0.19    8.23 ^ input488/X (sky130_fd_sc_hd__buf_12)
     4    0.21                           net488 (net)
                  0.33    0.13    8.36 ^ _3362_/B (sky130_fd_sc_hd__nor2_1)
                  0.07    0.08    8.44 v _3362_/Y (sky130_fd_sc_hd__nor2_1)
     1    0.00                           _1144_ (net)
                  0.07    0.00    8.44 v _3363_/B1 (sky130_fd_sc_hd__o21a_1)
                  0.04    0.12    8.56 v _3363_/X (sky130_fd_sc_hd__o21a_1)
     1    0.00                           _1145_ (net)
                  0.04    0.00    8.56 v _3365_/A3 (sky130_fd_sc_hd__o31a_1)
                  0.05    0.24    8.80 v _3365_/X (sky130_fd_sc_hd__o31a_1)
     1    0.00                           _1147_ (net)
                  0.05    0.00    8.80 v _3367_/A3 (sky130_fd_sc_hd__o31a_1)
                  0.06    0.26    9.05 v _3367_/X (sky130_fd_sc_hd__o31a_1)
     1    0.00                           _1149_ (net)
                  0.06    0.00    9.05 v _3369_/A3 (sky130_fd_sc_hd__o31a_1)
                  0.05    0.25    9.31 v _3369_/X (sky130_fd_sc_hd__o31a_1)
     1    0.00                           _1151_ (net)
                  0.05    0.00    9.31 v _3371_/A3 (sky130_fd_sc_hd__o31a_1)
                  0.05    0.25    9.55 v _3371_/X (sky130_fd_sc_hd__o31a_1)
     1    0.00                           _1153_ (net)
                  0.05    0.00    9.55 v _3372_/C (sky130_fd_sc_hd__or3_1)
                  0.07    0.32    9.87 v _3372_/X (sky130_fd_sc_hd__or3_1)
     1    0.00                           _1154_ (net)
                  0.07    0.00    9.87 v _3374_/A1 (sky130_fd_sc_hd__a211o_1)
                  0.05    0.27   10.15 v _3374_/X (sky130_fd_sc_hd__a211o_1)
     1    0.00                           _1156_ (net)
                  0.05    0.00   10.15 v _3376_/A1 (sky130_fd_sc_hd__a211o_1)
                  0.05    0.27   10.41 v _3376_/X (sky130_fd_sc_hd__a211o_1)
     1    0.00                           _1158_ (net)
                  0.05    0.00   10.41 v _3378_/A1 (sky130_fd_sc_hd__a211o_1)
                  0.05    0.27   10.68 v _3378_/X (sky130_fd_sc_hd__a211o_1)
     1    0.00                           _1160_ (net)
                  0.05    0.00   10.68 v _3380_/A1 (sky130_fd_sc_hd__a211o_1)
                  0.05    0.27   10.95 v _3380_/X (sky130_fd_sc_hd__a211o_1)
     1    0.00                           _1162_ (net)
                  0.05    0.00   10.95 v _3382_/A1 (sky130_fd_sc_hd__a211o_1)
                  0.05    0.27   11.22 v _3382_/X (sky130_fd_sc_hd__a211o_1)
     1    0.00                           _1164_ (net)
                  0.05    0.00   11.22 v _3384_/A1 (sky130_fd_sc_hd__a211o_1)
                  0.05    0.27   11.48 v _3384_/X (sky130_fd_sc_hd__a211o_1)
     1    0.00                           _1166_ (net)
                  0.05    0.00   11.48 v _3386_/A1 (sky130_fd_sc_hd__a211o_1)
                  0.05    0.27   11.75 v _3386_/X (sky130_fd_sc_hd__a211o_1)
     1    0.00                           _1168_ (net)
                  0.05    0.00   11.75 v _3388_/A1 (sky130_fd_sc_hd__a211o_1)
                  0.05    0.27   12.02 v _3388_/X (sky130_fd_sc_hd__a211o_1)
     1    0.00                           _1170_ (net)
                  0.05    0.00   12.02 v _3390_/A1 (sky130_fd_sc_hd__a211o_1)
                  0.05    0.26   12.28 v _3390_/X (sky130_fd_sc_hd__a211o_1)
     1    0.00                           _1172_ (net)
                  0.05    0.00   12.28 v _3392_/A1 (sky130_fd_sc_hd__a211o_1)
                  0.05    0.27   12.55 v _3392_/X (sky130_fd_sc_hd__a211o_1)
     1    0.00                           _1174_ (net)
                  0.05    0.00   12.55 v _3394_/A1 (sky130_fd_sc_hd__a211o_1)
                  0.05    0.27   12.82 v _3394_/X (sky130_fd_sc_hd__a211o_1)
     1    0.00                           _1176_ (net)
                  0.05    0.00   12.82 v _3396_/A1 (sky130_fd_sc_hd__a211o_1)
                  0.07    0.29   13.12 v _3396_/X (sky130_fd_sc_hd__a211o_1)
     1    0.01                           _1178_ (net)
                  0.07    0.00   13.12 v _3398_/A1 (sky130_fd_sc_hd__a211o_1)
                  0.05    0.27   13.39 v _3398_/X (sky130_fd_sc_hd__a211o_1)
     1    0.00                           _1180_ (net)
                  0.05    0.00   13.39 v _3400_/A1 (sky130_fd_sc_hd__a211o_1)
                  0.05    0.27   13.66 v _3400_/X (sky130_fd_sc_hd__a211o_1)
     1    0.00                           _1182_ (net)
                  0.05    0.00   13.66 v _3402_/A1 (sky130_fd_sc_hd__a211o_1)
                  0.07    0.29   13.95 v _3402_/X (sky130_fd_sc_hd__a211o_1)
     1    0.01                           _1184_ (net)
                  0.07    0.00   13.95 v _3404_/A1 (sky130_fd_sc_hd__a211o_1)
                  0.05    0.28   14.23 v _3404_/X (sky130_fd_sc_hd__a211o_1)
     1    0.00                           _1186_ (net)
                  0.05    0.00   14.23 v _3406_/A1 (sky130_fd_sc_hd__a211o_1)
                  0.05    0.26   14.49 v _3406_/X (sky130_fd_sc_hd__a211o_1)
     1    0.00                           _1188_ (net)
                  0.05    0.00   14.49 v _3408_/A1 (sky130_fd_sc_hd__a211o_1)
                  0.07    0.30   14.79 v _3408_/X (sky130_fd_sc_hd__a211o_1)
     1    0.01                           _1190_ (net)
                  0.07    0.00   14.79 v _3410_/A1 (sky130_fd_sc_hd__a211o_1)
                  0.05    0.28   15.07 v _3410_/X (sky130_fd_sc_hd__a211o_1)
     1    0.00                           _1192_ (net)
                  0.05    0.00   15.07 v _3411_/C_N (sky130_fd_sc_hd__or3b_1)
                  0.05    0.17   15.24 ^ _3411_/X (sky130_fd_sc_hd__or3b_1)
     1    0.00                           _1193_ (net)
                  0.05    0.00   15.24 ^ _3413_/A1 (sky130_fd_sc_hd__a211o_1)
                  0.04    0.11   15.35 ^ _3413_/X (sky130_fd_sc_hd__a211o_1)
     1    0.00                           _1195_ (net)
                  0.04    0.00   15.35 ^ _3414_/C_N (sky130_fd_sc_hd__or3b_4)
                  0.06    0.38   15.73 v _3414_/X (sky130_fd_sc_hd__or3b_4)
     1    0.00                           _1196_ (net)
                  0.06    0.00   15.73 v _3415_/A1 (sky130_fd_sc_hd__a211o_1)
                  0.06    0.28   16.01 v _3415_/X (sky130_fd_sc_hd__a211o_1)
     1    0.00                           _1197_ (net)
                  0.06    0.00   16.01 v _3417_/A1 (sky130_fd_sc_hd__a211o_1)
                  0.05    0.27   16.28 v _3417_/X (sky130_fd_sc_hd__a211o_1)
     1    0.00                           _1199_ (net)
                  0.05    0.00   16.28 v _3418_/C_N (sky130_fd_sc_hd__or3b_1)
                  0.04    0.16   16.44 ^ _3418_/X (sky130_fd_sc_hd__or3b_1)
     1    0.00                           _1200_ (net)
                  0.04    0.00   16.44 ^ _3420_/A1 (sky130_fd_sc_hd__a211o_1)
                  0.04    0.11   16.55 ^ _3420_/X (sky130_fd_sc_hd__a211o_1)
     1    0.00                           _1202_ (net)
                  0.04    0.00   16.55 ^ _3421_/C_N (sky130_fd_sc_hd__or3b_4)
                  0.07    0.39   16.94 v _3421_/X (sky130_fd_sc_hd__or3b_4)
     1    0.01                           _1203_ (net)
                  0.07    0.00   16.94 v _3423_/A1 (sky130_fd_sc_hd__a211o_1)
                  0.05    0.27   17.21 v _3423_/X (sky130_fd_sc_hd__a211o_1)
     1    0.00                           _1205_ (net)
                  0.05    0.00   17.21 v _3425_/A1 (sky130_fd_sc_hd__a211o_1)
                  0.05    0.26   17.48 v _3425_/X (sky130_fd_sc_hd__a211o_1)
     1    0.00                           _1207_ (net)
                  0.05    0.00   17.48 v _3427_/A1 (sky130_fd_sc_hd__a211o_1)
                  0.05    0.27   17.75 v _3427_/X (sky130_fd_sc_hd__a211o_1)
     1    0.00                           _1209_ (net)
                  0.05    0.00   17.75 v _3429_/A1 (sky130_fd_sc_hd__a211o_1)
                  0.05    0.27   18.01 v _3429_/X (sky130_fd_sc_hd__a211o_1)
     1    0.00                           _1211_ (net)
                  0.05    0.00   18.01 v _3431_/A1 (sky130_fd_sc_hd__a211o_1)
                  0.06    0.27   18.29 v _3431_/X (sky130_fd_sc_hd__a211o_1)
     1    0.00                           _1213_ (net)
                  0.06    0.00   18.29 v _3432_/C_N (sky130_fd_sc_hd__or3b_1)
                  0.06    0.18   18.47 ^ _3432_/X (sky130_fd_sc_hd__or3b_1)
     1    0.00                           _1214_ (net)
                  0.06    0.00   18.47 ^ _3434_/A1 (sky130_fd_sc_hd__a211oi_1)
                  0.09    0.07   18.54 v _3434_/Y (sky130_fd_sc_hd__a211oi_1)
     1    0.00                           _1216_ (net)
                  0.09    0.00   18.54 v _3435_/A3 (sky130_fd_sc_hd__o31a_1)
                  0.05    0.27   18.81 v _3435_/X (sky130_fd_sc_hd__o31a_1)
     1    0.00                           _1217_ (net)
                  0.05    0.00   18.81 v _3437_/A3 (sky130_fd_sc_hd__o31a_1)
                  0.05    0.25   19.06 v _3437_/X (sky130_fd_sc_hd__o31a_1)
     1    0.00                           _1219_ (net)
                  0.05    0.00   19.06 v _3439_/A3 (sky130_fd_sc_hd__o31a_1)
                  0.05    0.25   19.31 v _3439_/X (sky130_fd_sc_hd__o31a_1)
     1    0.00                           _1221_ (net)
                  0.05    0.00   19.31 v _3441_/A3 (sky130_fd_sc_hd__o31a_1)
                  0.05    0.25   19.56 v _3441_/X (sky130_fd_sc_hd__o31a_1)
     1    0.00                           _1223_ (net)
                  0.05    0.00   19.56 v _3443_/A3 (sky130_fd_sc_hd__o31a_1)
                  0.05    0.25   19.81 v _3443_/X (sky130_fd_sc_hd__o31a_1)
     1    0.00                           _1225_ (net)
                  0.05    0.00   19.81 v _3445_/A3 (sky130_fd_sc_hd__o31a_1)
                  0.05    0.25   20.05 v _3445_/X (sky130_fd_sc_hd__o31a_1)
     1    0.00                           _1227_ (net)
                  0.05    0.00   20.05 v _3447_/A3 (sky130_fd_sc_hd__o31a_1)
                  0.06    0.26   20.31 v _3447_/X (sky130_fd_sc_hd__o31a_1)
     1    0.00                           _1229_ (net)
                  0.06    0.00   20.31 v _3449_/A3 (sky130_fd_sc_hd__o31ai_2)
                  0.21    0.22   20.53 ^ _3449_/Y (sky130_fd_sc_hd__o31ai_2)
     1    0.01                           _1231_ (net)
                  0.21    0.00   20.53 ^ _3451_/A1 (sky130_fd_sc_hd__a211oi_2)
                  0.08    0.11   20.63 v _3451_/Y (sky130_fd_sc_hd__a211oi_2)
     1    0.00                           _1233_ (net)
                  0.08    0.00   20.64 v _3453_/A3 (sky130_fd_sc_hd__o31a_1)
                  0.05    0.25   20.89 v _3453_/X (sky130_fd_sc_hd__o31a_1)
     1    0.00                           _1235_ (net)
                  0.05    0.00   20.89 v _3454_/C (sky130_fd_sc_hd__or3_4)
                  0.06    0.33   21.22 v _3454_/X (sky130_fd_sc_hd__or3_4)
     1    0.00                           _1236_ (net)
                  0.06    0.00   21.22 v _3456_/A1 (sky130_fd_sc_hd__a211o_1)
                  0.05    0.27   21.49 v _3456_/X (sky130_fd_sc_hd__a211o_1)
     1    0.00                           _1238_ (net)
                  0.05    0.00   21.49 v _3458_/A1 (sky130_fd_sc_hd__a211o_1)
                  0.05    0.27   21.76 v _3458_/X (sky130_fd_sc_hd__a211o_1)
     1    0.00                           _1240_ (net)
                  0.05    0.00   21.76 v _3460_/A1 (sky130_fd_sc_hd__a211o_1)
                  0.05    0.27   22.03 v _3460_/X (sky130_fd_sc_hd__a211o_1)
     1    0.00                           _1242_ (net)
                  0.05    0.00   22.03 v _3462_/A1 (sky130_fd_sc_hd__a211o_1)
                  0.05    0.27   22.30 v _3462_/X (sky130_fd_sc_hd__a211o_1)
     1    0.00                           _1244_ (net)
                  0.05    0.00   22.30 v _3464_/A1 (sky130_fd_sc_hd__a211o_1)
                  0.05    0.27   22.57 v _3464_/X (sky130_fd_sc_hd__a211o_1)
     1    0.00                           _1246_ (net)
                  0.05    0.00   22.57 v _3466_/A1 (sky130_fd_sc_hd__a211o_1)
                  0.06    0.28   22.84 v _3466_/X (sky130_fd_sc_hd__a211o_1)
     1    0.00                           _1248_ (net)
                  0.06    0.00   22.84 v _3468_/A1 (sky130_fd_sc_hd__a211o_1)
                  0.06    0.28   23.13 v _3468_/X (sky130_fd_sc_hd__a211o_1)
     1    0.01                           _1250_ (net)
                  0.06    0.00   23.13 v _3470_/A1 (sky130_fd_sc_hd__a211o_1)
                  0.05    0.26   23.39 v _3470_/X (sky130_fd_sc_hd__a211o_1)
     1    0.00                           _1252_ (net)
                  0.05    0.00   23.39 v _3472_/A1 (sky130_fd_sc_hd__a211o_1)
                  0.06    0.27   23.67 v _3472_/X (sky130_fd_sc_hd__a211o_1)
     1    0.00                           _1254_ (net)
                  0.06    0.00   23.67 v _3474_/A1 (sky130_fd_sc_hd__a211o_1)
                  0.06    0.28   23.94 v _3474_/X (sky130_fd_sc_hd__a211o_1)
     1    0.00                           _1256_ (net)
                  0.06    0.00   23.94 v _3476_/A1 (sky130_fd_sc_hd__a211o_1)
                  0.05    0.27   24.21 v _3476_/X (sky130_fd_sc_hd__a211o_1)
     1    0.00                           _1258_ (net)
                  0.05    0.00   24.21 v _3477_/C_N (sky130_fd_sc_hd__or3b_1)
                  0.05    0.17   24.38 ^ _3477_/X (sky130_fd_sc_hd__or3b_1)
     1    0.00                           _1259_ (net)
                  0.05    0.00   24.38 ^ _3479_/A1 (sky130_fd_sc_hd__a211oi_1)
                  0.08    0.07   24.45 v _3479_/Y (sky130_fd_sc_hd__a211oi_1)
     1    0.00                           _1261_ (net)
                  0.08    0.00   24.45 v _3481_/A3 (sky130_fd_sc_hd__o31a_1)
                  0.05    0.27   24.71 v _3481_/X (sky130_fd_sc_hd__o31a_1)
     1    0.00                           _1263_ (net)
                  0.05    0.00   24.71 v _3483_/A3 (sky130_fd_sc_hd__o31a_1)
                  0.05    0.25   24.96 v _3483_/X (sky130_fd_sc_hd__o31a_1)
     1    0.00                           _1265_ (net)
                  0.05    0.00   24.96 v _3485_/A3 (sky130_fd_sc_hd__o31a_1)
                  0.05    0.24   25.20 v _3485_/X (sky130_fd_sc_hd__o31a_1)
     1    0.00                           _1267_ (net)
                  0.05    0.00   25.20 v _3719_/A3 (sky130_fd_sc_hd__o311a_1)
                  0.07    0.32   25.52 v _3719_/X (sky130_fd_sc_hd__o311a_1)
     1    0.01                           _1501_ (net)
                  0.07    0.00   25.52 v _3844_/C (sky130_fd_sc_hd__or4b_4)
                  0.09    0.52   26.05 v _3844_/X (sky130_fd_sc_hd__or4b_4)
     1    0.01                           _1626_ (net)
                  0.09    0.00   26.05 v _3845_/A (sky130_fd_sc_hd__buf_12)
                  0.07    0.19   26.24 v _3845_/X (sky130_fd_sc_hd__buf_12)
     2    0.12                           net1026 (net)
                  0.09    0.02   26.27 v output1026/A (sky130_fd_sc_hd__buf_8)
                  0.04    0.16   26.43 v output1026/X (sky130_fd_sc_hd__buf_8)
     1    0.03                           out_code[1] (net)
                  0.04    0.00   26.43 v out_code[1] (out)
                                 26.43   data arrival time

                  0.00   40.00   40.00   clock __VIRTUAL_CLK__ (rise edge)
                          0.00   40.00   clock network delay (ideal)
                         -0.25   39.75   clock uncertainty
                          0.00   39.75   clock reconvergence pessimism
                         -8.00   31.75   output external delay
                                 31.75   data required time
-----------------------------------------------------------------------------
                                 31.75   data required time
                                -26.43   data arrival time
-----------------------------------------------------------------------------
                                  5.32   slack (MET)




===========================================================================
report_checks --slack_max -0.01
============================================================================
======================= Typical Corner ===================================

No paths found.


===========================================================================
 report_check_types -max_slew -max_cap -max_fanout -violators
============================================================================
======================= Typical Corner ===================================

max fanout

Pin                                   Limit Fanout  Slack
---------------------------------------------------------
input24/X                                 6     26    -20 (VIOLATED)
input92/X                                 6     26    -20 (VIOLATED)
input384/X                                6     22    -16 (VIOLATED)
_4405_/X                                  6     21    -15 (VIOLATED)
_4444_/Y                                  6     21    -15 (VIOLATED)
_4443_/X                                  6     18    -12 (VIOLATED)
input481/X                                6     12     -6 (VIOLATED)
input75/X                                 6     12     -6 (VIOLATED)
input237/X                                6     10     -4 (VIOLATED)
input547/X                                6     10     -4 (VIOLATED)
input576/X                                6     10     -4 (VIOLATED)
input102/X                                6      8     -2 (VIOLATED)
input135/X                                6      8     -2 (VIOLATED)
input189/X                                6      8     -2 (VIOLATED)
input23/X                                 6      8     -2 (VIOLATED)
input249/X                                6      8     -2 (VIOLATED)
input210/X                                6      7        (VIOLATED)
input606/X                                6      7        (VIOLATED)
input766/X                                6      7        (VIOLATED)



===========================================================================
report_parasitic_annotation -report_unannotated
============================================================================
Found 0 unannotated drivers.
Found 0 partially unannotated drivers.

===========================================================================
max slew violation count 0
max fanout violation count 19
max cap violation count 0
============================================================================

===========================================================================
check_setup -verbose -unconstrained_endpoints -multiple_clock -no_clock -no_input_delay -loops -generated_clocks
===========================================================================
