
===========================================================================
report_checks -unconstrained
===========================================================================
======================= Typical Corner ===================================

Startpoint: in_data[515] (input port clocked by __VIRTUAL_CLK__)
Endpoint: out_code[1] (output port clocked by __VIRTUAL_CLK__)
Path Group: __VIRTUAL_CLK__
Path Type: max

Fanout     Cap    Slew   Delay    Time   Description
-----------------------------------------------------------------------------
                  0.00    0.00    0.00   clock __VIRTUAL_CLK__ (rise edge)
                          0.00    0.00   clock network delay (ideal)
                          8.00    8.00 v input external delay
                  0.03    0.02    8.02 v in_data[515] (in)
     1    0.01                           in_data[515] (net)
                  0.03    0.00    8.02 v input486/A (sky130_fd_sc_hd__buf_12)
                  0.06    0.14    8.16 v input486/X (sky130_fd_sc_hd__buf_12)
     3    0.11                           net486 (net)
                  0.13    0.06    8.22 v _3363_/A2 (sky130_fd_sc_hd__o21a_1)
                  0.04    0.21    8.44 v _3363_/X (sky130_fd_sc_hd__o21a_1)
     1    0.00                           _1145_ (net)
                  0.04    0.00    8.44 v _3365_/A3 (sky130_fd_sc_hd__o31a_1)
                  0.05    0.25    8.68 v _3365_/X (sky130_fd_sc_hd__o31a_1)
     1    0.00                           _1147_ (net)
                  0.05    0.00    8.68 v _3367_/A3 (sky130_fd_sc_hd__o31a_1)
                  0.05    0.25    8.94 v _3367_/X (sky130_fd_sc_hd__o31a_1)
     1    0.00                           _1149_ (net)
                  0.05    0.00    8.94 v _3369_/A3 (sky130_fd_sc_hd__o31a_1)
                  0.05    0.25    9.19 v _3369_/X (sky130_fd_sc_hd__o31a_1)
     1    0.00                           _1151_ (net)
                  0.05    0.00    9.19 v _3371_/A3 (sky130_fd_sc_hd__o31a_1)
                  0.04    0.23    9.42 v _3371_/X (sky130_fd_sc_hd__o31a_1)
     1    0.00                           _1153_ (net)
                  0.04    0.00    9.42 v _3372_/C (sky130_fd_sc_hd__or3_1)
                  0.06    0.31    9.73 v _3372_/X (sky130_fd_sc_hd__or3_1)
     1    0.00                           _1154_ (net)
                  0.06    0.00    9.73 v _3374_/A1 (sky130_fd_sc_hd__a211o_1)
                  0.05    0.27   10.00 v _3374_/X (sky130_fd_sc_hd__a211o_1)
     1    0.00                           _1156_ (net)
                  0.05    0.00   10.00 v _3376_/A1 (sky130_fd_sc_hd__a211o_1)
                  0.05    0.27   10.27 v _3376_/X (sky130_fd_sc_hd__a211o_1)
     1    0.00                           _1158_ (net)
                  0.05    0.00   10.27 v _3378_/A1 (sky130_fd_sc_hd__a211o_1)
                  0.05    0.26   10.54 v _3378_/X (sky130_fd_sc_hd__a211o_1)
     1    0.00                           _1160_ (net)
                  0.05    0.00   10.54 v _3380_/A1 (sky130_fd_sc_hd__a211o_1)
                  0.05    0.26   10.80 v _3380_/X (sky130_fd_sc_hd__a211o_1)
     1    0.00                           _1162_ (net)
                  0.05    0.00   10.80 v _3382_/A1 (sky130_fd_sc_hd__a211o_1)
                  0.05    0.26   11.06 v _3382_/X (sky130_fd_sc_hd__a211o_1)
     1    0.00                           _1164_ (net)
                  0.05    0.00   11.06 v _3384_/A1 (sky130_fd_sc_hd__a211o_1)
                  0.05    0.27   11.33 v _3384_/X (sky130_fd_sc_hd__a211o_1)
     1    0.00                           _1166_ (net)
                  0.05    0.00   11.33 v _3386_/A1 (sky130_fd_sc_hd__a211o_1)
                  0.05    0.27   11.60 v _3386_/X (sky130_fd_sc_hd__a211o_1)
     1    0.00                           _1168_ (net)
                  0.05    0.00   11.60 v _3388_/A1 (sky130_fd_sc_hd__a211o_1)
                  0.05    0.27   11.87 v _3388_/X (sky130_fd_sc_hd__a211o_1)
     1    0.00                           _1170_ (net)
                  0.05    0.00   11.87 v _3390_/A1 (sky130_fd_sc_hd__a211o_1)
                  0.05    0.26   12.14 v _3390_/X (sky130_fd_sc_hd__a211o_1)
     1    0.00                           _1172_ (net)
                  0.05    0.00   12.14 v _3392_/A1 (sky130_fd_sc_hd__a211o_1)
                  0.05    0.27   12.40 v _3392_/X (sky130_fd_sc_hd__a211o_1)
     1    0.00                           _1174_ (net)
                  0.05    0.00   12.40 v _3394_/A1 (sky130_fd_sc_hd__a211o_1)
                  0.05    0.27   12.67 v _3394_/X (sky130_fd_sc_hd__a211o_1)
     1    0.00                           _1176_ (net)
                  0.05    0.00   12.67 v _3396_/A1 (sky130_fd_sc_hd__a211o_1)
                  0.06    0.28   12.95 v _3396_/X (sky130_fd_sc_hd__a211o_1)
     1    0.00                           _1178_ (net)
                  0.06    0.00   12.95 v _3398_/A1 (sky130_fd_sc_hd__a211o_1)
                  0.05    0.28   13.23 v _3398_/X (sky130_fd_sc_hd__a211o_1)
     1    0.00                           _1180_ (net)
                  0.05    0.00   13.23 v _3400_/A1 (sky130_fd_sc_hd__a211o_1)
                  0.05    0.27   13.50 v _3400_/X (sky130_fd_sc_hd__a211o_1)
     1    0.00                           _1182_ (net)
                  0.05    0.00   13.50 v _3402_/A1 (sky130_fd_sc_hd__a211o_1)
                  0.05    0.26   13.76 v _3402_/X (sky130_fd_sc_hd__a211o_1)
     1    0.00                           _1184_ (net)
                  0.05    0.00   13.76 v _3404_/A1 (sky130_fd_sc_hd__a211o_1)
                  0.05    0.26   14.02 v _3404_/X (sky130_fd_sc_hd__a211o_1)
     1    0.00                           _1186_ (net)
                  0.05    0.00   14.02 v _3406_/A1 (sky130_fd_sc_hd__a211o_1)
                  0.05    0.26   14.29 v _3406_/X (sky130_fd_sc_hd__a211o_1)
     1    0.00                           _1188_ (net)
                  0.05    0.00   14.29 v _3408_/A1 (sky130_fd_sc_hd__a211o_1)
                  0.06    0.28   14.57 v _3408_/X (sky130_fd_sc_hd__a211o_1)
     1    0.01                           _1190_ (net)
                  0.06    0.00   14.57 v _3410_/A1 (sky130_fd_sc_hd__a211o_1)
                  0.05    0.27   14.84 v _3410_/X (sky130_fd_sc_hd__a211o_1)
     1    0.00                           _1192_ (net)
                  0.05    0.00   14.84 v _3411_/C_N (sky130_fd_sc_hd__or3b_1)
                  0.04    0.17   15.01 ^ _3411_/X (sky130_fd_sc_hd__or3b_1)
     1    0.00                           _1193_ (net)
                  0.04    0.00   15.01 ^ _3413_/A1 (sky130_fd_sc_hd__a211o_1)
                  0.04    0.11   15.12 ^ _3413_/X (sky130_fd_sc_hd__a211o_1)
     1    0.00                           _1195_ (net)
                  0.04    0.00   15.12 ^ _3414_/C_N (sky130_fd_sc_hd__or3b_1)
                  0.07    0.36   15.47 v _3414_/X (sky130_fd_sc_hd__or3b_1)
     1    0.00                           _1196_ (net)
                  0.07    0.00   15.47 v _3415_/A1 (sky130_fd_sc_hd__a211o_1)
                  0.05    0.27   15.75 v _3415_/X (sky130_fd_sc_hd__a211o_1)
     1    0.00                           _1197_ (net)
                  0.05    0.00   15.75 v _3417_/A1 (sky130_fd_sc_hd__a211o_1)
                  0.04    0.26   16.00 v _3417_/X (sky130_fd_sc_hd__a211o_1)
     1    0.00                           _1199_ (net)
                  0.04    0.00   16.00 v _3418_/C_N (sky130_fd_sc_hd__or3b_1)
                  0.05    0.17   16.17 ^ _3418_/X (sky130_fd_sc_hd__or3b_1)
     1    0.00                           _1200_ (net)
                  0.05    0.00   16.17 ^ _3420_/A1 (sky130_fd_sc_hd__a211o_1)
                  0.05    0.12   16.29 ^ _3420_/X (sky130_fd_sc_hd__a211o_1)
     1    0.00                           _1202_ (net)
                  0.05    0.00   16.29 ^ _3421_/C_N (sky130_fd_sc_hd__or3b_1)
                  0.07    0.36   16.65 v _3421_/X (sky130_fd_sc_hd__or3b_1)
     1    0.00                           _1203_ (net)
                  0.07    0.00   16.65 v _3423_/A1 (sky130_fd_sc_hd__a211o_1)
                  0.05    0.28   16.93 v _3423_/X (sky130_fd_sc_hd__a211o_1)
     1    0.00                           _1205_ (net)
                  0.05    0.00   16.93 v _3425_/A1 (sky130_fd_sc_hd__a211o_1)
                  0.05    0.27   17.20 v _3425_/X (sky130_fd_sc_hd__a211o_1)
     1    0.00                           _1207_ (net)
                  0.05    0.00   17.20 v _3427_/A1 (sky130_fd_sc_hd__a211o_1)
                  0.05    0.27   17.47 v _3427_/X (sky130_fd_sc_hd__a211o_1)
     1    0.00                           _1209_ (net)
                  0.05    0.00   17.47 v _3429_/A1 (sky130_fd_sc_hd__a211o_1)
                  0.05    0.27   17.74 v _3429_/X (sky130_fd_sc_hd__a211o_1)
     1    0.00                           _1211_ (net)
                  0.05    0.00   17.74 v _3431_/A1 (sky130_fd_sc_hd__a211o_1)
                  0.05    0.27   18.02 v _3431_/X (sky130_fd_sc_hd__a211o_1)
     1    0.00                           _1213_ (net)
                  0.05    0.00   18.02 v _3432_/C_N (sky130_fd_sc_hd__or3b_1)
                  0.04    0.17   18.18 ^ _3432_/X (sky130_fd_sc_hd__or3b_1)
     1    0.00                           _1214_ (net)
                  0.04    0.00   18.18 ^ _3434_/A1 (sky130_fd_sc_hd__a211oi_1)
                  0.06    0.06   18.25 v _3434_/Y (sky130_fd_sc_hd__a211oi_1)
     1    0.00                           _1216_ (net)
                  0.06    0.00   18.25 v _3435_/A3 (sky130_fd_sc_hd__o31a_1)
                  0.05    0.25   18.50 v _3435_/X (sky130_fd_sc_hd__o31a_1)
     1    0.00                           _1217_ (net)
                  0.05    0.00   18.50 v _3437_/A3 (sky130_fd_sc_hd__o31a_1)
                  0.05    0.25   18.75 v _3437_/X (sky130_fd_sc_hd__o31a_1)
     1    0.00                           _1219_ (net)
                  0.05    0.00   18.75 v _3439_/A3 (sky130_fd_sc_hd__o31a_1)
                  0.05    0.24   18.99 v _3439_/X (sky130_fd_sc_hd__o31a_1)
     1    0.00                           _1221_ (net)
                  0.05    0.00   18.99 v _3441_/A3 (sky130_fd_sc_hd__o31a_1)
                  0.04    0.24   19.23 v _3441_/X (sky130_fd_sc_hd__o31a_1)
     1    0.00                           _1223_ (net)
                  0.04    0.00   19.23 v _3443_/A3 (sky130_fd_sc_hd__o31a_1)
                  0.05    0.25   19.47 v _3443_/X (sky130_fd_sc_hd__o31a_1)
     1    0.00                           _1225_ (net)
                  0.05    0.00   19.47 v _3445_/A3 (sky130_fd_sc_hd__o31a_1)
                  0.05    0.25   19.72 v _3445_/X (sky130_fd_sc_hd__o31a_1)
     1    0.00                           _1227_ (net)
                  0.05    0.00   19.72 v _3447_/A3 (sky130_fd_sc_hd__o31a_1)
                  0.05    0.25   19.97 v _3447_/X (sky130_fd_sc_hd__o31a_1)
     1    0.00                           _1229_ (net)
                  0.05    0.00   19.97 v _3449_/A3 (sky130_fd_sc_hd__o31ai_1)
                  0.21    0.22   20.18 ^ _3449_/Y (sky130_fd_sc_hd__o31ai_1)
     1    0.00                           _1231_ (net)
                  0.21    0.00   20.18 ^ _3451_/A1 (sky130_fd_sc_hd__a211oi_1)
                  0.07    0.10   20.29 v _3451_/Y (sky130_fd_sc_hd__a211oi_1)
     1    0.00                           _1233_ (net)
                  0.07    0.00   20.29 v _3453_/A3 (sky130_fd_sc_hd__o31a_1)
                  0.04    0.25   20.53 v _3453_/X (sky130_fd_sc_hd__o31a_1)
     1    0.00                           _1235_ (net)
                  0.04    0.00   20.53 v _3454_/C (sky130_fd_sc_hd__or3_1)
                  0.07    0.32   20.85 v _3454_/X (sky130_fd_sc_hd__or3_1)
     1    0.00                           _1236_ (net)
                  0.07    0.00   20.85 v _3456_/A1 (sky130_fd_sc_hd__a211o_1)
                  0.05    0.27   21.12 v _3456_/X (sky130_fd_sc_hd__a211o_1)
     1    0.00                           _1238_ (net)
                  0.05    0.00   21.12 v _3458_/A1 (sky130_fd_sc_hd__a211o_1)
                  0.05    0.27   21.39 v _3458_/X (sky130_fd_sc_hd__a211o_1)
     1    0.00                           _1240_ (net)
                  0.05    0.00   21.39 v _3460_/A1 (sky130_fd_sc_hd__a211o_1)
                  0.05    0.27   21.65 v _3460_/X (sky130_fd_sc_hd__a211o_1)
     1    0.00                           _1242_ (net)
                  0.05    0.00   21.65 v _3462_/A1 (sky130_fd_sc_hd__a211o_1)
                  0.05    0.27   21.92 v _3462_/X (sky130_fd_sc_hd__a211o_1)
     1    0.00                           _1244_ (net)
                  0.05    0.00   21.92 v _3464_/A1 (sky130_fd_sc_hd__a211o_1)
                  0.05    0.27   22.19 v _3464_/X (sky130_fd_sc_hd__a211o_1)
     1    0.00                           _1246_ (net)
                  0.05    0.00   22.19 v _3466_/A1 (sky130_fd_sc_hd__a211o_1)
                  0.05    0.27   22.46 v _3466_/X (sky130_fd_sc_hd__a211o_1)
     1    0.00                           _1248_ (net)
                  0.05    0.00   22.46 v _3468_/A1 (sky130_fd_sc_hd__a211o_1)
                  0.05    0.26   22.72 v _3468_/X (sky130_fd_sc_hd__a211o_1)
     1    0.00                           _1250_ (net)
                  0.05    0.00   22.72 v _3470_/A1 (sky130_fd_sc_hd__a211o_1)
                  0.05    0.27   22.99 v _3470_/X (sky130_fd_sc_hd__a211o_1)
     1    0.00                           _1252_ (net)
                  0.05    0.00   22.99 v _3472_/A1 (sky130_fd_sc_hd__a211o_1)
                  0.05    0.27   23.26 v _3472_/X (sky130_fd_sc_hd__a211o_1)
     1    0.00                           _1254_ (net)
                  0.05    0.00   23.26 v _3474_/A1 (sky130_fd_sc_hd__a211o_1)
                  0.05    0.27   23.52 v _3474_/X (sky130_fd_sc_hd__a211o_1)
     1    0.00                           _1256_ (net)
                  0.05    0.00   23.52 v _3476_/A1 (sky130_fd_sc_hd__a211o_1)
                  0.05    0.27   23.79 v _3476_/X (sky130_fd_sc_hd__a211o_1)
     1    0.00                           _1258_ (net)
                  0.05    0.00   23.79 v _3477_/C_N (sky130_fd_sc_hd__or3b_1)
                  0.05    0.17   23.96 ^ _3477_/X (sky130_fd_sc_hd__or3b_1)
     1    0.00                           _1259_ (net)
                  0.05    0.00   23.96 ^ _3479_/A1 (sky130_fd_sc_hd__a211oi_1)
                  0.05    0.06   24.02 v _3479_/Y (sky130_fd_sc_hd__a211oi_1)
     1    0.00                           _1261_ (net)
                  0.05    0.00   24.02 v _3481_/A3 (sky130_fd_sc_hd__o31a_1)
                  0.05    0.25   24.28 v _3481_/X (sky130_fd_sc_hd__o31a_1)
     1    0.00                           _1263_ (net)
                  0.05    0.00   24.28 v _3483_/A3 (sky130_fd_sc_hd__o31a_1)
                  0.05    0.25   24.53 v _3483_/X (sky130_fd_sc_hd__o31a_1)
     1    0.00                           _1265_ (net)
                  0.05    0.00   24.53 v _3485_/A3 (sky130_fd_sc_hd__o31a_1)
                  0.05    0.24   24.77 v _3485_/X (sky130_fd_sc_hd__o31a_1)
     1    0.00                           _1267_ (net)
                  0.05    0.00   24.77 v _3719_/A3 (sky130_fd_sc_hd__o311a_1)
                  0.05    0.30   25.07 v _3719_/X (sky130_fd_sc_hd__o311a_1)
     1    0.00                           _1501_ (net)
                  0.05    0.00   25.07 v _3844_/C (sky130_fd_sc_hd__or4b_2)
                  0.12    0.68   25.75 v _3844_/X (sky130_fd_sc_hd__or4b_2)
     1    0.01                           _1626_ (net)
                  0.12    0.00   25.75 v _3845_/A (sky130_fd_sc_hd__buf_12)
                  0.06    0.20   25.95 v _3845_/X (sky130_fd_sc_hd__buf_12)
     1    0.08                           net1026 (net)
                  0.06    0.01   25.96 v output1026/A (sky130_fd_sc_hd__buf_6)
                  0.05    0.15   26.12 v output1026/X (sky130_fd_sc_hd__buf_6)
     1    0.04                           out_code[1] (net)
                  0.05    0.00   26.12 v out_code[1] (out)
                                 26.12   data arrival time

                  0.00   40.00   40.00   clock __VIRTUAL_CLK__ (rise edge)
                          0.00   40.00   clock network delay (ideal)
                         -0.25   39.75   clock uncertainty
                          0.00   39.75   clock reconvergence pessimism
                         -8.00   31.75   output external delay
                                 31.75   data required time
-----------------------------------------------------------------------------
                                 31.75   data required time
                                -26.12   data arrival time
-----------------------------------------------------------------------------
                                  5.63   slack (MET)




===========================================================================
report_checks --slack_max -0.01
============================================================================
======================= Typical Corner ===================================

No paths found.


===========================================================================
 report_check_types -max_slew -max_cap -max_fanout -violators
============================================================================
======================= Typical Corner ===================================



===========================================================================
report_parasitic_annotation -report_unannotated
============================================================================
Found 4334 unannotated drivers.
 in_data[0]
 in_data[1000]
 in_data[1001]
 in_data[1002]
 in_data[1003]
 in_data[1004]
 in_data[1005]
 in_data[1006]
 in_data[1007]
 in_data[1008]
 in_data[1009]
 in_data[100]
 in_data[1010]
 in_data[1011]
 in_data[1012]
 in_data[1013]
 in_data[1014]
 in_data[1015]
 in_data[1016]
 in_data[1017]
 in_data[1018]
 in_data[1019]
 in_data[101]
 in_data[1020]
 in_data[1021]
 in_data[1022]
 in_data[1023]
 in_data[102]
 in_data[103]
 in_data[104]
 in_data[105]
 in_data[106]
 in_data[107]
 in_data[108]
 in_data[109]
 in_data[10]
 in_data[110]
 in_data[111]
 in_data[112]
 in_data[113]
 in_data[114]
 in_data[115]
 in_data[116]
 in_data[117]
 in_data[118]
 in_data[119]
 in_data[11]
 in_data[120]
 in_data[121]
 in_data[122]
 in_data[123]
 in_data[124]
 in_data[125]
 in_data[126]
 in_data[127]
 in_data[128]
 in_data[129]
 in_data[12]
 in_data[130]
 in_data[131]
 in_data[132]
 in_data[133]
 in_data[134]
 in_data[135]
 in_data[136]
 in_data[137]
 in_data[138]
 in_data[139]
 in_data[13]
 in_data[140]
 in_data[141]
 in_data[142]
 in_data[143]
 in_data[144]
 in_data[145]
 in_data[146]
 in_data[147]
 in_data[148]
 in_data[149]
 in_data[14]
 in_data[150]
 in_data[151]
 in_data[152]
 in_data[153]
 in_data[154]
 in_data[155]
 in_data[156]
 in_data[157]
 in_data[158]
 in_data[159]
 in_data[15]
 in_data[160]
 in_data[161]
 in_data[162]
 in_data[163]
 in_data[164]
 in_data[165]
 in_data[166]
 in_data[167]
 in_data[168]
 in_data[169]
 in_data[16]
 in_data[170]
 in_data[171]
 in_data[172]
 in_data[173]
 in_data[174]
 in_data[175]
 in_data[176]
 in_data[177]
 in_data[178]
 in_data[179]
 in_data[17]
 in_data[180]
 in_data[181]
 in_data[182]
 in_data[183]
 in_data[184]
 in_data[185]
 in_data[186]
 in_data[187]
 in_data[188]
 in_data[189]
 in_data[18]
 in_data[190]
 in_data[191]
 in_data[192]
 in_data[193]
 in_data[194]
 in_data[195]
 in_data[196]
 in_data[197]
 in_data[198]
 in_data[199]
 in_data[19]
 in_data[1]
 in_data[200]
 in_data[201]
 in_data[202]
 in_data[203]
 in_data[204]
 in_data[205]
 in_data[206]
 in_data[207]
 in_data[208]
 in_data[209]
 in_data[20]
 in_data[210]
 in_data[211]
 in_data[212]
 in_data[213]
 in_data[214]
 in_data[215]
 in_data[216]
 in_data[217]
 in_data[218]
 in_data[219]
 in_data[21]
 in_data[220]
 in_data[221]
 in_data[222]
 in_data[223]
 in_data[224]
 in_data[225]
 in_data[226]
 in_data[227]
 in_data[228]
 in_data[229]
 in_data[22]
 in_data[230]
 in_data[231]
 in_data[232]
 in_data[233]
 in_data[234]
 in_data[235]
 in_data[236]
 in_data[237]
 in_data[238]
 in_data[239]
 in_data[23]
 in_data[240]
 in_data[241]
 in_data[242]
 in_data[243]
 in_data[244]
 in_data[245]
 in_data[246]
 in_data[247]
 in_data[248]
 in_data[249]
 in_data[24]
 in_data[250]
 in_data[251]
 in_data[252]
 in_data[253]
 in_data[254]
 in_data[255]
 in_data[256]
 in_data[257]
 in_data[258]
 in_data[259]
 in_data[25]
 in_data[260]
 in_data[261]
 in_data[262]
 in_data[263]
 in_data[264]
 in_data[265]
 in_data[266]
 in_data[267]
 in_data[268]
 in_data[269]
 in_data[26]
 in_data[270]
 in_data[271]
 in_data[272]
 in_data[273]
 in_data[274]
 in_data[275]
 in_data[276]
 in_data[277]
 in_data[278]
 in_data[279]
 in_data[27]
 in_data[280]
 in_data[281]
 in_data[282]
 in_data[283]
 in_data[284]
 in_data[285]
 in_data[286]
 in_data[287]
 in_data[288]
 in_data[289]
 in_data[28]
 in_data[290]
 in_data[291]
 in_data[292]
 in_data[293]
 in_data[294]
 in_data[295]
 in_data[296]
 in_data[297]
 in_data[298]
 in_data[299]
 in_data[29]
 in_data[2]
 in_data[300]
 in_data[301]
 in_data[302]
 in_data[303]
 in_data[304]
 in_data[305]
 in_data[306]
 in_data[307]
 in_data[308]
 in_data[309]
 in_data[30]
 in_data[310]
 in_data[311]
 in_data[312]
 in_data[313]
 in_data[314]
 in_data[315]
 in_data[316]
 in_data[317]
 in_data[318]
 in_data[319]
 in_data[31]
 in_data[320]
 in_data[321]
 in_data[322]
 in_data[323]
 in_data[324]
 in_data[325]
 in_data[326]
 in_data[327]
 in_data[328]
 in_data[329]
 in_data[32]
 in_data[330]
 in_data[331]
 in_data[332]
 in_data[333]
 in_data[334]
 in_data[335]
 in_data[336]
 in_data[337]
 in_data[338]
 in_data[339]
 in_data[33]
 in_data[340]
 in_data[341]
 in_data[342]
 in_data[343]
 in_data[344]
 in_data[345]
 in_data[346]
 in_data[347]
 in_data[348]
 in_data[349]
 in_data[34]
 in_data[350]
 in_data[351]
 in_data[352]
 in_data[353]
 in_data[354]
 in_data[355]
 in_data[356]
 in_data[357]
 in_data[358]
 in_data[359]
 in_data[35]
 in_data[360]
 in_data[361]
 in_data[362]
 in_data[363]
 in_data[364]
 in_data[365]
 in_data[366]
 in_data[367]
 in_data[368]
 in_data[369]
 in_data[36]
 in_data[370]
 in_data[371]
 in_data[372]
 in_data[373]
 in_data[374]
 in_data[375]
 in_data[376]
 in_data[377]
 in_data[378]
 in_data[379]
 in_data[37]
 in_data[380]
 in_data[381]
 in_data[382]
 in_data[383]
 in_data[384]
 in_data[385]
 in_data[386]
 in_data[387]
 in_data[388]
 in_data[389]
 in_data[38]
 in_data[390]
 in_data[391]
 in_data[392]
 in_data[393]
 in_data[394]
 in_data[395]
 in_data[396]
 in_data[397]
 in_data[398]
 in_data[399]
 in_data[39]
 in_data[3]
 in_data[400]
 in_data[401]
 in_data[402]
 in_data[403]
 in_data[404]
 in_data[405]
 in_data[406]
 in_data[407]
 in_data[408]
 in_data[409]
 in_data[40]
 in_data[410]
 in_data[411]
 in_data[412]
 in_data[413]
 in_data[414]
 in_data[415]
 in_data[416]
 in_data[417]
 in_data[418]
 in_data[419]
 in_data[41]
 in_data[420]
 in_data[421]
 in_data[422]
 in_data[423]
 in_data[424]
 in_data[425]
 in_data[426]
 in_data[427]
 in_data[428]
 in_data[429]
 in_data[42]
 in_data[430]
 in_data[431]
 in_data[432]
 in_data[433]
 in_data[434]
 in_data[435]
 in_data[436]
 in_data[437]
 in_data[438]
 in_data[439]
 in_data[43]
 in_data[440]
 in_data[441]
 in_data[442]
 in_data[443]
 in_data[444]
 in_data[445]
 in_data[446]
 in_data[447]
 in_data[448]
 in_data[449]
 in_data[44]
 in_data[450]
 in_data[451]
 in_data[452]
 in_data[453]
 in_data[454]
 in_data[455]
 in_data[456]
 in_data[457]
 in_data[458]
 in_data[459]
 in_data[45]
 in_data[460]
 in_data[461]
 in_data[462]
 in_data[463]
 in_data[464]
 in_data[465]
 in_data[466]
 in_data[467]
 in_data[468]
 in_data[469]
 in_data[46]
 in_data[470]
 in_data[471]
 in_data[472]
 in_data[473]
 in_data[474]
 in_data[475]
 in_data[476]
 in_data[477]
 in_data[478]
 in_data[479]
 in_data[47]
 in_data[480]
 in_data[481]
 in_data[482]
 in_data[483]
 in_data[484]
 in_data[485]
 in_data[486]
 in_data[487]
 in_data[488]
 in_data[489]
 in_data[48]
 in_data[490]
 in_data[491]
 in_data[492]
 in_data[493]
 in_data[494]
 in_data[495]
 in_data[496]
 in_data[497]
 in_data[498]
 in_data[499]
 in_data[49]
 in_data[4]
 in_data[500]
 in_data[501]
 in_data[502]
 in_data[503]
 in_data[504]
 in_data[505]
 in_data[506]
 in_data[507]
 in_data[508]
 in_data[509]
 in_data[50]
 in_data[510]
 in_data[511]
 in_data[512]
 in_data[513]
 in_data[514]
 in_data[515]
 in_data[516]
 in_data[517]
 in_data[518]
 in_data[519]
 in_data[51]
 in_data[520]
 in_data[521]
 in_data[522]
 in_data[523]
 in_data[524]
 in_data[525]
 in_data[526]
 in_data[527]
 in_data[528]
 in_data[529]
 in_data[52]
 in_data[530]
 in_data[531]
 in_data[532]
 in_data[533]
 in_data[534]
 in_data[535]
 in_data[536]
 in_data[537]
 in_data[538]
 in_data[539]
 in_data[53]
 in_data[540]
 in_data[541]
 in_data[542]
 in_data[543]
 in_data[544]
 in_data[545]
 in_data[546]
 in_data[547]
 in_data[548]
 in_data[549]
 in_data[54]
 in_data[550]
 in_data[551]
 in_data[552]
 in_data[553]
 in_data[554]
 in_data[555]
 in_data[556]
 in_data[557]
 in_data[558]
 in_data[559]
 in_data[55]
 in_data[560]
 in_data[561]
 in_data[562]
 in_data[563]
 in_data[564]
 in_data[565]
 in_data[566]
 in_data[567]
 in_data[568]
 in_data[569]
 in_data[56]
 in_data[570]
 in_data[571]
 in_data[572]
 in_data[573]
 in_data[574]
 in_data[575]
 in_data[576]
 in_data[577]
 in_data[578]
 in_data[579]
 in_data[57]
 in_data[580]
 in_data[581]
 in_data[582]
 in_data[583]
 in_data[584]
 in_data[585]
 in_data[586]
 in_data[587]
 in_data[588]
 in_data[589]
 in_data[58]
 in_data[590]
 in_data[591]
 in_data[592]
 in_data[593]
 in_data[594]
 in_data[595]
 in_data[596]
 in_data[597]
 in_data[598]
 in_data[599]
 in_data[59]
 in_data[5]
 in_data[600]
 in_data[601]
 in_data[602]
 in_data[603]
 in_data[604]
 in_data[605]
 in_data[606]
 in_data[607]
 in_data[608]
 in_data[609]
 in_data[60]
 in_data[610]
 in_data[611]
 in_data[612]
 in_data[613]
 in_data[614]
 in_data[615]
 in_data[616]
 in_data[617]
 in_data[618]
 in_data[619]
 in_data[61]
 in_data[620]
 in_data[621]
 in_data[622]
 in_data[623]
 in_data[624]
 in_data[625]
 in_data[626]
 in_data[627]
 in_data[628]
 in_data[629]
 in_data[62]
 in_data[630]
 in_data[631]
 in_data[632]
 in_data[633]
 in_data[634]
 in_data[635]
 in_data[636]
 in_data[637]
 in_data[638]
 in_data[639]
 in_data[63]
 in_data[640]
 in_data[641]
 in_data[642]
 in_data[643]
 in_data[644]
 in_data[645]
 in_data[646]
 in_data[647]
 in_data[648]
 in_data[649]
 in_data[64]
 in_data[650]
 in_data[651]
 in_data[652]
 in_data[653]
 in_data[654]
 in_data[655]
 in_data[656]
 in_data[657]
 in_data[658]
 in_data[659]
 in_data[65]
 in_data[660]
 in_data[661]
 in_data[662]
 in_data[663]
 in_data[664]
 in_data[665]
 in_data[666]
 in_data[667]
 in_data[668]
 in_data[669]
 in_data[66]
 in_data[670]
 in_data[671]
 in_data[672]
 in_data[673]
 in_data[674]
 in_data[675]
 in_data[676]
 in_data[677]
 in_data[678]
 in_data[679]
 in_data[67]
 in_data[680]
 in_data[681]
 in_data[682]
 in_data[683]
 in_data[684]
 in_data[685]
 in_data[686]
 in_data[687]
 in_data[688]
 in_data[689]
 in_data[68]
 in_data[690]
 in_data[691]
 in_data[692]
 in_data[693]
 in_data[694]
 in_data[695]
 in_data[696]
 in_data[697]
 in_data[698]
 in_data[699]
 in_data[69]
 in_data[6]
 in_data[700]
 in_data[701]
 in_data[702]
 in_data[703]
 in_data[704]
 in_data[705]
 in_data[706]
 in_data[707]
 in_data[708]
 in_data[709]
 in_data[70]
 in_data[710]
 in_data[711]
 in_data[712]
 in_data[713]
 in_data[714]
 in_data[715]
 in_data[716]
 in_data[717]
 in_data[718]
 in_data[719]
 in_data[71]
 in_data[720]
 in_data[721]
 in_data[722]
 in_data[723]
 in_data[724]
 in_data[725]
 in_data[726]
 in_data[727]
 in_data[728]
 in_data[729]
 in_data[72]
 in_data[730]
 in_data[731]
 in_data[732]
 in_data[733]
 in_data[734]
 in_data[735]
 in_data[736]
 in_data[737]
 in_data[738]
 in_data[739]
 in_data[73]
 in_data[740]
 in_data[741]
 in_data[742]
 in_data[743]
 in_data[744]
 in_data[745]
 in_data[746]
 in_data[747]
 in_data[748]
 in_data[749]
 in_data[74]
 in_data[750]
 in_data[751]
 in_data[752]
 in_data[753]
 in_data[754]
 in_data[755]
 in_data[756]
 in_data[757]
 in_data[758]
 in_data[759]
 in_data[75]
 in_data[760]
 in_data[761]
 in_data[762]
 in_data[763]
 in_data[764]
 in_data[765]
 in_data[766]
 in_data[767]
 in_data[768]
 in_data[769]
 in_data[76]
 in_data[770]
 in_data[771]
 in_data[772]
 in_data[773]
 in_data[774]
 in_data[775]
 in_data[776]
 in_data[777]
 in_data[778]
 in_data[779]
 in_data[77]
 in_data[780]
 in_data[781]
 in_data[782]
 in_data[783]
 in_data[784]
 in_data[785]
 in_data[786]
 in_data[787]
 in_data[788]
 in_data[789]
 in_data[78]
 in_data[790]
 in_data[791]
 in_data[792]
 in_data[793]
 in_data[794]
 in_data[795]
 in_data[796]
 in_data[797]
 in_data[798]
 in_data[799]
 in_data[79]
 in_data[7]
 in_data[800]
 in_data[801]
 in_data[802]
 in_data[803]
 in_data[804]
 in_data[805]
 in_data[806]
 in_data[807]
 in_data[808]
 in_data[809]
 in_data[80]
 in_data[810]
 in_data[811]
 in_data[812]
 in_data[813]
 in_data[814]
 in_data[815]
 in_data[816]
 in_data[817]
 in_data[818]
 in_data[819]
 in_data[81]
 in_data[820]
 in_data[821]
 in_data[822]
 in_data[823]
 in_data[824]
 in_data[825]
 in_data[826]
 in_data[827]
 in_data[828]
 in_data[829]
 in_data[82]
 in_data[830]
 in_data[831]
 in_data[832]
 in_data[833]
 in_data[834]
 in_data[835]
 in_data[836]
 in_data[837]
 in_data[838]
 in_data[839]
 in_data[83]
 in_data[840]
 in_data[841]
 in_data[842]
 in_data[843]
 in_data[844]
 in_data[845]
 in_data[846]
 in_data[847]
 in_data[848]
 in_data[849]
 in_data[84]
 in_data[850]
 in_data[851]
 in_data[852]
 in_data[853]
 in_data[854]
 in_data[855]
 in_data[856]
 in_data[857]
 in_data[858]
 in_data[859]
 in_data[85]
 in_data[860]
 in_data[861]
 in_data[862]
 in_data[863]
 in_data[864]
 in_data[865]
 in_data[866]
 in_data[867]
 in_data[868]
 in_data[869]
 in_data[86]
 in_data[870]
 in_data[871]
 in_data[872]
 in_data[873]
 in_data[874]
 in_data[875]
 in_data[876]
 in_data[877]
 in_data[878]
 in_data[879]
 in_data[87]
 in_data[880]
 in_data[881]
 in_data[882]
 in_data[883]
 in_data[884]
 in_data[885]
 in_data[886]
 in_data[887]
 in_data[888]
 in_data[889]
 in_data[88]
 in_data[890]
 in_data[891]
 in_data[892]
 in_data[893]
 in_data[894]
 in_data[895]
 in_data[896]
 in_data[897]
 in_data[898]
 in_data[899]
 in_data[89]
 in_data[8]
 in_data[900]
 in_data[901]
 in_data[902]
 in_data[903]
 in_data[904]
 in_data[905]
 in_data[906]
 in_data[907]
 in_data[908]
 in_data[909]
 in_data[90]
 in_data[910]
 in_data[911]
 in_data[912]
 in_data[913]
 in_data[914]
 in_data[915]
 in_data[916]
 in_data[917]
 in_data[918]
 in_data[919]
 in_data[91]
 in_data[920]
 in_data[921]
 in_data[922]
 in_data[923]
 in_data[924]
 in_data[925]
 in_data[926]
 in_data[927]
 in_data[928]
 in_data[929]
 in_data[92]
 in_data[930]
 in_data[931]
 in_data[932]
 in_data[933]
 in_data[934]
 in_data[935]
 in_data[936]
 in_data[937]
 in_data[938]
 in_data[939]
 in_data[93]
 in_data[940]
 in_data[941]
 in_data[942]
 in_data[943]
 in_data[944]
 in_data[945]
 in_data[946]
 in_data[947]
 in_data[948]
 in_data[949]
 in_data[94]
 in_data[950]
 in_data[951]
 in_data[952]
 in_data[953]
 in_data[954]
 in_data[955]
 in_data[956]
 in_data[957]
 in_data[958]
 in_data[959]
 in_data[95]
 in_data[960]
 in_data[961]
 in_data[962]
 in_data[963]
 in_data[964]
 in_data[965]
 in_data[966]
 in_data[967]
 in_data[968]
 in_data[969]
 in_data[96]
 in_data[970]
 in_data[971]
 in_data[972]
 in_data[973]
 in_data[974]
 in_data[975]
 in_data[976]
 in_data[977]
 in_data[978]
 in_data[979]
 in_data[97]
 in_data[980]
 in_data[981]
 in_data[982]
 in_data[983]
 in_data[984]
 in_data[985]
 in_data[986]
 in_data[987]
 in_data[988]
 in_data[989]
 in_data[98]
 in_data[990]
 in_data[991]
 in_data[992]
 in_data[993]
 in_data[994]
 in_data[995]
 in_data[996]
 in_data[997]
 in_data[998]
 in_data[999]
 in_data[99]
 in_data[9]
 _2217_/Y
 _2218_/Y
 _2219_/Y
 _2220_/Y
 _2221_/Y
 _2222_/Y
 _2223_/Y
 _2224_/Y
 _2225_/Y
 _2226_/Y
 _2227_/Y
 _2228_/Y
 _2229_/Y
 _2230_/Y
 _2231_/Y
 _2232_/Y
 _2233_/Y
 _2234_/Y
 _2235_/Y
 _2236_/Y
 _2237_/Y
 _2238_/Y
 _2239_/Y
 _2240_/Y
 _2241_/Y
 _2242_/Y
 _2243_/Y
 _2244_/Y
 _2245_/Y
 _2246_/Y
 _2247_/Y
 _2248_/Y
 _2249_/Y
 _2250_/Y
 _2251_/Y
 _2252_/Y
 _2253_/Y
 _2254_/Y
 _2255_/Y
 _2256_/Y
 _2257_/Y
 _2258_/Y
 _2259_/Y
 _2260_/Y
 _2261_/Y
 _2262_/Y
 _2263_/Y
 _2264_/Y
 _2265_/Y
 _2266_/Y
 _2267_/Y
 _2268_/Y
 _2269_/Y
 _2270_/Y
 _2271_/Y
 _2272_/Y
 _2273_/Y
 _2274_/Y
 _2275_/Y
 _2276_/Y
 _2277_/Y
 _2278_/Y
 _2279_/Y
 _2280_/Y
 _2281_/X
 _2282_/Y
 _2283_/Y
 _2284_/Y
 _2285_/Y
 _2286_/Y
 _2287_/Y
 _2288_/Y
 _2289_/Y
 _2290_/Y
 _2291_/Y
 _2292_/Y
 _2293_/Y
 _2294_/Y
 _2295_/Y
 _2296_/Y
 _2297_/Y
 _2298_/Y
 _2299_/Y
 _2300_/Y
 _2301_/Y
 _2302_/Y
 _2303_/Y
 _2304_/Y
 _2305_/Y
 _2306_/Y
 _2307_/Y
 _2308_/Y
 _2309_/Y
 _2310_/Y
 _2311_/Y
 _2312_/Y
 _2313_/Y
 _2314_/Y
 _2315_/Y
 _2316_/Y
 _2317_/Y
 _2318_/Y
 _2319_/Y
 _2320_/Y
 _2321_/Y
 _2322_/Y
 _2323_/Y
 _2324_/Y
 _2325_/Y
 _2326_/Y
 _2327_/Y
 _2328_/Y
 _2329_/Y
 _2330_/Y
 _2331_/Y
 _2332_/Y
 _2333_/Y
 _2334_/Y
 _2335_/Y
 _2336_/Y
 _2337_/Y
 _2338_/Y
 _2339_/Y
 _2340_/Y
 _2341_/Y
 _2342_/Y
 _2343_/Y
 _2344_/Y
 _2345_/Y
 _2346_/Y
 _2347_/Y
 _2348_/Y
 _2349_/Y
 _2350_/Y
 _2351_/Y
 _2352_/Y
 _2353_/Y
 _2354_/Y
 _2355_/Y
 _2356_/Y
 _2357_/Y
 _2358_/Y
 _2359_/Y
 _2360_/Y
 _2361_/Y
 _2362_/Y
 _2363_/Y
 _2364_/Y
 _2365_/Y
 _2366_/Y
 _2367_/Y
 _2368_/Y
 _2369_/Y
 _2370_/Y
 _2371_/Y
 _2372_/Y
 _2373_/Y
 _2374_/Y
 _2375_/Y
 _2376_/Y
 _2377_/Y
 _2378_/Y
 _2379_/Y
 _2380_/Y
 _2381_/Y
 _2382_/Y
 _2383_/Y
 _2384_/Y
 _2385_/Y
 _2386_/Y
 _2387_/Y
 _2388_/Y
 _2389_/Y
 _2390_/Y
 _2391_/Y
 _2392_/Y
 _2393_/Y
 _2394_/Y
 _2395_/Y
 _2396_/Y
 _2397_/Y
 _2398_/Y
 _2399_/Y
 _2400_/Y
 _2401_/Y
 _2402_/Y
 _2403_/Y
 _2404_/Y
 _2405_/Y
 _2406_/X
 _2407_/X
 _2408_/X
 _2409_/X
 _2410_/X
 _2411_/X
 _2412_/X
 _2413_/X
 _2414_/X
 _2415_/X
 _2416_/X
 _2417_/X
 _2418_/X
 _2419_/X
 _2420_/X
 _2421_/X
 _2422_/X
 _2423_/X
 _2424_/X
 _2425_/X
 _2426_/X
 _2427_/X
 _2428_/X
 _2429_/X
 _2430_/X
 _2431_/X
 _2432_/X
 _2433_/X
 _2434_/X
 _2435_/X
 _2436_/X
 _2437_/X
 _2438_/Y
 _2439_/X
 _2440_/X
 _2441_/X
 _2442_/X
 _2443_/X
 _2444_/X
 _2445_/X
 _2446_/X
 _2447_/X
 _2448_/X
 _2449_/X
 _2450_/X
 _2451_/X
 _2452_/Y
 _2453_/X
 _2454_/X
 _2455_/X
 _2456_/X
 _2457_/X
 _2458_/X
 _2459_/X
 _2460_/X
 _2461_/X
 _2462_/X
 _2463_/X
 _2464_/X
 _2465_/X
 _2466_/X
 _2467_/X
 _2468_/X
 _2469_/X
 _2470_/X
 _2471_/X
 _2472_/X
 _2473_/X
 _2474_/X
 _2475_/X
 _2476_/X
 _2477_/X
 _2478_/X
 _2479_/X
 _2480_/X
 _2481_/X
 _2482_/X
 _2483_/X
 _2484_/X
 _2485_/X
 _2486_/X
 _2487_/X
 _2488_/X
 _2489_/X
 _2490_/X
 _2491_/X
 _2492_/X
 _2493_/X
 _2494_/X
 _2495_/Y
 _2496_/X
 _2497_/Y
 _2498_/X
 _2499_/X
 _2500_/X
 _2501_/X
 _2502_/X
 _2503_/X
 _2504_/X
 _2505_/X
 _2506_/X
 _2507_/X
 _2508_/X
 _2509_/X
 _2510_/X
 _2511_/Y
 _2512_/X
 _2513_/X
 _2514_/X
 _2515_/X
 _2516_/X
 _2517_/X
 _2518_/X
 _2519_/X
 _2520_/X
 _2521_/X
 _2522_/X
 _2523_/X
 _2524_/X
 _2525_/X
 _2526_/X
 _2527_/X
 _2528_/X
 _2529_/X
 _2530_/X
 _2531_/X
 _2532_/X
 _2533_/X
 _2534_/X
 _2535_/X
 _2536_/X
 _2537_/X
 _2538_/X
 _2539_/X
 _2540_/X
 _2541_/X
 _2542_/X
 _2543_/X
 _2544_/X
 _2545_/X
 _2546_/X
 _2547_/X
 _2548_/X
 _2549_/Y
 _2550_/X
 _2551_/X
 _2552_/X
 _2553_/X
 _2554_/X
 _2555_/X
 _2556_/X
 _2557_/X
 _2558_/X
 _2559_/X
 _2560_/X
 _2561_/X
 _2562_/X
 _2563_/X
 _2564_/X
 _2565_/X
 _2566_/X
 _2567_/X
 _2568_/X
 _2569_/X
 _2570_/X
 _2571_/X
 _2572_/X
 _2573_/X
 _2574_/X
 _2575_/X
 _2576_/Y
 _2577_/Y
 _2578_/Y
 _2579_/X
 _2580_/X
 _2581_/Y
 _2582_/Y
 _2583_/X
 _2584_/X
 _2585_/X
 _2586_/X
 _2587_/X
 _2588_/Y
 _2589_/X
 _2590_/Y
 _2591_/Y
 _2592_/Y
 _2593_/Y
 _2594_/Y
 _2595_/Y
 _2596_/Y
 _2597_/Y
 _2598_/Y
 _2599_/Y
 _2600_/Y
 _2601_/Y
 _2602_/Y
 _2603_/Y
 _2604_/Y
 _2605_/Y
 _2606_/Y
 _2607_/Y
 _2608_/Y
 _2609_/Y
 _2610_/Y
 _2611_/Y
 _2612_/Y
 _2613_/Y
 _2614_/Y
 _2615_/Y
 _2616_/Y
 _2617_/Y
 _2618_/Y
 _2619_/Y
 _2620_/Y
 _2621_/Y
 _2622_/Y
 _2623_/Y
 _2624_/Y
 _2625_/Y
 _2626_/Y
 _2627_/Y
 _2628_/Y
 _2629_/Y
 _2630_/Y
 _2631_/Y
 _2632_/Y
 _2633_/Y
 _2634_/Y
 _2635_/Y
 _2636_/Y
 _2637_/Y
 _2638_/Y
 _2639_/Y
 _2640_/Y
 _2641_/Y
 _2642_/Y
 _2643_/Y
 _2644_/Y
 _2645_/Y
 _2646_/Y
 _2647_/Y
 _2648_/Y
 _2649_/Y
 _2650_/Y
 _2651_/Y
 _2652_/Y
 _2653_/Y
 _2654_/Y
 _2655_/Y
 _2656_/Y
 _2657_/Y
 _2658_/Y
 _2659_/Y
 _2660_/Y
 _2661_/Y
 _2662_/Y
 _2663_/Y
 _2664_/Y
 _2665_/Y
 _2666_/Y
 _2667_/Y
 _2668_/Y
 _2669_/Y
 _2670_/Y
 _2671_/Y
 _2672_/Y
 _2673_/Y
 _2674_/Y
 _2675_/Y
 _2676_/Y
 _2677_/Y
 _2678_/Y
 _2679_/Y
 _2680_/Y
 _2681_/Y
 _2682_/Y
 _2683_/Y
 _2684_/Y
 _2685_/Y
 _2686_/Y
 _2687_/Y
 _2688_/Y
 _2689_/Y
 _2690_/Y
 _2691_/Y
 _2692_/Y
 _2693_/Y
 _2694_/Y
 _2695_/Y
 _2696_/Y
 _2697_/Y
 _2698_/Y
 _2699_/Y
 _2700_/Y
 _2701_/Y
 _2702_/Y
 _2703_/Y
 _2704_/Y
 _2705_/Y
 _2706_/Y
 _2707_/Y
 _2708_/Y
 _2709_/Y
 _2710_/Y
 _2711_/Y
 _2712_/Y
 _2713_/Y
 _2714_/Y
 _2715_/Y
 _2716_/Y
 _2717_/Y
 _2718_/Y
 _2719_/Y
 _2720_/Y
 _2721_/Y
 _2722_/Y
 _2723_/Y
 _2724_/Y
 _2725_/Y
 _2726_/Y
 _2727_/Y
 _2728_/Y
 _2729_/Y
 _2730_/Y
 _2731_/Y
 _2732_/Y
 _2733_/Y
 _2734_/Y
 _2735_/Y
 _2736_/Y
 _2737_/Y
 _2738_/Y
 _2739_/Y
 _2740_/Y
 _2741_/Y
 _2742_/Y
 _2743_/Y
 _2744_/Y
 _2745_/Y
 _2746_/Y
 _2747_/Y
 _2748_/Y
 _2749_/Y
 _2750_/Y
 _2751_/Y
 _2752_/Y
 _2753_/Y
 _2754_/Y
 _2755_/Y
 _2756_/Y
 _2757_/Y
 _2758_/Y
 _2759_/Y
 _2760_/Y
 _2761_/Y
 _2762_/Y
 _2763_/Y
 _2764_/Y
 _2765_/Y
 _2766_/Y
 _2767_/Y
 _2768_/Y
 _2769_/Y
 _2770_/Y
 _2771_/Y
 _2772_/Y
 _2773_/Y
 _2774_/Y
 _2775_/Y
 _2776_/Y
 _2777_/Y
 _2778_/Y
 _2779_/Y
 _2780_/Y
 _2781_/Y
 _2782_/X
 _2783_/Y
 _2784_/X
 _2785_/X
 _2786_/X
 _2787_/X
 _2788_/X
 _2789_/X
 _2790_/Y
 _2791_/Y
 _2792_/Y
 _2793_/Y
 _2794_/X
 _2795_/Y
 _2796_/Y
 _2797_/Y
 _2798_/Y
 _2799_/Y
 _2800_/Y
 _2801_/X
 _2802_/Y
 _2803_/X
 _2804_/X
 _2805_/X
 _2806_/X
 _2807_/X
 _2808_/X
 _2809_/X
 _2810_/Y
 _2811_/X
 _2812_/X
 _2813_/X
 _2814_/X
 _2815_/X
 _2816_/X
 _2817_/Y
 _2818_/Y
 _2819_/X
 _2820_/X
 _2821_/X
 _2822_/X
 _2823_/X
 _2824_/X
 _2825_/X
 _2826_/X
 _2827_/X
 _2828_/X
 _2829_/X
 _2830_/X
 _2831_/X
 _2832_/X
 _2833_/X
 _2834_/X
 _2835_/X
 _2836_/X
 _2837_/X
 _2838_/X
 _2839_/X
 _2840_/X
 _2841_/X
 _2842_/X
 _2843_/X
 _2844_/X
 _2845_/X
 _2846_/X
 _2847_/X
 _2848_/X
 _2849_/X
 _2850_/X
 _2851_/X
 _2852_/X
 _2853_/X
 _2854_/X
 _2855_/Y
 _2856_/X
 _2857_/X
 _2858_/Y
 _2859_/X
 _2860_/Y
 _2861_/Y
 _2862_/Y
 _2863_/Y
 _2864_/Y
 _2865_/X
 _2866_/X
 _2867_/X
 _2868_/X
 _2869_/Y
 _2870_/X
 _2871_/X
 _2872_/X
 _2873_/X
 _2874_/X
 _2875_/X
 _2876_/X
 _2877_/X
 _2878_/X
 _2879_/X
 _2880_/X
 _2881_/X
 _2882_/Y
 _2883_/X
 _2884_/X
 _2885_/X
 _2886_/X
 _2887_/X
 _2888_/X
 _2889_/X
 _2890_/X
 _2891_/X
 _2892_/X
 _2893_/X
 _2894_/X
 _2895_/X
 _2896_/X
 _2897_/X
 _2898_/X
 _2899_/X
 _2900_/X
 _2901_/X
 _2902_/X
 _2903_/X
 _2904_/X
 _2905_/X
 _2906_/X
 _2907_/X
 _2908_/X
 _2909_/X
 _2910_/X
 _2911_/X
 _2912_/X
 _2913_/X
 _2914_/X
 _2915_/X
 _2916_/X
 _2917_/X
 _2918_/X
 _2919_/X
 _2920_/X
 _2921_/X
 _2922_/X
 _2923_/X
 _2924_/X
 _2925_/X
 _2926_/X
 _2927_/X
 _2928_/Y
 _2929_/X
 _2930_/X
 _2931_/X
 _2932_/X
 _2933_/X
 _2934_/X
 _2935_/X
 _2936_/X
 _2937_/X
 _2938_/X
 _2939_/X
 _2940_/X
 _2941_/X
 _2942_/X
 _2943_/X
 _2944_/X
 _2945_/X
 _2946_/X
 _2947_/Y
 _2948_/X
 _2949_/X
 _2950_/X
 _2951_/X
 _2952_/X
 _2953_/X
 _2954_/X
 _2955_/X
 _2956_/X
 _2957_/X
 _2958_/X
 _2959_/X
 _2960_/Y
 _2961_/Y
 _2962_/X
 _2963_/X
 _2964_/X
 _2965_/X
 _2966_/X
 _2967_/X
 _2968_/X
 _2969_/X
 _2970_/X
 _2971_/X
 _2972_/X
 _2973_/Y
 _2974_/X
 _2975_/Y
 _2976_/Y
 _2977_/Y
 _2978_/Y
 _2979_/Y
 _2980_/Y
 _2981_/Y
 _2982_/Y
 _2983_/Y
 _2984_/Y
 _2985_/Y
 _2986_/Y
 _2987_/Y
 _2988_/Y
 _2989_/Y
 _2990_/Y
 _2991_/Y
 _2992_/Y
 _2993_/Y
 _2994_/Y
 _2995_/Y
 _2996_/Y
 _2997_/Y
 _2998_/Y
 _2999_/Y
 _3000_/Y
 _3001_/Y
 _3002_/Y
 _3003_/Y
 _3004_/Y
 _3005_/Y
 _3006_/Y
 _3007_/Y
 _3008_/Y
 _3009_/Y
 _3010_/Y
 _3011_/Y
 _3012_/Y
 _3013_/Y
 _3014_/Y
 _3015_/Y
 _3016_/Y
 _3017_/Y
 _3018_/Y
 _3019_/Y
 _3020_/Y
 _3021_/Y
 _3022_/Y
 _3023_/Y
 _3024_/Y
 _3025_/Y
 _3026_/Y
 _3027_/Y
 _3028_/Y
 _3029_/Y
 _3030_/Y
 _3031_/Y
 _3032_/Y
 _3033_/Y
 _3034_/Y
 _3035_/Y
 _3036_/Y
 _3037_/Y
 _3038_/Y
 _3039_/Y
 _3040_/Y
 _3041_/X
 _3042_/Y
 _3043_/Y
 _3044_/Y
 _3045_/Y
 _3046_/Y
 _3047_/Y
 _3048_/Y
 _3049_/Y
 _3050_/Y
 _3051_/Y
 _3052_/Y
 _3053_/Y
 _3054_/Y
 _3055_/Y
 _3056_/Y
 _3057_/Y
 _3058_/Y
 _3059_/Y
 _3060_/Y
 _3061_/Y
 _3062_/Y
 _3063_/Y
 _3064_/Y
 _3065_/Y
 _3066_/Y
 _3067_/Y
 _3068_/Y
 _3069_/Y
 _3070_/Y
 _3071_/Y
 _3072_/Y
 _3073_/Y
 _3074_/Y
 _3075_/Y
 _3076_/Y
 _3077_/Y
 _3078_/Y
 _3079_/Y
 _3080_/Y
 _3081_/Y
 _3082_/Y
 _3083_/Y
 _3084_/Y
 _3085_/Y
 _3086_/Y
 _3087_/Y
 _3088_/Y
 _3089_/Y
 _3090_/Y
 _3091_/Y
 _3092_/Y
 _3093_/Y
 _3094_/Y
 _3095_/Y
 _3096_/Y
 _3097_/Y
 _3098_/Y
 _3099_/Y
 _3100_/Y
 _3101_/Y
 _3102_/Y
 _3103_/Y
 _3104_/Y
 _3105_/Y
 _3106_/Y
 _3107_/Y
 _3108_/Y
 _3109_/Y
 _3110_/Y
 _3111_/Y
 _3112_/Y
 _3113_/Y
 _3114_/Y
 _3115_/Y
 _3116_/Y
 _3117_/Y
 _3118_/Y
 _3119_/Y
 _3120_/Y
 _3121_/Y
 _3122_/Y
 _3123_/Y
 _3124_/Y
 _3125_/Y
 _3126_/Y
 _3127_/Y
 _3128_/Y
 _3129_/Y
 _3130_/Y
 _3131_/Y
 _3132_/Y
 _3133_/Y
 _3134_/Y
 _3135_/Y
 _3136_/Y
 _3137_/Y
 _3138_/Y
 _3139_/Y
 _3140_/Y
 _3141_/Y
 _3142_/Y
 _3143_/Y
 _3144_/Y
 _3145_/Y
 _3146_/Y
 _3147_/Y
 _3148_/Y
 _3149_/Y
 _3150_/Y
 _3151_/Y
 _3152_/Y
 _3153_/Y
 _3154_/Y
 _3155_/Y
 _3156_/Y
 _3157_/Y
 _3158_/Y
 _3159_/Y
 _3160_/Y
 _3161_/Y
 _3162_/Y
 _3163_/Y
 _3164_/Y
 _3165_/Y
 _3166_/X
 _3167_/Y
 _3168_/X
 _3169_/Y
 _3170_/Y
 _3171_/Y
 _3172_/Y
 _3173_/Y
 _3174_/Y
 _3175_/Y
 _3176_/Y
 _3177_/Y
 _3178_/Y
 _3179_/Y
 _3180_/Y
 _3181_/Y
 _3182_/Y
 _3183_/Y
 _3184_/Y
 _3185_/Y
 _3186_/Y
 _3187_/Y
 _3188_/Y
 _3189_/Y
 _3190_/Y
 _3191_/Y
 _3192_/Y
 _3193_/Y
 _3194_/Y
 _3195_/Y
 _3196_/Y
 _3197_/Y
 _3198_/Y
 _3199_/Y
 _3200_/Y
 _3201_/Y
 _3202_/Y
 _3203_/Y
 _3204_/Y
 _3205_/Y
 _3206_/Y
 _3207_/Y
 _3208_/Y
 _3209_/Y
 _3210_/Y
 _3211_/Y
 _3212_/Y
 _3213_/Y
 _3214_/Y
 _3215_/Y
 _3216_/Y
 _3217_/Y
 _3218_/Y
 _3219_/Y
 _3220_/Y
 _3221_/Y
 _3222_/Y
 _3223_/Y
 _3224_/Y
 _3225_/Y
 _3226_/Y
 _3227_/Y
 _3228_/Y
 _3229_/Y
 _3230_/Y
 _3231_/Y
 _3232_/Y
 _3233_/Y
 _3234_/Y
 _3235_/X
 _3236_/X
 _3237_/X
 _3238_/Y
 _3239_/Y
 _3240_/Y
 _3241_/Y
 _3242_/Y
 _3243_/Y
 _3244_/Y
 _3245_/Y
 _3246_/Y
 _3247_/Y
 _3248_/Y
 _3249_/Y
 _3250_/Y
 _3251_/Y
 _3252_/Y
 _3253_/Y
 _3254_/Y
 _3255_/Y
 _3256_/Y
 _3257_/Y
 _3258_/Y
 _3259_/Y
 _3260_/Y
 _3261_/Y
 _3262_/Y
 _3263_/Y
 _3264_/Y
 _3265_/Y
 _3266_/Y
 _3267_/Y
 _3268_/Y
 _3269_/Y
 _3270_/Y
 _3271_/Y
 _3272_/Y
 _3273_/Y
 _3274_/Y
 _3275_/Y
 _3276_/Y
 _3277_/Y
 _3278_/Y
 _3279_/Y
 _3280_/Y
 _3281_/Y
 _3282_/Y
 _3283_/Y
 _3284_/Y
 _3285_/Y
 _3286_/Y
 _3287_/Y
 _3288_/Y
 _3289_/Y
 _3290_/Y
 _3291_/Y
 _3292_/Y
 _3293_/Y
 _3294_/Y
 _3295_/Y
 _3296_/Y
 _3297_/Y
 _3298_/Y
 _3299_/Y
 _3300_/Y
 _3301_/Y
 _3302_/Y
 _3303_/Y
 _3304_/Y
 _3305_/Y
 _3306_/Y
 _3307_/Y
 _3308_/Y
 _3309_/Y
 _3310_/Y
 _3311_/Y
 _3312_/Y
 _3313_/Y
 _3314_/Y
 _3315_/Y
 _3316_/Y
 _3317_/Y
 _3318_/Y
 _3319_/Y
 _3320_/Y
 _3321_/Y
 _3322_/Y
 _3323_/Y
 _3324_/Y
 _3325_/Y
 _3326_/Y
 _3327_/Y
 _3328_/Y
 _3329_/Y
 _3330_/Y
 _3331_/Y
 _3332_/Y
 _3333_/Y
 _3334_/Y
 _3335_/Y
 _3336_/Y
 _3337_/Y
 _3338_/Y
 _3339_/Y
 _3340_/Y
 _3341_/Y
 _3342_/Y
 _3343_/Y
 _3344_/Y
 _3345_/Y
 _3346_/Y
 _3347_/Y
 _3348_/Y
 _3349_/Y
 _3350_/Y
 _3351_/Y
 _3352_/Y
 _3353_/Y
 _3354_/Y
 _3355_/Y
 _3356_/Y
 _3357_/Y
 _3358_/Y
 _3359_/Y
 _3360_/Y
 _3361_/Y
 _3362_/Y
 _3363_/X
 _3364_/Y
 _3365_/X
 _3366_/Y
 _3367_/X
 _3368_/Y
 _3369_/X
 _3370_/Y
 _3371_/X
 _3372_/X
 _3373_/Y
 _3374_/X
 _3375_/Y
 _3376_/X
 _3377_/Y
 _3378_/X
 _3379_/Y
 _3380_/X
 _3381_/Y
 _3382_/X
 _3383_/Y
 _3384_/X
 _3385_/Y
 _3386_/X
 _3387_/Y
 _3388_/X
 _3389_/Y
 _3390_/X
 _3391_/Y
 _3392_/X
 _3393_/Y
 _3394_/X
 _3395_/Y
 _3396_/X
 _3397_/Y
 _3398_/X
 _3399_/Y
 _3400_/X
 _3401_/Y
 _3402_/X
 _3403_/Y
 _3404_/X
 _3405_/Y
 _3406_/X
 _3407_/Y
 _3408_/X
 _3409_/Y
 _3410_/X
 _3411_/X
 _3412_/Y
 _3413_/X
 _3414_/X
 _3415_/X
 _3416_/Y
 _3417_/X
 _3418_/X
 _3419_/Y
 _3420_/X
 _3421_/X
 _3422_/Y
 _3423_/X
 _3424_/Y
 _3425_/X
 _3426_/Y
 _3427_/X
 _3428_/Y
 _3429_/X
 _3430_/Y
 _3431_/X
 _3432_/X
 _3433_/Y
 _3434_/Y
 _3435_/X
 _3436_/Y
 _3437_/X
 _3438_/Y
 _3439_/X
 _3440_/Y
 _3441_/X
 _3442_/Y
 _3443_/X
 _3444_/Y
 _3445_/X
 _3446_/Y
 _3447_/X
 _3448_/Y
 _3449_/Y
 _3450_/Y
 _3451_/Y
 _3452_/Y
 _3453_/X
 _3454_/X
 _3455_/Y
 _3456_/X
 _3457_/Y
 _3458_/X
 _3459_/Y
 _3460_/X
 _3461_/Y
 _3462_/X
 _3463_/Y
 _3464_/X
 _3465_/Y
 _3466_/X
 _3467_/Y
 _3468_/X
 _3469_/Y
 _3470_/X
 _3471_/Y
 _3472_/X
 _3473_/Y
 _3474_/X
 _3475_/Y
 _3476_/X
 _3477_/X
 _3478_/Y
 _3479_/Y
 _3480_/Y
 _3481_/X
 _3482_/Y
 _3483_/X
 _3484_/Y
 _3485_/X
 _3486_/X
 _3487_/Y
 _3488_/X
 _3489_/Y
 _3490_/X
 _3491_/Y
 _3492_/X
 _3493_/Y
 _3494_/X
 _3495_/X
 _3496_/Y
 _3497_/X
 _3498_/Y
 _3499_/X
 _3500_/Y
 _3501_/X
 _3502_/Y
 _3503_/X
 _3504_/Y
 _3505_/X
 _3506_/Y
 _3507_/X
 _3508_/Y
 _3509_/X
 _3510_/Y
 _3511_/X
 _3512_/Y
 _3513_/X
 _3514_/Y
 _3515_/X
 _3516_/Y
 _3517_/X
 _3518_/X
 _3519_/Y
 _3520_/X
 _3521_/Y
 _3522_/X
 _3523_/X
 _3524_/X
 _3525_/Y
 _3526_/X
 _3527_/X
 _3528_/X
 _3529_/Y
 _3530_/X
 _3531_/Y
 _3532_/Y
 _3533_/X
 _3534_/Y
 _3535_/Y
 _3536_/X
 _3537_/Y
 _3538_/X
 _3539_/Y
 _3540_/X
 _3541_/X
 _3542_/X
 _3543_/X
 _3544_/Y
 _3545_/X
 _3546_/Y
 _3547_/X
 _3548_/Y
 _3549_/X
 _3550_/Y
 _3551_/X
 _3552_/Y
 _3553_/X
 _3554_/X
 _3555_/X
 _3556_/Y
 _3557_/Y
 _3558_/Y
 _3559_/X
 _3560_/Y
 _3561_/Y
 _3562_/Y
 _3563_/Y
 _3564_/X
 _3565_/X
 _3566_/Y
 _3567_/Y
 _3568_/Y
 _3569_/X
 _3570_/X
 _3571_/Y
 _3572_/Y
 _3573_/Y
 _3574_/Y
 _3575_/Y
 _3576_/X
 _3577_/X
 _3578_/Y
 _3579_/X
 _3580_/X
 _3581_/Y
 _3582_/X
 _3583_/Y
 _3584_/X
 _3585_/X
 _3586_/X
 _3587_/Y
 _3588_/Y
 _3589_/Y
 _3590_/X
 _3591_/Y
 _3592_/Y
 _3593_/Y
 _3594_/Y
 _3595_/Y
 _3596_/Y
 _3597_/Y
 _3598_/X
 _3599_/Y
 _3600_/X
 _3601_/Y
 _3602_/X
 _3603_/Y
 _3604_/X
 _3605_/Y
 _3606_/X
 _3607_/Y
 _3608_/X
 _3609_/Y
 _3610_/X
 _3611_/Y
 _3612_/X
 _3613_/Y
 _3614_/X
 _3615_/Y
 _3616_/X
 _3617_/Y
 _3618_/X
 _3619_/Y
 _3620_/X
 _3621_/Y
 _3622_/X
 _3623_/X
 _3624_/Y
 _3625_/X
 _3626_/X
 _3627_/Y
 _3628_/X
 _3629_/Y
 _3630_/X
 _3631_/X
 _3632_/Y
 _3633_/X
 _3634_/Y
 _3635_/X
 _3636_/X
 _3637_/Y
 _3638_/X
 _3639_/Y
 _3640_/X
 _3641_/Y
 _3642_/X
 _3643_/X
 _3644_/X
 _3645_/Y
 _3646_/X
 _3647_/X
 _3648_/Y
 _3649_/X
 _3650_/X
 _3651_/Y
 _3652_/Y
 _3653_/Y
 _3654_/Y
 _3655_/X
 _3656_/Y
 _3657_/X
 _3658_/X
 _3659_/Y
 _3660_/X
 _3661_/Y
 _3662_/X
 _3663_/Y
 _3664_/X
 _3665_/Y
 _3666_/X
 _3667_/X
 _3668_/Y
 _3669_/X
 _3670_/Y
 _3671_/X
 _3672_/X
 _3673_/Y
 _3674_/X
 _3675_/Y
 _3676_/X
 _3677_/X
 _3678_/Y
 _3679_/X
 _3680_/Y
 _3681_/X
 _3682_/Y
 _3683_/X
 _3684_/Y
 _3685_/X
 _3686_/X
 _3687_/X
 _3688_/Y
 _3689_/X
 _3690_/Y
 _3691_/X
 _3692_/Y
 _3693_/X
 _3694_/Y
 _3695_/X
 _3696_/Y
 _3697_/Y
 _3698_/Y
 _3699_/X
 _3700_/Y
 _3701_/X
 _3702_/Y
 _3703_/X
 _3704_/Y
 _3705_/X
 _3706_/Y
 _3707_/X
 _3708_/X
 _3709_/Y
 _3710_/X
 _3711_/Y
 _3712_/X
 _3713_/Y
 _3714_/X
 _3715_/Y
 _3716_/X
 _3717_/X
 _3718_/Y
 _3719_/X
 _3720_/Y
 _3721_/X
 _3722_/Y
 _3723_/X
 _3724_/Y
 _3725_/X
 _3726_/Y
 _3727_/X
 _3728_/Y
 _3729_/X
 _3730_/Y
 _3731_/X
 _3732_/Y
 _3733_/X
 _3734_/Y
 _3735_/X
 _3736_/Y
 _3737_/Y
 _3738_/Y
 _3739_/Y
 _3740_/Y
 _3741_/Y
 _3742_/X
 _3743_/Y
 _3744_/Y
 _3745_/Y
 _3746_/X
 _3747_/Y
 _3748_/X
 _3749_/Y
 _3750_/X
 _3751_/Y
 _3752_/X
 _3753_/Y
 _3754_/X
 _3755_/X
 _3756_/X
 _3757_/Y
 _3758_/X
 _3759_/X
 _3760_/Y
 _3761_/X
 _3762_/Y
 _3763_/X
 _3764_/Y
 _3765_/X
 _3766_/Y
 _3767_/X
 _3768_/Y
 _3769_/X
 _3770_/Y
 _3771_/X
 _3772_/Y
 _3773_/X
 _3774_/Y
 _3775_/X
 _3776_/Y
 _3777_/X
 _3778_/Y
 _3779_/X
 _3780_/X
 _3781_/Y
 _3782_/X
 _3783_/Y
 _3784_/X
 _3785_/Y
 _3786_/X
 _3787_/X
 _3788_/Y
 _3789_/X
 _3790_/Y
 _3791_/X
 _3792_/X
 _3793_/Y
 _3794_/X
 _3795_/Y
 _3796_/X
 _3797_/Y
 _3798_/X
 _3799_/Y
 _3800_/X
 _3801_/Y
 _3802_/X
 _3803_/Y
 _3804_/X
 _3805_/Y
 _3806_/X
 _3807_/Y
 _3808_/X
 _3809_/Y
 _3810_/Y
 _3811_/X
 _3812_/Y
 _3813_/X
 _3814_/Y
 _3815_/X
 _3816_/Y
 _3817_/X
 _3818_/Y
 _3819_/X
 _3820_/Y
 _3821_/X
 _3822_/Y
 _3823_/X
 _3824_/Y
 _3825_/X
 _3826_/Y
 _3827_/X
 _3828_/Y
 _3829_/X
 _3830_/Y
 _3831_/X
 _3832_/Y
 _3833_/X
 _3834_/Y
 _3835_/X
 _3836_/Y
 _3837_/X
 _3838_/Y
 _3839_/X
 _3840_/Y
 _3841_/X
 _3842_/X
 _3843_/X
 _3844_/X
 _3845_/X
 _3846_/X
 _3847_/X
 _3848_/X
 _3849_/X
 _3850_/X
 _3851_/X
 _3852_/X
 _3853_/X
 _3854_/X
 _3855_/X
 _3856_/X
 _3857_/X
 _3858_/X
 _3859_/X
 _3860_/Y
 _3861_/X
 _3862_/Y
 _3863_/X
 _3864_/X
 _3865_/X
 _3866_/X
 _3867_/X
 _3868_/X
 _3869_/X
 _3870_/X
 _3871_/Y
 _3872_/X
 _3873_/Y
 _3874_/Y
 _3875_/Y
 _3876_/Y
 _3877_/Y
 _3878_/Y
 _3879_/Y
 _3880_/Y
 _3881_/Y
 _3882_/Y
 _3883_/X
 _3884_/X
 _3885_/Y
 _3886_/X
 _3887_/Y
 _3888_/Y
 _3889_/Y
 _3890_/Y
 _3891_/Y
 _3892_/X
 _3893_/X
 _3894_/X
 _3895_/X
 _3896_/Y
 _3897_/Y
 _3898_/Y
 _3899_/X
 _3900_/X
 _3901_/Y
 _3902_/Y
 _3903_/Y
 _3904_/Y
 _3905_/Y
 _3906_/Y
 _3907_/X
 _3908_/X
 _3909_/X
 _3910_/X
 _3911_/X
 _3912_/X
 _3913_/X
 _3914_/X
 _3915_/X
 _3916_/X
 _3917_/X
 _3918_/X
 _3919_/X
 _3920_/X
 _3921_/X
 _3922_/X
 _3923_/X
 _3924_/X
 _3925_/X
 _3926_/X
 _3927_/X
 _3928_/X
 _3929_/X
 _3930_/X
 _3931_/X
 _3932_/Y
 _3933_/Y
 _3934_/Y
 _3935_/Y
 _3936_/X
 _3937_/Y
 _3938_/Y
 _3939_/Y
 _3940_/X
 _3941_/Y
 _3942_/Y
 _3943_/Y
 _3944_/Y
 _3945_/X
 _3946_/Y
 _3947_/Y
 _3948_/X
 _3949_/X
 _3950_/Y
 _3951_/X
 _3952_/X
 _3953_/X
 _3954_/X
 _3955_/X
 _3956_/X
 _3957_/Y
 _3958_/Y
 _3959_/Y
 _3960_/X
 _3961_/Y
 _3962_/X
 _3963_/X
 _3964_/X
 _3965_/X
 _3966_/X
 _3967_/Y
 _3968_/Y
 _3969_/Y
 _3970_/Y
 _3971_/Y
 _3972_/Y
 _3973_/Y
 _3974_/X
 _3975_/X
 _3976_/Y
 _3977_/X
 _3978_/X
 _3979_/X
 _3980_/X
 _3981_/X
 _3982_/Y
 _3983_/X
 _3984_/X
 _3985_/X
 _3986_/Y
 _3987_/X
 _3988_/X
 _3989_/Y
 _3990_/Y
 _3991_/X
 _3992_/X
 _3993_/Y
 _3994_/X
 _3995_/X
 _3996_/X
 _3997_/X
 _3998_/X
 _3999_/X
 _4000_/X
 _4001_/X
 _4002_/X
 _4003_/X
 _4004_/X
 _4005_/X
 _4006_/X
 _4007_/Y
 _4008_/X
 _4009_/Y
 _4010_/Y
 _4011_/X
 _4012_/X
 _4013_/X
 _4014_/X
 _4015_/X
 _4016_/X
 _4017_/X
 _4018_/X
 _4019_/X
 _4020_/Y
 _4021_/X
 _4022_/X
 _4023_/X
 _4024_/X
 _4025_/X
 _4026_/Y
 _4027_/X
 _4028_/X
 _4029_/Y
 _4030_/X
 _4031_/Y
 _4032_/X
 _4033_/X
 _4034_/X
 _4035_/X
 _4036_/X
 _4037_/X
 _4038_/X
 _4039_/X
 _4040_/X
 _4041_/Y
 _4042_/Y
 _4043_/Y
 _4044_/X
 _4045_/Y
 _4046_/X
 _4047_/X
 _4048_/Y
 _4049_/Y
 _4050_/Y
 _4051_/Y
 _4052_/Y
 _4053_/Y
 _4054_/Y
 _4055_/Y
 _4056_/Y
 _4057_/Y
 _4058_/Y
 _4059_/Y
 _4060_/Y
 _4061_/X
 _4062_/X
 _4063_/X
 _4064_/X
 _4065_/X
 _4066_/X
 _4067_/X
 _4068_/X
 _4069_/X
 _4070_/X
 _4071_/X
 _4072_/X
 _4073_/X
 _4074_/X
 _4075_/X
 _4076_/X
 _4077_/X
 _4078_/X
 _4079_/X
 _4080_/X
 _4081_/Y
 _4082_/Y
 _4083_/X
 _4084_/X
 _4085_/X
 _4086_/Y
 _4087_/X
 _4088_/Y
 _4089_/X
 _4090_/X
 _4091_/X
 _4092_/Y
 _4093_/X
 _4094_/X
 _4095_/X
 _4096_/X
 _4097_/X
 _4098_/Y
 _4099_/X
 _4100_/X
 _4101_/X
 _4102_/X
 _4103_/X
 _4104_/Y
 _4105_/Y
 _4106_/Y
 _4107_/Y
 _4108_/X
 _4109_/X
 _4110_/X
 _4111_/X
 _4112_/X
 _4113_/Y
 _4114_/X
 _4115_/X
 _4116_/X
 _4117_/X
 _4118_/X
 _4119_/X
 _4120_/X
 _4121_/X
 _4122_/Y
 _4123_/X
 _4124_/X
 _4125_/X
 _4126_/X
 _4127_/X
 _4128_/X
 _4129_/X
 _4130_/X
 _4131_/X
 _4132_/X
 _4133_/X
 _4134_/X
 _4135_/X
 _4136_/X
 _4137_/X
 _4138_/X
 _4139_/X
 _4140_/X
 _4141_/Y
 _4142_/X
 _4143_/X
 _4144_/X
 _4145_/Y
 _4146_/X
 _4147_/X
 _4148_/Y
 _4149_/Y
 _4150_/Y
 _4151_/X
 _4152_/Y
 _4153_/Y
 _4154_/X
 _4155_/X
 _4156_/X
 _4157_/X
 _4158_/X
 _4159_/X
 _4160_/Y
 _4161_/X
 _4162_/X
 _4163_/Y
 _4164_/X
 _4165_/Y
 _4166_/Y
 _4167_/X
 _4168_/X
 _4169_/Y
 _4170_/X
 _4171_/Y
 _4172_/X
 _4173_/Y
 _4174_/X
 _4175_/Y
 _4176_/X
 _4177_/Y
 _4178_/X
 _4179_/Y
 _4180_/X
 _4181_/Y
 _4182_/X
 _4183_/X
 _4184_/Y
 _4185_/X
 _4186_/Y
 _4187_/X
 _4188_/X
 _4189_/X
 _4190_/Y
 _4191_/X
 _4192_/X
 _4193_/X
 _4194_/X
 _4195_/X
 _4196_/X
 _4197_/X
 _4198_/X
 _4199_/X
 _4200_/Y
 _4201_/Y
 _4202_/Y
 _4203_/X
 _4204_/X
 _4205_/X
 _4206_/X
 _4207_/X
 _4208_/Y
 _4209_/Y
 _4210_/X
 _4211_/X
 _4212_/Y
 _4213_/X
 _4214_/X
 _4215_/Y
 _4216_/X
 _4217_/Y
 _4218_/Y
 _4219_/Y
 _4220_/Y
 _4221_/X
 _4222_/X
 _4223_/X
 _4224_/X
 _4225_/Y
 _4226_/X
 _4227_/Y
 _4228_/Y
 _4229_/X
 _4230_/Y
 _4231_/Y
 _4232_/X
 _4233_/X
 _4234_/X
 _4235_/Y
 _4236_/Y
 _4237_/X
 _4238_/X
 _4239_/Y
 _4240_/X
 _4241_/X
 _4242_/X
 _4243_/Y
 _4244_/X
 _4245_/X
 _4246_/Y
 _4247_/X
 _4248_/X
 _4249_/X
 _4250_/X
 _4251_/X
 _4252_/Y
 _4253_/X
 _4254_/Y
 _4255_/X
 _4256_/Y
 _4257_/X
 _4258_/X
 _4259_/X
 _4260_/X
 _4261_/X
 _4262_/X
 _4263_/X
 _4264_/X
 _4265_/Y
 _4266_/X
 _4267_/X
 _4268_/Y
 _4269_/X
 _4270_/X
 _4271_/X
 _4272_/X
 _4273_/Y
 _4274_/X
 _4275_/X
 _4276_/X
 _4277_/Y
 _4278_/X
 _4279_/X
 _4280_/Y
 _4281_/X
 _4282_/X
 _4283_/X
 _4284_/X
 _4285_/X
 _4286_/X
 _4287_/X
 _4288_/X
 _4289_/X
 _4290_/X
 _4291_/X
 _4292_/Y
 _4293_/X
 _4294_/X
 _4295_/Y
 _4296_/X
 _4297_/X
 _4298_/X
 _4299_/X
 _4300_/X
 _4301_/X
 _4302_/Y
 _4303_/Y
 _4304_/Y
 _4305_/X
 _4306_/X
 _4307_/Y
 _4308_/X
 _4309_/X
 _4310_/X
 _4311_/X
 _4312_/X
 _4313_/X
 _4314_/X
 _4315_/X
 _4316_/X
 _4317_/X
 _4318_/X
 _4319_/Y
 _4320_/X
 _4321_/X
 _4322_/X
 _4323_/Y
 _4324_/X
 _4325_/Y
 _4326_/Y
 _4327_/Y
 _4328_/X
 _4329_/X
 _4330_/X
 _4331_/Y
 _4332_/Y
 _4333_/X
 _4334_/X
 _4335_/X
 _4336_/X
 _4337_/X
 _4338_/X
 _4339_/X
 _4340_/X
 _4341_/X
 _4342_/X
 _4343_/X
 _4344_/Y
 _4345_/X
 _4346_/X
 _4347_/X
 _4348_/X
 _4349_/X
 _4350_/Y
 _4351_/X
 _4352_/X
 _4353_/Y
 _4354_/X
 _4355_/X
 _4356_/X
 _4357_/X
 _4358_/X
 _4359_/X
 _4360_/X
 _4361_/Y
 _4362_/X
 _4363_/Y
 _4364_/Y
 _4365_/Y
 _4366_/Y
 _4367_/X
 _4368_/X
 _4369_/Y
 _4370_/Y
 _4371_/Y
 _4372_/X
 _4373_/X
 _4374_/Y
 _4375_/X
 _4376_/X
 _4377_/X
 _4378_/Y
 _4379_/Y
 _4380_/Y
 _4381_/X
 _4382_/X
 _4383_/X
 _4384_/X
 _4385_/X
 _4386_/X
 _4387_/X
 _4388_/X
 _4389_/Y
 _4390_/X
 _4391_/X
 _4392_/X
 _4393_/X
 _4394_/X
 _4395_/X
 _4396_/X
 _4397_/X
 _4398_/Y
 _4399_/X
 _4400_/Y
 _4401_/Y
 _4402_/Y
 _4403_/X
 _4404_/X
 _4405_/X
 _4406_/X
 _4407_/X
 _4408_/Y
 _4409_/X
 _4410_/X
 _4411_/X
 _4412_/X
 _4413_/Y
 _4414_/Y
 _4415_/X
 _4416_/X
 _4417_/X
 _4418_/X
 _4419_/X
 _4420_/X
 _4421_/X
 _4422_/Y
 _4423_/Y
 _4424_/X
 _4425_/X
 _4426_/X
 _4427_/Y
 _4428_/X
 _4429_/X
 _4430_/X
 _4431_/X
 _4432_/X
 _4433_/X
 _4434_/X
 _4435_/X
 _4436_/X
 _4437_/X
 _4438_/X
 _4439_/X
 _4440_/X
 _4441_/Y
 _4442_/X
 _4443_/X
 _4444_/Y
 input1/X
 input10/X
 input100/X
 input1000/X
 input1001/X
 input1002/X
 input1003/X
 input1004/X
 input1005/X
 input1006/X
 input1007/X
 input1008/X
 input1009/X
 input101/X
 input1010/X
 input1011/X
 input1012/X
 input1013/X
 input1014/X
 input1015/X
 input1016/X
 input1017/X
 input1018/X
 input1019/X
 input102/X
 input1020/X
 input1021/X
 input1022/X
 input1023/X
 input1024/X
 input103/X
 input104/X
 input105/X
 input106/X
 input107/X
 input108/X
 input109/X
 input11/X
 input110/X
 input111/X
 input112/X
 input113/X
 input114/X
 input115/X
 input116/X
 input117/X
 input118/X
 input119/X
 input12/X
 input120/X
 input121/X
 input122/X
 input123/X
 input124/X
 input125/X
 input126/X
 input127/X
 input128/X
 input129/X
 input13/X
 input130/X
 input131/X
 input132/X
 input133/X
 input134/X
 input135/X
 input136/X
 input137/X
 input138/X
 input139/X
 input14/X
 input140/X
 input141/X
 input142/X
 input143/X
 input144/X
 input145/X
 input146/X
 input147/X
 input148/X
 input149/X
 input15/X
 input150/X
 input151/X
 input152/X
 input153/X
 input154/X
 input155/X
 input156/X
 input157/X
 input158/X
 input159/X
 input16/X
 input160/X
 input161/X
 input162/X
 input163/X
 input164/X
 input165/X
 input166/X
 input167/X
 input168/X
 input169/X
 input17/X
 input170/X
 input171/X
 input172/X
 input173/X
 input174/X
 input175/X
 input176/X
 input177/X
 input178/X
 input179/X
 input18/X
 input180/X
 input181/X
 input182/X
 input183/X
 input184/X
 input185/X
 input186/X
 input187/X
 input188/X
 input189/X
 input19/X
 input190/X
 input191/X
 input192/X
 input193/X
 input194/X
 input195/X
 input196/X
 input197/X
 input198/X
 input199/X
 input2/X
 input20/X
 input200/X
 input201/X
 input202/X
 input203/X
 input204/X
 input205/X
 input206/X
 input207/X
 input208/X
 input209/X
 input21/X
 input210/X
 input211/X
 input212/X
 input213/X
 input214/X
 input215/X
 input216/X
 input217/X
 input218/X
 input219/X
 input22/X
 input220/X
 input221/X
 input222/X
 input223/X
 input224/X
 input225/X
 input226/X
 input227/X
 input228/X
 input229/X
 input23/X
 input230/X
 input231/X
 input232/X
 input233/X
 input234/X
 input235/X
 input236/X
 input237/X
 input238/X
 input239/X
 input24/X
 input240/X
 input241/X
 input242/X
 input243/X
 input244/X
 input245/X
 input246/X
 input247/X
 input248/X
 input249/X
 input25/X
 input250/X
 input251/X
 input252/X
 input253/X
 input254/X
 input255/X
 input256/X
 input257/X
 input258/X
 input259/X
 input26/X
 input260/X
 input261/X
 input262/X
 input263/X
 input264/X
 input265/X
 input266/X
 input267/X
 input268/X
 input269/X
 input27/X
 input270/X
 input271/X
 input272/X
 input273/X
 input274/X
 input275/X
 input276/X
 input277/X
 input278/X
 input279/X
 input28/X
 input280/X
 input281/X
 input282/X
 input283/X
 input284/X
 input285/X
 input286/X
 input287/X
 input288/X
 input289/X
 input29/X
 input290/X
 input291/X
 input292/X
 input293/X
 input294/X
 input295/X
 input296/X
 input297/X
 input298/X
 input299/X
 input3/X
 input30/X
 input300/X
 input301/X
 input302/X
 input303/X
 input304/X
 input305/X
 input306/X
 input307/X
 input308/X
 input309/X
 input31/X
 input310/X
 input311/X
 input312/X
 input313/X
 input314/X
 input315/X
 input316/X
 input317/X
 input318/X
 input319/X
 input32/X
 input320/X
 input321/X
 input322/X
 input323/X
 input324/X
 input325/X
 input326/X
 input327/X
 input328/X
 input329/X
 input33/X
 input330/X
 input331/X
 input332/X
 input333/X
 input334/X
 input335/X
 input336/X
 input337/X
 input338/X
 input339/X
 input34/X
 input340/X
 input341/X
 input342/X
 input343/X
 input344/X
 input345/X
 input346/X
 input347/X
 input348/X
 input349/X
 input35/X
 input350/X
 input351/X
 input352/X
 input353/X
 input354/X
 input355/X
 input356/X
 input357/X
 input358/X
 input359/X
 input36/X
 input360/X
 input361/X
 input362/X
 input363/X
 input364/X
 input365/X
 input366/X
 input367/X
 input368/X
 input369/X
 input37/X
 input370/X
 input371/X
 input372/X
 input373/X
 input374/X
 input375/X
 input376/X
 input377/X
 input378/X
 input379/X
 input38/X
 input380/X
 input381/X
 input382/X
 input383/X
 input384/X
 input385/X
 input386/X
 input387/X
 input388/X
 input389/X
 input39/X
 input390/X
 input391/X
 input392/X
 input393/X
 input394/X
 input395/X
 input396/X
 input397/X
 input398/X
 input399/X
 input4/X
 input40/X
 input400/X
 input401/X
 input402/X
 input403/X
 input404/X
 input405/X
 input406/X
 input407/X
 input408/X
 input409/X
 input41/X
 input410/X
 input411/X
 input412/X
 input413/X
 input414/X
 input415/X
 input416/X
 input417/X
 input418/X
 input419/X
 input42/X
 input420/X
 input421/X
 input422/X
 input423/X
 input424/X
 input425/X
 input426/X
 input427/X
 input428/X
 input429/X
 input43/X
 input430/X
 input431/X
 input432/X
 input433/X
 input434/X
 input435/X
 input436/X
 input437/X
 input438/X
 input439/X
 input44/X
 input440/X
 input441/X
 input442/X
 input443/X
 input444/X
 input445/X
 input446/X
 input447/X
 input448/X
 input449/X
 input45/X
 input450/X
 input451/X
 input452/X
 input453/X
 input454/X
 input455/X
 input456/X
 input457/X
 input458/X
 input459/X
 input46/X
 input460/X
 input461/X
 input462/X
 input463/X
 input464/X
 input465/X
 input466/X
 input467/X
 input468/X
 input469/X
 input47/X
 input470/X
 input471/X
 input472/X
 input473/X
 input474/X
 input475/X
 input476/X
 input477/X
 input478/X
 input479/X
 input48/X
 input480/X
 input481/X
 input482/X
 input483/X
 input484/X
 input485/X
 input486/X
 input487/X
 input488/X
 input489/X
 input49/X
 input490/X
 input491/X
 input492/X
 input493/X
 input494/X
 input495/X
 input496/X
 input497/X
 input498/X
 input499/X
 input5/X
 input50/X
 input500/X
 input501/X
 input502/X
 input503/X
 input504/X
 input505/X
 input506/X
 input507/X
 input508/X
 input509/X
 input51/X
 input510/X
 input511/X
 input512/X
 input513/X
 input514/X
 input515/X
 input516/X
 input517/X
 input518/X
 input519/X
 input52/X
 input520/X
 input521/X
 input522/X
 input523/X
 input524/X
 input525/X
 input526/X
 input527/X
 input528/X
 input529/X
 input53/X
 input530/X
 input531/X
 input532/X
 input533/X
 input534/X
 input535/X
 input536/X
 input537/X
 input538/X
 input539/X
 input54/X
 input540/X
 input541/X
 input542/X
 input543/X
 input544/X
 input545/X
 input546/X
 input547/X
 input548/X
 input549/X
 input55/X
 input550/X
 input551/X
 input552/X
 input553/X
 input554/X
 input555/X
 input556/X
 input557/X
 input558/X
 input559/X
 input56/X
 input560/X
 input561/X
 input562/X
 input563/X
 input564/X
 input565/X
 input566/X
 input567/X
 input568/X
 input569/X
 input57/X
 input570/X
 input571/X
 input572/X
 input573/X
 input574/X
 input575/X
 input576/X
 input577/X
 input578/X
 input579/X
 input58/X
 input580/X
 input581/X
 input582/X
 input583/X
 input584/X
 input585/X
 input586/X
 input587/X
 input588/X
 input589/X
 input59/X
 input590/X
 input591/X
 input592/X
 input593/X
 input594/X
 input595/X
 input596/X
 input597/X
 input598/X
 input599/X
 input6/X
 input60/X
 input600/X
 input601/X
 input602/X
 input603/X
 input604/X
 input605/X
 input606/X
 input607/X
 input608/X
 input609/X
 input61/X
 input610/X
 input611/X
 input612/X
 input613/X
 input614/X
 input615/X
 input616/X
 input617/X
 input618/X
 input619/X
 input62/X
 input620/X
 input621/X
 input622/X
 input623/X
 input624/X
 input625/X
 input626/X
 input627/X
 input628/X
 input629/X
 input63/X
 input630/X
 input631/X
 input632/X
 input633/X
 input634/X
 input635/X
 input636/X
 input637/X
 input638/X
 input639/X
 input64/X
 input640/X
 input641/X
 input642/X
 input643/X
 input644/X
 input645/X
 input646/X
 input647/X
 input648/X
 input649/X
 input65/X
 input650/X
 input651/X
 input652/X
 input653/X
 input654/X
 input655/X
 input656/X
 input657/X
 input658/X
 input659/X
 input66/X
 input660/X
 input661/X
 input662/X
 input663/X
 input664/X
 input665/X
 input666/X
 input667/X
 input668/X
 input669/X
 input67/X
 input670/X
 input671/X
 input672/X
 input673/X
 input674/X
 input675/X
 input676/X
 input677/X
 input678/X
 input679/X
 input68/X
 input680/X
 input681/X
 input682/X
 input683/X
 input684/X
 input685/X
 input686/X
 input687/X
 input688/X
 input689/X
 input69/X
 input690/X
 input691/X
 input692/X
 input693/X
 input694/X
 input695/X
 input696/X
 input697/X
 input698/X
 input699/X
 input7/X
 input70/X
 input700/X
 input701/X
 input702/X
 input703/X
 input704/X
 input705/X
 input706/X
 input707/X
 input708/X
 input709/X
 input71/X
 input710/X
 input711/X
 input712/X
 input713/X
 input714/X
 input715/X
 input716/X
 input717/X
 input718/X
 input719/X
 input72/X
 input720/X
 input721/X
 input722/X
 input723/X
 input724/X
 input725/X
 input726/X
 input727/X
 input728/X
 input729/X
 input73/X
 input730/X
 input731/X
 input732/X
 input733/X
 input734/X
 input735/X
 input736/X
 input737/X
 input738/X
 input739/X
 input74/X
 input740/X
 input741/X
 input742/X
 input743/X
 input744/X
 input745/X
 input746/X
 input747/X
 input748/X
 input749/X
 input75/X
 input750/X
 input751/X
 input752/X
 input753/X
 input754/X
 input755/X
 input756/X
 input757/X
 input758/X
 input759/X
 input76/X
 input760/X
 input761/X
 input762/X
 input763/X
 input764/X
 input765/X
 input766/X
 input767/X
 input768/X
 input769/X
 input77/X
 input770/X
 input771/X
 input772/X
 input773/X
 input774/X
 input775/X
 input776/X
 input777/X
 input778/X
 input779/X
 input78/X
 input780/X
 input781/X
 input782/X
 input783/X
 input784/X
 input785/X
 input786/X
 input787/X
 input788/X
 input789/X
 input79/X
 input790/X
 input791/X
 input792/X
 input793/X
 input794/X
 input795/X
 input796/X
 input797/X
 input798/X
 input799/X
 input8/X
 input80/X
 input800/X
 input801/X
 input802/X
 input803/X
 input804/X
 input805/X
 input806/X
 input807/X
 input808/X
 input809/X
 input81/X
 input810/X
 input811/X
 input812/X
 input813/X
 input814/X
 input815/X
 input816/X
 input817/X
 input818/X
 input819/X
 input82/X
 input820/X
 input821/X
 input822/X
 input823/X
 input824/X
 input825/X
 input826/X
 input827/X
 input828/X
 input829/X
 input83/X
 input830/X
 input831/X
 input832/X
 input833/X
 input834/X
 input835/X
 input836/X
 input837/X
 input838/X
 input839/X
 input84/X
 input840/X
 input841/X
 input842/X
 input843/X
 input844/X
 input845/X
 input846/X
 input847/X
 input848/X
 input849/X
 input85/X
 input850/X
 input851/X
 input852/X
 input853/X
 input854/X
 input855/X
 input856/X
 input857/X
 input858/X
 input859/X
 input86/X
 input860/X
 input861/X
 input862/X
 input863/X
 input864/X
 input865/X
 input866/X
 input867/X
 input868/X
 input869/X
 input87/X
 input870/X
 input871/X
 input872/X
 input873/X
 input874/X
 input875/X
 input876/X
 input877/X
 input878/X
 input879/X
 input88/X
 input880/X
 input881/X
 input882/X
 input883/X
 input884/X
 input885/X
 input886/X
 input887/X
 input888/X
 input889/X
 input89/X
 input890/X
 input891/X
 input892/X
 input893/X
 input894/X
 input895/X
 input896/X
 input897/X
 input898/X
 input899/X
 input9/X
 input90/X
 input900/X
 input901/X
 input902/X
 input903/X
 input904/X
 input905/X
 input906/X
 input907/X
 input908/X
 input909/X
 input91/X
 input910/X
 input911/X
 input912/X
 input913/X
 input914/X
 input915/X
 input916/X
 input917/X
 input918/X
 input919/X
 input92/X
 input920/X
 input921/X
 input922/X
 input923/X
 input924/X
 input925/X
 input926/X
 input927/X
 input928/X
 input929/X
 input93/X
 input930/X
 input931/X
 input932/X
 input933/X
 input934/X
 input935/X
 input936/X
 input937/X
 input938/X
 input939/X
 input94/X
 input940/X
 input941/X
 input942/X
 input943/X
 input944/X
 input945/X
 input946/X
 input947/X
 input948/X
 input949/X
 input95/X
 input950/X
 input951/X
 input952/X
 input953/X
 input954/X
 input955/X
 input956/X
 input957/X
 input958/X
 input959/X
 input96/X
 input960/X
 input961/X
 input962/X
 input963/X
 input964/X
 input965/X
 input966/X
 input967/X
 input968/X
 input969/X
 input97/X
 input970/X
 input971/X
 input972/X
 input973/X
 input974/X
 input975/X
 input976/X
 input977/X
 input978/X
 input979/X
 input98/X
 input980/X
 input981/X
 input982/X
 input983/X
 input984/X
 input985/X
 input986/X
 input987/X
 input988/X
 input989/X
 input99/X
 input990/X
 input991/X
 input992/X
 input993/X
 input994/X
 input995/X
 input996/X
 input997/X
 input998/X
 input999/X
 max_cap1040/X
 max_cap1041/X
 max_cap1042/X
 max_cap1044/X
 max_cap1049/X
 max_cap1052/X
 max_cap1054/X
 max_cap1055/X
 max_cap1057/X
 max_cap1061/X
 max_cap1063/X
 max_cap1064/X
 max_cap1065/X
 max_cap1066/X
 max_cap1067/X
 max_cap1069/X
 max_cap1070/X
 max_cap1071/X
 max_cap1072/X
 max_cap1073/X
 max_cap1077/X
 max_cap1078/X
 max_cap1079/X
 output1025/X
 output1026/X
 output1027/X
 output1028/X
 output1029/X
 output1030/X
 output1031/X
 output1032/X
 output1033/X
 output1034/X
 output1035/X
 wire1/X
 wire1036/X
 wire1037/X
 wire1038/X
 wire1039/X
 wire1043/X
 wire1045/X
 wire1046/X
 wire1047/X
 wire1048/X
 wire1050/X
 wire1051/X
 wire1053/X
 wire1056/X
 wire1058/X
 wire1059/X
 wire1060/X
 wire1062/X
 wire1068/X
 wire1074/X
 wire1075/X
 wire1076/X
 wire1080/X
 wire2/X
Found 0 partially unannotated drivers.

===========================================================================
max slew violation count 0
max fanout violation count 0
max cap violation count 0
============================================================================

===========================================================================
check_setup -verbose -unconstrained_endpoints -multiple_clock -no_clock -no_input_delay -loops -generated_clocks
===========================================================================
