
===========================================================================
report_checks -path_delay max (Setup)
============================================================================
======================= Typical Corner ===================================

Startpoint: in_data[514] (input port clocked by __VIRTUAL_CLK__)
Endpoint: out_code[1] (output port clocked by __VIRTUAL_CLK__)
Path Group: __VIRTUAL_CLK__
Path Type: max

Fanout     Cap    Slew   Delay    Time   Description
-----------------------------------------------------------------------------
                  0.00    0.00    0.00   clock __VIRTUAL_CLK__ (rise edge)
                          0.00    0.00   clock network delay (ideal)
                          8.00    8.00 v input external delay
                  0.02    0.01    8.01 v in_data[514] (in)
     1    0.01                           in_data[514] (net)
                  0.02    0.00    8.01 v input485/A (sky130_fd_sc_hd__buf_12)
                  0.02    0.11    8.13 v input485/X (sky130_fd_sc_hd__buf_12)
     3    0.01                           net485 (net)
                  0.02    0.00    8.13 v _3363_/A1 (sky130_fd_sc_hd__o21a_1)
                  0.03    0.17    8.30 v _3363_/X (sky130_fd_sc_hd__o21a_1)
     1    0.00                           _1145_ (net)
                  0.03    0.00    8.30 v _3365_/A3 (sky130_fd_sc_hd__o31a_1)
                  0.04    0.23    8.53 v _3365_/X (sky130_fd_sc_hd__o31a_1)
     1    0.00                           _1147_ (net)
                  0.04    0.00    8.53 v _3367_/A3 (sky130_fd_sc_hd__o31a_1)
                  0.04    0.24    8.77 v _3367_/X (sky130_fd_sc_hd__o31a_1)
     1    0.00                           _1149_ (net)
                  0.04    0.00    8.77 v _3369_/A3 (sky130_fd_sc_hd__o31a_1)
                  0.04    0.24    9.01 v _3369_/X (sky130_fd_sc_hd__o31a_1)
     1    0.00                           _1151_ (net)
                  0.04    0.00    9.01 v _3371_/A3 (sky130_fd_sc_hd__o31a_1)
                  0.04    0.23    9.24 v _3371_/X (sky130_fd_sc_hd__o31a_1)
     1    0.00                           _1153_ (net)
                  0.04    0.00    9.24 v _3372_/C (sky130_fd_sc_hd__or3_1)
                  0.06    0.31    9.55 v _3372_/X (sky130_fd_sc_hd__or3_1)
     1    0.00                           _1154_ (net)
                  0.06    0.00    9.55 v _3374_/A1 (sky130_fd_sc_hd__a211o_1)
                  0.05    0.26    9.81 v _3374_/X (sky130_fd_sc_hd__a211o_1)
     1    0.00                           _1156_ (net)
                  0.05    0.00    9.81 v _3376_/A1 (sky130_fd_sc_hd__a211o_1)
                  0.05    0.26   10.07 v _3376_/X (sky130_fd_sc_hd__a211o_1)
     1    0.00                           _1158_ (net)
                  0.05    0.00   10.07 v _3378_/A1 (sky130_fd_sc_hd__a211o_1)
                  0.05    0.26   10.32 v _3378_/X (sky130_fd_sc_hd__a211o_1)
     1    0.00                           _1160_ (net)
                  0.05    0.00   10.32 v _3380_/A1 (sky130_fd_sc_hd__a211o_1)
                  0.05    0.26   10.58 v _3380_/X (sky130_fd_sc_hd__a211o_1)
     1    0.00                           _1162_ (net)
                  0.05    0.00   10.58 v _3382_/A1 (sky130_fd_sc_hd__a211o_1)
                  0.05    0.26   10.84 v _3382_/X (sky130_fd_sc_hd__a211o_1)
     1    0.00                           _1164_ (net)
                  0.05    0.00   10.84 v _3384_/A1 (sky130_fd_sc_hd__a211o_1)
                  0.05    0.26   11.09 v _3384_/X (sky130_fd_sc_hd__a211o_1)
     1    0.00                           _1166_ (net)
                  0.05    0.00   11.09 v _3386_/A1 (sky130_fd_sc_hd__a211o_1)
                  0.05    0.26   11.35 v _3386_/X (sky130_fd_sc_hd__a211o_1)
     1    0.00                           _1168_ (net)
                  0.05    0.00   11.35 v _3388_/A1 (sky130_fd_sc_hd__a211o_1)
                  0.05    0.26   11.61 v _3388_/X (sky130_fd_sc_hd__a211o_1)
     1    0.00                           _1170_ (net)
                  0.05    0.00   11.61 v _3390_/A1 (sky130_fd_sc_hd__a211o_1)
                  0.05    0.26   11.87 v _3390_/X (sky130_fd_sc_hd__a211o_1)
     1    0.00                           _1172_ (net)
                  0.05    0.00   11.87 v _3392_/A1 (sky130_fd_sc_hd__a211o_1)
                  0.05    0.26   12.12 v _3392_/X (sky130_fd_sc_hd__a211o_1)
     1    0.00                           _1174_ (net)
                  0.05    0.00   12.12 v _3394_/A1 (sky130_fd_sc_hd__a211o_1)
                  0.05    0.26   12.38 v _3394_/X (sky130_fd_sc_hd__a211o_1)
     1    0.00                           _1176_ (net)
                  0.05    0.00   12.38 v _3396_/A1 (sky130_fd_sc_hd__a211o_1)
                  0.05    0.26   12.64 v _3396_/X (sky130_fd_sc_hd__a211o_1)
     1    0.00                           _1178_ (net)
                  0.05    0.00   12.64 v _3398_/A1 (sky130_fd_sc_hd__a211o_1)
                  0.05    0.26   12.89 v _3398_/X (sky130_fd_sc_hd__a211o_1)
     1    0.00                           _1180_ (net)
                  0.05    0.00   12.89 v _3400_/A1 (sky130_fd_sc_hd__a211o_1)
                  0.05    0.26   13.15 v _3400_/X (sky130_fd_sc_hd__a211o_1)
     1    0.00                           _1182_ (net)
                  0.05    0.00   13.15 v _3402_/A1 (sky130_fd_sc_hd__a211o_1)
                  0.05    0.26   13.41 v _3402_/X (sky130_fd_sc_hd__a211o_1)
     1    0.00                           _1184_ (net)
                  0.05    0.00   13.41 v _3404_/A1 (sky130_fd_sc_hd__a211o_1)
                  0.05    0.26   13.66 v _3404_/X (sky130_fd_sc_hd__a211o_1)
     1    0.00                           _1186_ (net)
                  0.05    0.00   13.66 v _3406_/A1 (sky130_fd_sc_hd__a211o_1)
                  0.05    0.26   13.92 v _3406_/X (sky130_fd_sc_hd__a211o_1)
     1    0.00                           _1188_ (net)
                  0.05    0.00   13.92 v _3408_/A1 (sky130_fd_sc_hd__a211o_1)
                  0.05    0.26   14.18 v _3408_/X (sky130_fd_sc_hd__a211o_1)
     1    0.00                           _1190_ (net)
                  0.05    0.00   14.18 v _3410_/A1 (sky130_fd_sc_hd__a211o_1)
                  0.04    0.25   14.43 v _3410_/X (sky130_fd_sc_hd__a211o_1)
     1    0.00                           _1192_ (net)
                  0.04    0.00   14.43 v _3411_/C_N (sky130_fd_sc_hd__or3b_1)
                  0.04    0.16   14.58 ^ _3411_/X (sky130_fd_sc_hd__or3b_1)
     1    0.00                           _1193_ (net)
                  0.04    0.00   14.58 ^ _3413_/A1 (sky130_fd_sc_hd__a211o_1)
                  0.03    0.10   14.68 ^ _3413_/X (sky130_fd_sc_hd__a211o_1)
     1    0.00                           _1195_ (net)
                  0.03    0.00   14.68 ^ _3414_/C_N (sky130_fd_sc_hd__or3b_4)
                  0.06    0.37   15.05 v _3414_/X (sky130_fd_sc_hd__or3b_4)
     1    0.00                           _1196_ (net)
                  0.06    0.00   15.05 v _3415_/A1 (sky130_fd_sc_hd__a211o_1)
                  0.05    0.26   15.31 v _3415_/X (sky130_fd_sc_hd__a211o_1)
     1    0.00                           _1197_ (net)
                  0.05    0.00   15.31 v _3417_/A1 (sky130_fd_sc_hd__a211o_1)
                  0.04    0.25   15.56 v _3417_/X (sky130_fd_sc_hd__a211o_1)
     1    0.00                           _1199_ (net)
                  0.04    0.00   15.56 v _3418_/C_N (sky130_fd_sc_hd__or3b_1)
                  0.04    0.16   15.72 ^ _3418_/X (sky130_fd_sc_hd__or3b_1)
     1    0.00                           _1200_ (net)
                  0.04    0.00   15.72 ^ _3420_/A1 (sky130_fd_sc_hd__a211o_1)
                  0.03    0.10   15.82 ^ _3420_/X (sky130_fd_sc_hd__a211o_1)
     1    0.00                           _1202_ (net)
                  0.03    0.00   15.82 ^ _3421_/C_N (sky130_fd_sc_hd__or3b_4)
                  0.06    0.37   16.19 v _3421_/X (sky130_fd_sc_hd__or3b_4)
     1    0.00                           _1203_ (net)
                  0.06    0.00   16.19 v _3423_/A1 (sky130_fd_sc_hd__a211o_1)
                  0.05    0.26   16.45 v _3423_/X (sky130_fd_sc_hd__a211o_1)
     1    0.00                           _1205_ (net)
                  0.05    0.00   16.45 v _3425_/A1 (sky130_fd_sc_hd__a211o_1)
                  0.05    0.26   16.71 v _3425_/X (sky130_fd_sc_hd__a211o_1)
     1    0.00                           _1207_ (net)
                  0.05    0.00   16.71 v _3427_/A1 (sky130_fd_sc_hd__a211o_1)
                  0.05    0.26   16.96 v _3427_/X (sky130_fd_sc_hd__a211o_1)
     1    0.00                           _1209_ (net)
                  0.05    0.00   16.96 v _3429_/A1 (sky130_fd_sc_hd__a211o_1)
                  0.05    0.26   17.22 v _3429_/X (sky130_fd_sc_hd__a211o_1)
     1    0.00                           _1211_ (net)
                  0.05    0.00   17.22 v _3431_/A1 (sky130_fd_sc_hd__a211o_1)
                  0.04    0.25   17.47 v _3431_/X (sky130_fd_sc_hd__a211o_1)
     1    0.00                           _1213_ (net)
                  0.04    0.00   17.47 v _3432_/C_N (sky130_fd_sc_hd__or3b_1)
                  0.04    0.16   17.63 ^ _3432_/X (sky130_fd_sc_hd__or3b_1)
     1    0.00                           _1214_ (net)
                  0.04    0.00   17.63 ^ _3434_/A1 (sky130_fd_sc_hd__a211oi_1)
                  0.05    0.05   17.68 v _3434_/Y (sky130_fd_sc_hd__a211oi_1)
     1    0.00                           _1216_ (net)
                  0.05    0.00   17.68 v _3435_/A3 (sky130_fd_sc_hd__o31a_1)
                  0.04    0.24   17.92 v _3435_/X (sky130_fd_sc_hd__o31a_1)
     1    0.00                           _1217_ (net)
                  0.04    0.00   17.92 v _3437_/A3 (sky130_fd_sc_hd__o31a_1)
                  0.04    0.24   18.16 v _3437_/X (sky130_fd_sc_hd__o31a_1)
     1    0.00                           _1219_ (net)
                  0.04    0.00   18.16 v _3439_/A3 (sky130_fd_sc_hd__o31a_1)
                  0.04    0.24   18.39 v _3439_/X (sky130_fd_sc_hd__o31a_1)
     1    0.00                           _1221_ (net)
                  0.04    0.00   18.39 v _3441_/A3 (sky130_fd_sc_hd__o31a_1)
                  0.04    0.24   18.63 v _3441_/X (sky130_fd_sc_hd__o31a_1)
     1    0.00                           _1223_ (net)
                  0.04    0.00   18.63 v _3443_/A3 (sky130_fd_sc_hd__o31a_1)
                  0.04    0.24   18.87 v _3443_/X (sky130_fd_sc_hd__o31a_1)
     1    0.00                           _1225_ (net)
                  0.04    0.00   18.87 v _3445_/A3 (sky130_fd_sc_hd__o31a_1)
                  0.04    0.24   19.10 v _3445_/X (sky130_fd_sc_hd__o31a_1)
     1    0.00                           _1227_ (net)
                  0.04    0.00   19.10 v _3447_/A3 (sky130_fd_sc_hd__o31a_1)
                  0.05    0.25   19.35 v _3447_/X (sky130_fd_sc_hd__o31a_1)
     1    0.00                           _1229_ (net)
                  0.05    0.00   19.35 v _3449_/A3 (sky130_fd_sc_hd__o31ai_2)
                  0.20    0.20   19.55 ^ _3449_/Y (sky130_fd_sc_hd__o31ai_2)
     1    0.00                           _1231_ (net)
                  0.20    0.00   19.55 ^ _3451_/A1 (sky130_fd_sc_hd__a211oi_2)
                  0.06    0.09   19.64 v _3451_/Y (sky130_fd_sc_hd__a211oi_2)
     1    0.00                           _1233_ (net)
                  0.06    0.00   19.64 v _3453_/A3 (sky130_fd_sc_hd__o31a_1)
                  0.04    0.24   19.89 v _3453_/X (sky130_fd_sc_hd__o31a_1)
     1    0.00                           _1235_ (net)
                  0.04    0.00   19.89 v _3454_/C (sky130_fd_sc_hd__or3_4)
                  0.06    0.33   20.22 v _3454_/X (sky130_fd_sc_hd__or3_4)
     1    0.00                           _1236_ (net)
                  0.06    0.00   20.22 v _3456_/A1 (sky130_fd_sc_hd__a211o_1)
                  0.05    0.26   20.48 v _3456_/X (sky130_fd_sc_hd__a211o_1)
     1    0.00                           _1238_ (net)
                  0.05    0.00   20.48 v _3458_/A1 (sky130_fd_sc_hd__a211o_1)
                  0.05    0.26   20.73 v _3458_/X (sky130_fd_sc_hd__a211o_1)
     1    0.00                           _1240_ (net)
                  0.05    0.00   20.73 v _3460_/A1 (sky130_fd_sc_hd__a211o_1)
                  0.05    0.26   20.99 v _3460_/X (sky130_fd_sc_hd__a211o_1)
     1    0.00                           _1242_ (net)
                  0.05    0.00   20.99 v _3462_/A1 (sky130_fd_sc_hd__a211o_1)
                  0.05    0.26   21.25 v _3462_/X (sky130_fd_sc_hd__a211o_1)
     1    0.00                           _1244_ (net)
                  0.05    0.00   21.25 v _3464_/A1 (sky130_fd_sc_hd__a211o_1)
                  0.05    0.26   21.51 v _3464_/X (sky130_fd_sc_hd__a211o_1)
     1    0.00                           _1246_ (net)
                  0.05    0.00   21.51 v _3466_/A1 (sky130_fd_sc_hd__a211o_1)
                  0.05    0.26   21.76 v _3466_/X (sky130_fd_sc_hd__a211o_1)
     1    0.00                           _1248_ (net)
                  0.05    0.00   21.76 v _3468_/A1 (sky130_fd_sc_hd__a211o_1)
                  0.05    0.26   22.02 v _3468_/X (sky130_fd_sc_hd__a211o_1)
     1    0.00                           _1250_ (net)
                  0.05    0.00   22.02 v _3470_/A1 (sky130_fd_sc_hd__a211o_1)
                  0.05    0.26   22.28 v _3470_/X (sky130_fd_sc_hd__a211o_1)
     1    0.00                           _1252_ (net)
                  0.05    0.00   22.28 v _3472_/A1 (sky130_fd_sc_hd__a211o_1)
                  0.05    0.26   22.53 v _3472_/X (sky130_fd_sc_hd__a211o_1)
     1    0.00                           _1254_ (net)
                  0.05    0.00   22.53 v _3474_/A1 (sky130_fd_sc_hd__a211o_1)
                  0.05    0.26   22.79 v _3474_/X (sky130_fd_sc_hd__a211o_1)
     1    0.00                           _1256_ (net)
                  0.05    0.00   22.79 v _3476_/A1 (sky130_fd_sc_hd__a211o_1)
                  0.04    0.25   23.04 v _3476_/X (sky130_fd_sc_hd__a211o_1)
     1    0.00                           _1258_ (net)
                  0.04    0.00   23.04 v _3477_/C_N (sky130_fd_sc_hd__or3b_1)
                  0.04    0.16   23.20 ^ _3477_/X (sky130_fd_sc_hd__or3b_1)
     1    0.00                           _1259_ (net)
                  0.04    0.00   23.20 ^ _3479_/A1 (sky130_fd_sc_hd__a211oi_1)
                  0.05    0.05   23.25 v _3479_/Y (sky130_fd_sc_hd__a211oi_1)
     1    0.00                           _1261_ (net)
                  0.05    0.00   23.25 v _3481_/A3 (sky130_fd_sc_hd__o31a_1)
                  0.04    0.24   23.49 v _3481_/X (sky130_fd_sc_hd__o31a_1)
     1    0.00                           _1263_ (net)
                  0.04    0.00   23.49 v _3483_/A3 (sky130_fd_sc_hd__o31a_1)
                  0.04    0.24   23.72 v _3483_/X (sky130_fd_sc_hd__o31a_1)
     1    0.00                           _1265_ (net)
                  0.04    0.00   23.72 v _3485_/A3 (sky130_fd_sc_hd__o31a_1)
                  0.04    0.24   23.96 v _3485_/X (sky130_fd_sc_hd__o31a_1)
     1    0.00                           _1267_ (net)
                  0.04    0.00   23.96 v _3719_/A3 (sky130_fd_sc_hd__o311a_1)
                  0.05    0.29   24.25 v _3719_/X (sky130_fd_sc_hd__o311a_1)
     1    0.00                           _1501_ (net)
                  0.05    0.00   24.25 v _3844_/C (sky130_fd_sc_hd__or4b_4)
                  0.09    0.52   24.77 v _3844_/X (sky130_fd_sc_hd__or4b_4)
     1    0.01                           _1626_ (net)
                  0.09    0.00   24.77 v _3845_/A (sky130_fd_sc_hd__buf_12)
                  0.02    0.15   24.91 v _3845_/X (sky130_fd_sc_hd__buf_12)
     2    0.01                           net1026 (net)
                  0.02    0.00   24.91 v output1026/A (sky130_fd_sc_hd__buf_8)
                  0.04    0.13   25.04 v output1026/X (sky130_fd_sc_hd__buf_8)
     1    0.03                           out_code[1] (net)
                  0.04    0.00   25.04 v out_code[1] (out)
                                 25.04   data arrival time

                  0.00   40.00   40.00   clock __VIRTUAL_CLK__ (rise edge)
                          0.00   40.00   clock network delay (ideal)
                         -0.25   39.75   clock uncertainty
                          0.00   39.75   clock reconvergence pessimism
                         -8.00   31.75   output external delay
                                 31.75   data required time
-----------------------------------------------------------------------------
                                 31.75   data required time
                                -25.04   data arrival time
-----------------------------------------------------------------------------
                                  6.71   slack (MET)


Startpoint: in_data[3] (input port clocked by __VIRTUAL_CLK__)
Endpoint: out_code[0] (output port clocked by __VIRTUAL_CLK__)
Path Group: __VIRTUAL_CLK__
Path Type: max

Fanout     Cap    Slew   Delay    Time   Description
-----------------------------------------------------------------------------
                  0.00    0.00    0.00   clock __VIRTUAL_CLK__ (rise edge)
                          0.00    0.00   clock network delay (ideal)
                          8.00    8.00 v input external delay
                  0.02    0.01    8.01 v in_data[3] (in)
     1    0.01                           in_data[3] (net)
                  0.02    0.00    8.01 v input358/A (sky130_fd_sc_hd__buf_8)
                  0.02    0.10    8.12 v input358/X (sky130_fd_sc_hd__buf_8)
     3    0.01                           net358 (net)
                  0.02    0.00    8.12 v _2655_/B1_N (sky130_fd_sc_hd__o21bai_1)
                  0.05    0.14    8.26 v _2655_/Y (sky130_fd_sc_hd__o21bai_1)
     1    0.00                           _0438_ (net)
                  0.05    0.00    8.26 v _2656_/A2 (sky130_fd_sc_hd__a21oi_1)
                  0.10    0.14    8.39 ^ _2656_/Y (sky130_fd_sc_hd__a21oi_1)
     1    0.00                           _0439_ (net)
                  0.10    0.00    8.39 ^ _2657_/A2 (sky130_fd_sc_hd__o21bai_1)
                  0.05    0.07    8.46 v _2657_/Y (sky130_fd_sc_hd__o21bai_1)
     1    0.00                           _0440_ (net)
                  0.05    0.00    8.46 v _2658_/A2 (sky130_fd_sc_hd__a21oi_1)
                  0.10    0.14    8.60 ^ _2658_/Y (sky130_fd_sc_hd__a21oi_1)
     1    0.00                           _0441_ (net)
                  0.10    0.00    8.60 ^ _2659_/A2 (sky130_fd_sc_hd__o21bai_1)
                  0.05    0.07    8.67 v _2659_/Y (sky130_fd_sc_hd__o21bai_1)
     1    0.00                           _0442_ (net)
                  0.05    0.00    8.67 v _2660_/A2 (sky130_fd_sc_hd__a21oi_1)
                  0.10    0.14    8.80 ^ _2660_/Y (sky130_fd_sc_hd__a21oi_1)
     1    0.00                           _0443_ (net)
                  0.10    0.00    8.80 ^ _2661_/A2 (sky130_fd_sc_hd__o21bai_1)
                  0.05    0.07    8.87 v _2661_/Y (sky130_fd_sc_hd__o21bai_1)
     1    0.00                           _0444_ (net)
                  0.05    0.00    8.87 v _2662_/A2 (sky130_fd_sc_hd__a21oi_1)
                  0.14    0.17    9.04 ^ _2662_/Y (sky130_fd_sc_hd__a21oi_1)
     1    0.00                           _0445_ (net)
                  0.14    0.00    9.04 ^ _2663_/A2 (sky130_fd_sc_hd__o21bai_2)
                  0.04    0.07    9.11 v _2663_/Y (sky130_fd_sc_hd__o21bai_2)
     1    0.00                           _0446_ (net)
                  0.04    0.00    9.11 v _2664_/A2 (sky130_fd_sc_hd__a21oi_1)
                  0.10    0.14    9.25 ^ _2664_/Y (sky130_fd_sc_hd__a21oi_1)
     1    0.00                           _0447_ (net)
                  0.10    0.00    9.25 ^ _2665_/A2 (sky130_fd_sc_hd__o21bai_1)
                  0.05    0.07    9.31 v _2665_/Y (sky130_fd_sc_hd__o21bai_1)
     1    0.00                           _0448_ (net)
                  0.05    0.00    9.31 v _2666_/A2 (sky130_fd_sc_hd__a21oi_1)
                  0.23    0.24    9.55 ^ _2666_/Y (sky130_fd_sc_hd__a21oi_1)
     1    0.01                           _0449_ (net)
                  0.23    0.00    9.55 ^ _2667_/A2 (sky130_fd_sc_hd__o21bai_4)
                  0.04    0.07    9.62 v _2667_/Y (sky130_fd_sc_hd__o21bai_4)
     1    0.00                           _0450_ (net)
                  0.04    0.00    9.62 v _2668_/A2 (sky130_fd_sc_hd__a21oi_1)
                  0.10    0.13    9.75 ^ _2668_/Y (sky130_fd_sc_hd__a21oi_1)
     1    0.00                           _0451_ (net)
                  0.10    0.00    9.75 ^ _2669_/A2 (sky130_fd_sc_hd__o21bai_1)
                  0.05    0.07    9.82 v _2669_/Y (sky130_fd_sc_hd__o21bai_1)
     1    0.00                           _0452_ (net)
                  0.05    0.00    9.82 v _2670_/A2 (sky130_fd_sc_hd__a21oi_1)
                  0.10    0.14    9.96 ^ _2670_/Y (sky130_fd_sc_hd__a21oi_1)
     1    0.00                           _0453_ (net)
                  0.10    0.00    9.96 ^ _2671_/A2 (sky130_fd_sc_hd__o21bai_1)
                  0.05    0.07   10.02 v _2671_/Y (sky130_fd_sc_hd__o21bai_1)
     1    0.00                           _0454_ (net)
                  0.05    0.00   10.02 v _2672_/A2 (sky130_fd_sc_hd__a21oi_1)
                  0.10    0.14   10.16 ^ _2672_/Y (sky130_fd_sc_hd__a21oi_1)
     1    0.00                           _0455_ (net)
                  0.10    0.00   10.16 ^ _2673_/A2 (sky130_fd_sc_hd__o21bai_1)
                  0.05    0.07   10.23 v _2673_/Y (sky130_fd_sc_hd__o21bai_1)
     1    0.00                           _0456_ (net)
                  0.05    0.00   10.23 v _2674_/A2 (sky130_fd_sc_hd__a21oi_1)
                  0.10    0.14   10.37 ^ _2674_/Y (sky130_fd_sc_hd__a21oi_1)
     1    0.00                           _0457_ (net)
                  0.10    0.00   10.37 ^ _2675_/A2 (sky130_fd_sc_hd__o21bai_1)
                  0.05    0.07   10.44 v _2675_/Y (sky130_fd_sc_hd__o21bai_1)
     1    0.00                           _0458_ (net)
                  0.05    0.00   10.44 v _2676_/A2 (sky130_fd_sc_hd__a21oi_1)
                  0.10    0.14   10.57 ^ _2676_/Y (sky130_fd_sc_hd__a21oi_1)
     1    0.00                           _0459_ (net)
                  0.10    0.00   10.57 ^ _2677_/A2 (sky130_fd_sc_hd__o21bai_1)
                  0.05    0.07   10.64 v _2677_/Y (sky130_fd_sc_hd__o21bai_1)
     1    0.00                           _0460_ (net)
                  0.05    0.00   10.64 v _2678_/A2 (sky130_fd_sc_hd__a21oi_1)
                  0.10    0.14   10.78 ^ _2678_/Y (sky130_fd_sc_hd__a21oi_1)
     1    0.00                           _0461_ (net)
                  0.10    0.00   10.78 ^ _2679_/A2 (sky130_fd_sc_hd__o21bai_1)
                  0.05    0.07   10.85 v _2679_/Y (sky130_fd_sc_hd__o21bai_1)
     1    0.00                           _0462_ (net)
                  0.05    0.00   10.85 v _2680_/A2 (sky130_fd_sc_hd__a21oi_1)
                  0.10    0.14   10.98 ^ _2680_/Y (sky130_fd_sc_hd__a21oi_1)
     1    0.00                           _0463_ (net)
                  0.10    0.00   10.98 ^ _2681_/A2 (sky130_fd_sc_hd__o21bai_1)
                  0.05    0.07   11.05 v _2681_/Y (sky130_fd_sc_hd__o21bai_1)
     1    0.00                           _0464_ (net)
                  0.05    0.00   11.05 v _2682_/A2 (sky130_fd_sc_hd__a21oi_1)
                  0.10    0.14   11.19 ^ _2682_/Y (sky130_fd_sc_hd__a21oi_1)
     1    0.00                           _0465_ (net)
                  0.10    0.00   11.19 ^ _2683_/A2 (sky130_fd_sc_hd__o21bai_1)
                  0.05    0.07   11.26 v _2683_/Y (sky130_fd_sc_hd__o21bai_1)
     1    0.00                           _0466_ (net)
                  0.05    0.00   11.26 v _2684_/A2 (sky130_fd_sc_hd__a21oi_1)
                  0.10    0.14   11.39 ^ _2684_/Y (sky130_fd_sc_hd__a21oi_1)
     1    0.00                           _0467_ (net)
                  0.10    0.00   11.39 ^ _2685_/A2 (sky130_fd_sc_hd__o21bai_1)
                  0.05    0.07   11.46 v _2685_/Y (sky130_fd_sc_hd__o21bai_1)
     1    0.00                           _0468_ (net)
                  0.05    0.00   11.46 v _2686_/A2 (sky130_fd_sc_hd__a21oi_1)
                  0.10    0.14   11.60 ^ _2686_/Y (sky130_fd_sc_hd__a21oi_1)
     1    0.00                           _0469_ (net)
                  0.10    0.00   11.60 ^ _2687_/A2 (sky130_fd_sc_hd__o21bai_1)
                  0.05    0.07   11.67 v _2687_/Y (sky130_fd_sc_hd__o21bai_1)
     1    0.00                           _0470_ (net)
                  0.05    0.00   11.67 v _2688_/A2 (sky130_fd_sc_hd__a21oi_1)
                  0.10    0.14   11.81 ^ _2688_/Y (sky130_fd_sc_hd__a21oi_1)
     1    0.00                           _0471_ (net)
                  0.10    0.00   11.81 ^ _2689_/A2 (sky130_fd_sc_hd__o21bai_1)
                  0.05    0.07   11.87 v _2689_/Y (sky130_fd_sc_hd__o21bai_1)
     1    0.00                           _0472_ (net)
                  0.05    0.00   11.87 v _2690_/A2 (sky130_fd_sc_hd__a21oi_1)
                  0.10    0.14   12.01 ^ _2690_/Y (sky130_fd_sc_hd__a21oi_1)
     1    0.00                           _0473_ (net)
                  0.10    0.00   12.01 ^ _2691_/A2 (sky130_fd_sc_hd__o21bai_1)
                  0.05    0.07   12.08 v _2691_/Y (sky130_fd_sc_hd__o21bai_1)
     1    0.00                           _0474_ (net)
                  0.05    0.00   12.08 v _2692_/A2 (sky130_fd_sc_hd__a21oi_1)
                  0.10    0.14   12.22 ^ _2692_/Y (sky130_fd_sc_hd__a21oi_1)
     1    0.00                           _0475_ (net)
                  0.10    0.00   12.22 ^ _2693_/A2 (sky130_fd_sc_hd__o21bai_1)
                  0.05    0.07   12.28 v _2693_/Y (sky130_fd_sc_hd__o21bai_1)
     1    0.00                           _0476_ (net)
                  0.05    0.00   12.28 v _2694_/A2 (sky130_fd_sc_hd__a21oi_1)
                  0.10    0.14   12.42 ^ _2694_/Y (sky130_fd_sc_hd__a21oi_1)
     1    0.00                           _0477_ (net)
                  0.10    0.00   12.42 ^ _2695_/A2 (sky130_fd_sc_hd__o21bai_1)
                  0.05    0.07   12.49 v _2695_/Y (sky130_fd_sc_hd__o21bai_1)
     1    0.00                           _0478_ (net)
                  0.05    0.00   12.49 v _2696_/A2 (sky130_fd_sc_hd__a21oi_1)
                  0.10    0.14   12.63 ^ _2696_/Y (sky130_fd_sc_hd__a21oi_1)
     1    0.00                           _0479_ (net)
                  0.10    0.00   12.63 ^ _2697_/A2 (sky130_fd_sc_hd__o21bai_1)
                  0.05    0.07   12.70 v _2697_/Y (sky130_fd_sc_hd__o21bai_1)
     1    0.00                           _0480_ (net)
                  0.05    0.00   12.70 v _2698_/A2 (sky130_fd_sc_hd__a21oi_1)
                  0.10    0.14   12.83 ^ _2698_/Y (sky130_fd_sc_hd__a21oi_1)
     1    0.00                           _0481_ (net)
                  0.10    0.00   12.83 ^ _2699_/A2 (sky130_fd_sc_hd__o21bai_1)
                  0.05    0.07   12.90 v _2699_/Y (sky130_fd_sc_hd__o21bai_1)
     1    0.00                           _0482_ (net)
                  0.05    0.00   12.90 v _2700_/A2 (sky130_fd_sc_hd__a21oi_1)
                  0.10    0.14   13.04 ^ _2700_/Y (sky130_fd_sc_hd__a21oi_1)
     1    0.00                           _0483_ (net)
                  0.10    0.00   13.04 ^ _2701_/A2 (sky130_fd_sc_hd__o21bai_1)
                  0.05    0.07   13.11 v _2701_/Y (sky130_fd_sc_hd__o21bai_1)
     1    0.00                           _0484_ (net)
                  0.05    0.00   13.11 v _2702_/A2 (sky130_fd_sc_hd__a21oi_1)
                  0.10    0.14   13.24 ^ _2702_/Y (sky130_fd_sc_hd__a21oi_1)
     1    0.00                           _0485_ (net)
                  0.10    0.00   13.24 ^ _2703_/A2 (sky130_fd_sc_hd__o21bai_1)
                  0.05    0.07   13.31 v _2703_/Y (sky130_fd_sc_hd__o21bai_1)
     1    0.00                           _0486_ (net)
                  0.05    0.00   13.31 v _2704_/A2 (sky130_fd_sc_hd__a21oi_1)
                  0.10    0.14   13.45 ^ _2704_/Y (sky130_fd_sc_hd__a21oi_1)
     1    0.00                           _0487_ (net)
                  0.10    0.00   13.45 ^ _2705_/A2 (sky130_fd_sc_hd__o21bai_1)
                  0.05    0.07   13.52 v _2705_/Y (sky130_fd_sc_hd__o21bai_1)
     1    0.00                           _0488_ (net)
                  0.05    0.00   13.52 v _2706_/A2 (sky130_fd_sc_hd__a21oi_1)
                  0.10    0.14   13.65 ^ _2706_/Y (sky130_fd_sc_hd__a21oi_1)
     1    0.00                           _0489_ (net)
                  0.10    0.00   13.65 ^ _2707_/A2 (sky130_fd_sc_hd__o21bai_1)
                  0.05    0.07   13.72 v _2707_/Y (sky130_fd_sc_hd__o21bai_1)
     1    0.00                           _0490_ (net)
                  0.05    0.00   13.72 v _2708_/A2 (sky130_fd_sc_hd__a21oi_1)
                  0.10    0.14   13.86 ^ _2708_/Y (sky130_fd_sc_hd__a21oi_1)
     1    0.00                           _0491_ (net)
                  0.10    0.00   13.86 ^ _2709_/A2 (sky130_fd_sc_hd__o21bai_1)
                  0.05    0.07   13.93 v _2709_/Y (sky130_fd_sc_hd__o21bai_1)
     1    0.00                           _0492_ (net)
                  0.05    0.00   13.93 v _2710_/A2 (sky130_fd_sc_hd__a21oi_1)
                  0.10    0.14   14.07 ^ _2710_/Y (sky130_fd_sc_hd__a21oi_1)
     1    0.00                           _0493_ (net)
                  0.10    0.00   14.07 ^ _2711_/A2 (sky130_fd_sc_hd__o21bai_1)
                  0.05    0.07   14.13 v _2711_/Y (sky130_fd_sc_hd__o21bai_1)
     1    0.00                           _0494_ (net)
                  0.05    0.00   14.13 v _2712_/A2 (sky130_fd_sc_hd__a21oi_1)
                  0.10    0.14   14.27 ^ _2712_/Y (sky130_fd_sc_hd__a21oi_1)
     1    0.00                           _0495_ (net)
                  0.10    0.00   14.27 ^ _2713_/A2 (sky130_fd_sc_hd__o21bai_1)
                  0.05    0.07   14.34 v _2713_/Y (sky130_fd_sc_hd__o21bai_1)
     1    0.00                           _0496_ (net)
                  0.05    0.00   14.34 v _2714_/A2 (sky130_fd_sc_hd__a21oi_1)
                  0.10    0.14   14.48 ^ _2714_/Y (sky130_fd_sc_hd__a21oi_1)
     1    0.00                           _0497_ (net)
                  0.10    0.00   14.48 ^ _2715_/A2 (sky130_fd_sc_hd__o21bai_1)
                  0.05    0.07   14.54 v _2715_/Y (sky130_fd_sc_hd__o21bai_1)
     1    0.00                           _0498_ (net)
                  0.05    0.00   14.54 v _2716_/A2 (sky130_fd_sc_hd__a21oi_1)
                  0.10    0.14   14.68 ^ _2716_/Y (sky130_fd_sc_hd__a21oi_1)
     1    0.00                           _0499_ (net)
                  0.10    0.00   14.68 ^ _2717_/A2 (sky130_fd_sc_hd__o21bai_1)
                  0.05    0.07   14.75 v _2717_/Y (sky130_fd_sc_hd__o21bai_1)
     1    0.00                           _0500_ (net)
                  0.05    0.00   14.75 v _2718_/A2 (sky130_fd_sc_hd__a21oi_1)
                  0.10    0.14   14.89 ^ _2718_/Y (sky130_fd_sc_hd__a21oi_1)
     1    0.00                           _0501_ (net)
                  0.10    0.00   14.89 ^ _2719_/A2 (sky130_fd_sc_hd__o21bai_1)
                  0.05    0.07   14.96 v _2719_/Y (sky130_fd_sc_hd__o21bai_1)
     1    0.00                           _0502_ (net)
                  0.05    0.00   14.96 v _2720_/A2 (sky130_fd_sc_hd__a21oi_1)
                  0.10    0.14   15.09 ^ _2720_/Y (sky130_fd_sc_hd__a21oi_1)
     1    0.00                           _0503_ (net)
                  0.10    0.00   15.09 ^ _2721_/A2 (sky130_fd_sc_hd__o21bai_1)
                  0.05    0.07   15.16 v _2721_/Y (sky130_fd_sc_hd__o21bai_1)
     1    0.00                           _0504_ (net)
                  0.05    0.00   15.16 v _2722_/A2 (sky130_fd_sc_hd__a21oi_1)
                  0.10    0.14   15.30 ^ _2722_/Y (sky130_fd_sc_hd__a21oi_1)
     1    0.00                           _0505_ (net)
                  0.10    0.00   15.30 ^ _2723_/A2 (sky130_fd_sc_hd__o21bai_1)
                  0.05    0.07   15.37 v _2723_/Y (sky130_fd_sc_hd__o21bai_1)
     1    0.00                           _0506_ (net)
                  0.05    0.00   15.37 v _2724_/A2 (sky130_fd_sc_hd__a21oi_1)
                  0.10    0.14   15.50 ^ _2724_/Y (sky130_fd_sc_hd__a21oi_1)
     1    0.00                           _0507_ (net)
                  0.10    0.00   15.50 ^ _2725_/A2 (sky130_fd_sc_hd__o21bai_1)
                  0.05    0.07   15.57 v _2725_/Y (sky130_fd_sc_hd__o21bai_1)
     1    0.00                           _0508_ (net)
                  0.05    0.00   15.57 v _2726_/A2 (sky130_fd_sc_hd__a21oi_1)
                  0.10    0.14   15.71 ^ _2726_/Y (sky130_fd_sc_hd__a21oi_1)
     1    0.00                           _0509_ (net)
                  0.10    0.00   15.71 ^ _2727_/A2 (sky130_fd_sc_hd__o21bai_1)
                  0.05    0.07   15.78 v _2727_/Y (sky130_fd_sc_hd__o21bai_1)
     1    0.00                           _0510_ (net)
                  0.05    0.00   15.78 v _2728_/A2 (sky130_fd_sc_hd__a21oi_1)
                  0.10    0.14   15.91 ^ _2728_/Y (sky130_fd_sc_hd__a21oi_1)
     1    0.00                           _0511_ (net)
                  0.10    0.00   15.91 ^ _2729_/A2 (sky130_fd_sc_hd__o21bai_1)
                  0.05    0.07   15.98 v _2729_/Y (sky130_fd_sc_hd__o21bai_1)
     1    0.00                           _0512_ (net)
                  0.05    0.00   15.98 v _2730_/A2 (sky130_fd_sc_hd__a21oi_1)
                  0.10    0.14   16.12 ^ _2730_/Y (sky130_fd_sc_hd__a21oi_1)
     1    0.00                           _0513_ (net)
                  0.10    0.00   16.12 ^ _2731_/A2 (sky130_fd_sc_hd__o21bai_1)
                  0.05    0.07   16.19 v _2731_/Y (sky130_fd_sc_hd__o21bai_1)
     1    0.00                           _0514_ (net)
                  0.05    0.00   16.19 v _2732_/A2 (sky130_fd_sc_hd__a21oi_1)
                  0.10    0.14   16.33 ^ _2732_/Y (sky130_fd_sc_hd__a21oi_1)
     1    0.00                           _0515_ (net)
                  0.10    0.00   16.33 ^ _2733_/A2 (sky130_fd_sc_hd__o21bai_1)
                  0.05    0.07   16.39 v _2733_/Y (sky130_fd_sc_hd__o21bai_1)
     1    0.00                           _0516_ (net)
                  0.05    0.00   16.39 v _2734_/A2 (sky130_fd_sc_hd__a21oi_1)
                  0.10    0.14   16.53 ^ _2734_/Y (sky130_fd_sc_hd__a21oi_1)
     1    0.00                           _0517_ (net)
                  0.10    0.00   16.53 ^ _2735_/A2 (sky130_fd_sc_hd__o21bai_1)
                  0.05    0.07   16.60 v _2735_/Y (sky130_fd_sc_hd__o21bai_1)
     1    0.00                           _0518_ (net)
                  0.05    0.00   16.60 v _2736_/A2 (sky130_fd_sc_hd__a21oi_1)
                  0.10    0.14   16.74 ^ _2736_/Y (sky130_fd_sc_hd__a21oi_1)
     1    0.00                           _0519_ (net)
                  0.10    0.00   16.74 ^ _2737_/A2 (sky130_fd_sc_hd__o21bai_1)
                  0.05    0.07   16.81 v _2737_/Y (sky130_fd_sc_hd__o21bai_1)
     1    0.00                           _0520_ (net)
                  0.05    0.00   16.81 v _2738_/A2 (sky130_fd_sc_hd__a21oi_1)
                  0.10    0.14   16.94 ^ _2738_/Y (sky130_fd_sc_hd__a21oi_1)
     1    0.00                           _0521_ (net)
                  0.10    0.00   16.94 ^ _2739_/A2 (sky130_fd_sc_hd__o21bai_1)
                  0.05    0.07   17.01 v _2739_/Y (sky130_fd_sc_hd__o21bai_1)
     1    0.00                           _0522_ (net)
                  0.05    0.00   17.01 v _2740_/A2 (sky130_fd_sc_hd__a21oi_1)
                  0.10    0.14   17.15 ^ _2740_/Y (sky130_fd_sc_hd__a21oi_1)
     1    0.00                           _0523_ (net)
                  0.10    0.00   17.15 ^ _2741_/A2 (sky130_fd_sc_hd__o21bai_1)
                  0.05    0.07   17.22 v _2741_/Y (sky130_fd_sc_hd__o21bai_1)
     1    0.00                           _0524_ (net)
                  0.05    0.00   17.22 v _2742_/A2 (sky130_fd_sc_hd__a21oi_1)
                  0.10    0.14   17.35 ^ _2742_/Y (sky130_fd_sc_hd__a21oi_1)
     1    0.00                           _0525_ (net)
                  0.10    0.00   17.35 ^ _2743_/A2 (sky130_fd_sc_hd__o21bai_1)
                  0.05    0.07   17.42 v _2743_/Y (sky130_fd_sc_hd__o21bai_1)
     1    0.00                           _0526_ (net)
                  0.05    0.00   17.42 v _2744_/A2 (sky130_fd_sc_hd__a21oi_1)
                  0.10    0.14   17.56 ^ _2744_/Y (sky130_fd_sc_hd__a21oi_1)
     1    0.00                           _0527_ (net)
                  0.10    0.00   17.56 ^ _2745_/A2 (sky130_fd_sc_hd__o21bai_1)
                  0.05    0.07   17.63 v _2745_/Y (sky130_fd_sc_hd__o21bai_1)
     1    0.00                           _0528_ (net)
                  0.05    0.00   17.63 v _2746_/A2 (sky130_fd_sc_hd__a21oi_1)
                  0.10    0.14   17.76 ^ _2746_/Y (sky130_fd_sc_hd__a21oi_1)
     1    0.00                           _0529_ (net)
                  0.10    0.00   17.76 ^ _2747_/A2 (sky130_fd_sc_hd__o21bai_1)
                  0.05    0.07   17.83 v _2747_/Y (sky130_fd_sc_hd__o21bai_1)
     1    0.00                           _0530_ (net)
                  0.05    0.00   17.83 v _2748_/A2 (sky130_fd_sc_hd__a21oi_1)
                  0.10    0.14   17.97 ^ _2748_/Y (sky130_fd_sc_hd__a21oi_1)
     1    0.00                           _0531_ (net)
                  0.10    0.00   17.97 ^ _2749_/A2 (sky130_fd_sc_hd__o21bai_1)
                  0.05    0.07   18.04 v _2749_/Y (sky130_fd_sc_hd__o21bai_1)
     1    0.00                           _0532_ (net)
                  0.05    0.00   18.04 v _2750_/A2 (sky130_fd_sc_hd__a21oi_1)
                  0.10    0.14   18.18 ^ _2750_/Y (sky130_fd_sc_hd__a21oi_1)
     1    0.00                           _0533_ (net)
                  0.10    0.00   18.18 ^ _2751_/A2 (sky130_fd_sc_hd__o21bai_1)
                  0.05    0.07   18.24 v _2751_/Y (sky130_fd_sc_hd__o21bai_1)
     1    0.00                           _0534_ (net)
                  0.05    0.00   18.24 v _2752_/A2 (sky130_fd_sc_hd__a21oi_1)
                  0.10    0.14   18.38 ^ _2752_/Y (sky130_fd_sc_hd__a21oi_1)
     1    0.00                           _0535_ (net)
                  0.10    0.00   18.38 ^ _2753_/A2 (sky130_fd_sc_hd__o21bai_1)
                  0.05    0.07   18.45 v _2753_/Y (sky130_fd_sc_hd__o21bai_1)
     1    0.00                           _0536_ (net)
                  0.05    0.00   18.45 v _2754_/A2 (sky130_fd_sc_hd__a21oi_1)
                  0.10    0.14   18.59 ^ _2754_/Y (sky130_fd_sc_hd__a21oi_1)
     1    0.00                           _0537_ (net)
                  0.10    0.00   18.59 ^ _2755_/A2 (sky130_fd_sc_hd__o21bai_1)
                  0.05    0.07   18.65 v _2755_/Y (sky130_fd_sc_hd__o21bai_1)
     1    0.00                           _0538_ (net)
                  0.05    0.00   18.65 v _2756_/A2 (sky130_fd_sc_hd__a21oi_1)
                  0.10    0.14   18.79 ^ _2756_/Y (sky130_fd_sc_hd__a21oi_1)
     1    0.00                           _0539_ (net)
                  0.10    0.00   18.79 ^ _2757_/A2 (sky130_fd_sc_hd__o21bai_1)
                  0.05    0.07   18.86 v _2757_/Y (sky130_fd_sc_hd__o21bai_1)
     1    0.00                           _0540_ (net)
                  0.05    0.00   18.86 v _2758_/A2 (sky130_fd_sc_hd__a21oi_1)
                  0.10    0.14   19.00 ^ _2758_/Y (sky130_fd_sc_hd__a21oi_1)
     1    0.00                           _0541_ (net)
                  0.10    0.00   19.00 ^ _2759_/A2 (sky130_fd_sc_hd__o21bai_1)
                  0.05    0.07   19.07 v _2759_/Y (sky130_fd_sc_hd__o21bai_1)
     1    0.00                           _0542_ (net)
                  0.05    0.00   19.07 v _2760_/A2 (sky130_fd_sc_hd__a21oi_1)
                  0.10    0.14   19.20 ^ _2760_/Y (sky130_fd_sc_hd__a21oi_1)
     1    0.00                           _0543_ (net)
                  0.10    0.00   19.20 ^ _2761_/A2 (sky130_fd_sc_hd__o21bai_1)
                  0.05    0.07   19.27 v _2761_/Y (sky130_fd_sc_hd__o21bai_1)
     1    0.00                           _0544_ (net)
                  0.05    0.00   19.27 v _2762_/A2 (sky130_fd_sc_hd__a21oi_1)
                  0.10    0.14   19.41 ^ _2762_/Y (sky130_fd_sc_hd__a21oi_1)
     1    0.00                           _0545_ (net)
                  0.10    0.00   19.41 ^ _2763_/A2 (sky130_fd_sc_hd__o21bai_1)
                  0.05    0.07   19.48 v _2763_/Y (sky130_fd_sc_hd__o21bai_1)
     1    0.00                           _0546_ (net)
                  0.05    0.00   19.48 v _2764_/A2 (sky130_fd_sc_hd__a21oi_1)
                  0.10    0.14   19.61 ^ _2764_/Y (sky130_fd_sc_hd__a21oi_1)
     1    0.00                           _0547_ (net)
                  0.10    0.00   19.61 ^ _2765_/A2 (sky130_fd_sc_hd__o21bai_1)
                  0.05    0.07   19.68 v _2765_/Y (sky130_fd_sc_hd__o21bai_1)
     1    0.00                           _0548_ (net)
                  0.05    0.00   19.68 v _2766_/A2 (sky130_fd_sc_hd__a21oi_1)
                  0.10    0.14   19.82 ^ _2766_/Y (sky130_fd_sc_hd__a21oi_1)
     1    0.00                           _0549_ (net)
                  0.10    0.00   19.82 ^ _2767_/A2 (sky130_fd_sc_hd__o21bai_1)
                  0.05    0.07   19.89 v _2767_/Y (sky130_fd_sc_hd__o21bai_1)
     1    0.00                           _0550_ (net)
                  0.05    0.00   19.89 v _2768_/A2 (sky130_fd_sc_hd__a21oi_1)
                  0.10    0.14   20.02 ^ _2768_/Y (sky130_fd_sc_hd__a21oi_1)
     1    0.00                           _0551_ (net)
                  0.10    0.00   20.02 ^ _2769_/A2 (sky130_fd_sc_hd__o21bai_1)
                  0.05    0.07   20.09 v _2769_/Y (sky130_fd_sc_hd__o21bai_1)
     1    0.00                           _0552_ (net)
                  0.05    0.00   20.09 v _2770_/A2 (sky130_fd_sc_hd__a21oi_1)
                  0.10    0.14   20.23 ^ _2770_/Y (sky130_fd_sc_hd__a21oi_1)
     1    0.00                           _0553_ (net)
                  0.10    0.00   20.23 ^ _2771_/A2 (sky130_fd_sc_hd__o21bai_1)
                  0.05    0.07   20.30 v _2771_/Y (sky130_fd_sc_hd__o21bai_1)
     1    0.00                           _0554_ (net)
                  0.05    0.00   20.30 v _2772_/A2 (sky130_fd_sc_hd__a21oi_1)
                  0.10    0.14   20.44 ^ _2772_/Y (sky130_fd_sc_hd__a21oi_1)
     1    0.00                           _0555_ (net)
                  0.10    0.00   20.44 ^ _2773_/A2 (sky130_fd_sc_hd__o21bai_1)
                  0.05    0.07   20.50 v _2773_/Y (sky130_fd_sc_hd__o21bai_1)
     1    0.00                           _0556_ (net)
                  0.05    0.00   20.50 v _2774_/A2 (sky130_fd_sc_hd__a21oi_1)
                  0.10    0.14   20.64 ^ _2774_/Y (sky130_fd_sc_hd__a21oi_1)
     1    0.00                           _0557_ (net)
                  0.10    0.00   20.64 ^ _2775_/A2 (sky130_fd_sc_hd__o21bai_1)
                  0.05    0.07   20.71 v _2775_/Y (sky130_fd_sc_hd__o21bai_1)
     1    0.00                           _0558_ (net)
                  0.05    0.00   20.71 v _2776_/A2 (sky130_fd_sc_hd__a21oi_1)
                  0.10    0.14   20.85 ^ _2776_/Y (sky130_fd_sc_hd__a21oi_1)
     1    0.00                           _0559_ (net)
                  0.10    0.00   20.85 ^ _2777_/A2 (sky130_fd_sc_hd__o21bai_1)
                  0.05    0.07   20.91 v _2777_/Y (sky130_fd_sc_hd__o21bai_1)
     1    0.00                           _0560_ (net)
                  0.05    0.00   20.91 v _2778_/A2 (sky130_fd_sc_hd__a21oi_1)
                  0.10    0.14   21.05 ^ _2778_/Y (sky130_fd_sc_hd__a21oi_1)
     1    0.00                           _0561_ (net)
                  0.10    0.00   21.05 ^ _2779_/A2 (sky130_fd_sc_hd__o21bai_1)
                  0.05    0.07   21.12 v _2779_/Y (sky130_fd_sc_hd__o21bai_1)
     1    0.00                           _0562_ (net)
                  0.05    0.00   21.12 v _2780_/A2 (sky130_fd_sc_hd__a21oi_1)
                  0.10    0.14   21.26 ^ _2780_/Y (sky130_fd_sc_hd__a21oi_1)
     1    0.00                           _0563_ (net)
                  0.10    0.00   21.26 ^ _2781_/A2 (sky130_fd_sc_hd__o21bai_1)
                  0.06    0.08   21.34 v _2781_/Y (sky130_fd_sc_hd__o21bai_1)
     1    0.00                           _0564_ (net)
                  0.06    0.00   21.34 v _3171_/A1 (sky130_fd_sc_hd__a21oi_2)
                  0.15    0.17   21.51 ^ _3171_/Y (sky130_fd_sc_hd__a21oi_2)
     1    0.01                           _0954_ (net)
                  0.15    0.00   21.51 ^ _3361_/A2 (sky130_fd_sc_hd__o21bai_4)
                  0.04    0.06   21.57 v _3361_/Y (sky130_fd_sc_hd__o21bai_4)
     2    0.00                           net1025 (net)
                  0.04    0.00   21.57 v output1025/A (sky130_fd_sc_hd__clkbuf_4)
                  0.08    0.19   21.76 v output1025/X (sky130_fd_sc_hd__clkbuf_4)
     1    0.03                           out_code[0] (net)
                  0.08    0.00   21.76 v out_code[0] (out)
                                 21.76   data arrival time

                  0.00   40.00   40.00   clock __VIRTUAL_CLK__ (rise edge)
                          0.00   40.00   clock network delay (ideal)
                         -0.25   39.75   clock uncertainty
                          0.00   39.75   clock reconvergence pessimism
                         -8.00   31.75   output external delay
                                 31.75   data required time
-----------------------------------------------------------------------------
                                 31.75   data required time
                                -21.76   data arrival time
-----------------------------------------------------------------------------
                                  9.99   slack (MET)


Startpoint: in_data[16] (input port clocked by __VIRTUAL_CLK__)
Endpoint: out_code[2] (output port clocked by __VIRTUAL_CLK__)
Path Group: __VIRTUAL_CLK__
Path Type: max

Fanout     Cap    Slew   Delay    Time   Description
-----------------------------------------------------------------------------
                  0.00    0.00    0.00   clock __VIRTUAL_CLK__ (rise edge)
                          0.00    0.00   clock network delay (ideal)
                          8.00    8.00 v input external delay
                  0.02    0.01    8.01 v in_data[16] (in)
     1    0.01                           in_data[16] (net)
                  0.02    0.00    8.01 v input102/A (sky130_fd_sc_hd__buf_8)
                  0.03    0.11    8.12 v input102/X (sky130_fd_sc_hd__buf_8)
     8    0.01                           net102 (net)
                  0.03    0.00    8.12 v _4079_/A (sky130_fd_sc_hd__or4_1)
                  0.11    0.56    8.69 v _4079_/X (sky130_fd_sc_hd__or4_1)
     3    0.01                           _1860_ (net)
                  0.11    0.00    8.69 v _4083_/A1 (sky130_fd_sc_hd__o21ba_1)
                  0.03    0.21    8.89 v _4083_/X (sky130_fd_sc_hd__o21ba_1)
     1    0.00                           _1864_ (net)
                  0.03    0.00    8.89 v _4084_/A2 (sky130_fd_sc_hd__o21ba_1)
                  0.03    0.16    9.06 v _4084_/X (sky130_fd_sc_hd__o21ba_1)
     1    0.00                           _1865_ (net)
                  0.03    0.00    9.06 v _4085_/A2 (sky130_fd_sc_hd__o211a_1)
                  0.04    0.20    9.26 v _4085_/X (sky130_fd_sc_hd__o211a_1)
     1    0.00                           _1866_ (net)
                  0.04    0.00    9.26 v _4087_/A2 (sky130_fd_sc_hd__o21a_1)
                  0.03    0.16    9.42 v _4087_/X (sky130_fd_sc_hd__o21a_1)
     1    0.00                           _1868_ (net)
                  0.03    0.00    9.42 v _4089_/A4 (sky130_fd_sc_hd__o41a_1)
                  0.06    0.31    9.73 v _4089_/X (sky130_fd_sc_hd__o41a_1)
     1    0.00                           _1870_ (net)
                  0.06    0.00    9.73 v _4091_/A2 (sky130_fd_sc_hd__o21ba_1)
                  0.03    0.17    9.90 v _4091_/X (sky130_fd_sc_hd__o21ba_1)
     1    0.00                           _1872_ (net)
                  0.03    0.00    9.90 v _4093_/A2 (sky130_fd_sc_hd__o211a_1)
                  0.04    0.20   10.10 v _4093_/X (sky130_fd_sc_hd__o211a_1)
     1    0.00                           _1874_ (net)
                  0.04    0.00   10.10 v _4095_/A2 (sky130_fd_sc_hd__o21ba_1)
                  0.03    0.16   10.26 v _4095_/X (sky130_fd_sc_hd__o21ba_1)
     1    0.00                           _1876_ (net)
                  0.03    0.00   10.26 v _4096_/A2 (sky130_fd_sc_hd__o21ba_1)
                  0.03    0.16   10.42 v _4096_/X (sky130_fd_sc_hd__o21ba_1)
     1    0.00                           _1877_ (net)
                  0.03    0.00   10.42 v _4097_/C (sky130_fd_sc_hd__or3_1)
                  0.06    0.30   10.72 v _4097_/X (sky130_fd_sc_hd__or3_1)
     1    0.00                           _1878_ (net)
                  0.06    0.00   10.72 v _4099_/A3 (sky130_fd_sc_hd__o31a_1)
                  0.05    0.24   10.97 v _4099_/X (sky130_fd_sc_hd__o31a_1)
     1    0.00                           _1880_ (net)
                  0.05    0.00   10.97 v _4101_/A2 (sky130_fd_sc_hd__o21ba_1)
                  0.03    0.17   11.13 v _4101_/X (sky130_fd_sc_hd__o21ba_1)
     1    0.00                           _1882_ (net)
                  0.03    0.00   11.13 v _4102_/A2 (sky130_fd_sc_hd__o21ba_1)
                  0.03    0.16   11.30 v _4102_/X (sky130_fd_sc_hd__o21ba_1)
     1    0.00                           _1883_ (net)
                  0.03    0.00   11.30 v _4104_/A2 (sky130_fd_sc_hd__o21bai_1)
                  0.10    0.11   11.41 ^ _4104_/Y (sky130_fd_sc_hd__o21bai_1)
     1    0.00                           _1885_ (net)
                  0.10    0.00   11.41 ^ _4107_/A1 (sky130_fd_sc_hd__a21boi_1)
                  0.07    0.07   11.48 v _4107_/Y (sky130_fd_sc_hd__a21boi_1)
     1    0.00                           _1888_ (net)
                  0.07    0.00   11.48 v _4109_/A2 (sky130_fd_sc_hd__o21ba_1)
                  0.03    0.18   11.65 v _4109_/X (sky130_fd_sc_hd__o21ba_1)
     1    0.00                           _1890_ (net)
                  0.03    0.00   11.65 v _4110_/A2 (sky130_fd_sc_hd__o21ba_1)
                  0.03    0.16   11.81 v _4110_/X (sky130_fd_sc_hd__o21ba_1)
     1    0.00                           _1891_ (net)
                  0.03    0.00   11.81 v _4112_/A2 (sky130_fd_sc_hd__o21ba_1)
                  0.03    0.16   11.98 v _4112_/X (sky130_fd_sc_hd__o21ba_1)
     1    0.00                           _1893_ (net)
                  0.03    0.00   11.98 v _4114_/A2 (sky130_fd_sc_hd__o21a_1)
                  0.03    0.16   12.14 v _4114_/X (sky130_fd_sc_hd__o21a_1)
     1    0.00                           _1895_ (net)
                  0.03    0.00   12.14 v _4115_/A2 (sky130_fd_sc_hd__o21ba_1)
                  0.03    0.16   12.30 v _4115_/X (sky130_fd_sc_hd__o21ba_1)
     1    0.00                           _1896_ (net)
                  0.03    0.00   12.30 v _4116_/A2 (sky130_fd_sc_hd__o211a_1)
                  0.04    0.20   12.50 v _4116_/X (sky130_fd_sc_hd__o211a_1)
     1    0.00                           _1897_ (net)
                  0.04    0.00   12.50 v _4117_/A2 (sky130_fd_sc_hd__o21ba_1)
                  0.03    0.16   12.66 v _4117_/X (sky130_fd_sc_hd__o21ba_1)
     1    0.00                           _1898_ (net)
                  0.03    0.00   12.66 v _4118_/C (sky130_fd_sc_hd__or4b_1)
                  0.08    0.47   13.13 v _4118_/X (sky130_fd_sc_hd__or4b_1)
     1    0.00                           _1899_ (net)
                  0.08    0.00   13.13 v _4120_/A1 (sky130_fd_sc_hd__a31o_1)
                  0.03    0.18   13.31 v _4120_/X (sky130_fd_sc_hd__a31o_1)
     1    0.00                           _1901_ (net)
                  0.03    0.00   13.31 v _4121_/D_N (sky130_fd_sc_hd__or4b_1)
                  0.04    0.15   13.46 ^ _4121_/X (sky130_fd_sc_hd__or4b_1)
     1    0.00                           _1902_ (net)
                  0.04    0.00   13.46 ^ _4124_/A1 (sky130_fd_sc_hd__a21o_1)
                  0.03    0.09   13.56 ^ _4124_/X (sky130_fd_sc_hd__a21o_1)
     1    0.00                           _1905_ (net)
                  0.03    0.00   13.56 ^ _4125_/D (sky130_fd_sc_hd__and4bb_1)
                  0.06    0.19   13.75 ^ _4125_/X (sky130_fd_sc_hd__and4bb_1)
     1    0.00                           _1906_ (net)
                  0.06    0.00   13.75 ^ _4127_/A2 (sky130_fd_sc_hd__o21ba_1)
                  0.04    0.12   13.86 ^ _4127_/X (sky130_fd_sc_hd__o21ba_1)
     1    0.00                           _1908_ (net)
                  0.04    0.00   13.86 ^ _4129_/A2 (sky130_fd_sc_hd__o21ba_1)
                  0.04    0.11   13.97 ^ _4129_/X (sky130_fd_sc_hd__o21ba_1)
     1    0.00                           _1910_ (net)
                  0.04    0.00   13.97 ^ _4131_/A2 (sky130_fd_sc_hd__o21ba_1)
                  0.04    0.11   14.08 ^ _4131_/X (sky130_fd_sc_hd__o21ba_1)
     1    0.00                           _1912_ (net)
                  0.04    0.00   14.08 ^ _4133_/A2 (sky130_fd_sc_hd__o21ba_1)
                  0.04    0.11   14.19 ^ _4133_/X (sky130_fd_sc_hd__o21ba_1)
     1    0.00                           _1914_ (net)
                  0.04    0.00   14.19 ^ _4134_/A2 (sky130_fd_sc_hd__o211a_1)
                  0.04    0.13   14.32 ^ _4134_/X (sky130_fd_sc_hd__o211a_1)
     1    0.00                           _1915_ (net)
                  0.04    0.00   14.32 ^ _4135_/A2 (sky130_fd_sc_hd__o21a_1)
                  0.04    0.10   14.43 ^ _4135_/X (sky130_fd_sc_hd__o21a_1)
     1    0.00                           _1916_ (net)
                  0.04    0.00   14.43 ^ _4136_/C1 (sky130_fd_sc_hd__a211o_1)
                  0.04    0.08   14.51 ^ _4136_/X (sky130_fd_sc_hd__a211o_1)
     1    0.00                           _1917_ (net)
                  0.04    0.00   14.51 ^ _4137_/C1 (sky130_fd_sc_hd__o211a_1)
                  0.03    0.12   14.63 ^ _4137_/X (sky130_fd_sc_hd__o211a_1)
     1    0.00                           _1918_ (net)
                  0.03    0.00   14.63 ^ _4138_/C (sky130_fd_sc_hd__or3_1)
                  0.04    0.09   14.72 ^ _4138_/X (sky130_fd_sc_hd__or3_1)
     1    0.00                           _1919_ (net)
                  0.04    0.00   14.72 ^ _4139_/A (sky130_fd_sc_hd__buf_4)
                  0.02    0.09   14.81 ^ _4139_/X (sky130_fd_sc_hd__buf_4)
     1    0.00                           net1027 (net)
                  0.02    0.00   14.81 ^ output1027/A (sky130_fd_sc_hd__clkbuf_4)
                  0.11    0.18   14.99 ^ output1027/X (sky130_fd_sc_hd__clkbuf_4)
     1    0.03                           out_code[2] (net)
                  0.11    0.00   14.99 ^ out_code[2] (out)
                                 14.99   data arrival time

                  0.00   40.00   40.00   clock __VIRTUAL_CLK__ (rise edge)
                          0.00   40.00   clock network delay (ideal)
                         -0.25   39.75   clock uncertainty
                          0.00   39.75   clock reconvergence pessimism
                         -8.00   31.75   output external delay
                                 31.75   data required time
-----------------------------------------------------------------------------
                                 31.75   data required time
                                -14.99   data arrival time
-----------------------------------------------------------------------------
                                 16.76   slack (MET)


Startpoint: in_data[800] (input port clocked by __VIRTUAL_CLK__)
Endpoint: out_code[3] (output port clocked by __VIRTUAL_CLK__)
Path Group: __VIRTUAL_CLK__
Path Type: max

Fanout     Cap    Slew   Delay    Time   Description
-----------------------------------------------------------------------------
                  0.00    0.00    0.00   clock __VIRTUAL_CLK__ (rise edge)
                          0.00    0.00   clock network delay (ideal)
                          8.00    8.00 v input external delay
                  0.02    0.01    8.01 v in_data[800] (in)
     1    0.01                           in_data[800] (net)
                  0.02    0.00    8.01 v input803/A (sky130_fd_sc_hd__buf_8)
                  0.02    0.11    8.12 v input803/X (sky130_fd_sc_hd__buf_8)
     4    0.01                           net803 (net)
                  0.02    0.00    8.12 v _3859_/A (sky130_fd_sc_hd__or4_1)
                  0.09    0.55    8.67 v _3859_/X (sky130_fd_sc_hd__or4_1)
     2    0.00                           _1640_ (net)
                  0.09    0.00    8.67 v _4233_/B (sky130_fd_sc_hd__or4b_1)
                  0.11    0.57    9.24 v _4233_/X (sky130_fd_sc_hd__or4b_1)
     3    0.01                           _2013_ (net)
                  0.11    0.00    9.24 v _4238_/A1 (sky130_fd_sc_hd__o21ba_1)
                  0.03    0.21    9.45 v _4238_/X (sky130_fd_sc_hd__o21ba_1)
     1    0.00                           _2018_ (net)
                  0.03    0.00    9.45 v _4240_/A3 (sky130_fd_sc_hd__o311a_1)
                  0.05    0.29    9.73 v _4240_/X (sky130_fd_sc_hd__o311a_1)
     1    0.00                           _2020_ (net)
                  0.05    0.00    9.73 v _4241_/A3 (sky130_fd_sc_hd__o311a_1)
                  0.05    0.29   10.02 v _4241_/X (sky130_fd_sc_hd__o311a_1)
     1    0.00                           _2021_ (net)
                  0.05    0.00   10.02 v _4242_/A3 (sky130_fd_sc_hd__o311a_1)
                  0.06    0.31   10.33 v _4242_/X (sky130_fd_sc_hd__o311a_1)
     1    0.00                           _2022_ (net)
                  0.06    0.00   10.33 v _4243_/A3 (sky130_fd_sc_hd__o311ai_2)
                  0.20    0.21   10.54 ^ _4243_/Y (sky130_fd_sc_hd__o311ai_2)
     1    0.00                           _2023_ (net)
                  0.20    0.00   10.54 ^ _4244_/A1 (sky130_fd_sc_hd__a311o_1)
                  0.05    0.19   10.73 ^ _4244_/X (sky130_fd_sc_hd__a311o_1)
     1    0.00                           _2024_ (net)
                  0.05    0.00   10.73 ^ _4245_/A1 (sky130_fd_sc_hd__a311o_1)
                  0.05    0.15   10.88 ^ _4245_/X (sky130_fd_sc_hd__a311o_1)
     1    0.00                           _2025_ (net)
                  0.05    0.00   10.88 ^ _4247_/A1 (sky130_fd_sc_hd__a211o_1)
                  0.04    0.11   10.99 ^ _4247_/X (sky130_fd_sc_hd__a211o_1)
     1    0.00                           _2027_ (net)
                  0.04    0.00   10.99 ^ _4249_/A1 (sky130_fd_sc_hd__a31o_1)
                  0.04    0.11   11.10 ^ _4249_/X (sky130_fd_sc_hd__a31o_1)
     1    0.00                           _2029_ (net)
                  0.04    0.00   11.10 ^ _4250_/D_N (sky130_fd_sc_hd__or4b_1)
                  0.08    0.44   11.54 v _4250_/X (sky130_fd_sc_hd__or4b_1)
     1    0.00                           _2030_ (net)
                  0.08    0.00   11.54 v _4251_/A1 (sky130_fd_sc_hd__a311o_1)
                  0.05    0.28   11.82 v _4251_/X (sky130_fd_sc_hd__a311o_1)
     1    0.00                           _2031_ (net)
                  0.05    0.00   11.82 v _4253_/A1 (sky130_fd_sc_hd__a2111o_1)
                  0.06    0.37   12.18 v _4253_/X (sky130_fd_sc_hd__a2111o_1)
     1    0.00                           _2033_ (net)
                  0.06    0.00   12.18 v _4255_/A1 (sky130_fd_sc_hd__a211o_1)
                  0.05    0.26   12.45 v _4255_/X (sky130_fd_sc_hd__a211o_1)
     1    0.00                           _2035_ (net)
                  0.05    0.00   12.45 v _4257_/A1 (sky130_fd_sc_hd__a211o_1)
                  0.04    0.25   12.69 v _4257_/X (sky130_fd_sc_hd__a211o_1)
     1    0.00                           _2037_ (net)
                  0.04    0.00   12.69 v _4258_/D_N (sky130_fd_sc_hd__or4b_1)
                  0.05    0.17   12.86 ^ _4258_/X (sky130_fd_sc_hd__or4b_1)
     1    0.00                           _2038_ (net)
                  0.05    0.00   12.86 ^ _4259_/A (sky130_fd_sc_hd__clkbuf_8)
                  0.03    0.11   12.98 ^ _4259_/X (sky130_fd_sc_hd__clkbuf_8)
     1    0.00                           net1028 (net)
                  0.03    0.00   12.98 ^ output1028/A (sky130_fd_sc_hd__clkbuf_4)
                  0.11    0.18   13.16 ^ output1028/X (sky130_fd_sc_hd__clkbuf_4)
     1    0.03                           out_code[3] (net)
                  0.11    0.00   13.16 ^ out_code[3] (out)
                                 13.16   data arrival time

                  0.00   40.00   40.00   clock __VIRTUAL_CLK__ (rise edge)
                          0.00   40.00   clock network delay (ideal)
                         -0.25   39.75   clock uncertainty
                          0.00   39.75   clock reconvergence pessimism
                         -8.00   31.75   output external delay
                                 31.75   data required time
-----------------------------------------------------------------------------
                                 31.75   data required time
                                -13.16   data arrival time
-----------------------------------------------------------------------------
                                 18.59   slack (MET)


Startpoint: in_data[122] (input port clocked by __VIRTUAL_CLK__)
Endpoint: out_code[5] (output port clocked by __VIRTUAL_CLK__)
Path Group: __VIRTUAL_CLK__
Path Type: max

Fanout     Cap    Slew   Delay    Time   Description
-----------------------------------------------------------------------------
                  0.00    0.00    0.00   clock __VIRTUAL_CLK__ (rise edge)
                          0.00    0.00   clock network delay (ideal)
                          8.00    8.00 v input external delay
                  0.01    0.01    8.01 v in_data[122] (in)
     1    0.00                           in_data[122] (net)
                  0.01    0.00    8.01 v input50/A (sky130_fd_sc_hd__buf_6)
                  0.02    0.10    8.11 v input50/X (sky130_fd_sc_hd__buf_6)
     4    0.01                           net50 (net)
                  0.02    0.00    8.11 v _2868_/A (sky130_fd_sc_hd__or4_1)
                  0.07    0.51    8.62 v _2868_/X (sky130_fd_sc_hd__or4_1)
     1    0.00                           _0651_ (net)
                  0.07    0.00    8.62 v _2870_/C (sky130_fd_sc_hd__or4b_1)
                  0.07    0.47    9.09 v _2870_/X (sky130_fd_sc_hd__or4b_1)
     1    0.00                           _0653_ (net)
                  0.07    0.00    9.09 v _2878_/A (sky130_fd_sc_hd__or4_1)
                  0.07    0.52    9.62 v _2878_/X (sky130_fd_sc_hd__or4_1)
     1    0.00                           _0661_ (net)
                  0.07    0.00    9.62 v _2879_/D (sky130_fd_sc_hd__or4_1)
                  0.07    0.40   10.01 v _2879_/X (sky130_fd_sc_hd__or4_1)
     1    0.00                           _0662_ (net)
                  0.07    0.00   10.01 v _2880_/D (sky130_fd_sc_hd__or4_1)
                  0.07    0.40   10.41 v _2880_/X (sky130_fd_sc_hd__or4_1)
     1    0.00                           _0663_ (net)
                  0.07    0.00   10.41 v _2881_/C (sky130_fd_sc_hd__or3_1)
                  0.06    0.32   10.73 v _2881_/X (sky130_fd_sc_hd__or3_1)
     1    0.00                           _0664_ (net)
                  0.06    0.00   10.73 v _2882_/C (sky130_fd_sc_hd__nor3_1)
                  0.14    0.13   10.86 ^ _2882_/Y (sky130_fd_sc_hd__nor3_1)
     1    0.00                           _0665_ (net)
                  0.14    0.00   10.86 ^ wire1038/A (sky130_fd_sc_hd__clkbuf_2)
                  0.07    0.16   11.02 ^ wire1038/X (sky130_fd_sc_hd__clkbuf_2)
     2    0.01                           net1038 (net)
                  0.07    0.00   11.02 ^ _2974_/A (sky130_fd_sc_hd__or2b_2)
                  0.09    0.16   11.17 ^ _2974_/X (sky130_fd_sc_hd__or2b_2)
     3    0.02                           _0757_ (net)
                  0.09    0.00   11.17 ^ _4380_/B1 (sky130_fd_sc_hd__a21oi_1)
                  0.06    0.04   11.21 v _4380_/Y (sky130_fd_sc_hd__a21oi_1)
     1    0.00                           _2158_ (net)
                  0.06    0.00   11.21 v _4381_/D (sky130_fd_sc_hd__or4_1)
                  0.08    0.41   11.62 v _4381_/X (sky130_fd_sc_hd__or4_1)
     1    0.00                           _2159_ (net)
                  0.08    0.00   11.62 v _4382_/B1 (sky130_fd_sc_hd__a31o_1)
                  0.03    0.20   11.82 v _4382_/X (sky130_fd_sc_hd__a31o_1)
     1    0.00                           _2160_ (net)
                  0.03    0.00   11.82 v _4395_/A2 (sky130_fd_sc_hd__o211a_1)
                  0.03    0.20   12.01 v _4395_/X (sky130_fd_sc_hd__o211a_1)
     1    0.00                           _2173_ (net)
                  0.03    0.00   12.01 v _4404_/B (sky130_fd_sc_hd__or4b_1)
                  0.11    0.56   12.57 v _4404_/X (sky130_fd_sc_hd__or4b_1)
     1    0.01                           _2182_ (net)
                  0.11    0.00   12.57 v _4405_/A (sky130_fd_sc_hd__buf_8)
                  0.03    0.16   12.73 v _4405_/X (sky130_fd_sc_hd__buf_8)
    21    0.02                           net1030 (net)
                  0.03    0.00   12.73 v output1030/A (sky130_fd_sc_hd__clkbuf_4)
                  0.08    0.18   12.91 v output1030/X (sky130_fd_sc_hd__clkbuf_4)
     1    0.03                           out_code[5] (net)
                  0.08    0.00   12.91 v out_code[5] (out)
                                 12.91   data arrival time

                  0.00   40.00   40.00   clock __VIRTUAL_CLK__ (rise edge)
                          0.00   40.00   clock network delay (ideal)
                         -0.25   39.75   clock uncertainty
                          0.00   39.75   clock reconvergence pessimism
                         -8.00   31.75   output external delay
                                 31.75   data required time
-----------------------------------------------------------------------------
                                 31.75   data required time
                                -12.91   data arrival time
-----------------------------------------------------------------------------
                                 18.84   slack (MET)


Startpoint: in_data[122] (input port clocked by __VIRTUAL_CLK__)
Endpoint: out_code[4] (output port clocked by __VIRTUAL_CLK__)
Path Group: __VIRTUAL_CLK__
Path Type: max

Fanout     Cap    Slew   Delay    Time   Description
-----------------------------------------------------------------------------
                  0.00    0.00    0.00   clock __VIRTUAL_CLK__ (rise edge)
                          0.00    0.00   clock network delay (ideal)
                          8.00    8.00 v input external delay
                  0.01    0.01    8.01 v in_data[122] (in)
     1    0.00                           in_data[122] (net)
                  0.01    0.00    8.01 v input50/A (sky130_fd_sc_hd__buf_6)
                  0.02    0.10    8.11 v input50/X (sky130_fd_sc_hd__buf_6)
     4    0.01                           net50 (net)
                  0.02    0.00    8.11 v _2868_/A (sky130_fd_sc_hd__or4_1)
                  0.07    0.51    8.62 v _2868_/X (sky130_fd_sc_hd__or4_1)
     1    0.00                           _0651_ (net)
                  0.07    0.00    8.62 v _2870_/C (sky130_fd_sc_hd__or4b_1)
                  0.07    0.47    9.09 v _2870_/X (sky130_fd_sc_hd__or4b_1)
     1    0.00                           _0653_ (net)
                  0.07    0.00    9.09 v _2878_/A (sky130_fd_sc_hd__or4_1)
                  0.07    0.52    9.62 v _2878_/X (sky130_fd_sc_hd__or4_1)
     1    0.00                           _0661_ (net)
                  0.07    0.00    9.62 v _2879_/D (sky130_fd_sc_hd__or4_1)
                  0.07    0.40   10.01 v _2879_/X (sky130_fd_sc_hd__or4_1)
     1    0.00                           _0662_ (net)
                  0.07    0.00   10.01 v _2880_/D (sky130_fd_sc_hd__or4_1)
                  0.07    0.40   10.41 v _2880_/X (sky130_fd_sc_hd__or4_1)
     1    0.00                           _0663_ (net)
                  0.07    0.00   10.41 v _2881_/C (sky130_fd_sc_hd__or3_1)
                  0.06    0.32   10.73 v _2881_/X (sky130_fd_sc_hd__or3_1)
     1    0.00                           _0664_ (net)
                  0.06    0.00   10.73 v _2882_/C (sky130_fd_sc_hd__nor3_1)
                  0.14    0.13   10.86 ^ _2882_/Y (sky130_fd_sc_hd__nor3_1)
     1    0.00                           _0665_ (net)
                  0.14    0.00   10.86 ^ wire1038/A (sky130_fd_sc_hd__clkbuf_2)
                  0.07    0.16   11.02 ^ wire1038/X (sky130_fd_sc_hd__clkbuf_2)
     2    0.01                           net1038 (net)
                  0.07    0.00   11.02 ^ _2974_/A (sky130_fd_sc_hd__or2b_2)
                  0.09    0.16   11.17 ^ _2974_/X (sky130_fd_sc_hd__or2b_2)
     3    0.02                           _0757_ (net)
                  0.09    0.00   11.17 ^ _2975_/A (sky130_fd_sc_hd__inv_2)
                  0.04    0.06   11.24 v _2975_/Y (sky130_fd_sc_hd__inv_2)
     4    0.01                           _0758_ (net)
                  0.04    0.00   11.24 v _4334_/B1 (sky130_fd_sc_hd__o21a_1)
                  0.03    0.10   11.33 v _4334_/X (sky130_fd_sc_hd__o21a_1)
     1    0.00                           _2113_ (net)
                  0.03    0.00   11.33 v _4335_/D1 (sky130_fd_sc_hd__a2111o_1)
                  0.06    0.28   11.62 v _4335_/X (sky130_fd_sc_hd__a2111o_1)
     1    0.00                           _2114_ (net)
                  0.06    0.00   11.62 v _4336_/C1 (sky130_fd_sc_hd__o211a_1)
                  0.03    0.11   11.72 v _4336_/X (sky130_fd_sc_hd__o211a_1)
     1    0.00                           _2115_ (net)
                  0.03    0.00   11.72 v _4358_/C (sky130_fd_sc_hd__or4b_1)
                  0.09    0.49   12.21 v _4358_/X (sky130_fd_sc_hd__or4b_1)
     1    0.00                           _2137_ (net)
                  0.09    0.00   12.21 v _4359_/A (sky130_fd_sc_hd__clkbuf_8)
                  0.02    0.15   12.36 v _4359_/X (sky130_fd_sc_hd__clkbuf_8)
     1    0.00                           net1029 (net)
                  0.02    0.00   12.36 v output1029/A (sky130_fd_sc_hd__clkbuf_4)
                  0.08    0.18   12.54 v output1029/X (sky130_fd_sc_hd__clkbuf_4)
     1    0.03                           out_code[4] (net)
                  0.08    0.00   12.54 v out_code[4] (out)
                                 12.54   data arrival time

                  0.00   40.00   40.00   clock __VIRTUAL_CLK__ (rise edge)
                          0.00   40.00   clock network delay (ideal)
                         -0.25   39.75   clock uncertainty
                          0.00   39.75   clock reconvergence pessimism
                         -8.00   31.75   output external delay
                                 31.75   data required time
-----------------------------------------------------------------------------
                                 31.75   data required time
                                -12.54   data arrival time
-----------------------------------------------------------------------------
                                 19.21   slack (MET)


Startpoint: in_data[743] (input port clocked by __VIRTUAL_CLK__)
Endpoint: out_code[7] (output port clocked by __VIRTUAL_CLK__)
Path Group: __VIRTUAL_CLK__
Path Type: max

Fanout     Cap    Slew   Delay    Time   Description
-----------------------------------------------------------------------------
                  0.00    0.00    0.00   clock __VIRTUAL_CLK__ (rise edge)
                          0.00    0.00   clock network delay (ideal)
                          8.00    8.00 v input external delay
                  0.02    0.01    8.01 v in_data[743] (in)
     1    0.01                           in_data[743] (net)
                  0.02    0.00    8.01 v input739/A (sky130_fd_sc_hd__buf_8)
                  0.02    0.11    8.12 v input739/X (sky130_fd_sc_hd__buf_8)
     5    0.01                           net739 (net)
                  0.02    0.00    8.12 v _2468_/A (sky130_fd_sc_hd__or4_2)
                  0.11    0.69    8.81 v _2468_/X (sky130_fd_sc_hd__or4_2)
     3    0.00                           _0251_ (net)
                  0.11    0.00    8.81 v _2470_/C (sky130_fd_sc_hd__or4_1)
                  0.07    0.48    9.29 v _2470_/X (sky130_fd_sc_hd__or4_1)
     1    0.00                           _0253_ (net)
                  0.07    0.00    9.29 v _2471_/D (sky130_fd_sc_hd__or4_1)
                  0.07    0.40    9.69 v _2471_/X (sky130_fd_sc_hd__or4_1)
     1    0.00                           _0254_ (net)
                  0.07    0.00    9.69 v _2472_/D (sky130_fd_sc_hd__or4_1)
                  0.07    0.40   10.09 v _2472_/X (sky130_fd_sc_hd__or4_1)
     1    0.00                           _0255_ (net)
                  0.07    0.00   10.09 v _2494_/B (sky130_fd_sc_hd__or3_1)
                  0.07    0.37   10.46 v _2494_/X (sky130_fd_sc_hd__or3_1)
     2    0.00                           _0277_ (net)
                  0.07    0.00   10.46 v _2495_/C (sky130_fd_sc_hd__nor3_1)
                  0.18    0.16   10.63 ^ _2495_/Y (sky130_fd_sc_hd__nor3_1)
     2    0.00                           _0278_ (net)
                  0.18    0.00   10.63 ^ _3166_/A (sky130_fd_sc_hd__clkbuf_4)
                  0.10    0.23   10.86 ^ _3166_/X (sky130_fd_sc_hd__clkbuf_4)
     6    0.03                           _0949_ (net)
                  0.10    0.00   10.86 ^ _3167_/A (sky130_fd_sc_hd__inv_2)
                  0.03    0.04   10.89 v _3167_/Y (sky130_fd_sc_hd__inv_2)
     2    0.00                           _0950_ (net)
                  0.03    0.00   10.89 v _3168_/A (sky130_fd_sc_hd__buf_2)
                  0.06    0.15   11.05 v _3168_/X (sky130_fd_sc_hd__buf_2)
     6    0.02                           _0951_ (net)
                  0.06    0.00   11.05 v _4435_/A1 (sky130_fd_sc_hd__o311a_1)
                  0.05    0.36   11.40 v _4435_/X (sky130_fd_sc_hd__o311a_1)
     1    0.00                           _2211_ (net)
                  0.05    0.00   11.40 v _4439_/B (sky130_fd_sc_hd__or4b_4)
                  0.08    0.52   11.92 v _4439_/X (sky130_fd_sc_hd__or4b_4)
     1    0.00                           _2215_ (net)
                  0.08    0.00   11.92 v _4440_/A (sky130_fd_sc_hd__clkbuf_4)
                  0.02    0.14   12.07 v _4440_/X (sky130_fd_sc_hd__clkbuf_4)
     1    0.00                           net1032 (net)
                  0.02    0.00   12.07 v output1032/A (sky130_fd_sc_hd__clkbuf_4)
                  0.08    0.18   12.25 v output1032/X (sky130_fd_sc_hd__clkbuf_4)
     1    0.03                           out_code[7] (net)
                  0.08    0.00   12.25 v out_code[7] (out)
                                 12.25   data arrival time

                  0.00   40.00   40.00   clock __VIRTUAL_CLK__ (rise edge)
                          0.00   40.00   clock network delay (ideal)
                         -0.25   39.75   clock uncertainty
                          0.00   39.75   clock reconvergence pessimism
                         -8.00   31.75   output external delay
                                 31.75   data required time
-----------------------------------------------------------------------------
                                 31.75   data required time
                                -12.25   data arrival time
-----------------------------------------------------------------------------
                                 19.50   slack (MET)


Startpoint: in_data[743] (input port clocked by __VIRTUAL_CLK__)
Endpoint: out_code[9] (output port clocked by __VIRTUAL_CLK__)
Path Group: __VIRTUAL_CLK__
Path Type: max

Fanout     Cap    Slew   Delay    Time   Description
-----------------------------------------------------------------------------
                  0.00    0.00    0.00   clock __VIRTUAL_CLK__ (rise edge)
                          0.00    0.00   clock network delay (ideal)
                          8.00    8.00 v input external delay
                  0.02    0.01    8.01 v in_data[743] (in)
     1    0.01                           in_data[743] (net)
                  0.02    0.00    8.01 v input739/A (sky130_fd_sc_hd__buf_8)
                  0.02    0.11    8.12 v input739/X (sky130_fd_sc_hd__buf_8)
     5    0.01                           net739 (net)
                  0.02    0.00    8.12 v _2468_/A (sky130_fd_sc_hd__or4_2)
                  0.11    0.69    8.81 v _2468_/X (sky130_fd_sc_hd__or4_2)
     3    0.00                           _0251_ (net)
                  0.11    0.00    8.81 v _2470_/C (sky130_fd_sc_hd__or4_1)
                  0.07    0.48    9.29 v _2470_/X (sky130_fd_sc_hd__or4_1)
     1    0.00                           _0253_ (net)
                  0.07    0.00    9.29 v _2471_/D (sky130_fd_sc_hd__or4_1)
                  0.07    0.40    9.69 v _2471_/X (sky130_fd_sc_hd__or4_1)
     1    0.00                           _0254_ (net)
                  0.07    0.00    9.69 v _2472_/D (sky130_fd_sc_hd__or4_1)
                  0.07    0.40   10.09 v _2472_/X (sky130_fd_sc_hd__or4_1)
     1    0.00                           _0255_ (net)
                  0.07    0.00   10.09 v _2494_/B (sky130_fd_sc_hd__or3_1)
                  0.07    0.37   10.46 v _2494_/X (sky130_fd_sc_hd__or3_1)
     2    0.00                           _0277_ (net)
                  0.07    0.00   10.46 v _2495_/C (sky130_fd_sc_hd__nor3_1)
                  0.18    0.16   10.63 ^ _2495_/Y (sky130_fd_sc_hd__nor3_1)
     2    0.00                           _0278_ (net)
                  0.18    0.00   10.63 ^ _3166_/A (sky130_fd_sc_hd__clkbuf_4)
                  0.10    0.23   10.86 ^ _3166_/X (sky130_fd_sc_hd__clkbuf_4)
     6    0.03                           _0949_ (net)
                  0.10    0.00   10.86 ^ _3167_/A (sky130_fd_sc_hd__inv_2)
                  0.03    0.04   10.89 v _3167_/Y (sky130_fd_sc_hd__inv_2)
     2    0.00                           _0950_ (net)
                  0.03    0.00   10.89 v _3168_/A (sky130_fd_sc_hd__buf_2)
                  0.06    0.15   11.05 v _3168_/X (sky130_fd_sc_hd__buf_2)
     6    0.02                           _0951_ (net)
                  0.06    0.00   11.05 v _4442_/A (sky130_fd_sc_hd__or4_1)
                  0.11    0.58   11.63 v _4442_/X (sky130_fd_sc_hd__or4_1)
     1    0.01                           _2216_ (net)
                  0.11    0.00   11.63 v _4443_/A (sky130_fd_sc_hd__buf_8)
                  0.03    0.16   11.79 v _4443_/X (sky130_fd_sc_hd__buf_8)
    18    0.02                           net1034 (net)
                  0.03    0.00   11.79 v output1034/A (sky130_fd_sc_hd__clkbuf_4)
                  0.08    0.18   11.97 v output1034/X (sky130_fd_sc_hd__clkbuf_4)
     1    0.03                           out_code[9] (net)
                  0.08    0.00   11.97 v out_code[9] (out)
                                 11.97   data arrival time

                  0.00   40.00   40.00   clock __VIRTUAL_CLK__ (rise edge)
                          0.00   40.00   clock network delay (ideal)
                         -0.25   39.75   clock uncertainty
                          0.00   39.75   clock reconvergence pessimism
                         -8.00   31.75   output external delay
                                 31.75   data required time
-----------------------------------------------------------------------------
                                 31.75   data required time
                                -11.97   data arrival time
-----------------------------------------------------------------------------
                                 19.78   slack (MET)


Startpoint: in_data[743] (input port clocked by __VIRTUAL_CLK__)
Endpoint: out_code[6] (output port clocked by __VIRTUAL_CLK__)
Path Group: __VIRTUAL_CLK__
Path Type: max

Fanout     Cap    Slew   Delay    Time   Description
-----------------------------------------------------------------------------
                  0.00    0.00    0.00   clock __VIRTUAL_CLK__ (rise edge)
                          0.00    0.00   clock network delay (ideal)
                          8.00    8.00 v input external delay
                  0.02    0.01    8.01 v in_data[743] (in)
     1    0.01                           in_data[743] (net)
                  0.02    0.00    8.01 v input739/A (sky130_fd_sc_hd__buf_8)
                  0.02    0.11    8.12 v input739/X (sky130_fd_sc_hd__buf_8)
     5    0.01                           net739 (net)
                  0.02    0.00    8.12 v _2468_/A (sky130_fd_sc_hd__or4_2)
                  0.11    0.69    8.81 v _2468_/X (sky130_fd_sc_hd__or4_2)
     3    0.00                           _0251_ (net)
                  0.11    0.00    8.81 v _2470_/C (sky130_fd_sc_hd__or4_1)
                  0.07    0.48    9.29 v _2470_/X (sky130_fd_sc_hd__or4_1)
     1    0.00                           _0253_ (net)
                  0.07    0.00    9.29 v _2471_/D (sky130_fd_sc_hd__or4_1)
                  0.07    0.40    9.69 v _2471_/X (sky130_fd_sc_hd__or4_1)
     1    0.00                           _0254_ (net)
                  0.07    0.00    9.69 v _2472_/D (sky130_fd_sc_hd__or4_1)
                  0.07    0.40   10.09 v _2472_/X (sky130_fd_sc_hd__or4_1)
     1    0.00                           _0255_ (net)
                  0.07    0.00   10.09 v _2494_/B (sky130_fd_sc_hd__or3_1)
                  0.07    0.37   10.46 v _2494_/X (sky130_fd_sc_hd__or3_1)
     2    0.00                           _0277_ (net)
                  0.07    0.00   10.46 v _2495_/C (sky130_fd_sc_hd__nor3_1)
                  0.18    0.16   10.63 ^ _2495_/Y (sky130_fd_sc_hd__nor3_1)
     2    0.00                           _0278_ (net)
                  0.18    0.00   10.63 ^ _3166_/A (sky130_fd_sc_hd__clkbuf_4)
                  0.10    0.23   10.86 ^ _3166_/X (sky130_fd_sc_hd__clkbuf_4)
     6    0.03                           _0949_ (net)
                  0.10    0.00   10.86 ^ _3167_/A (sky130_fd_sc_hd__inv_2)
                  0.03    0.04   10.89 v _3167_/Y (sky130_fd_sc_hd__inv_2)
     2    0.00                           _0950_ (net)
                  0.03    0.00   10.89 v _3168_/A (sky130_fd_sc_hd__buf_2)
                  0.06    0.15   11.05 v _3168_/X (sky130_fd_sc_hd__buf_2)
     6    0.02                           _0951_ (net)
                  0.06    0.00   11.05 v _4425_/A1 (sky130_fd_sc_hd__o211a_1)
                  0.05    0.24   11.29 v _4425_/X (sky130_fd_sc_hd__o211a_1)
     1    0.00                           _2202_ (net)
                  0.05    0.00   11.29 v _4426_/C1 (sky130_fd_sc_hd__a311o_4)
                  0.05    0.31   11.60 v _4426_/X (sky130_fd_sc_hd__a311o_4)
     1    0.00                           net1031 (net)
                  0.05    0.00   11.60 v output1031/A (sky130_fd_sc_hd__clkbuf_4)
                  0.08    0.19   11.79 v output1031/X (sky130_fd_sc_hd__clkbuf_4)
     1    0.03                           out_code[6] (net)
                  0.08    0.00   11.79 v out_code[6] (out)
                                 11.79   data arrival time

                  0.00   40.00   40.00   clock __VIRTUAL_CLK__ (rise edge)
                          0.00   40.00   clock network delay (ideal)
                         -0.25   39.75   clock uncertainty
                          0.00   39.75   clock reconvergence pessimism
                         -8.00   31.75   output external delay
                                 31.75   data required time
-----------------------------------------------------------------------------
                                 31.75   data required time
                                -11.79   data arrival time
-----------------------------------------------------------------------------
                                 19.96   slack (MET)


Startpoint: in_data[960] (input port clocked by __VIRTUAL_CLK__)
Endpoint: valid (output port clocked by __VIRTUAL_CLK__)
Path Group: __VIRTUAL_CLK__
Path Type: max

Fanout     Cap    Slew   Delay    Time   Description
-----------------------------------------------------------------------------
                  0.00    0.00    0.00   clock __VIRTUAL_CLK__ (rise edge)
                          0.00    0.00   clock network delay (ideal)
                          8.00    8.00 v input external delay
                  0.01    0.01    8.01 v in_data[960] (in)
     1    0.00                           in_data[960] (net)
                  0.01    0.00    8.01 v input980/A (sky130_fd_sc_hd__buf_6)
                  0.02    0.10    8.11 v input980/X (sky130_fd_sc_hd__buf_6)
     3    0.01                           net980 (net)
                  0.02    0.00    8.11 v _2559_/A (sky130_fd_sc_hd__or4_1)
                  0.09    0.54    8.65 v _2559_/X (sky130_fd_sc_hd__or4_1)
     2    0.00                           _0342_ (net)
                  0.09    0.00    8.65 v _2560_/D (sky130_fd_sc_hd__or4_2)
                  0.12    0.60    9.25 v _2560_/X (sky130_fd_sc_hd__or4_2)
     4    0.01                           _0343_ (net)
                  0.12    0.00    9.25 v _2563_/B (sky130_fd_sc_hd__or4_1)
                  0.07    0.52    9.77 v _2563_/X (sky130_fd_sc_hd__or4_1)
     1    0.00                           _0346_ (net)
                  0.07    0.00    9.77 v _2564_/D (sky130_fd_sc_hd__or4_1)
                  0.09    0.43   10.20 v _2564_/X (sky130_fd_sc_hd__or4_1)
     2    0.00                           _0347_ (net)
                  0.09    0.00   10.20 v _2587_/A (sky130_fd_sc_hd__or4_1)
                  0.10    0.58   10.78 v _2587_/X (sky130_fd_sc_hd__or4_1)
     2    0.01                           _0370_ (net)
                  0.10    0.00   10.78 v _2588_/C (sky130_fd_sc_hd__nor3_2)
                  0.25    0.23   11.00 ^ _2588_/Y (sky130_fd_sc_hd__nor3_2)
     5    0.01                           _0371_ (net)
                  0.25    0.00   11.00 ^ _2589_/A (sky130_fd_sc_hd__clkbuf_4)
                  0.10    0.26   11.26 ^ _2589_/X (sky130_fd_sc_hd__clkbuf_4)
     6    0.03                           _0372_ (net)
                  0.10    0.00   11.26 ^ _4444_/D (sky130_fd_sc_hd__nand4_4)
                  0.12    0.15   11.41 v _4444_/Y (sky130_fd_sc_hd__nand4_4)
    21    0.02                           net1035 (net)
                  0.12    0.00   11.41 v output1035/A (sky130_fd_sc_hd__buf_2)
                  0.09    0.22   11.63 v output1035/X (sky130_fd_sc_hd__buf_2)
     1    0.03                           valid (net)
                  0.09    0.00   11.63 v valid (out)
                                 11.63   data arrival time

                  0.00   40.00   40.00   clock __VIRTUAL_CLK__ (rise edge)
                          0.00   40.00   clock network delay (ideal)
                         -0.25   39.75   clock uncertainty
                          0.00   39.75   clock reconvergence pessimism
                         -8.00   31.75   output external delay
                                 31.75   data required time
-----------------------------------------------------------------------------
                                 31.75   data required time
                                -11.63   data arrival time
-----------------------------------------------------------------------------
                                 20.12   slack (MET)


Startpoint: in_data[960] (input port clocked by __VIRTUAL_CLK__)
Endpoint: out_code[8] (output port clocked by __VIRTUAL_CLK__)
Path Group: __VIRTUAL_CLK__
Path Type: max

Fanout     Cap    Slew   Delay    Time   Description
-----------------------------------------------------------------------------
                  0.00    0.00    0.00   clock __VIRTUAL_CLK__ (rise edge)
                          0.00    0.00   clock network delay (ideal)
                          8.00    8.00 v input external delay
                  0.01    0.01    8.01 v in_data[960] (in)
     1    0.00                           in_data[960] (net)
                  0.01    0.00    8.01 v input980/A (sky130_fd_sc_hd__buf_6)
                  0.02    0.10    8.11 v input980/X (sky130_fd_sc_hd__buf_6)
     3    0.01                           net980 (net)
                  0.02    0.00    8.11 v _2559_/A (sky130_fd_sc_hd__or4_1)
                  0.09    0.54    8.65 v _2559_/X (sky130_fd_sc_hd__or4_1)
     2    0.00                           _0342_ (net)
                  0.09    0.00    8.65 v _2560_/D (sky130_fd_sc_hd__or4_2)
                  0.12    0.60    9.25 v _2560_/X (sky130_fd_sc_hd__or4_2)
     4    0.01                           _0343_ (net)
                  0.12    0.00    9.25 v _2563_/B (sky130_fd_sc_hd__or4_1)
                  0.07    0.52    9.77 v _2563_/X (sky130_fd_sc_hd__or4_1)
     1    0.00                           _0346_ (net)
                  0.07    0.00    9.77 v _2564_/D (sky130_fd_sc_hd__or4_1)
                  0.09    0.43   10.20 v _2564_/X (sky130_fd_sc_hd__or4_1)
     2    0.00                           _0347_ (net)
                  0.09    0.00   10.20 v _2587_/A (sky130_fd_sc_hd__or4_1)
                  0.10    0.58   10.78 v _2587_/X (sky130_fd_sc_hd__or4_1)
     2    0.01                           _0370_ (net)
                  0.10    0.00   10.78 v _2588_/C (sky130_fd_sc_hd__nor3_2)
                  0.25    0.23   11.00 ^ _2588_/Y (sky130_fd_sc_hd__nor3_2)
     5    0.01                           _0371_ (net)
                  0.25    0.00   11.00 ^ _2589_/A (sky130_fd_sc_hd__clkbuf_4)
                  0.10    0.26   11.26 ^ _2589_/X (sky130_fd_sc_hd__clkbuf_4)
     6    0.03                           _0372_ (net)
                  0.10    0.00   11.26 ^ _4441_/B1 (sky130_fd_sc_hd__o21ai_4)
                  0.04    0.06   11.32 v _4441_/Y (sky130_fd_sc_hd__o21ai_4)
     1    0.00                           net1033 (net)
                  0.04    0.00   11.32 v wire1037/A (sky130_fd_sc_hd__buf_6)
                  0.02    0.11   11.43 v wire1037/X (sky130_fd_sc_hd__buf_6)
     1    0.00                           net1037 (net)
                  0.02    0.00   11.43 v output1033/A (sky130_fd_sc_hd__clkbuf_4)
                  0.08    0.18   11.61 v output1033/X (sky130_fd_sc_hd__clkbuf_4)
     1    0.03                           out_code[8] (net)
                  0.08    0.00   11.61 v out_code[8] (out)
                                 11.61   data arrival time

                  0.00   40.00   40.00   clock __VIRTUAL_CLK__ (rise edge)
                          0.00   40.00   clock network delay (ideal)
                         -0.25   39.75   clock uncertainty
                          0.00   39.75   clock reconvergence pessimism
                         -8.00   31.75   output external delay
                                 31.75   data required time
-----------------------------------------------------------------------------
                                 31.75   data required time
                                -11.61   data arrival time
-----------------------------------------------------------------------------
                                 20.14   slack (MET)



